<?xml version="1.0" encoding="UTF-8"?>
<?xml-model href="http://hl7.org/fhir/STU3/testscript.sch" type="application/xml" schematypens="http://purl.oclc.org/dsdl/schematron"?>
<TestScript xmlns="http://hl7.org/fhir" xmlns:nts="http://nictiz.nl/xsl/testscript"
    nts:scenario="client">
  
    <id value="TEST-l2z-4Bericht-met-meerdere-aparte-resultaten-1MMBLOINC"/>
    <version value="R4-3.0"/>
    <name value="LaboratoryResults - Bericht met meerdere aparte resultaten - Scenario 1 MMB LOINC."/>
    <description value="Scenario 1 MMB LOINC - Receive MMB results with a LOINC code."/>
 
    <nts:fixture id="TEST-4-1MMBLOINC" href="Sending-XIS/lr-slr-TEST-l2z-4Bericht-met-meerdere-aparte-resultaten-1MMBLOINC.xml"/>
    <nts:includeDateT value="yes"/>

    <test id="Bericht-met-meerdere-aparte-resultaten">
        <name value="Scenario 1 MMB LOINC"/>
        <description value="Send MMB laboratory results with a LOINC code."/>
        <nts:include value="test.client.transaction" scope="common" sourceId="TEST-4-1MMBLOINC"/>
        <nts:include value="test.client.successfulTransaction" scope="common"/>
        <nts:include value="assert.request.numResources" scope="common" resource="Observation" count="5"/>
        <nts:include value="assert.request.numResources" scope="common" resource="Specimen" count="2"/>
        <nts:include value="assert.request.numResources" scope="common" resource="Organization" count="2"/>
        <nts:include value="assert.request.numResources" scope="common" resource="Patient" count="1"/>
        

     </test>
</TestScript>
