<?xml version="1.0" encoding="UTF-8"?>
<?xml-model href="http://hl7.org/fhir/STU3/testscript.sch" type="application/xml" schematypens="http://purl.oclc.org/dsdl/schematron"?>
<TestScript xmlns="http://hl7.org/fhir" xmlns:nts="http://nictiz.nl/xsl/testscript"
    nts:scenario="client">
  
    <id value="TEST-l2z-4Bericht-met-meerdere-aparte-resultaten-1MMBLOINC"/>
    <version value="R4-3.0"/>
    <name value="LaboratoryResults - Bericht met meerdere aparte resultaten - Scenario 1 MMB LOINC."/>
    <description value="Scenario 1 MMB LOINC - Send MMB results with a LOINC code."/>
 
    <nts:fixture id="TEST-4-1MMBLOINC" href="Sending-XIS/lr-slr-TEST-l2z-4Bericht-met-meerdere-aparte-resultaten-1MMBLOINC.xml"/>
    <nts:includeDateT value="yes"/>

    <test id="Bericht-met-meerdere-aparte-resultaten">
        <name value="Scenario 1 MMB LOINC"/>
        <description value="Send MMB laboratory results with a LOINC code."/>
        <nts:include value="test.client.transaction" scope="common" sourceId="TEST-4-1MMBLOINC"/>
        <nts:include value="test.client.successfulTransaction" scope="common"/>
        <nts:include value="assert.request.numResources" scope="common" resource="Observation" count="5"/>
        <nts:include value="assert.request.numResources" scope="common" resource="Specimen" count="2"/>
        <nts:include value="assert.request.numResources" scope="common" resource="Organization" count="2"/>
        <nts:include value="assert.request.numResources" scope="common" resource="Patient" count="1"/>
        

 <!--Asserts for checking the Patient resource -->
        <nts:include value="assert.identifier.bsn"  direction="request" resource="Patient"
            system="http://fhir.nl/fhir/NamingSystem/bsn"
            identifier="999999114"/>
         <nts:include value="assert.humanname" direction="request" resource="Patient"
            use="official" 
            text="Elise Erelies"
            family="Erelies"
                urlfamily="http://hl7.org/fhir/StructureDefinition/humanname-own-name"
                familydisplay="Erelies"
            given="Elise"
                urlgiven="http://hl7.org/fhir/StructureDefinition/iso21090-EN-qualifier"
                givencode="BR"/>
        <nts:include value="assert.gender" direction="request" resource="Patient"
            gender="female"/>
        <nts:include value="assert.birthdate" direction="request" resource="Patient"
            date="1950-11-01"/>


<!-- Asserts for checking the first Observation resource -->
        <nts:include value="assert.identifier" direction="request" resource="Observation"
            system="urn:oid:2.16.840.1.113883.2.4.3.11.999.25.4298.2"
            identifier="92225"/>
        <nts:include value="assert.status" direction="request" resource="Observation"
            status="final"/>
        <nts:include value="assert.code" direction="request" resource="Observation"
            labsystem="http://loinc.org"
            labcode="94309-2"
            display="SARS-CoV-2 RNA"/>
        <nts:include value="assert.interpretationflag" direction="request" resource="Observation" sort="valueCodeableConcept"
            system="http://snomed.info/sct"
            code="260373001"
            display="aangetoond"/>

<!-- Asserts for checking the second Observation resource -->
        <nts:include value="assert.identifier" direction="request" resource="Observation"
            system="urn:oid:2.16.840.1.113883.2.4.3.11.999.25.4298.3"
            identifier="11111"/>
        <nts:include value="assert.status" direction="request" resource="Observation"
            status="unknown"/>
        <nts:include value="assert.code" direction="request" resource="Observation"
            labsystem="http://loinc.org"
            labcode="21613-5"
            display="Chlamydia trachomatis DNA [aanwezigheid] d.m.v. moleculaire techniek (PCR)"/>
        <nts:include value="assert.interpretationflag" direction="request" resource="Observation" sort="valueCodeableConcept"
            system="http://snomed.info/sct"
            code="260373001"
            display="aangetoond (kwalificatiewaarde)"/>

<!-- Asserts for checking the panel Observation resource -->
        <nts:include value="assert.identifier" direction="request" resource="Observation"
            system="urn:oid:2.16.840.1.113883.2.4.3.11.999.25.4296.3"
            identifier="LAR_LosseResultatenMB2_LOINC"/>
        <nts:include value="assert.status" direction="request" resource="Observation"
            status="unknown"/>
        <nts:include value="assert.code" direction="request" resource="Observation"
            labsystem="http://loinc.org"
            labcode="87431-3"
            display="Herpes-simplexvirus 1 &amp; 2 DNA panel d.m.v. moleculaire techniek (PCR)"/>
        <nts:include value="assert.note" direction="request" resource="Observation"
            note="D.m.v nucleïnezuur-amplificatie is genoom aangetoond- vanvan herpes simplex virus type 1 en herpes en simplexvirus 2"/>

<!-- Asserts for checking the third Observation resource -->
        <nts:include value="assert.identifier" direction="request" resource="Observation"
            system="urn:oid:2.16.840.1.113883.2.4.3.11.999.25.4298.3"
            identifier="22222"/>
        <nts:include value="assert.status" direction="request" resource="Observation"
            status="final"/>
        <nts:include value="assert.code" direction="request" resource="Observation"
            labsystem="http://loinc.org"
            labcode="16130-7"
            display="Herpes-simplexvirus 1 DNA [aanwezigheid] d.m.v. moleculaire techniek (PCR)"/>
        <nts:include value="assert.interpretationflag" direction="request" resource="Observation" sort="valueCodeableConcept"
            system="http://snomed.info/sct"
            code="260415000"
            display="niet aangetoond (kwalificatiewaarde)"/>

<!-- Asserts for checking the fourth Observation resource -->
        <nts:include value="assert.identifier" direction="request" resource="Observation"
            system="urn:oid:2.16.840.1.113883.2.4.3.11.999.25.4298.3"
            identifier="22223"/>
        <nts:include value="assert.status" direction="request" resource="Observation"
            status="final"/>
        <nts:include value="assert.code" direction="request" resource="Observation"
            labsystem="http://loinc.org"
            labcode="16131-5"
            display="Herpes-simplexvirus 2 DNA [aanwezigheid] d.m.v. moleculaire techniek (PCR))"/>
        <nts:include value="assert.interpretationflag" direction="request" resource="Observation" sort="valueCodeableConcept"
            system="http://snomed.info/sct"
            code="260373001"
            display="aangetoond (kwalificatiewaarde)"/>
        <nts:include value="assert.interpretation" direction="request" resource="Observation"
            interpretation="HSV 2 positief getest"/>
        <nts:include value="assert.note" direction="request" resource="Observation"
            note="D.m.v nucleïnezuur-amplificatie is genoom aangetoond- vanvan herpes simplex virus type 1 en herpes en simplexvirus 2"/>

<!-- Asserts for checking the first Specimen resource -->
        <nts:include value="assert.identifier" direction="request" resource="Specimen" 
            system="urn:oid:2.16.840.1.113883.2.4.3.11.999.25.4267.3"
            identifier="13344"/>
        <nts:include value="assert.type" direction="request" resource="Specimen" 
            system="http://snomed.info/sct"
            code="119389009"
            display="specimen uit keelholte"/>

<!-- Asserts for checking the second Specimen resource -->
        <nts:include value="assert.identifier" direction="request" resource="Specimen" 
            system="urn:oid:2.16.840.1.113883.2.4.3.11.999.25.4267.3"
            identifier="100001"/>
        <nts:include value="assert.type" direction="request" resource="Specimen" 
            system="http://snomed.info/sct"
            code="447955000"
            display="monster van rectum"/>

<!-- Asserts for checking the Organization resource --> 
        <nts:include value="assert.identifier" direction="request" resource="Organization" 
            system="http://fhir.nl/fhir/NamingSystem/ura" 
            identifier="00003334"/>
        <nts:include value="assert.type" direction="request" resource="Organization" 
            system="http://nictiz.nl/fhir/NamingSystem/organization-type" 
            code="L1" 
            display="Laboratorium"/>
        <nts:include value="assert.name" direction="request" resource="Organization" 
            name="Microbiologisch Lab Flagel"/>
        <nts:include value="assert.telecom" direction="request" resource="Organization" 
            system="phone" 
            telecomvalue="06-11122244"/>
    </test>
</TestScript>
