<?xml version="1.0" encoding="UTF-8"?>
<?xml-model href="http://hl7.org/fhir/STU3/testscript.sch" type="application/xml" schematypens="http://purl.oclc.org/dsdl/schematron"?>
<TestScript xmlns="http://hl7.org/fhir" xmlns:nts="http://nictiz.nl/xsl/testscript"
    nts:scenario="client">
  
    <id value="TEST-l2z-7Meesturen-met-ander-bericht-MO-3AKCLOINCLosresultaat"/>
    <version value="R4-3.0"/>
    <name value="LaboratoryResults - Meesturen met ander bericht - Scenario 3 KC LOINC."/>
    <description value="Scenario 3 KC LOINC - Send KC results with a LOINC code."/>
 
    <nts:fixture id="TEST-7-3AKCLOINC"
        href="Sending-XIS/lr-slr-TEST-l2z-7Meesturen-met-ander-bericht-MO-3AKCLOINCLosresultaat.xml"/>
    <nts:includeDateT value="yes"/>

    <test id="Meesturen-met-ander-bericht Scenario 3 KC LOINC">
        <name value="Scenario 3 KC LOINC"/>
        <description value="Send KC laboratory results with a LOINC code."/>
        <nts:include value="test.client.transaction" scope="common" sourceId="TEST-7-3AKCLOINC"/>
        <nts:include value="test.client.successfulTransaction" scope="common"/>
        <nts:include value="assert.request.numResources" scope="common" resource="Patient" count="1"/>
        
 <!--Asserts for checking the Patient resource -->
        <nts:include value="assert.identifier.bsn"  direction="request" resource="Patient"
            system="http://fhir.nl/fhir/NamingSystem/bsn"
            identifier="999900511"/>
         <nts:include value="assert.humanname" direction="request" resource="Patient"
            use="offical" 
            text="E. XXX_Doppen"
            family="XXX_Doppen"
                urlfamily="http://hl7.org/fhir/StructureDefinition/humanname-own-name"
                familydisplay="XXX_Doppen"
            given="E."
                urlgiven="http://hl7.org/fhir/StructureDefinition/iso21090-EN-qualifier"
                givencode="IN"/>
        <nts:include value="assert.gender" direction="request" resource="Patient"
            gender="male"
                url="http://nictiz.nl/fhir/StructureDefinition/ext-CodeSpecification"
                    system="http://terminology.hl7.org/CodeSystem/v3-AdministrativeGender"
                    code="M"
                    display="Man"/>
        <nts:include value="assert.birthdate" direction="request" resource="Patient"
            date="1963-10-24"/>
    </test>
</TestScript>

