<?xml version="1.0" encoding="UTF-8"?>
<?xml-model href="http://hl7.org/fhir/STU3/testscript.sch" type="application/xml" schematypens="http://purl.oclc.org/dsdl/schematron"?>
<TestScript xmlns="http://hl7.org/fhir" xmlns:nts="http://nictiz.nl/xsl/testscript"
    nts:scenario="client">
  
    <id value="TEST-l2z-4Bericht-met-meerdere-aparte-resultaten-3KCLOINC"/>
    <version value="R4-3.0"/>
    <name value="LaboratoryResults - Bericht met meerdere aparte resultaten - Scenario 3 KC LOINC."/>
    <description value="Scenario 3 KC LOINC - Send KC results with a LOINC code."/>
 
    <nts:fixture id="TEST-4-3KCLOINC" href="Sending-XIS/lr-slr-TEST-l2z-4Bericht-met-meerdere-aparte-resultaten-3KCLOINC.xml"/>
    <nts:includeDateT value="yes"/>

    <test id="Bericht-met-meerdere-aparte-resultaten">
        <name value="Scenario 3 KC LOINC"/>
        <description value="Send KC laboratory results with a LOINC code."/>
        <nts:include value="test.client.transaction" scope="common" sourceId="TEST-4-3KCLOINC"/>
        <nts:include value="test.client.successfulTransaction" scope="common"/>
        <nts:include value="assert.request.numResources" scope="common" resource="Observation" count="3"/>
        <nts:include value="assert.request.numResources" scope="common" resource="Specimen" count="3"/>
        <nts:include value="assert.request.numResources" scope="common" resource="Organization" count="2"/>
        <nts:include value="assert.request.numResources" scope="common" resource="Patient" count="1"/>
        

 <!--Asserts for checking the Patient resource -->
        <nts:include value="assert.identifier.bsn"  direction="request" resource="Patient"
            system="http://fhir.nl/fhir/NamingSystem/bsn"
            identifier="999999114"/>
         <nts:include value="assert.humanname" direction="request" resource="Patient"
            use="offical" 
            text="Elise Erelies"
            family="Erelies"
                urlfamily="http://hl7.org/fhir/StructureDefinition/humanname-own-name"
                familydisplay="Erelies"
            given="Elise"
                urlgiven="http://hl7.org/fhir/StructureDefinition/iso21090-EN-qualifier"
                givencode="BR"/>
        <nts:include value="assert.gender" direction="request" resource="Patient"
            gender="female"
                url="http://nictiz.nl/fhir/StructureDefinition/ext-CodeSpecification"
                    system="http://terminology.hl7.org/CodeSystem/v3-AdministrativeGender"
                    code="F"
                    display="Vrouw"/>
        <nts:include value="assert.birthdate" direction="request" resource="Patient"
            date="1950-11-01"/>


<!-- Asserts for checking the first Observation resource -->
        <nts:include value="assert.identifier" direction="request" resource="Observation"
            system="urn:oid:2.16.840.1.113883.2.4.3.11.999.25.4298.2"
            identifier="66666"/>
        <nts:include value="assert.status" direction="request" resource="Observation"
            status="final"/>
        <nts:include value="assert.code" direction="request" resource="Observation"
            labsystem="http://loinc.org"
            labcode="2947-0"
            display="Natrium [mol/volume] in bloed"/>
        <nts:include value="assert.valuequantity" direction="request" resource="Observation"
            quantity="165"
            system="http://unitsofmeasure.org"
            code="mmol/l"
            unit="mmol/l"/>
        <nts:include value="assert.interpretation" direction="request" resource="Observation"
            interpretation="Te hoog Natriumgehalte"/>
        <nts:include value="assert.interpretationflag" direction="request" resource="Observation"
            system="http://snomed.info/sct"
            code="281302008"
            display="boven referentiebereik"/>
        <nts:include value="assert.interpretationflag" direction="request" resource="Observation"
            system="http://terminology.hl7.org/CodeSystem/v3-ObservationInterpretation"
            code="H"
            display="High"/>
        <nts:include value="assert.lowerreferencerange" direction="request" resource="Observation"
            quantity="135"
            unit="mmol/l"
            system="http://unitsofmeasure.org"
            code="mmol/l"/>
        <nts:include value="assert.higherreferencerange" direction="request" resource="Observation"
            quantity="145"
            unit="mmol/l"
            system="http://unitsofmeasure.org"
            code="mmol/l"/>

<!-- Asserts for checking the second Observation resource -->
        <nts:include value="assert.identifier" direction="request" resource="Observation"
            system="urn:oid:2.16.840.1.113883.2.4.3.11.999.25.4298.1"
            identifier="55555"/>
        <nts:include value="assert.status" direction="request" resource="Observation"
            status="final"/>
        <nts:include value="assert.code" direction="request" resource="Observation"
            labsystem="http://loinc.org"
            labcode="2947-0"
            display="Natrium [mol/volume] in bloed"/>
        <nts:include value="assert.valuequantity" direction="request" resource="Observation"
            quantity="2.9"
            system="http://unitsofmeasure.org"
            code="{INR}"
            unit="{INR}"/>
        <nts:include value="assert.interpretation" direction="request" resource="Observation"
            interpretation="Te hoog Natriumgehalte"/>
        <nts:include value="assert.interpretationflag" direction="request" resource="Observation"
            system="http://snomed.info/sct"
            code="281302008"
            display="Te hoog let op."/>
        <nts:include value="assert.interpretationflag" direction="request" resource="Observation"
            system="http://terminology.hl7.org/CodeSystem/v3-ObservationInterpretation"
            code="H"
            display="High"/>
        <nts:include value="assert.lowerreferencerange" direction="request" resource="Observation"
            quantity="0.9"
            unit="{INR}"
            system="http://unitsofmeasure.org"
            code="{INR}"/>
        <nts:include value="assert.higherreferencerange" direction="request" resource="Observation"
            quantity="1.1"
            unit="{INR}"
            system="http://unitsofmeasure.org"
            code="{INR}"/>

<!-- Asserts for checking the third Observation resource -->
        <nts:include value="assert.identifier" direction="request" resource="Observation"
            system="urn:oid:2.16.840.1.113883.2.4.3.11.999.25.4298.4"
            identifier="77777"/>
        <nts:include value="assert.status" direction="request" resource="Observation"
            status="final"/>
        <nts:include value="assert.code" direction="request" resource="Observation"
            labsystem="http://loinc.org"
            labcode="6298-4"
            display="Kalium [mol/volume] in bloed"/>
        <nts:include value="assert.valuequantity" direction="request" resource="Observation"
            quantity="4.0"
            system="http://unitsofmeasure.org"
            code="mmol/l"
            unit="mmol/l"/>
        <nts:include value="assert.lowerreferencerange" direction="request" resource="Observation"
            quantity="3.5"
            unit="mmol/l"
            system="http://unitsofmeasure.org"
            code="mmol/l"/>
        <nts:include value="assert.higherreferencerange" direction="request" resource="Observation"
            quantity="5.0"
            unit="mmol/l"
            system="http://unitsofmeasure.org"
            code="mmol/l"/>

<!-- Asserts for checking the first Specimen resource -->
        <nts:include value="assert.identifier" direction="request" resource="Specimen" 
            system="urn:oid:2.16.840.1.113883.2.4.3.11.999.25.4267.2"
            identifier="334"/>
        <nts:include value="assert.type" direction="request" resource="Specimen" 
            system="http://snomed.info/sct"
            code="87612001"
            display="Bloed"/>

<!-- Asserts for checking the second Specimen resource -->
        <nts:include value="assert.identifier" direction="request" resource="Specimen" 
            system="urn:oid:2.16.840.1.113883.2.4.3.11.999.25.4267.1"
            identifier="#1"/>
        <nts:include value="assert.type" direction="request" resource="Specimen" 
            system="http://snomed.info/sct"
            code="87612001"
            display="Bloed"/>

<!-- Asserts for checking the third Specimen resource -->
        <nts:include value="assert.identifier" direction="request" resource="Specimen" 
            system="urn:oid:2.16.840.1.113883.2.4.3.11.999.25.4267.4"
            identifier="334"/>
        <nts:include value="assert.type" direction="request" resource="Specimen" 
            system="http://snomed.info/sct"
            code="87612001"
            display="Bloed"/>
                
<!-- Asserts for checking the Organization resource --> 
        <nts:include value="assert.identifier" direction="request" resource="Organization" 
            system="http://fhir.nl/fhir/NamingSystem/ura" 
            identifier="00003333"/>
        <nts:include value="assert.type" direction="request" resource="Organization" 
            system="http://nictiz.nl/fhir/NamingSystem/organization-type" 
            code="L1" 
            display="Laboratorium"/>
        <nts:include value="assert.name" direction="request" resource="Organization" 
            name="Klinisch chemisch Lab 't Proefje"/>
        <nts:include value="assert.telecom" direction="request" resource="Organization" 
            system="phone" 
            telecomvalue="06-11122233" 
            use="work" 
            urltelecom="http://nictiz.nl/fhir/StructureDefinition/ext-Comment" 
            comment="Bel met vragen"/>
        <nts:include value="assert.telecom" direction="request" resource="Organization" 
            system="email" 
            telecomvalue="tproefje@lab.nl" 
            use="work"
            urltelecom="" 
            comment=""/>
        <nts:include value="assert.address" direction="request" resource="Organization"
            urlstreet="http://hl7.org/fhir/StructureDefinition/iso21090-ADXP-streetName"
            street="Hoofdstraat"
            urlhousenumber="http://hl7.org/fhir/StructureDefinition/iso21090-ADXP-houseNumber"
            housenumber="23"
            urlbuildingsuffixnumber=""
            suffixnumber=""
            city="Zorgstad"
            postalcode="1234AA"
            urltype="http://nictiz.nl/fhir/StructureDefinition/ext-AddressInformation.AddressType"
            systemtype="http://terminology.hl7.org/CodeSystem/v3-AddressUse"
            codetype="WP"
            display="Werkadres"
            use="work"/>
    </test>
</TestScript>
