<?xml version="1.0" encoding="UTF-8"?>
<TestScript xmlns="http://hl7.org/fhir" xmlns:nts="http://nictiz.nl/xsl/testscript">
   <id value="TEST-l2z-5Ontdubbelen-bericht-1MMBLOINC"/>
   <meta>
      <profile value="http://touchstone.aegis.net/touchstone/fhir/testing/StructureDefinition/testscript"/>
   </meta>
   <url value="http://nictiz.nl/fhir/TestScript/TEST-l2z-5Ontdubbelen-bericht-1MMBLOINC"/>
   <version value="R4-3.0-patchlevel 2024-03"/>
   <name value="LaboratoryResults - Ontdubebelen bericht - Scenario 1 MMB LOINC."/>
   <status value="active"/>
   <publisher value="Nictiz"/>
   <contact>
      <name value="Nictiz"/>
      <telecom>
         <system value="email"/>
         <value value="kwalificatie@nictiz.nl"/>
         <use value="work"/>
      </telecom>
   </contact>
   <description value="Scenario 1 MMB LOINC - Send MMB results with a LOINC code."/>
   <origin>
      <index value="1"/>
      <profile>
         <system value="http://terminology.hl7.org/CodeSystem/testscript-profile-origin-types"/>
         <code value="FHIR-Client"/>
      </profile>
   </origin>
   <destination>
      <index value="1"/>
      <profile>
         <system value="http://terminology.hl7.org/CodeSystem/testscript-profile-destination-types"/>
         <code value="FHIR-Server"/>
      </profile>
   </destination>
   <fixture id="TEST-5-1MMBLOINC">
      <autocreate value="false"/>
      <autodelete value="false"/>
      <resource>
         <reference value="../../../_reference/Sending-XIS/lr-slr-TEST-l2z-5Ontdubbelen-bericht-1MMBLOINC.xml"/>
      </resource>
   </fixture>
   <profile id="Bundle-profile">
      <reference value="http://hl7.org/fhir/StructureDefinition/Bundle"/>
   </profile>
   <variable>
      <name value="T"/>
      <defaultValue value="${CURRENTDATE}"/>
      <description value="Date that data and queries are expected to be relative to."/>
   </variable>
   <test id="Ontdubbelen-bericht Scenario 1 MMB LOINC">
      <name value="Scenario 1 MMB LOINC"/>
      <description value="Send MMB laboratory results with a LOINC code."/>
      <action>
         <operation>
            <type>
               <system value="http://terminology.hl7.org/CodeSystem/testscript-operation-codes"/>
               <code value="transaction"/>
            </type>
            <description value="Test client to handle a Bundle of type transaction."/>
            <destination value="1"/>
            <encodeRequestUrl value="true"/>
            <origin value="1"/>
            <sourceId value="TEST-5-1MMBLOINC"/>
         </operation>
      </action>
      <action>
         <assert>
            <extension url="http://touchstone.aegis.net/touchstone/fhir/testing/StructureDefinition/testscript-assert-stopTestOnFail">
               <valueBoolean value="false"/>
            </extension>
            <description value="Confirm that request Bundle is of type transaction."/>
            <direction value="request"/>
            <expression value="Bundle.type = 'transaction'"/>
            <warningOnly value="false"/>
         </assert>
      </action>
      <action>
         <assert>
            <extension url="http://touchstone.aegis.net/touchstone/fhir/testing/StructureDefinition/testscript-assert-stopTestOnFail">
               <valueBoolean value="false"/>
            </extension>
            <description value="Confirm that the fullUrl does not disagree with the id in the resource, see http://hl7.org/fhir/stu3/bundle-definitions.html#Bundle.entry.fullUrl"/>
            <direction value="request"/>
            <expression value="Bundle.entry.where(fullUrl.exists() and resource.id.exists()).all($this.fullUrl.endsWith($this.resource.id))"/>
            <warningOnly value="false"/>
         </assert>
      </action>
      <action>
         <assert>
            <extension url="http://touchstone.aegis.net/touchstone/fhir/testing/StructureDefinition/testscript-assert-stopTestOnFail">
               <valueBoolean value="false"/>
            </extension>
            <description value="Confirm that the fullUrl is an absolute URL, an uuid or an oid."/>
            <direction value="request"/>
            <expression value="Bundle.entry.fullUrl.all( startsWith('http://') or startsWith('https://') or matches('^urn:oid:[0-2](\\.(0|[1-9]\\d*))*$') or matches('^urn:uuid:[A-Fa-f\\d]{8}-[A-Fa-f\\d]{4}-[A-Fa-f\\d]{4}-[A-Fa-f\\d]{4}-[A-Fa-f\\d]{12}$') )"/>
            <warningOnly value="false"/>
         </assert>
      </action>
      <action>
         <assert>
            <extension url="http://touchstone.aegis.net/touchstone/fhir/testing/StructureDefinition/testscript-assert-stopTestOnFail">
               <valueBoolean value="false"/>
            </extension>
            <description value="Confirm that the returned Bundle conforms to the base FHIR specification and the resources to the stated profiles in the meta.profile tag."/>
            <direction value="request"/>
            <validateProfileId value="Bundle-profile"/>
            <warningOnly value="false"/>
         </assert>
      </action>
      <action>
         <assert>
            <extension url="http://touchstone.aegis.net/touchstone/fhir/testing/StructureDefinition/testscript-assert-stopTestOnFail">
               <valueBoolean value="false"/>
            </extension>
            <description value="Confirm that all Coding elements contain both a .system and a .code."/>
            <direction value="request"/>
            <expression value="Bundle.descendants().where($this.is(Coding)).all(system.exists() and code.exists())"/>
            <warningOnly value="false"/>
         </assert>
      </action>
      <action>
         <assert>
            <extension url="http://touchstone.aegis.net/touchstone/fhir/testing/StructureDefinition/testscript-assert-stopTestOnFail">
               <valueBoolean value="false"/>
            </extension>
            <description value="Confirm that the OID of the zib valueset is not used for the system of a coding element."/>
            <direction value="request"/>
            <expression value="Bundle.descendants().where($this.is(coding)).system.startsWith('urn:oid:2.16.840.1.113883.2.4.3.11.60.40.2').not()"/>
            <warningOnly value="false"/>
         </assert>
      </action>
      <action>
         <assert>
            <extension url="http://touchstone.aegis.net/touchstone/fhir/testing/StructureDefinition/testscript-assert-stopTestOnFail">
               <valueBoolean value="false"/>
            </extension>
            <description value="Confirm that all CodeableConcept elements contain either a coding.display or a text value if no Coding exists or has an extension (e.g. a nullFlavor or data-absent-reason extension). For more information see https://informatiestandaarden.nictiz.nl/wiki/FHIR:V1.0_FHIR_IG_STU3Use_of_coded_concepts."/>
            <direction value="request"/>
            <expression value="Bundle.descendants().where($this.is(CodeableConcept)).all(coding.display.exists() or text.exists() or extension.exists())"/>
            <warningOnly value="false"/>
         </assert>
      </action>
      <action>
         <assert>
            <extension url="http://touchstone.aegis.net/touchstone/fhir/testing/StructureDefinition/testscript-assert-stopTestOnFail">
               <valueBoolean value="false"/>
            </extension>
            <description value="Confirm that all References have a display value, see https://informatiestandaarden.nictiz.nl/wiki/FHIR:V1.0_FHIR_IG_STU3#Use_of_the_reference_datatype."/>
            <direction value="request"/>
            <expression value="Bundle.descendants().where($this.is(Reference)).all(display.exists() or extension.where(url = 'http://hl7.org/fhir/StructureDefinition/data-absent-reason').exists() or extension.where(url = 'http://hl7.org/fhir/StructureDefinition/iso21090-nullFlavor').exists())"/>
            <warningOnly value="false"/>
         </assert>
      </action>
      <action>
         <assert>
            <extension url="http://touchstone.aegis.net/touchstone/fhir/testing/StructureDefinition/testscript-assert-stopTestOnFail">
               <valueBoolean value="false"/>
            </extension>
            <description value="Confirm that all Identifiers have both a .system and a .value. In rare cases where a general category of identifiers can be used, .type can replace .system. Edge cases for both .system and .type to be unknown are not applicable to Nictiz. For more information, see https://www.hl7.org/fhir/stu3/datatypes.html#Identifier."/>
            <direction value="request"/>
            <expression value="Bundle.descendants().where($this.is(Identifier)).all((system.exists() or type.exists()) and value.exists())"/>
            <warningOnly value="false"/>
         </assert>
      </action>
      <action>
         <assert>
            <extension url="http://touchstone.aegis.net/touchstone/fhir/testing/StructureDefinition/testscript-assert-stopTestOnFail">
               <valueBoolean value="false"/>
            </extension>
            <description value="Confirm that all resources that are updated contain a Resource.id and a fullUrl."/>
            <direction value="request"/>
            <expression value="Bundle.entry.where(request.method='PUT').all( $this.fullUrl.exists() and $this.resource.id.exists())"/>
            <warningOnly value="false"/>
         </assert>
      </action>
      <action>
         <assert>
            <extension url="http://touchstone.aegis.net/touchstone/fhir/testing/StructureDefinition/testscript-assert-stopTestOnFail">
               <valueBoolean value="false"/>
            </extension>
            <description value="Confirm that all resources that are created don't contain a Resource.id. Warning only because it not forbidden, however, the resource does not need to have an id element. If an id is provided, the server SHALL ignore it."/>
            <direction value="request"/>
            <expression value="Bundle.entry.where(request.method='POST').all($this.resource.id.exists().not())"/>
            <warningOnly value="true"/>
         </assert>
      </action>
      <action>
         <assert>
            <extension url="http://touchstone.aegis.net/touchstone/fhir/testing/StructureDefinition/testscript-assert-stopTestOnFail">
               <valueBoolean value="false"/>
            </extension>
            <description value="Confirm that all resources that are created don't have a RESTful fullUrl."/>
            <direction value="request"/>
            <expression value="Bundle.entry.where(request.method='POST').all( $this.fullUrl.startsWith('http://').not() and $this.fullUrl.startsWith('https://').not() )"/>
            <warningOnly value="false"/>
         </assert>
      </action>
      <action>
         <assert>
            <extension url="http://touchstone.aegis.net/touchstone/fhir/testing/StructureDefinition/testscript-assert-stopTestOnFail">
               <valueBoolean value="false"/>
            </extension>
            <description value="Confirm that all resources that are created don't have a fullUrl or have a UUID or OID based fullUrl."/>
            <direction value="request"/>
            <expression value="Bundle.entry.where(request.method='POST').fullUrl.all( exists().not or matches('^urn:oid:[0-2](\\.(0|[1-9]\\d*))*$') or matches('^urn:uuid:[A-Fa-f\\d]{8}-[A-Fa-f\\d]{4}-[A-Fa-f\\d]{4}-[A-Fa-f\\d]{4}-[A-Fa-f\\d]{12}$') )"/>
            <warningOnly value="false"/>
         </assert>
      </action>
      <action>
         <assert>
            <extension url="http://touchstone.aegis.net/touchstone/fhir/testing/StructureDefinition/testscript-assert-stopTestOnFail">
               <valueBoolean value="false"/>
            </extension>
            <description value="Confirm that all posted resources except Binary contain a meta.profile tag."/>
            <direction value="request"/>
            <expression value="Bundle.entry.resource.where(is(Binary).not()).where(meta.profile.empty()).empty()"/>
            <warningOnly value="false"/>
         </assert>
      </action>
      <action>
         <assert>
            <extension url="http://touchstone.aegis.net/touchstone/fhir/testing/StructureDefinition/testscript-assert-stopTestOnFail">
               <valueBoolean value="true"/>
            </extension>
            <description value="Confirm that the operation was successful"/>
            <operator value="in"/>
            <responseCode value="200,201"/>
            <warningOnly value="false"/>
         </assert>
      </action>
      <action>
         <assert>
            <extension url="http://touchstone.aegis.net/touchstone/fhir/testing/StructureDefinition/testscript-assert-stopTestOnFail">
               <valueBoolean value="false"/>
            </extension>
            <description value="Confirm that the request Bundle contains 1 Observation resource(s). "/>
            <direction value="request"/>
            <expression value="Bundle.entry.where(resource.is(Observation)).count() = 1"/>
            <warningOnly value="false"/>
         </assert>
      </action>
      <action>
         <assert>
            <extension url="http://touchstone.aegis.net/touchstone/fhir/testing/StructureDefinition/testscript-assert-stopTestOnFail">
               <valueBoolean value="false"/>
            </extension>
            <description value="Confirm that the request Bundle contains 1 Organization resource(s). "/>
            <direction value="request"/>
            <expression value="Bundle.entry.where(resource.is(Organization)).count() = 1"/>
            <warningOnly value="false"/>
         </assert>
      </action>
      <action>
         <assert>
            <extension url="http://touchstone.aegis.net/touchstone/fhir/testing/StructureDefinition/testscript-assert-stopTestOnFail">
               <valueBoolean value="false"/>
            </extension>
            <description value="Confirm that the request Bundle contains 1 Patient resource(s). "/>
            <direction value="request"/>
            <expression value="Bundle.entry.where(resource.is(Patient)).count() = 1"/>
            <warningOnly value="false"/>
         </assert>
      </action>
      <!--Asserts for checking the Patient resource -->
      <action>
         <assert>
            <extension url="http://touchstone.aegis.net/touchstone/fhir/testing/StructureDefinition/testscript-assert-stopTestOnFail">
               <valueBoolean value="false"/>
            </extension>
            <description value="Confirm the Patient resource contains identifier with the BSN system http://fhir.nl/fhir/NamingSystem/bsn and value 999999114."/>
            <direction value="request"/>
            <expression value="Bundle.entry.resource.as(Patient).identifier.where(system='http://fhir.nl/fhir/NamingSystem/bsn' and value='999999114').exists()"/>
            <warningOnly value="false"/>
         </assert>
      </action>
      <action>
         <assert>
            <extension url="http://touchstone.aegis.net/touchstone/fhir/testing/StructureDefinition/testscript-assert-stopTestOnFail">
               <valueBoolean value="false"/>
            </extension>
            <description value="Confirm that Bundle contains the right name for the Patient"/>
            <direction value="request"/>
            <expression value="Bundle.entry.resource.as(Patient).name.where(use='official' and text='Elise Erelies' and family='Erelies' and given='Elise')"/>
            <warningOnly value="false"/>
         </assert>
      </action>
      <action>
         <assert>
            <extension url="http://touchstone.aegis.net/touchstone/fhir/testing/StructureDefinition/testscript-assert-stopTestOnFail">
               <valueBoolean value="false"/>
            </extension>
            <description value="Confirm that Bundle contains the right family display name for the Patient"/>
            <direction value="request"/>
            <expression value="Bundle.entry.resource.as(Patient).name.family.extension.where(url='http://hl7.org/fhir/StructureDefinition/humanname-own-name' and value='Erelies').exists()"/>
            <warningOnly value="false"/>
         </assert>
      </action>
      <action>
         <assert>
            <extension url="http://touchstone.aegis.net/touchstone/fhir/testing/StructureDefinition/testscript-assert-stopTestOnFail">
               <valueBoolean value="false"/>
            </extension>
            <description value="Confirm that Bundle contains the right family url and code for the Patient"/>
            <direction value="request"/>
            <expression value="Bundle.entry.resource.as(Patient).name.given.extension.where(url='http://hl7.org/fhir/StructureDefinition/iso21090-EN-qualifier' and value='BR').exists()"/>
            <warningOnly value="false"/>
         </assert>
      </action>
      <action>
         <assert>
            <extension url="http://touchstone.aegis.net/touchstone/fhir/testing/StructureDefinition/testscript-assert-stopTestOnFail">
               <valueBoolean value="false"/>
            </extension>
            <description value="Confirm that the Bundle contains a(n) Patient with a gender"/>
            <direction value="request"/>
            <expression value="Bundle.entry.resource.as(Patient).gender='female'"/>
            <warningOnly value="false"/>
         </assert>
      </action>
      <!-- <action>
        <assert>
            <description
                value="Confirm that the Bundle contains a url for gender"/>
            <direction value="{$direction}"/>
            <expression value="Bundle.entry.resource.as({$resource}).gender.extension.url.exists()"/>
            <warningOnly value="{$warningOnly}"/>
        </assert>
    </action> -->
      <!-- <action>
        <assert>
            <description
                value="Confirm that the Bundle contains a(n) {$resource} with the gender code {$code} with system {$system} and a display value"/>
            <direction value="{$direction}"/>
            <expression value="Bundle.entry.resource.as({$resource}).gender.extension.valueCodeableConcept.coding.where(system='{$system}' and code='{$code}' and display.exists())"/>
            <warningOnly value="{$warningOnly}"/>
        </assert>
    </action> -->
      <action>
         <assert>
            <extension url="http://touchstone.aegis.net/touchstone/fhir/testing/StructureDefinition/testscript-assert-stopTestOnFail">
               <valueBoolean value="false"/>
            </extension>
            <description value="Evaluate Patient.birthDate equivalent against variable 'date' date value"/>
            <direction value="request"/>
            <expression value="Bundle.entry.resource.as(Patient).birthDate='1950-11-01'"/>
            <warningOnly value="false"/>
         </assert>
      </action>
      <!-- Asserts for checking the Observation resource -->
      <action>
         <assert>
            <extension url="http://touchstone.aegis.net/touchstone/fhir/testing/StructureDefinition/testscript-assert-stopTestOnFail">
               <valueBoolean value="false"/>
            </extension>
            <description value="Confirm the Observation resource contains an identifier"/>
            <direction value="request"/>
            <expression value="Bundle.entry.resource.as(Observation).identifier.exists()"/>
            <warningOnly value="false"/>
         </assert>
      </action>
      <action>
         <assert>
            <extension url="http://touchstone.aegis.net/touchstone/fhir/testing/StructureDefinition/testscript-assert-stopTestOnFail">
               <valueBoolean value="false"/>
            </extension>
            <description value="Confirm that the Bundle contains a(n) Observation that has the status final."/>
            <direction value="request"/>
            <expression value="Bundle.entry.resource.as(Observation).where(status='final').exists()"/>
            <warningOnly value="false"/>
         </assert>
      </action>
      <action>
         <assert>
            <extension url="http://touchstone.aegis.net/touchstone/fhir/testing/StructureDefinition/testscript-assert-stopTestOnFail">
               <valueBoolean value="false"/>
            </extension>
            <description value="Confirm that the Bundle contains a(n) Observation that has the code 21613-5 with system http://loinc.org"/>
            <direction value="request"/>
            <expression value="Bundle.entry.resource.as(Observation).code.coding.where(code='21613-5' and system='http://loinc.org' and display.exists())"/>
            <warningOnly value="false"/>
         </assert>
      </action>
      <!-- <action>
        <assert>
            <description
                value="Confirm that the Bundle contains a(n) {$resource} with the interpretationflag {$code} with system {$system}."/>
            <direction value="{$direction}"/>
            <expression value="Bundle.entry.resource.as({$resource}).interpretation.where(coding.code='{$code}' and coding.system='{$system}' and coding.display.exists()) | Bundle.entry.resource.as({$resource}).valueCodeableConcept.coding.where(code='{$code}' and system='{$system}' and display.exists())"/>
            <warningOnly value="{$warningOnly}"/>
        </assert>
    </action> -->
      <action>
         <assert>
            <extension url="http://touchstone.aegis.net/touchstone/fhir/testing/StructureDefinition/testscript-assert-stopTestOnFail">
               <valueBoolean value="false"/>
            </extension>
            <description value="Confirm that the Bundle contains a(n) Observation with the interpretationflag 260373001 with system http://snomed.info/sct."/>
            <direction value="request"/>
            <expression value="Bundle.entry.resource.as(Observation).valueCodeableConcept.coding.where(code='260373001' and system='http://snomed.info/sct' and display.exists())"/>
            <warningOnly value="true"/>
         </assert>
      </action>
      <!-- <action>
        <assert>
            <description
                value="Confirm that the Bundle contains a(n) {$resource} with the interpretationflag {$code} with system {$system}."/>
            <direction value="{$direction}"/>
            <expression value="Bundle.entry.resource.as({$resource}).valueCodeableConcept.coding.where(code='{$code}' and system='{$system}' and display.exists())"/>
            <warningOnly value="{$warningOnly}"/>
        </assert>
    </action> -->
      <!-- Asserts for checking the Organization resource -->
      <action>
         <assert>
            <extension url="http://touchstone.aegis.net/touchstone/fhir/testing/StructureDefinition/testscript-assert-stopTestOnFail">
               <valueBoolean value="false"/>
            </extension>
            <description value="Confirm the Organization resource contains an identifier"/>
            <direction value="request"/>
            <expression value="Bundle.entry.resource.as(Organization).identifier.exists()"/>
            <warningOnly value="false"/>
         </assert>
      </action>
      <action>
         <assert>
            <extension url="http://touchstone.aegis.net/touchstone/fhir/testing/StructureDefinition/testscript-assert-stopTestOnFail">
               <valueBoolean value="false"/>
            </extension>
            <description value="Confirm that the Bundle contains the right type for the Organization"/>
            <direction value="request"/>
            <expression value="Bundle.entry.resource.as(Organization).type.coding.where(system='http://nictiz.nl/fhir/NamingSystem/organization-type' and code='L1' and display.exists())"/>
            <warningOnly value="false"/>
         </assert>
      </action>
      <action>
         <assert>
            <extension url="http://touchstone.aegis.net/touchstone/fhir/testing/StructureDefinition/testscript-assert-stopTestOnFail">
               <valueBoolean value="false"/>
            </extension>
            <description value="Confirm that the Bundle contains the name 'Microbiologisch Lab Flagel' for the Organization resource"/>
            <direction value="request"/>
            <expression value="Bundle.entry.resource.as(Organization).name.exists()"/>
            <warningOnly value="false"/>
         </assert>
      </action>
      <action>
         <assert>
            <extension url="http://touchstone.aegis.net/touchstone/fhir/testing/StructureDefinition/testscript-assert-stopTestOnFail">
               <valueBoolean value="false"/>
            </extension>
            <description value="Confirm the Bundle contains the right telecom (email/phone) information for Organization"/>
            <direction value="request"/>
            <expression value="Bundle.entry.resource.as(Organization).telecom.where(system= 'phone' and value ='06-11122244')"/>
            <warningOnly value="false"/>
         </assert>
      </action>
      <!-- <action>
        <assert>
            <description
                value="Confirm that Bundle contains the right telecom comment for the {$resource}"/>
            <direction value="{$direction}"/>
            <expression value="Bundle.entry.resource.as({$resource}).telecom.extension.where(url='{$urltelecom}' and value ='{$comment}')"/>
            <warningOnly value="{$warningOnly}"/>
        </assert>
    </action> -->
   </test>
</TestScript>
