<?xml version="1.0" encoding="UTF-8"?>
<TestScript xmlns="http://hl7.org/fhir" xmlns:nts="http://nictiz.nl/xsl/testscript">
   <id value="lr-slr-TEST-l2z-6Onderzoek-meervoudig-resultaat-3KCLOINC"/>
   <meta>
      <profile value="http://touchstone.aegis.net/touchstone/fhir/testing/StructureDefinition/testscript"/>
   </meta>
   <url value="http://nictiz.nl/fhir/TestScript/lr-slr-TEST-l2z-6Onderzoek-meervoudig-resultaat-3KCLOINC"/>
   <version value="R4-3.0-patchlevel 2024-03"/>
   <name value="LaboratoryResults - Onderzoek meervoudig resultaat - Scenario 3 KC LOINC."/>
   <status value="active"/>
   <publisher value="Nictiz"/>
   <contact>
      <name value="Nictiz"/>
      <telecom>
         <system value="email"/>
         <value value="kwalificatie@nictiz.nl"/>
         <use value="work"/>
      </telecom>
   </contact>
   <description value="Scenario 3 KC LOINC - Send KC results with a LOINC code."/>
   <origin>
      <index value="1"/>
      <profile>
         <system value="http://terminology.hl7.org/CodeSystem/testscript-profile-origin-types"/>
         <code value="FHIR-Client"/>
      </profile>
   </origin>
   <destination>
      <index value="1"/>
      <profile>
         <system value="http://terminology.hl7.org/CodeSystem/testscript-profile-destination-types"/>
         <code value="FHIR-Server"/>
      </profile>
   </destination>
   <fixture id="TEST-6-3KCLOINC">
      <autocreate value="false"/>
      <autodelete value="false"/>
      <resource>
         <reference value="../../../_reference/Sending-XIS/lr-slr-TEST-l2z-6Onderzoek-meervoudig-resultaat-3KCLOINC.xml"/>
      </resource>
   </fixture>
   <profile id="Bundle-profile">
      <reference value="http://hl7.org/fhir/StructureDefinition/Bundle"/>
   </profile>
   <variable>
      <name value="T"/>
      <defaultValue value="${CURRENTDATE}"/>
      <description value="Date that data and queries are expected to be relative to."/>
   </variable>
   <test id="Onderzoek-meervoudig-resultaat">
      <name value="Scenario 3 KC LOINC"/>
      <description value="Send KC laboratory results with a LOINC code."/>
      <action>
         <operation>
            <type>
               <system value="http://terminology.hl7.org/CodeSystem/testscript-operation-codes"/>
               <code value="transaction"/>
            </type>
            <description value="Test client to handle a Bundle of type transaction."/>
            <destination value="1"/>
            <encodeRequestUrl value="true"/>
            <origin value="1"/>
            <sourceId value="TEST-6-3KCLOINC"/>
         </operation>
      </action>
      <action>
         <assert>
            <extension url="http://touchstone.aegis.net/touchstone/fhir/testing/StructureDefinition/testscript-assert-stopTestOnFail">
               <valueBoolean value="false"/>
            </extension>
            <description value="Confirm that request Bundle is of type transaction."/>
            <direction value="request"/>
            <expression value="Bundle.type = 'transaction'"/>
            <warningOnly value="false"/>
         </assert>
      </action>
      <action>
         <assert>
            <extension url="http://touchstone.aegis.net/touchstone/fhir/testing/StructureDefinition/testscript-assert-stopTestOnFail">
               <valueBoolean value="false"/>
            </extension>
            <description value="Confirm that the fullUrl does not disagree with the id in the resource, see http://hl7.org/fhir/stu3/bundle-definitions.html#Bundle.entry.fullUrl"/>
            <direction value="request"/>
            <expression value="Bundle.entry.where(fullUrl.exists() and resource.id.exists()).all($this.fullUrl.endsWith($this.resource.id))"/>
            <warningOnly value="false"/>
         </assert>
      </action>
      <action>
         <assert>
            <extension url="http://touchstone.aegis.net/touchstone/fhir/testing/StructureDefinition/testscript-assert-stopTestOnFail">
               <valueBoolean value="false"/>
            </extension>
            <description value="Confirm that the fullUrl is an absolute URL, an uuid or an oid."/>
            <direction value="request"/>
            <expression value="Bundle.entry.fullUrl.all( startsWith('http://') or startsWith('https://') or matches('^urn:oid:[0-2](\\.(0|[1-9]\\d*))*$') or matches('^urn:uuid:[A-Fa-f\\d]{8}-[A-Fa-f\\d]{4}-[A-Fa-f\\d]{4}-[A-Fa-f\\d]{4}-[A-Fa-f\\d]{12}$') )"/>
            <warningOnly value="false"/>
         </assert>
      </action>
      <action>
         <assert>
            <extension url="http://touchstone.aegis.net/touchstone/fhir/testing/StructureDefinition/testscript-assert-stopTestOnFail">
               <valueBoolean value="false"/>
            </extension>
            <description value="Confirm that the returned Bundle conforms to the base FHIR specification and the resources to the stated profiles in the meta.profile tag."/>
            <direction value="request"/>
            <validateProfileId value="Bundle-profile"/>
            <warningOnly value="false"/>
         </assert>
      </action>
      <action>
         <assert>
            <extension url="http://touchstone.aegis.net/touchstone/fhir/testing/StructureDefinition/testscript-assert-stopTestOnFail">
               <valueBoolean value="false"/>
            </extension>
            <description value="Confirm that all Coding elements contain both a .system and a .code."/>
            <direction value="request"/>
            <expression value="Bundle.descendants().where($this.is(Coding)).all(system.exists() and code.exists())"/>
            <warningOnly value="false"/>
         </assert>
      </action>
      <action>
         <assert>
            <extension url="http://touchstone.aegis.net/touchstone/fhir/testing/StructureDefinition/testscript-assert-stopTestOnFail">
               <valueBoolean value="false"/>
            </extension>
            <description value="Confirm that the OID of the zib valueset is not used for the system of a coding element."/>
            <direction value="request"/>
            <expression value="Bundle.descendants().where($this.is(coding)).system.startsWith('urn:oid:2.16.840.1.113883.2.4.3.11.60.40.2').not()"/>
            <warningOnly value="false"/>
         </assert>
      </action>
      <action>
         <assert>
            <extension url="http://touchstone.aegis.net/touchstone/fhir/testing/StructureDefinition/testscript-assert-stopTestOnFail">
               <valueBoolean value="false"/>
            </extension>
            <description value="Confirm that all CodeableConcept elements contain either a coding.display or a text value if no Coding exists or has an extension (e.g. a nullFlavor or data-absent-reason extension). For more information see https://informatiestandaarden.nictiz.nl/wiki/FHIR:V1.0_FHIR_IG_STU3Use_of_coded_concepts."/>
            <direction value="request"/>
            <expression value="Bundle.descendants().where($this.is(CodeableConcept)).all(coding.display.exists() or text.exists() or extension.exists())"/>
            <warningOnly value="false"/>
         </assert>
      </action>
      <action>
         <assert>
            <extension url="http://touchstone.aegis.net/touchstone/fhir/testing/StructureDefinition/testscript-assert-stopTestOnFail">
               <valueBoolean value="false"/>
            </extension>
            <description value="Confirm that all References have a display value, see https://informatiestandaarden.nictiz.nl/wiki/FHIR:V1.0_FHIR_IG_STU3#Use_of_the_reference_datatype."/>
            <direction value="request"/>
            <expression value="Bundle.descendants().where($this.is(Reference)).all(display.exists() or extension.where(url = 'http://hl7.org/fhir/StructureDefinition/data-absent-reason').exists() or extension.where(url = 'http://hl7.org/fhir/StructureDefinition/iso21090-nullFlavor').exists())"/>
            <warningOnly value="false"/>
         </assert>
      </action>
      <action>
         <assert>
            <extension url="http://touchstone.aegis.net/touchstone/fhir/testing/StructureDefinition/testscript-assert-stopTestOnFail">
               <valueBoolean value="false"/>
            </extension>
            <description value="Confirm that all Identifiers have both a .system and a .value. In rare cases where a general category of identifiers can be used, .type can replace .system. Edge cases for both .system and .type to be unknown are not applicable to Nictiz. For more information, see https://www.hl7.org/fhir/stu3/datatypes.html#Identifier."/>
            <direction value="request"/>
            <expression value="Bundle.descendants().where($this.is(Identifier)).all((system.exists() or type.exists()) and value.exists())"/>
            <warningOnly value="false"/>
         </assert>
      </action>
      <action>
         <assert>
            <extension url="http://touchstone.aegis.net/touchstone/fhir/testing/StructureDefinition/testscript-assert-stopTestOnFail">
               <valueBoolean value="false"/>
            </extension>
            <description value="Confirm that all resources that are updated contain a Resource.id and a fullUrl."/>
            <direction value="request"/>
            <expression value="Bundle.entry.where(request.method='PUT').all( $this.fullUrl.exists() and $this.resource.id.exists())"/>
            <warningOnly value="false"/>
         </assert>
      </action>
      <action>
         <assert>
            <extension url="http://touchstone.aegis.net/touchstone/fhir/testing/StructureDefinition/testscript-assert-stopTestOnFail">
               <valueBoolean value="false"/>
            </extension>
            <description value="Confirm that all resources that are created don't contain a Resource.id. Warning only because it not forbidden, however, the resource does not need to have an id element. If an id is provided, the server SHALL ignore it."/>
            <direction value="request"/>
            <expression value="Bundle.entry.where(request.method='POST').all($this.resource.id.exists().not())"/>
            <warningOnly value="true"/>
         </assert>
      </action>
      <action>
         <assert>
            <extension url="http://touchstone.aegis.net/touchstone/fhir/testing/StructureDefinition/testscript-assert-stopTestOnFail">
               <valueBoolean value="false"/>
            </extension>
            <description value="Confirm that all resources that are created don't have a RESTful fullUrl."/>
            <direction value="request"/>
            <expression value="Bundle.entry.where(request.method='POST').all( $this.fullUrl.startsWith('http://').not() and $this.fullUrl.startsWith('https://').not() )"/>
            <warningOnly value="false"/>
         </assert>
      </action>
      <action>
         <assert>
            <extension url="http://touchstone.aegis.net/touchstone/fhir/testing/StructureDefinition/testscript-assert-stopTestOnFail">
               <valueBoolean value="false"/>
            </extension>
            <description value="Confirm that all resources that are created don't have a fullUrl or have a UUID or OID based fullUrl."/>
            <direction value="request"/>
            <expression value="Bundle.entry.where(request.method='POST').fullUrl.all( exists().not or matches('^urn:oid:[0-2](\\.(0|[1-9]\\d*))*$') or matches('^urn:uuid:[A-Fa-f\\d]{8}-[A-Fa-f\\d]{4}-[A-Fa-f\\d]{4}-[A-Fa-f\\d]{4}-[A-Fa-f\\d]{12}$') )"/>
            <warningOnly value="false"/>
         </assert>
      </action>
      <action>
         <assert>
            <extension url="http://touchstone.aegis.net/touchstone/fhir/testing/StructureDefinition/testscript-assert-stopTestOnFail">
               <valueBoolean value="false"/>
            </extension>
            <description value="Confirm that all posted resources except Binary contain a meta.profile tag."/>
            <direction value="request"/>
            <expression value="Bundle.entry.resource.where(is(Binary).not()).where(meta.profile.empty()).empty()"/>
            <warningOnly value="false"/>
         </assert>
      </action>
      <action>
         <assert>
            <extension url="http://touchstone.aegis.net/touchstone/fhir/testing/StructureDefinition/testscript-assert-stopTestOnFail">
               <valueBoolean value="true"/>
            </extension>
            <description value="Confirm that the operation was successful"/>
            <operator value="in"/>
            <responseCode value="200,201"/>
            <warningOnly value="false"/>
         </assert>
      </action>
      <action>
         <assert>
            <extension url="http://touchstone.aegis.net/touchstone/fhir/testing/StructureDefinition/testscript-assert-stopTestOnFail">
               <valueBoolean value="false"/>
            </extension>
            <description value="Confirm that the request Bundle contains 3 Observation resource(s). "/>
            <direction value="request"/>
            <expression value="Bundle.entry.where(resource.is(Observation)).count() = 3"/>
            <warningOnly value="false"/>
         </assert>
      </action>
      <action>
         <assert>
            <extension url="http://touchstone.aegis.net/touchstone/fhir/testing/StructureDefinition/testscript-assert-stopTestOnFail">
               <valueBoolean value="false"/>
            </extension>
            <description value="Confirm that the request Bundle contains 1 Specimen resource(s). "/>
            <direction value="request"/>
            <expression value="Bundle.entry.where(resource.is(Specimen)).count() = 1"/>
            <warningOnly value="false"/>
         </assert>
      </action>
      <action>
         <assert>
            <extension url="http://touchstone.aegis.net/touchstone/fhir/testing/StructureDefinition/testscript-assert-stopTestOnFail">
               <valueBoolean value="false"/>
            </extension>
            <description value="Confirm that the request Bundle contains 1 Organization resource(s). "/>
            <direction value="request"/>
            <expression value="Bundle.entry.where(resource.is(Organization)).count() = 1"/>
            <warningOnly value="false"/>
         </assert>
      </action>
      <action>
         <assert>
            <extension url="http://touchstone.aegis.net/touchstone/fhir/testing/StructureDefinition/testscript-assert-stopTestOnFail">
               <valueBoolean value="false"/>
            </extension>
            <description value="Confirm that the request Bundle contains 1 Patient resource(s). "/>
            <direction value="request"/>
            <expression value="Bundle.entry.where(resource.is(Patient)).count() = 1"/>
            <warningOnly value="false"/>
         </assert>
      </action>
      <!--Asserts for checking the Patient resource -->
      <action>
         <assert>
            <extension url="http://touchstone.aegis.net/touchstone/fhir/testing/StructureDefinition/testscript-assert-stopTestOnFail">
               <valueBoolean value="false"/>
            </extension>
            <description value="Confirm the Patient resource contains identifier with the BSN system http://fhir.nl/fhir/NamingSystem/bsn and value 999999114."/>
            <direction value="request"/>
            <expression value="Bundle.entry.resource.as(Patient).identifier.where(system='http://fhir.nl/fhir/NamingSystem/bsn' and value='999999114').exists()"/>
            <warningOnly value="false"/>
         </assert>
      </action>
      <action>
         <assert>
            <extension url="http://touchstone.aegis.net/touchstone/fhir/testing/StructureDefinition/testscript-assert-stopTestOnFail">
               <valueBoolean value="false"/>
            </extension>
            <description value="Confirm that Bundle contains the right name for the Patient"/>
            <direction value="request"/>
            <expression value="Bundle.entry.resource.as(Patient).name.where(use='official' and text='Elise Erelies' and family='Erelies' and given='Elise')"/>
            <warningOnly value="false"/>
         </assert>
      </action>
      <action>
         <assert>
            <extension url="http://touchstone.aegis.net/touchstone/fhir/testing/StructureDefinition/testscript-assert-stopTestOnFail">
               <valueBoolean value="false"/>
            </extension>
            <description value="Confirm that Bundle contains the right family display name for the Patient"/>
            <direction value="request"/>
            <expression value="Bundle.entry.resource.as(Patient).name.family.extension.where(url='http://hl7.org/fhir/StructureDefinition/humanname-own-name' and value='Erelies').exists()"/>
            <warningOnly value="false"/>
         </assert>
      </action>
      <action>
         <assert>
            <extension url="http://touchstone.aegis.net/touchstone/fhir/testing/StructureDefinition/testscript-assert-stopTestOnFail">
               <valueBoolean value="false"/>
            </extension>
            <description value="Confirm that Bundle contains the right family url and code for the Patient"/>
            <direction value="request"/>
            <expression value="Bundle.entry.resource.as(Patient).name.given.extension.where(url='http://hl7.org/fhir/StructureDefinition/iso21090-EN-qualifier' and value='BR').exists()"/>
            <warningOnly value="false"/>
         </assert>
      </action>
      <action>
         <assert>
            <extension url="http://touchstone.aegis.net/touchstone/fhir/testing/StructureDefinition/testscript-assert-stopTestOnFail">
               <valueBoolean value="false"/>
            </extension>
            <description value="Confirm that the Bundle contains a(n) Patient with a gender"/>
            <direction value="request"/>
            <expression value="Bundle.entry.resource.as(Patient).gender='female'"/>
            <warningOnly value="false"/>
         </assert>
      </action>
      <!-- <action>
        <assert>
            <description
                value="Confirm that the Bundle contains a url for gender"/>
            <direction value="{$direction}"/>
            <expression value="Bundle.entry.resource.as({$resource}).gender.extension.url.exists()"/>
            <warningOnly value="{$warningOnly}"/>
        </assert>
    </action> -->
      <!-- <action>
        <assert>
            <description
                value="Confirm that the Bundle contains a(n) {$resource} with the gender code {$code} with system {$system} and a display value"/>
            <direction value="{$direction}"/>
            <expression value="Bundle.entry.resource.as({$resource}).gender.extension.valueCodeableConcept.coding.where(system='{$system}' and code='{$code}' and display.exists())"/>
            <warningOnly value="{$warningOnly}"/>
        </assert>
    </action> -->
      <action>
         <assert>
            <extension url="http://touchstone.aegis.net/touchstone/fhir/testing/StructureDefinition/testscript-assert-stopTestOnFail">
               <valueBoolean value="false"/>
            </extension>
            <description value="Evaluate Patient.birthDate equivalent against variable 'date' date value"/>
            <direction value="request"/>
            <expression value="Bundle.entry.resource.as(Patient).birthDate='1950-11-01'"/>
            <warningOnly value="false"/>
         </assert>
      </action>
      <!-- Asserts for checking the Observation panel -->
      <action>
         <assert>
            <extension url="http://touchstone.aegis.net/touchstone/fhir/testing/StructureDefinition/testscript-assert-stopTestOnFail">
               <valueBoolean value="false"/>
            </extension>
            <description value="Confirm the Observation resource contains an identifier"/>
            <direction value="request"/>
            <expression value="Bundle.entry.resource.as(Observation).identifier.exists()"/>
            <warningOnly value="false"/>
         </assert>
      </action>
      <action>
         <assert>
            <extension url="http://touchstone.aegis.net/touchstone/fhir/testing/StructureDefinition/testscript-assert-stopTestOnFail">
               <valueBoolean value="false"/>
            </extension>
            <description value="Confirm that the Bundle contains a(n) Observation that has the code 45066-8 with system http://loinc.org"/>
            <direction value="request"/>
            <expression value="Bundle.entry.resource.as(Observation).code.coding.where(code='45066-8' and system='http://loinc.org' and display.exists())"/>
            <warningOnly value="false"/>
         </assert>
      </action>
      <!-- Asserts for checking the first Observation resource -->
      <action>
         <assert>
            <extension url="http://touchstone.aegis.net/touchstone/fhir/testing/StructureDefinition/testscript-assert-stopTestOnFail">
               <valueBoolean value="false"/>
            </extension>
            <description value="Confirm the Observation resource contains an identifier"/>
            <direction value="request"/>
            <expression value="Bundle.entry.resource.as(Observation).identifier.exists()"/>
            <warningOnly value="false"/>
         </assert>
      </action>
      <action>
         <assert>
            <extension url="http://touchstone.aegis.net/touchstone/fhir/testing/StructureDefinition/testscript-assert-stopTestOnFail">
               <valueBoolean value="false"/>
            </extension>
            <description value="Confirm that the Bundle contains a(n) Observation that has the status final."/>
            <direction value="request"/>
            <expression value="Bundle.entry.resource.as(Observation).where(status='final').exists()"/>
            <warningOnly value="false"/>
         </assert>
      </action>
      <action>
         <assert>
            <extension url="http://touchstone.aegis.net/touchstone/fhir/testing/StructureDefinition/testscript-assert-stopTestOnFail">
               <valueBoolean value="false"/>
            </extension>
            <description value="Confirm that the Bundle contains a(n) Observation that has the code 98979-8 with system http://loinc.org"/>
            <direction value="request"/>
            <expression value="Bundle.entry.resource.as(Observation).code.coding.where(code='98979-8' and system='http://loinc.org' and display.exists())"/>
            <warningOnly value="false"/>
         </assert>
      </action>
      <action>
         <assert>
            <extension url="http://touchstone.aegis.net/touchstone/fhir/testing/StructureDefinition/testscript-assert-stopTestOnFail">
               <valueBoolean value="false"/>
            </extension>
            <description value="Confirm that the Bundle contains a(n) Observation with a value of 97, and system http://unitsofmeasure.org and a unit."/>
            <direction value="request"/>
            <expression value="Bundle.entry.resource.as(Observation).valueQuantity.where(value='97' and system='http://unitsofmeasure.org' and code='mL/min/{1.73_m2}' and unit.exists())"/>
            <warningOnly value="true"/>
         </assert>
      </action>
      <action>
         <assert>
            <extension url="http://touchstone.aegis.net/touchstone/fhir/testing/StructureDefinition/testscript-assert-stopTestOnFail">
               <valueBoolean value="false"/>
            </extension>
            <description value="Confirm that the Bundle contains a(n) Observation with the interpretation Waarde is goed."/>
            <direction value="request"/>
            <expression value="Bundle.entry.resource.as(Observation).interpretation.text.exists()"/>
            <warningOnly value="false"/>
         </assert>
      </action>
      <action>
         <assert>
            <extension url="http://touchstone.aegis.net/touchstone/fhir/testing/StructureDefinition/testscript-assert-stopTestOnFail">
               <valueBoolean value="false"/>
            </extension>
            <description value="Confirm that the Bundle contains a(n) Observation that has a reference range of value."/>
            <direction value="request"/>
            <expression value="Bundle.entry.resource.as(Observation).referenceRange.low.where(value='90' and system='http://unitsofmeasure.org' and code='mL/min/{1.73_m2}' and unit.exists())"/>
            <warningOnly value="false"/>
         </assert>
      </action>
      <!-- Asserts for checking the second Observation resource -->
      <action>
         <assert>
            <extension url="http://touchstone.aegis.net/touchstone/fhir/testing/StructureDefinition/testscript-assert-stopTestOnFail">
               <valueBoolean value="false"/>
            </extension>
            <description value="Confirm the Observation resource contains an identifier"/>
            <direction value="request"/>
            <expression value="Bundle.entry.resource.as(Observation).identifier.exists()"/>
            <warningOnly value="false"/>
         </assert>
      </action>
      <action>
         <assert>
            <extension url="http://touchstone.aegis.net/touchstone/fhir/testing/StructureDefinition/testscript-assert-stopTestOnFail">
               <valueBoolean value="false"/>
            </extension>
            <description value="Confirm that the Bundle contains a(n) Observation that has the status final."/>
            <direction value="request"/>
            <expression value="Bundle.entry.resource.as(Observation).where(status='final').exists()"/>
            <warningOnly value="false"/>
         </assert>
      </action>
      <action>
         <assert>
            <extension url="http://touchstone.aegis.net/touchstone/fhir/testing/StructureDefinition/testscript-assert-stopTestOnFail">
               <valueBoolean value="false"/>
            </extension>
            <description value="Confirm that the Bundle contains a(n) Observation that has the code 45066-8 with system http://loinc.org"/>
            <direction value="request"/>
            <expression value="Bundle.entry.resource.as(Observation).code.coding.where(code='45066-8' and system='http://loinc.org' and display.exists())"/>
            <warningOnly value="false"/>
         </assert>
      </action>
      <action>
         <assert>
            <extension url="http://touchstone.aegis.net/touchstone/fhir/testing/StructureDefinition/testscript-assert-stopTestOnFail">
               <valueBoolean value="false"/>
            </extension>
            <description value="Confirm that the Bundle contains a(n) Observation with a value of 135, and system http://unitsofmeasure.org and a unit."/>
            <direction value="request"/>
            <expression value="Bundle.entry.resource.as(Observation).valueQuantity.where(value='135' and system='http://unitsofmeasure.org' and code='umol/l' and unit.exists())"/>
            <warningOnly value="true"/>
         </assert>
      </action>
      <action>
         <assert>
            <extension url="http://touchstone.aegis.net/touchstone/fhir/testing/StructureDefinition/testscript-assert-stopTestOnFail">
               <valueBoolean value="false"/>
            </extension>
            <description value="Confirm that the Bundle contains a(n) Observation with the interpretation Creatinine iets hoger dan normaal."/>
            <direction value="request"/>
            <expression value="Bundle.entry.resource.as(Observation).interpretation.text.exists()"/>
            <warningOnly value="false"/>
         </assert>
      </action>
      <!-- <action>
        <assert>
            <description
                value="Confirm that the Bundle contains a(n) {$resource} with the interpretationflag {$code} with system {$system}."/>
            <direction value="{$direction}"/>
            <expression value="Bundle.entry.resource.as({$resource}).interpretation.where(coding.code='{$code}' and coding.system='{$system}' and coding.display.exists()) | Bundle.entry.resource.as({$resource}).valueCodeableConcept.coding.where(code='{$code}' and system='{$system}' and display.exists())"/>
            <warningOnly value="{$warningOnly}"/>
        </assert>
    </action> -->
      <action>
         <assert>
            <extension url="http://touchstone.aegis.net/touchstone/fhir/testing/StructureDefinition/testscript-assert-stopTestOnFail">
               <valueBoolean value="false"/>
            </extension>
            <description value="Confirm that the Bundle contains a(n) Observation with the interpretationflag 281302008 with system http://snomed.info/sct."/>
            <direction value="request"/>
            <expression value="Bundle.entry.resource.as(Observation).interpretation.coding.where(code='281302008' and system='http://snomed.info/sct' and display.exists())"/>
            <warningOnly value="true"/>
         </assert>
      </action>
      <!-- <action>
        <assert>
            <description
                value="Confirm that the Bundle contains a(n) {$resource} with the interpretationflag {$code} with system {$system}."/>
            <direction value="{$direction}"/>
            <expression value="Bundle.entry.resource.as({$resource}).valueCodeableConcept.coding.where(code='{$code}' and system='{$system}' and display.exists())"/>
            <warningOnly value="{$warningOnly}"/>
        </assert>
    </action> -->
      <!-- <action>
        <assert>
            <description
                value="Confirm that the Bundle contains a(n) {$resource} with the interpretationflag {$code} with system {$system}."/>
            <direction value="{$direction}"/>
            <expression value="Bundle.entry.resource.as({$resource}).interpretation.where(coding.code='{$code}' and coding.system='{$system}' and coding.display.exists()) | Bundle.entry.resource.as({$resource}).valueCodeableConcept.coding.where(code='{$code}' and system='{$system}' and display.exists())"/>
            <warningOnly value="{$warningOnly}"/>
        </assert>
    </action> -->
      <action>
         <assert>
            <extension url="http://touchstone.aegis.net/touchstone/fhir/testing/StructureDefinition/testscript-assert-stopTestOnFail">
               <valueBoolean value="false"/>
            </extension>
            <description value="Confirm that the Bundle contains a(n) Observation with the interpretationflag H with system http://terminology.hl7.org/CodeSystem/v3-ObservationInterpretation."/>
            <direction value="request"/>
            <expression value="Bundle.entry.resource.as(Observation).interpretation.coding.where(code='H' and system='http://terminology.hl7.org/CodeSystem/v3-ObservationInterpretation' and display.exists())"/>
            <warningOnly value="true"/>
         </assert>
      </action>
      <!-- <action>
        <assert>
            <description
                value="Confirm that the Bundle contains a(n) {$resource} with the interpretationflag {$code} with system {$system}."/>
            <direction value="{$direction}"/>
            <expression value="Bundle.entry.resource.as({$resource}).valueCodeableConcept.coding.where(code='{$code}' and system='{$system}' and display.exists())"/>
            <warningOnly value="{$warningOnly}"/>
        </assert>
    </action> -->
      <action>
         <assert>
            <extension url="http://touchstone.aegis.net/touchstone/fhir/testing/StructureDefinition/testscript-assert-stopTestOnFail">
               <valueBoolean value="false"/>
            </extension>
            <description value="Confirm that the Bundle contains a(n) Observation that has a reference range of value."/>
            <direction value="request"/>
            <expression value="Bundle.entry.resource.as(Observation).referenceRange.low.where(value='62' and system='http://unitsofmeasure.org' and code='umol/l' and unit.exists())"/>
            <warningOnly value="false"/>
         </assert>
      </action>
      <action>
         <assert>
            <extension url="http://touchstone.aegis.net/touchstone/fhir/testing/StructureDefinition/testscript-assert-stopTestOnFail">
               <valueBoolean value="false"/>
            </extension>
            <description value="Confirm that the Bundle contains a(n) Observation that has a reference range of value."/>
            <direction value="request"/>
            <expression value="Bundle.entry.resource.as(Observation).referenceRange.high.where(value='134' and system='http://unitsofmeasure.org' and code='umol/l' and unit.exists())"/>
            <warningOnly value="false"/>
         </assert>
      </action>
      <!-- Asserts for checking the Specimen resource -->
      <action>
         <assert>
            <extension url="http://touchstone.aegis.net/touchstone/fhir/testing/StructureDefinition/testscript-assert-stopTestOnFail">
               <valueBoolean value="false"/>
            </extension>
            <description value="Confirm the Specimen resource contains an identifier"/>
            <direction value="request"/>
            <expression value="Bundle.entry.resource.as(Specimen).identifier.exists()"/>
            <warningOnly value="false"/>
         </assert>
      </action>
      <action>
         <assert>
            <extension url="http://touchstone.aegis.net/touchstone/fhir/testing/StructureDefinition/testscript-assert-stopTestOnFail">
               <valueBoolean value="false"/>
            </extension>
            <description value="Confirm that the Bundle contains the right type for the Specimen"/>
            <direction value="request"/>
            <expression value="Bundle.entry.resource.as(Specimen).type.coding.where(system='http://snomed.info/sct' and code='87612001' and display.exists())"/>
            <warningOnly value="false"/>
         </assert>
      </action>
      <action>
         <assert>
            <extension url="http://touchstone.aegis.net/touchstone/fhir/testing/StructureDefinition/testscript-assert-stopTestOnFail">
               <valueBoolean value="false"/>
            </extension>
            <description value="Confirm the Specimen resource contains the note Serum afgenomen bij patiënt.."/>
            <direction value="request"/>
            <expression value="Bundle.entry.resource.as(Specimen).note.text.exists()"/>
            <warningOnly value="false"/>
         </assert>
      </action>
      <!-- Asserts for checking the Organization resource -->
      <action>
         <assert>
            <extension url="http://touchstone.aegis.net/touchstone/fhir/testing/StructureDefinition/testscript-assert-stopTestOnFail">
               <valueBoolean value="false"/>
            </extension>
            <description value="Confirm the Organization resource contains an identifier"/>
            <direction value="request"/>
            <expression value="Bundle.entry.resource.as(Organization).identifier.exists()"/>
            <warningOnly value="false"/>
         </assert>
      </action>
      <action>
         <assert>
            <extension url="http://touchstone.aegis.net/touchstone/fhir/testing/StructureDefinition/testscript-assert-stopTestOnFail">
               <valueBoolean value="false"/>
            </extension>
            <description value="Confirm that the Bundle contains the right type for the Organization"/>
            <direction value="request"/>
            <expression value="Bundle.entry.resource.as(Organization).type.coding.where(system='http://nictiz.nl/fhir/NamingSystem/organization-type' and code='L1' and display.exists())"/>
            <warningOnly value="false"/>
         </assert>
      </action>
      <action>
         <assert>
            <extension url="http://touchstone.aegis.net/touchstone/fhir/testing/StructureDefinition/testscript-assert-stopTestOnFail">
               <valueBoolean value="false"/>
            </extension>
            <description value="Confirm that the Bundle contains the name 'Klinisch chemisch Lab 't Proefje' for the Organization resource"/>
            <direction value="request"/>
            <expression value="Bundle.entry.resource.as(Organization).name.exists()"/>
            <warningOnly value="false"/>
         </assert>
      </action>
      <action>
         <assert>
            <extension url="http://touchstone.aegis.net/touchstone/fhir/testing/StructureDefinition/testscript-assert-stopTestOnFail">
               <valueBoolean value="false"/>
            </extension>
            <description value="Confirm the Bundle contains the right telecom (email/phone) information for Organization"/>
            <direction value="request"/>
            <expression value="Bundle.entry.resource.as(Organization).telecom.where(system= 'phone' and value ='06-11122233')"/>
            <warningOnly value="false"/>
         </assert>
      </action>
      <!-- <action>
        <assert>
            <description
                value="Confirm that Bundle contains the right telecom comment for the {$resource}"/>
            <direction value="{$direction}"/>
            <expression value="Bundle.entry.resource.as({$resource}).telecom.extension.where(url='{$urltelecom}' and value ='{$comment}')"/>
            <warningOnly value="{$warningOnly}"/>
        </assert>
    </action> -->
      <action>
         <assert>
            <extension url="http://touchstone.aegis.net/touchstone/fhir/testing/StructureDefinition/testscript-assert-stopTestOnFail">
               <valueBoolean value="false"/>
            </extension>
            <description value="Confirm the Organization resource contains the comment 'Bel met vragen'."/>
            <direction value="request"/>
            <expression value="Bundle.entry.resource.as(Organization).telecom.extension.valueString.exists()"/>
            <warningOnly value="true"/>
         </assert>
      </action>
      <action>
         <assert>
            <extension url="http://touchstone.aegis.net/touchstone/fhir/testing/StructureDefinition/testscript-assert-stopTestOnFail">
               <valueBoolean value="false"/>
            </extension>
            <description value="Confirm the Bundle contains the right telecom (email/phone) information for Organization"/>
            <direction value="request"/>
            <expression value="Bundle.entry.resource.as(Organization).telecom.where(system= 'email' and value ='tproefje@lab.nl')"/>
            <warningOnly value="false"/>
         </assert>
      </action>
      <!-- <action>
        <assert>
            <description
                value="Confirm that Bundle contains the right telecom comment for the {$resource}"/>
            <direction value="{$direction}"/>
            <expression value="Bundle.entry.resource.as({$resource}).telecom.extension.where(url='{$urltelecom}' and value ='{$comment}')"/>
            <warningOnly value="{$warningOnly}"/>
        </assert>
    </action> -->
      <action>
         <assert>
            <extension url="http://touchstone.aegis.net/touchstone/fhir/testing/StructureDefinition/testscript-assert-stopTestOnFail">
               <valueBoolean value="false"/>
            </extension>
            <description value="Confirm that Bundle contains the right address (street) for the Organization"/>
            <direction value="request"/>
            <expression value="Bundle.entry.resource.as(Organization).address.line.extension.where(url='http://hl7.org/fhir/StructureDefinition/iso21090-ADXP-streetName' and value='Hoofdstraat')"/>
            <warningOnly value="true"/>
         </assert>
      </action>
      <action>
         <assert>
            <extension url="http://touchstone.aegis.net/touchstone/fhir/testing/StructureDefinition/testscript-assert-stopTestOnFail">
               <valueBoolean value="false"/>
            </extension>
            <description value="Confirm that Bundle contains the right address (house number) for the Organization"/>
            <direction value="request"/>
            <expression value="Bundle.entry.resource.as(Organization).address.line.extension.where(url='http://hl7.org/fhir/StructureDefinition/iso21090-ADXP-houseNumber' and value ='23')"/>
            <warningOnly value="true"/>
         </assert>
      </action>
      <action>
         <assert>
            <extension url="http://touchstone.aegis.net/touchstone/fhir/testing/StructureDefinition/testscript-assert-stopTestOnFail">
               <valueBoolean value="false"/>
            </extension>
            <description value="Confirm that Bundle contains the right city and postal code for the Organization"/>
            <direction value="request"/>
            <expression value="Bundle.entry.resource.as(Organization).address.where(city='Zorgstad' and postalCode='1234 AA' and use='work')"/>
            <warningOnly value="true"/>
         </assert>
      </action>
      <action>
         <assert>
            <extension url="http://touchstone.aegis.net/touchstone/fhir/testing/StructureDefinition/testscript-assert-stopTestOnFail">
               <valueBoolean value="false"/>
            </extension>
            <description value="Confirm that Bundle contains the right address (type) for the Organization"/>
            <direction value="request"/>
            <expression value="Bundle.entry.resource.as(Organization).address.extension.where(system='http://nictiz.nl/fhir/StructureDefinition/ext-AddressInformation.AddressType' and valueCodeableConcept.coding.where(system='http://terminology.hl7.org/CodeSystem/v3-AddressUse' and valueCodeableConcept.coding.code='WP' and valueCodeableConcept.coding.display.exists()))"/>
            <warningOnly value="true"/>
         </assert>
      </action>
   </test>
</TestScript>
