<?xml version="1.0" encoding="UTF-8"?>
<?xml-model href="http://hl7.org/fhir/STU3/testscript.sch" type="application/xml" schematypens="http://purl.oclc.org/dsdl/schematron"?>
<TestScript xmlns="http://hl7.org/fhir" xmlns:nts="http://nictiz.nl/xsl/testscript"
    nts:scenario="client">
  
     <id value="TEST-l2z-3Gecorrigeerd-bericht-4AKCNHGBasis"/>
    <version value="R4-3.0"/>
    <name value="LaboratoryResults - Gecorrigeerd bericht - Scenario 4 KC NHG Basis."/>
    <description value="Scenario 4 KC NHG Basis - Send KC results with a NHG code."/>
    <nts:fixture id="TEST-3-4AKCNHG" href="Sending-XIS/lr-slr-TEST-l2z-3Gecorrigeerd-bericht-4AKCNHGBasis.xml"/>
    <nts:includeDateT value="yes"/>

    <test id="Gecorrigeerd-bericht Scenario 4 KC NHG Basis">
        <name value="Scenario 4A KC NHG Basis"/>
        <description value="Send KC laboratory results with a NHG code."/>
        <nts:include value="test.client.transaction" scope="common" sourceId="TEST-3-4AKCNHG"/>
        <nts:include value="test.client.successfulTransaction" scope="common"/>
        <nts:include value="assert.request.numResources" scope="common" resource="Observation" count="1"/>
        <nts:include value="assert.request.numResources" scope="common" resource="Specimen" count="1"/>
        <nts:include value="assert.request.numResources" scope="common" resource="Organization" count="1"/>
        <nts:include value="assert.request.numResources" scope="common" resource="Patient" count="1"/>

 <!--Asserts for checking the Patient resource -->
        <nts:include value="assert.identifier.bsn"  direction="request" resource="Patient"
            system="http://fhir.nl/fhir/NamingSystem/bsn"
            identifier="999900511"/>
         <nts:include value="assert.humanname" direction="request" resource="Patient"
            use="offical" 
            text="E. XXX_Doppen"
            family="XXX_Doppen"
                urlfamily="http://hl7.org/fhir/StructureDefinition/humanname-own-name"
                familydisplay="XXX_Doppen"
            given="E."
                urlgiven="http://hl7.org/fhir/StructureDefinition/iso21090-EN-qualifier"
                givencode="IN"/>
        <nts:include value="assert.gender" direction="request" resource="Patient"
            gender="male"
                url="http://nictiz.nl/fhir/StructureDefinition/ext-CodeSpecification"
                    system="http://terminology.hl7.org/CodeSystem/v3-AdministrativeGender"
                    code="M"
                    display="Man"/>
        <nts:include value="assert.birthdate" direction="request" resource="Patient"
            date="1963-10-24"/>


<!-- Asserts for checking the Observation resource -->
        <nts:include value="assert.identifier" direction="request" resource="Observation"
            system="urn:oid:2.16.840.1.113883.2.4.3.11.999.25.4298.1"
            identifier="55555"/>
        <nts:include value="assert.status" direction="request" resource="Observation"
            status="final"/>
        <nts:include value="assert.code" direction="request" resource="Observation"
            labsystem="https://referentiemodel.nhg.org/tabellen/nhg-tabel-45-diagnostische-bepalingen"
            labcode="509"
            display="international normalised ratio (PT-INR)"/>
        <nts:include value="assert.valuequantity" direction="request" resource="Observation"
            quantity="2.9"
            system="http://unitsofmeasure.org"
            code="{INR}"
            unit="{INR}"/>
        <nts:include value="assert.interpretation" direction="request" resource="Observation"
            interpretation="Te hoog let op."/>
        <nts:include value="assert.interpretationflag" direction="request" resource="Observation"
            system="http://snomed.info/sct"
            code="281302008"
            display="boven referentiebereik"/>
        <nts:include value="assert.interpretationflag" direction="request" resource="Observation"
            system="http://terminology.hl7.org/CodeSystem/v3-ObservationInterpretation"
            code="H"
            display="High"/>
        <nts:include value="assert.lowerreferencerange" direction="request" resource="Observation"
            quantity="0.9"
            unit="{INR}"
            system="http://unitsofmeasure.org"
            code="{INR}"/>
        <nts:include value="assert.higherreferencerange" direction="request" resource="Observation"
            quantity="1.1"
            unit="{INR}"
            system="http://unitsofmeasure.org"
            code="{INR}"/>

<!-- Asserts for checking the Specimen resource -->
        <nts:include value="assert.identifier" direction="request" resource="Specimen" 
            system="urn:oid:2.16.840.1.113883.2.4.3.11.999.25.4267.1"
            identifier="1122"/>
        <nts:include value="assert.type" direction="request" resource="Specimen" 
            system="http://snomed.info/sct"
            code="87612001"
            display="Bloed"/>
                
<!-- Asserts for checking the Organization resource --> 
        <nts:include value="assert.identifier" direction="request" resource="Organization" 
            system="http://fhir.nl/fhir/NamingSystem/ura" 
            identifier="11112222"/>
        <nts:include value="assert.type" direction="request" resource="Organization" 
            system="http://nictiz.nl/fhir/NamingSystem/organization-type" 
            code="TD" 
            display="Trombosedienst"/>
        <nts:include value="assert.name" direction="request" resource="Organization" 
            name="Trombosedienst Ons Dorp"/>
        <nts:include value="assert.telecom" direction="request" resource="Organization" 
            system="phone" 
            telecomvalue="06-11122266" 
            use="" 
            urltelecom="" 
            comment=""/>
        <nts:include value="assert.address" direction="request" resource="Organization"
            urlstreet="http://hl7.org/fhir/StructureDefinition/iso21090-ADXP-streetName"
            street="Kerkstraat"
            urlhousenumber="http://hl7.org/fhir/StructureDefinition/iso21090-ADXP-houseNumber"
            housenumber="28"
            urlbuildingsuffixnumber="http://hl7.org/fhir/StructureDefinition/iso21090-ADXP-buildingNumberSuffix"
            suffixnumber="d"
            city="Ons Dorp"
            postalcode="1332GH"
            urltype=""
            systemtype=""
            codetype=""
            display=""
            use=""/>
    </test>
</TestScript>
