<?xml version="1.0" encoding="UTF-8"?>
<?xml-model href="http://hl7.org/fhir/STU3/testscript.sch" type="application/xml" schematypens="http://purl.oclc.org/dsdl/schematron"?>
<TestScript xmlns="http://hl7.org/fhir" xmlns:nts="http://nictiz.nl/xsl/testscript"
    nts:scenario="client">
  
    <id value="lr-slr-TEST-l2z-6Onderzoek-meervoudig-resultaat-4KCNHG"/>
    <version value="R4-3.0"/>
    <name value="LaboratoryResults - Onderzoek meervoudig resultaat - Scenario 4 KC NHG."/>
    <description value="Scenario 4 KC NHG - Send KC results with a NHG code."/>
 
    <nts:fixture id="TEST-6-4KCNHG" href="Sending-XIS/lr-slr-TEST-l2z-6Onderzoek-meervoudig-resultaat-4KCNHG.xml"/>
    <nts:includeDateT value="yes"/>

    <test id="Onderzoek-meervoudig-resultaat">
        <name value="Scenario 4 KC NHG"/>
        <description value="Send KC laboratory results with a NHG code."/>
        <nts:include value="test.client.transaction" scope="common" sourceId="TEST-6-4KCNHG"/>
        <nts:include value="test.client.successfulTransaction" scope="common"/>
        <nts:include value="assert.request.numResources" scope="common" resource="Observation" count="2"/>
        <nts:include value="assert.request.numResources" scope="common" resource="Specimen" count="1"/>
        <nts:include value="assert.request.numResources" scope="common" resource="Organization" count="1"/>
        <nts:include value="assert.request.numResources" scope="common" resource="Patient" count="1"/>
        
 <!--Asserts for checking the Patient resource -->
        <nts:include value="assert.identifier.bsn"  direction="request" resource="Patient"
            system="http://fhir.nl/fhir/NamingSystem/bsn"
            identifier="999999114"/>
         <nts:include value="assert.humanname" direction="request" resource="Patient"
            use="official" 
            text="Elise Erelies"
            family="Erelies"
                urlfamily="http://hl7.org/fhir/StructureDefinition/humanname-own-name"
                familydisplay="Erelies"
            given="Elise"
                urlgiven="http://hl7.org/fhir/StructureDefinition/iso21090-EN-qualifier"
                givencode="BR"/>
        <nts:include value="assert.gender" direction="request" resource="Patient"
            gender="female"/>
        <nts:include value="assert.birthdate" direction="request" resource="Patient"
            date="1950-11-01"/>


<!-- Asserts for checking the first Observation resource -->
        <nts:include value="assert.identifier" direction="request" resource="Observation"
            system="urn:oid:2.16.840.1.113883.2.4.3.11.999.25.4298.2"
            identifier="11111"/>
        <nts:include value="assert.status" direction="request" resource="Observation"
            status="final"/>
        <nts:include value="assert.code" direction="request" resource="Observation"
            labsystem="https://referentiemodel.nhg.org/tabellen/nhg-tabel-45-diagnostische-bepalingen"
            labcode="3583"
            display="eGFR volgens CKD-EPI formule"/>
        <nts:include value="assert.valuequantity" direction="request" resource="Observation"
            quantity="97"
            system="http://unitsofmeasure.org"
            code="mL/min/{1.73_m2}"
            unit="mL/min/{1.73_m2}"/>
        <nts:include value="assert.interpretation" direction="request" resource="Observation"
            interpretation="Waarde is goed."/>
        <nts:include value="assert.lowerreferencerange" direction="request" resource="Observation"
            quantity="90"
            unit="mL/min/{1.73_m2}"
            system="http://unitsofmeasure.org"
            code="mL/min/{1.73_m2}"/>

<!-- Asserts for checking the second Observation resource -->
        <nts:include value="assert.identifier" direction="request" resource="Observation"
            system="urn:oid:2.16.840.1.113883.2.4.3.11.999.25.4298.2"
            identifier="22222"/>
        <nts:include value="assert.status" direction="request" resource="Observation"
            status="final"/>
        <nts:include value="assert.code" direction="request" resource="Observation"
            labsystem="https://referentiemodel.nhg.org/tabellen/nhg-tabel-45-diagnostische-bepalingen"
            labcode="523"
            display="creatinine"/>
        <nts:include value="assert.valuequantity" direction="request" resource="Observation"
            quantity="135"
            system="http://unitsofmeasure.org"
            code="umol/l"
            unit="umol/l"/>
        <nts:include value="assert.interpretation" direction="request" resource="Observation"
            interpretation="Creatinine iets hoger dan normaal."/>
        <nts:include value="assert.interpretationflag" direction="request" resource="Observation" sort="interpretation"
            system="http://snomed.info/sct"
            code="281302008"
            display="boven referentiebereik"/>
        <nts:include value="assert.interpretationflag" direction="request" resource="Observation" sort="interpretation"
            system="http://terminology.hl7.org/CodeSystem/v3-ObservationInterpretation"
            code="H"
            display="High"/>
        <nts:include value="assert.lowerreferencerange" direction="request" resource="Observation"
            quantity="60"
            unit="umol/l"
            system="http://unitsofmeasure.org"
            code="umol/l"/>
        <nts:include value="assert.higherreferencerange" direction="request" resource="Observation"
            quantity="110"
            unit="umol/l"
            system="http://unitsofmeasure.org"
            code="umol/l"/>

<!-- Asserts for checking the Specimen resource -->
        <nts:include value="assert.identifier" direction="request" resource="Specimen" 
            system="urn:oid:2.16.840.1.113883.2.4.3.11.999.25.4267.2"
            identifier="1111"/>
        <nts:include value="assert.type" direction="request" resource="Specimen" 
            system="http://snomed.info/sct"
            code="87612001"
            display="Bloed"/>
        <nts:include value="assert.note" direction="request" resource="Specimen" 
            note="Serum afgenomen bij patiÃ«nt."/>
                
<!-- Asserts for checking the Organization resource --> 
        <nts:include value="assert.identifier" direction="request" resource="Organization" 
            system="http://fhir.nl/fhir/NamingSystem/ura" 
            identifier="00003333"/>
        <nts:include value="assert.type" direction="request" resource="Organization" 
            system="http://nictiz.nl/fhir/NamingSystem/organization-type" 
            code="L1" 
            display="Laboratorium"/>
        <nts:include value="assert.name" direction="request" resource="Organization" 
            name="Klinisch chemisch Lab 't Proefje"/>
        <nts:include value="assert.telecom" direction="request" resource="Organization" 
            system="phone" 
            telecomvalue="06-11122233"/>
        <nts:include value="assert.comment" direction="request" resource="Organization" 
            comment="Bel met vragen"/>
        <nts:include value="assert.telecom" direction="request" resource="Organization" 
            system="email" 
            telecomvalue="tproefje@lab.nl" 
            use="work"/>
        <nts:include value="assert.address" direction="request" resource="Organization"
            urlstreet="http://hl7.org/fhir/StructureDefinition/iso21090-ADXP-streetName"
            street="Hoofdstraat"
            urlhousenumber="http://hl7.org/fhir/StructureDefinition/iso21090-ADXP-houseNumber"
            housenumber="23"
            city="Zorgstad"
            postalcode="1234 AA"
            urltype="http://nictiz.nl/fhir/StructureDefinition/ext-AddressInformation.AddressType"
            systemtype="http://terminology.hl7.org/CodeSystem/v3-AddressUse"
            codetype="WP"
            display="Werkadres"
            use="work"/>
    </test>
</TestScript>

