<?xml version="1.0" encoding="UTF-8"?>
<?xml-model href="http://hl7.org/fhir/STU3/testscript.sch" type="application/xml" schematypens="http://purl.oclc.org/dsdl/schematron"?>
<TestScript xmlns="http://hl7.org/fhir" xmlns:nts="http://nictiz.nl/xsl/testscript"
    nts:scenario="client">
  
     <id value="TEST-l2z-3Gecorrigeerd-bericht-4AKCNHGBasis"/>
    <version value="R4-3.0"/>
    <name value="LaboratoryResults - Gecorrigeerd bericht - Scenario 4 KC NHG Basis."/>
    <description value="Scenario 4 KC NHG Basis - Receive KC results with a NHG code."/>
    <nts:fixture id="TEST-3-4AKCNHG" href="Sending-XIS/lr-slr-TEST-l2z-3Gecorrigeerd-bericht-4AKCNHGBasis.xml"/>
    <nts:includeDateT value="yes"/>

    <test id="Gecorrigeerd-bericht Scenario 4 KC NHG Basis">
        <name value="Scenario 4A KC NHG Basis"/>
        <description value="Send KC laboratory results with a NHG code."/>
        <nts:include value="test.client.transaction" scope="common" sourceId="TEST-3-4AKCNHG"/>
        <nts:include value="test.client.successfulTransaction" scope="common"/>
        <nts:include value="assert.request.numResources" scope="common" resource="Observation" count="1"/>
        <nts:include value="assert.request.numResources" scope="common" resource="Specimen" count="1"/>
        <nts:include value="assert.request.numResources" scope="common" resource="Organization" count="1"/>
        <nts:include value="assert.request.numResources" scope="common" resource="Patient" count="1"/>
    </test>
</TestScript>
