<?xml version="1.0" encoding="UTF-8"?>
<?xml-model href="http://hl7.org/fhir/STU3/testscript.sch" type="application/xml" schematypens="http://purl.oclc.org/dsdl/schematron"?>
<TestScript xmlns="http://hl7.org/fhir" xmlns:nts="http://nictiz.nl/xsl/testscript"
    nts:scenario="client">
  
    <id value="TEST-l2z-7Meesturen-met-ander-bericht-MO-4AKCNHGLosresultaat"/>
    <version value="R4-3.0"/>
    <name value="LaboratoryResults - Meesturen met ander bericht - Scenario 4 KC NHG."/>
    <description value="Scenario 4 KC NHG - Receive KC results with a NHG code."/>
 
    <nts:fixture id="TEST-7-4KCNHG"
        href="Sending-XIS/lr-slr-TEST-l2z-7Meesturen-met-ander-bericht-MO-4KCNHGLosresultaat.xml"/>
    <nts:includeDateT value="yes"/>

    <test id="Meesturen-met-ander-bericht Scenario 4 KC NHG">
        <name value="Scenario 4 KC NHG"/>
        <description value="Send KC laboratory results with a NHG code."/>
        <nts:include value="test.client.transaction" scope="common" sourceId="TEST-7-4KCNHG"/>
        <nts:include value="test.client.successfulTransaction" scope="common"/>
        <nts:include value="assert.request.numResources" scope="common" resource="Observation" count="2"/>
        <nts:include value="assert.request.numResources" scope="common" resource="Specimen" count="1"/>
        <nts:include value="assert.request.numResources" scope="common" resource="Organization" count="1"/>
        <nts:include value="assert.request.numResources" scope="common" resource="Patient" count="1"/>
        
            </test>
</TestScript>
