<TestScript xmlns="http://hl7.org/fhir">
   <id value="resources-purgecreateupdate-xml"/>
   <url value="http://nictiz.nl/fhir/TestScript/load-resources-purgecreateupdate-xml"/>
   <name value="Load Test Resources - Purge Create Update - XML"/>
   <status value="active"/>
   <publisher value="Nictiz"/>
   <contact>
      <name value="MedMij"/>
      <telecom>
         <system value="email"/>
         <value value="kwalificatie@nictiz.nl"/>
         <use value="work"/>
      </telecom>
   </contact>
   <description value="Load test resources using the update (PUT) operation of the target FHIR server for use in testing. All resource ids are pre-defined. The target XIS FHIR server is expected to support resource create via the update (PUT) operation for client assigned ids. "/>
   <copyright value="Â© Nictiz 2020"/>
   <fixture id="AllergyIntolerance-zib-AllergyIntolerance-eov-test-1-1-01">
      <autocreate value="false"/>
      <autodelete value="false"/>
      <resource>
         <reference value="../Test/_reference/resources/resources-generic/zib-AllergyIntolerance-eov-test-1_1-01.xml"/>
      </resource>
   </fixture>
   <fixture id="AllergyIntolerance-zib-AllergyIntolerance-eov-test-1-1-02">
      <autocreate value="false"/>
      <autodelete value="false"/>
      <resource>
         <reference value="../Test/_reference/resources/resources-generic/zib-AllergyIntolerance-eov-test-1_1-02.xml"/>
      </resource>
   </fixture>
   <fixture id="AllergyIntolerance-zib-AllergyIntolerance-eov-test-1-1b-01">
      <autocreate value="false"/>
      <autodelete value="false"/>
      <resource>
         <reference value="../Test/_reference/resources/resources-generic/zib-AllergyIntolerance-eov-test-1_1b-01.xml"/>
      </resource>
   </fixture>
   <fixture id="AllergyIntolerance-zib-AllergyIntolerance-eov-test-1-1b-02">
      <autocreate value="false"/>
      <autodelete value="false"/>
      <resource>
         <reference value="../Test/_reference/resources/resources-generic/zib-AllergyIntolerance-eov-test-1_1b-02.xml"/>
      </resource>
   </fixture>
   <fixture id="CarePlan-zib-HelpFromOthers-eov-test-1-1-01">
      <autocreate value="false"/>
      <autodelete value="false"/>
      <resource>
         <reference value="../Test/_reference/resources/resources-generic/zib-HelpFromOthers-eov-test-1_1-01.xml"/>
      </resource>
   </fixture>
   <fixture id="CarePlan-zib-HelpFromOthers-eov-test-1-1-02">
      <autocreate value="false"/>
      <autodelete value="false"/>
      <resource>
         <reference value="../Test/_reference/resources/resources-generic/zib-HelpFromOthers-eov-test-1_1-02.xml"/>
      </resource>
   </fixture>
   <fixture id="CarePlan-zib-HelpFromOthers-eov-test-1-1-03">
      <autocreate value="false"/>
      <autodelete value="false"/>
      <resource>
         <reference value="../Test/_reference/resources/resources-generic/zib-HelpFromOthers-eov-test-1_1-03.xml"/>
      </resource>
   </fixture>
   <fixture id="Composition-eOverdracht-AdvanceNotice-eov-test-1-1-01">
      <autocreate value="false"/>
      <autodelete value="false"/>
      <resource>
         <reference value="../Test/_reference/resources/resources-generic/eOverdracht-AdvanceNotice-eov-test-1_1-01.xml"/>
      </resource>
   </fixture>
   <fixture id="Composition-eOverdracht-AdvanceNotice-eov-test-1-10b-01">
      <autocreate value="false"/>
      <autodelete value="false"/>
      <resource>
         <reference value="../Test/_reference/resources/resources-generic/eOverdracht-AdvanceNotice-eov-test-1_10b-01.xml"/>
      </resource>
   </fixture>
   <fixture id="Composition-eOverdracht-AdvanceNotice-eov-test-1-11b-01">
      <autocreate value="false"/>
      <autodelete value="false"/>
      <resource>
         <reference value="../Test/_reference/resources/resources-generic/eOverdracht-AdvanceNotice-eov-test-1_11b-01.xml"/>
      </resource>
   </fixture>
   <fixture id="Composition-eOverdracht-AdvanceNotice-eov-test-1-1b-01">
      <autocreate value="false"/>
      <autodelete value="false"/>
      <resource>
         <reference value="../Test/_reference/resources/resources-generic/eOverdracht-AdvanceNotice-eov-test-1_1b-01.xml"/>
      </resource>
   </fixture>
   <fixture id="Composition-eOverdracht-AdvanceNotice-eov-test-1-2b-01">
      <autocreate value="false"/>
      <autodelete value="false"/>
      <resource>
         <reference value="../Test/_reference/resources/resources-generic/eOverdracht-AdvanceNotice-eov-test-1_2b-01.xml"/>
      </resource>
   </fixture>
   <fixture id="Composition-eOverdracht-AdvanceNotice-eov-test-1-2b-02">
      <autocreate value="false"/>
      <autodelete value="false"/>
      <resource>
         <reference value="../Test/_reference/resources/resources-generic/eOverdracht-AdvanceNotice-eov-test-1_2b-02.xml"/>
      </resource>
   </fixture>
   <fixture id="Composition-eOverdracht-AdvanceNotice-eov-test-1-3b-01">
      <autocreate value="false"/>
      <autodelete value="false"/>
      <resource>
         <reference value="../Test/_reference/resources/resources-generic/eOverdracht-AdvanceNotice-eov-test-1_3b-01.xml"/>
      </resource>
   </fixture>
   <fixture id="Composition-eOverdracht-AdvanceNotice-eov-test-1-4b-01">
      <autocreate value="false"/>
      <autodelete value="false"/>
      <resource>
         <reference value="../Test/_reference/resources/resources-generic/eOverdracht-AdvanceNotice-eov-test-1_4b-01.xml"/>
      </resource>
   </fixture>
   <fixture id="Composition-eOverdracht-AdvanceNotice-eov-test-1-5-01">
      <autocreate value="false"/>
      <autodelete value="false"/>
      <resource>
         <reference value="../Test/_reference/resources/resources-generic/eOverdracht-AdvanceNotice-eov-test-1_5-01.xml"/>
      </resource>
   </fixture>
   <fixture id="Composition-eOverdracht-AdvanceNotice-eov-test-1-6-01">
      <autocreate value="false"/>
      <autodelete value="false"/>
      <resource>
         <reference value="../Test/_reference/resources/resources-generic/eOverdracht-AdvanceNotice-eov-test-1_6-01.xml"/>
      </resource>
   </fixture>
   <fixture id="Composition-eOverdracht-AdvanceNotice-eov-test-1-7-01">
      <autocreate value="false"/>
      <autodelete value="false"/>
      <resource>
         <reference value="../Test/_reference/resources/resources-generic/eOverdracht-AdvanceNotice-eov-test-1_7-01.xml"/>
      </resource>
   </fixture>
   <fixture id="Composition-eOverdracht-AdvanceNotice-eov-test-1-8-01">
      <autocreate value="false"/>
      <autodelete value="false"/>
      <resource>
         <reference value="../Test/_reference/resources/resources-generic/eOverdracht-AdvanceNotice-eov-test-1_8-01.xml"/>
      </resource>
   </fixture>
   <fixture id="Composition-eOverdracht-AdvanceNotice-eov-test-1-9b-01">
      <autocreate value="false"/>
      <autodelete value="false"/>
      <resource>
         <reference value="../Test/_reference/resources/resources-generic/eOverdracht-AdvanceNotice-eov-test-1_9b-01.xml"/>
      </resource>
   </fixture>
   <fixture id="Composition-eOverdracht-NursingHandoff-Adults-eov-test-1-1-01">
      <autocreate value="false"/>
      <autodelete value="false"/>
      <resource>
         <reference value="../Test/_reference/resources/resources-generic/eOverdracht-NursingHandoff-Adults-eov-test-1_1-01.xml"/>
      </resource>
   </fixture>
   <fixture id="Composition-eOverdracht-NursingHandoff-Adults-eov-test-1-10b-01">
      <autocreate value="false"/>
      <autodelete value="false"/>
      <resource>
         <reference value="../Test/_reference/resources/resources-generic/eOverdracht-NursingHandoff-Adults-eov-test-1_10b-01.xml"/>
      </resource>
   </fixture>
   <fixture id="Composition-eOverdracht-NursingHandoff-Adults-eov-test-1-11b-01">
      <autocreate value="false"/>
      <autodelete value="false"/>
      <resource>
         <reference value="../Test/_reference/resources/resources-generic/eOverdracht-NursingHandoff-Adults-eov-test-1_11b-01.xml"/>
      </resource>
   </fixture>
   <fixture id="Composition-eOverdracht-NursingHandoff-Adults-eov-test-1-1b-01">
      <autocreate value="false"/>
      <autodelete value="false"/>
      <resource>
         <reference value="../Test/_reference/resources/resources-generic/eOverdracht-NursingHandoff-Adults-eov-test-1_1b-01.xml"/>
      </resource>
   </fixture>
   <fixture id="Composition-eOverdracht-NursingHandoff-Adults-eov-test-1-2b-01">
      <autocreate value="false"/>
      <autodelete value="false"/>
      <resource>
         <reference value="../Test/_reference/resources/resources-generic/eOverdracht-NursingHandoff-Adults-eov-test-1_2b-01.xml"/>
      </resource>
   </fixture>
   <fixture id="Composition-eOverdracht-NursingHandoff-Adults-eov-test-1-3b-01">
      <autocreate value="false"/>
      <autodelete value="false"/>
      <resource>
         <reference value="../Test/_reference/resources/resources-generic/eOverdracht-NursingHandoff-Adults-eov-test-1_3b-01.xml"/>
      </resource>
   </fixture>
   <fixture id="Composition-eOverdracht-NursingHandoff-Adults-eov-test-1-4b-01">
      <autocreate value="false"/>
      <autodelete value="false"/>
      <resource>
         <reference value="../Test/_reference/resources/resources-generic/eOverdracht-NursingHandoff-Adults-eov-test-1_4b-01.xml"/>
      </resource>
   </fixture>
   <fixture id="Composition-eOverdracht-NursingHandoff-Adults-eov-test-1-5-01">
      <autocreate value="false"/>
      <autodelete value="false"/>
      <resource>
         <reference value="../Test/_reference/resources/resources-generic/eOverdracht-NursingHandoff-Adults-eov-test-1_5-01.xml"/>
      </resource>
   </fixture>
   <fixture id="Composition-eOverdracht-NursingHandoff-Adults-eov-test-1-6-01">
      <autocreate value="false"/>
      <autodelete value="false"/>
      <resource>
         <reference value="../Test/_reference/resources/resources-generic/eOverdracht-NursingHandoff-Adults-eov-test-1_6-01.xml"/>
      </resource>
   </fixture>
   <fixture id="Composition-eOverdracht-NursingHandoff-Adults-eov-test-1-7-01">
      <autocreate value="false"/>
      <autodelete value="false"/>
      <resource>
         <reference value="../Test/_reference/resources/resources-generic/eOverdracht-NursingHandoff-Adults-eov-test-1_7-01.xml"/>
      </resource>
   </fixture>
   <fixture id="Composition-eOverdracht-NursingHandoff-Adults-eov-test-1-8-01">
      <autocreate value="false"/>
      <autodelete value="false"/>
      <resource>
         <reference value="../Test/_reference/resources/resources-generic/eOverdracht-NursingHandoff-Adults-eov-test-1_8-01.xml"/>
      </resource>
   </fixture>
   <fixture id="Composition-eOverdracht-NursingHandoff-Adults-eov-test-1-9b-01">
      <autocreate value="false"/>
      <autodelete value="false"/>
      <resource>
         <reference value="../Test/_reference/resources/resources-generic/eOverdracht-NursingHandoff-Adults-eov-test-1_9b-01.xml"/>
      </resource>
   </fixture>
   <fixture id="Condition-zib-BurnWound-eov-test-1-1-01">
      <autocreate value="false"/>
      <autodelete value="false"/>
      <resource>
         <reference value="../Test/_reference/resources/resources-generic/zib-BurnWound-eov-test-1_1-01.xml"/>
      </resource>
   </fixture>
   <fixture id="Condition-zib-BurnWound-eov-test-1-1-02">
      <autocreate value="false"/>
      <autodelete value="false"/>
      <resource>
         <reference value="../Test/_reference/resources/resources-generic/zib-BurnWound-eov-test-1_1-02.xml"/>
      </resource>
   </fixture>
   <fixture id="Condition-zib-LegalSituation-LegalStatus-eov-test-1-6-01">
      <autocreate value="false"/>
      <autodelete value="false"/>
      <resource>
         <reference value="../Test/_reference/resources/resources-generic/zib-LegalSituation-LegalStatus-eov-test-1_6-01.xml"/>
      </resource>
   </fixture>
   <fixture id="Condition-zib-LegalSituation-LegalStatus-eov-test-1-7-01">
      <autocreate value="false"/>
      <autodelete value="false"/>
      <resource>
         <reference value="../Test/_reference/resources/resources-generic/zib-LegalSituation-LegalStatus-eov-test-1_7-01.xml"/>
      </resource>
   </fixture>
   <fixture id="Condition-zib-LegalSituation-Representation-eov-test-1-1-01">
      <autocreate value="false"/>
      <autodelete value="false"/>
      <resource>
         <reference value="../Test/_reference/resources/resources-generic/zib-LegalSituation-Representation-eov-test-1_1-01.xml"/>
      </resource>
   </fixture>
   <fixture id="Condition-zib-LegalSituation-Representation-eov-test-1-6-01">
      <autocreate value="false"/>
      <autodelete value="false"/>
      <resource>
         <reference value="../Test/_reference/resources/resources-generic/zib-LegalSituation-Representation-eov-test-1_6-01.xml"/>
      </resource>
   </fixture>
   <fixture id="Condition-zib-LegalSituation-Representation-eov-test-1-7-01">
      <autocreate value="false"/>
      <autodelete value="false"/>
      <resource>
         <reference value="../Test/_reference/resources/resources-generic/zib-LegalSituation-Representation-eov-test-1_7-01.xml"/>
      </resource>
   </fixture>
   <fixture id="Condition-zib-Pregnancy-eov-test-1-5-01">
      <autocreate value="false"/>
      <autodelete value="false"/>
      <resource>
         <reference value="../Test/_reference/resources/resources-generic/zib-Pregnancy-eov-test-1_5-01.xml"/>
      </resource>
   </fixture>
   <fixture id="Condition-zib-PressureUlcer-eov-test-1-1-01">
      <autocreate value="false"/>
      <autodelete value="false"/>
      <resource>
         <reference value="../Test/_reference/resources/resources-generic/zib-PressureUlcer-eov-test-1_1-01.xml"/>
      </resource>
   </fixture>
   <fixture id="Condition-zib-PressureUlcer-eov-test-1-1-02">
      <autocreate value="false"/>
      <autodelete value="false"/>
      <resource>
         <reference value="../Test/_reference/resources/resources-generic/zib-PressureUlcer-eov-test-1_1-02.xml"/>
      </resource>
   </fixture>
   <fixture id="Condition-zib-Problem-eov-test-1-1-01">
      <autocreate value="false"/>
      <autodelete value="false"/>
      <resource>
         <reference value="../Test/_reference/resources/resources-generic/zib-Problem-eov-test-1_1-01.xml"/>
      </resource>
   </fixture>
   <fixture id="Condition-zib-Problem-eov-test-1-1-02">
      <autocreate value="false"/>
      <autodelete value="false"/>
      <resource>
         <reference value="../Test/_reference/resources/resources-generic/zib-Problem-eov-test-1_1-02.xml"/>
      </resource>
   </fixture>
   <fixture id="Condition-zib-Problem-eov-test-1-1-03">
      <autocreate value="false"/>
      <autodelete value="false"/>
      <resource>
         <reference value="../Test/_reference/resources/resources-generic/zib-Problem-eov-test-1_1-03.xml"/>
      </resource>
   </fixture>
   <fixture id="Condition-zib-Problem-eov-test-1-1-04">
      <autocreate value="false"/>
      <autodelete value="false"/>
      <resource>
         <reference value="../Test/_reference/resources/resources-generic/zib-Problem-eov-test-1_1-04.xml"/>
      </resource>
   </fixture>
   <fixture id="Condition-zib-Problem-eov-test-1-1-05">
      <autocreate value="false"/>
      <autodelete value="false"/>
      <resource>
         <reference value="../Test/_reference/resources/resources-generic/zib-Problem-eov-test-1_1-05.xml"/>
      </resource>
   </fixture>
   <fixture id="Condition-zib-Problem-eov-test-1-1-06">
      <autocreate value="false"/>
      <autodelete value="false"/>
      <resource>
         <reference value="../Test/_reference/resources/resources-generic/zib-Problem-eov-test-1_1-06.xml"/>
      </resource>
   </fixture>
   <fixture id="Condition-zib-Problem-eov-test-1-1-07">
      <autocreate value="false"/>
      <autodelete value="false"/>
      <resource>
         <reference value="../Test/_reference/resources/resources-generic/zib-Problem-eov-test-1_1-07.xml"/>
      </resource>
   </fixture>
   <fixture id="Condition-zib-Problem-eov-test-1-1-08">
      <autocreate value="false"/>
      <autodelete value="false"/>
      <resource>
         <reference value="../Test/_reference/resources/resources-generic/zib-Problem-eov-test-1_1-08.xml"/>
      </resource>
   </fixture>
   <fixture id="Condition-zib-Problem-eov-test-1-1-09">
      <autocreate value="false"/>
      <autodelete value="false"/>
      <resource>
         <reference value="../Test/_reference/resources/resources-generic/zib-Problem-eov-test-1_1-09.xml"/>
      </resource>
   </fixture>
   <fixture id="Condition-zib-Problem-eov-test-1-1-10">
      <autocreate value="false"/>
      <autodelete value="false"/>
      <resource>
         <reference value="../Test/_reference/resources/resources-generic/zib-Problem-eov-test-1_1-10.xml"/>
      </resource>
   </fixture>
   <fixture id="Condition-zib-Problem-eov-test-1-10b-01">
      <autocreate value="false"/>
      <autodelete value="false"/>
      <resource>
         <reference value="../Test/_reference/resources/resources-generic/zib-Problem-eov-test-1_10b-01.xml"/>
      </resource>
   </fixture>
   <fixture id="Condition-zib-Problem-eov-test-1-11b-01">
      <autocreate value="false"/>
      <autodelete value="false"/>
      <resource>
         <reference value="../Test/_reference/resources/resources-generic/zib-Problem-eov-test-1_11b-01.xml"/>
      </resource>
   </fixture>
   <fixture id="Condition-zib-Problem-eov-test-1-1b-01">
      <autocreate value="false"/>
      <autodelete value="false"/>
      <resource>
         <reference value="../Test/_reference/resources/resources-generic/zib-Problem-eov-test-1_1b-01.xml"/>
      </resource>
   </fixture>
   <fixture id="Condition-zib-Problem-eov-test-1-1b-02">
      <autocreate value="false"/>
      <autodelete value="false"/>
      <resource>
         <reference value="../Test/_reference/resources/resources-generic/zib-Problem-eov-test-1_1b-02.xml"/>
      </resource>
   </fixture>
   <fixture id="Condition-zib-Problem-eov-test-1-1b-03">
      <autocreate value="false"/>
      <autodelete value="false"/>
      <resource>
         <reference value="../Test/_reference/resources/resources-generic/zib-Problem-eov-test-1_1b-03.xml"/>
      </resource>
   </fixture>
   <fixture id="Condition-zib-Problem-eov-test-1-1b-04">
      <autocreate value="false"/>
      <autodelete value="false"/>
      <resource>
         <reference value="../Test/_reference/resources/resources-generic/zib-Problem-eov-test-1_1b-04.xml"/>
      </resource>
   </fixture>
   <fixture id="Condition-zib-Problem-eov-test-1-2b-01">
      <autocreate value="false"/>
      <autodelete value="false"/>
      <resource>
         <reference value="../Test/_reference/resources/resources-generic/zib-Problem-eov-test-1_2b-01.xml"/>
      </resource>
   </fixture>
   <fixture id="Condition-zib-Problem-eov-test-1-3b-01">
      <autocreate value="false"/>
      <autodelete value="false"/>
      <resource>
         <reference value="../Test/_reference/resources/resources-generic/zib-Problem-eov-test-1_3b-01.xml"/>
      </resource>
   </fixture>
   <fixture id="Condition-zib-Problem-eov-test-1-4b-01">
      <autocreate value="false"/>
      <autodelete value="false"/>
      <resource>
         <reference value="../Test/_reference/resources/resources-generic/zib-Problem-eov-test-1_4b-01.xml"/>
      </resource>
   </fixture>
   <fixture id="Condition-zib-Problem-eov-test-1-5-01">
      <autocreate value="false"/>
      <autodelete value="false"/>
      <resource>
         <reference value="../Test/_reference/resources/resources-generic/zib-Problem-eov-test-1_5-01.xml"/>
      </resource>
   </fixture>
   <fixture id="Condition-zib-Problem-eov-test-1-5-02">
      <autocreate value="false"/>
      <autodelete value="false"/>
      <resource>
         <reference value="../Test/_reference/resources/resources-generic/zib-Problem-eov-test-1_5-02.xml"/>
      </resource>
   </fixture>
   <fixture id="Condition-zib-Problem-eov-test-1-6-01">
      <autocreate value="false"/>
      <autodelete value="false"/>
      <resource>
         <reference value="../Test/_reference/resources/resources-generic/zib-Problem-eov-test-1_6-01.xml"/>
      </resource>
   </fixture>
   <fixture id="Condition-zib-Problem-eov-test-1-6-02">
      <autocreate value="false"/>
      <autodelete value="false"/>
      <resource>
         <reference value="../Test/_reference/resources/resources-generic/zib-Problem-eov-test-1_6-02.xml"/>
      </resource>
   </fixture>
   <fixture id="Condition-zib-Problem-eov-test-1-7-01">
      <autocreate value="false"/>
      <autodelete value="false"/>
      <resource>
         <reference value="../Test/_reference/resources/resources-generic/zib-Problem-eov-test-1_7-01.xml"/>
      </resource>
   </fixture>
   <fixture id="Condition-zib-Problem-eov-test-1-7-02">
      <autocreate value="false"/>
      <autodelete value="false"/>
      <resource>
         <reference value="../Test/_reference/resources/resources-generic/zib-Problem-eov-test-1_7-02.xml"/>
      </resource>
   </fixture>
   <fixture id="Condition-zib-Problem-eov-test-1-8-01">
      <autocreate value="false"/>
      <autodelete value="false"/>
      <resource>
         <reference value="../Test/_reference/resources/resources-generic/zib-Problem-eov-test-1_8-01.xml"/>
      </resource>
   </fixture>
   <fixture id="Condition-zib-Problem-eov-test-1-8-02">
      <autocreate value="false"/>
      <autodelete value="false"/>
      <resource>
         <reference value="../Test/_reference/resources/resources-generic/zib-Problem-eov-test-1_8-02.xml"/>
      </resource>
   </fixture>
   <fixture id="Condition-zib-Problem-eov-test-1-9b-01">
      <autocreate value="false"/>
      <autodelete value="false"/>
      <resource>
         <reference value="../Test/_reference/resources/resources-generic/zib-Problem-eov-test-1_9b-01.xml"/>
      </resource>
   </fixture>
   <fixture id="Condition-zib-SkinDisorder-eov-test-1-1-01">
      <autocreate value="false"/>
      <autodelete value="false"/>
      <resource>
         <reference value="../Test/_reference/resources/resources-generic/zib-SkinDisorder-eov-test-1_1-01.xml"/>
      </resource>
   </fixture>
   <fixture id="Condition-zib-SkinDisorder-eov-test-1-1-02">
      <autocreate value="false"/>
      <autodelete value="false"/>
      <resource>
         <reference value="../Test/_reference/resources/resources-generic/zib-SkinDisorder-eov-test-1_1-02.xml"/>
      </resource>
   </fixture>
   <fixture id="Condition-zib-Wound-eov-test-1-1-01">
      <autocreate value="false"/>
      <autodelete value="false"/>
      <resource>
         <reference value="../Test/_reference/resources/resources-generic/zib-Wound-eov-test-1_1-01.xml"/>
      </resource>
   </fixture>
   <fixture id="Condition-zib-Wound-eov-test-1-1-02">
      <autocreate value="false"/>
      <autodelete value="false"/>
      <resource>
         <reference value="../Test/_reference/resources/resources-generic/zib-Wound-eov-test-1_1-02.xml"/>
      </resource>
   </fixture>
   <fixture id="Condition-zib-Wound-eov-test-1-1-03">
      <autocreate value="false"/>
      <autodelete value="false"/>
      <resource>
         <reference value="../Test/_reference/resources/resources-generic/zib-Wound-eov-test-1_1-03.xml"/>
      </resource>
   </fixture>
   <fixture id="Consent-zib-AdvanceDirective-eov-test-1-1-01">
      <autocreate value="false"/>
      <autodelete value="false"/>
      <resource>
         <reference value="../Test/_reference/resources/resources-generic/zib-AdvanceDirective-eov-test-1_1-01.xml"/>
      </resource>
   </fixture>
   <fixture id="Consent-zib-AdvanceDirective-eov-test-1-1-02">
      <autocreate value="false"/>
      <autodelete value="false"/>
      <resource>
         <reference value="../Test/_reference/resources/resources-generic/zib-AdvanceDirective-eov-test-1_1-02.xml"/>
      </resource>
   </fixture>
   <fixture id="Consent-zib-AdvanceDirective-eov-test-1-1b-01">
      <autocreate value="false"/>
      <autodelete value="false"/>
      <resource>
         <reference value="../Test/_reference/resources/resources-generic/zib-AdvanceDirective-eov-test-1_1b-01.xml"/>
      </resource>
   </fixture>
   <fixture id="Consent-zib-AdvanceDirective-eov-test-1-1b-02">
      <autocreate value="false"/>
      <autodelete value="false"/>
      <resource>
         <reference value="../Test/_reference/resources/resources-generic/zib-AdvanceDirective-eov-test-1_1b-02.xml"/>
      </resource>
   </fixture>
   <fixture id="Coverage-zib-Payer-eov-test-1-1-01">
      <autocreate value="false"/>
      <autodelete value="false"/>
      <resource>
         <reference value="../Test/_reference/resources/resources-generic/zib-Payer-eov-test-1_1-01.xml"/>
      </resource>
   </fixture>
   <fixture id="Coverage-zib-Payer-eov-test-1-10b-01">
      <autocreate value="false"/>
      <autodelete value="false"/>
      <resource>
         <reference value="../Test/_reference/resources/resources-generic/zib-Payer-eov-test-1_10b-01.xml"/>
      </resource>
   </fixture>
   <fixture id="Coverage-zib-Payer-eov-test-1-11b-01">
      <autocreate value="false"/>
      <autodelete value="false"/>
      <resource>
         <reference value="../Test/_reference/resources/resources-generic/zib-Payer-eov-test-1_11b-01.xml"/>
      </resource>
   </fixture>
   <fixture id="Coverage-zib-Payer-eov-test-1-1b-01">
      <autocreate value="false"/>
      <autodelete value="false"/>
      <resource>
         <reference value="../Test/_reference/resources/resources-generic/zib-Payer-eov-test-1_1b-01.xml"/>
      </resource>
   </fixture>
   <fixture id="Coverage-zib-Payer-eov-test-1-2b-01">
      <autocreate value="false"/>
      <autodelete value="false"/>
      <resource>
         <reference value="../Test/_reference/resources/resources-generic/zib-Payer-eov-test-1_2b-01.xml"/>
      </resource>
   </fixture>
   <fixture id="Coverage-zib-Payer-eov-test-1-3b-01">
      <autocreate value="false"/>
      <autodelete value="false"/>
      <resource>
         <reference value="../Test/_reference/resources/resources-generic/zib-Payer-eov-test-1_3b-01.xml"/>
      </resource>
   </fixture>
   <fixture id="Coverage-zib-Payer-eov-test-1-3b-02">
      <autocreate value="false"/>
      <autodelete value="false"/>
      <resource>
         <reference value="../Test/_reference/resources/resources-generic/zib-Payer-eov-test-1_3b-02.xml"/>
      </resource>
   </fixture>
   <fixture id="Coverage-zib-Payer-eov-test-1-3b-03">
      <autocreate value="false"/>
      <autodelete value="false"/>
      <resource>
         <reference value="../Test/_reference/resources/resources-generic/zib-Payer-eov-test-1_3b-03.xml"/>
      </resource>
   </fixture>
   <fixture id="Coverage-zib-Payer-eov-test-1-4b-01">
      <autocreate value="false"/>
      <autodelete value="false"/>
      <resource>
         <reference value="../Test/_reference/resources/resources-generic/zib-Payer-eov-test-1_4b-01.xml"/>
      </resource>
   </fixture>
   <fixture id="Coverage-zib-Payer-eov-test-1-5-01">
      <autocreate value="false"/>
      <autodelete value="false"/>
      <resource>
         <reference value="../Test/_reference/resources/resources-generic/zib-Payer-eov-test-1_5-01.xml"/>
      </resource>
   </fixture>
   <fixture id="Coverage-zib-Payer-eov-test-1-6-01">
      <autocreate value="false"/>
      <autodelete value="false"/>
      <resource>
         <reference value="../Test/_reference/resources/resources-generic/zib-Payer-eov-test-1_6-01.xml"/>
      </resource>
   </fixture>
   <fixture id="Coverage-zib-Payer-eov-test-1-7-01">
      <autocreate value="false"/>
      <autodelete value="false"/>
      <resource>
         <reference value="../Test/_reference/resources/resources-generic/zib-Payer-eov-test-1_7-01.xml"/>
      </resource>
   </fixture>
   <fixture id="Coverage-zib-Payer-eov-test-1-8-01">
      <autocreate value="false"/>
      <autodelete value="false"/>
      <resource>
         <reference value="../Test/_reference/resources/resources-generic/zib-Payer-eov-test-1_8-01.xml"/>
      </resource>
   </fixture>
   <fixture id="Coverage-zib-Payer-eov-test-1-9b-01">
      <autocreate value="false"/>
      <autodelete value="false"/>
      <resource>
         <reference value="../Test/_reference/resources/resources-generic/zib-Payer-eov-test-1_9b-01.xml"/>
      </resource>
   </fixture>
   <fixture id="Device-zib-BladderFunction-UrineCatheter-Product-eov-test-1-8-01">
      <autocreate value="false"/>
      <autodelete value="false"/>
      <resource>
         <reference value="../Test/_reference/resources/resources-generic/zib-BladderFunction-UrineCatheter-Product-eov-test-1-8-01.xml"/>
      </resource>
   </fixture>
   <fixture id="Device-zib-FeedingTubeSystem-Product-eov-test-1-1-01">
      <autocreate value="false"/>
      <autodelete value="false"/>
      <resource>
         <reference value="../Test/_reference/resources/resources-generic/zib-FeedingTubeSystem-Product-eov-test-1_1-01.xml"/>
      </resource>
   </fixture>
   <fixture id="Device-zib-FeedingTubeSystem-Product-eov-test-1-1-02">
      <autocreate value="false"/>
      <autodelete value="false"/>
      <resource>
         <reference value="../Test/_reference/resources/resources-generic/zib-FeedingTubeSystem-Product-eov-test-1_1-02.xml"/>
      </resource>
   </fixture>
   <fixture id="Device-zib-HearingFunction-HearingAid-Product-eov-test-1-1-01">
      <autocreate value="false"/>
      <autodelete value="false"/>
      <resource>
         <reference value="../Test/_reference/resources/resources-generic/zib-HearingFunction-HearingAid-Product-eov-test-1_1-01.xml"/>
      </resource>
   </fixture>
   <fixture id="Device-zib-HearingFunction-HearingAid-Product-eov-test-1-1-02">
      <autocreate value="false"/>
      <autodelete value="false"/>
      <resource>
         <reference value="../Test/_reference/resources/resources-generic/zib-HearingFunction-HearingAid-Product-eov-test-1_1-02.xml"/>
      </resource>
   </fixture>
   <fixture id="Device-zib-Infusion-Product-eov-test-1-1-01">
      <autocreate value="false"/>
      <autodelete value="false"/>
      <resource>
         <reference value="../Test/_reference/resources/resources-generic/zib-Infusion-Product-eov-test-1_1-01.xml"/>
      </resource>
   </fixture>
   <fixture id="Device-zib-Infusion-Product-eov-test-1-1-02">
      <autocreate value="false"/>
      <autodelete value="false"/>
      <resource>
         <reference value="../Test/_reference/resources/resources-generic/zib-Infusion-Product-eov-test-1_1-02.xml"/>
      </resource>
   </fixture>
   <fixture id="Device-zib-MedicalDeviceProduct-eov-test-1-1-01">
      <autocreate value="false"/>
      <autodelete value="false"/>
      <resource>
         <reference value="../Test/_reference/resources/resources-generic/zib-MedicalDeviceProduct-eov-test-1_1-01.xml"/>
      </resource>
   </fixture>
   <fixture id="Device-zib-MedicalDeviceProduct-eov-test-1-1-02">
      <autocreate value="false"/>
      <autodelete value="false"/>
      <resource>
         <reference value="../Test/_reference/resources/resources-generic/zib-MedicalDeviceProduct-eov-test-1_1-02.xml"/>
      </resource>
   </fixture>
   <fixture id="Device-zib-MedicalDeviceProduct-eov-test-1-1-03">
      <autocreate value="false"/>
      <autodelete value="false"/>
      <resource>
         <reference value="../Test/_reference/resources/resources-generic/zib-MedicalDeviceProduct-eov-test-1_1-03.xml"/>
      </resource>
   </fixture>
   <fixture id="Device-zib-MedicalDeviceProduct-eov-test-1-1-04">
      <autocreate value="false"/>
      <autodelete value="false"/>
      <resource>
         <reference value="../Test/_reference/resources/resources-generic/zib-MedicalDeviceProduct-eov-test-1_1-04.xml"/>
      </resource>
   </fixture>
   <fixture id="Device-zib-MedicalDeviceProduct-eov-test-1-1-05">
      <autocreate value="false"/>
      <autodelete value="false"/>
      <resource>
         <reference value="../Test/_reference/resources/resources-generic/zib-MedicalDeviceProduct-eov-test-1_1-05.xml"/>
      </resource>
   </fixture>
   <fixture id="Device-zib-MedicalDeviceProduct-eov-test-1-1-07">
      <autocreate value="false"/>
      <autodelete value="false"/>
      <resource>
         <reference value="../Test/_reference/resources/resources-generic/zib-MedicalDeviceProduct-eov-test-1_1-07.xml"/>
      </resource>
   </fixture>
   <fixture id="Device-zib-MedicalDeviceProduct-eov-test-1-1-08">
      <autocreate value="false"/>
      <autodelete value="false"/>
      <resource>
         <reference value="../Test/_reference/resources/resources-generic/zib-MedicalDeviceProduct-eov-test-1_1-08.xml"/>
      </resource>
   </fixture>
   <fixture id="Device-zib-MedicalDeviceProduct-eov-test-1-8-01">
      <autocreate value="false"/>
      <autodelete value="false"/>
      <resource>
         <reference value="../Test/_reference/resources/resources-generic/zib-MedicalDeviceProduct-eov-test-1_8-01.xml"/>
      </resource>
   </fixture>
   <fixture id="Device-d247e1-zib-MouthcareActivities-MedicalDeviceProduct-eov-t">
      <autocreate value="false"/>
      <autodelete value="false"/>
      <resource>
         <reference value="../Test/_reference/resources/resources-generic/zib-MouthcareActivities-MedicalDeviceProduct-eov-test-1_1-01.xml"/>
      </resource>
   </fixture>
   <fixture id="Device-d248e1-zib-MouthcareActivities-MedicalDeviceProduct-eov-t">
      <autocreate value="false"/>
      <autodelete value="false"/>
      <resource>
         <reference value="../Test/_reference/resources/resources-generic/zib-MouthcareActivities-MedicalDeviceProduct-eov-test-1_1-02.xml"/>
      </resource>
   </fixture>
   <fixture id="Device-d327e1-zib-Respiration-AdministrationDeviceProduct-eov-te">
      <autocreate value="false"/>
      <autodelete value="false"/>
      <resource>
         <reference value="../Test/_reference/resources/resources-generic/zib-Respiration-AdministrationDeviceProduct-eov-test-1_1-01.xml"/>
      </resource>
   </fixture>
   <fixture id="Device-zib-VisualFunction-VisualAidProduct-eov-test-1-1-01">
      <autocreate value="false"/>
      <autodelete value="false"/>
      <resource>
         <reference value="../Test/_reference/resources/resources-generic/zib-VisualFunction-VisualAidProduct-eov-test-1_1-01.xml"/>
      </resource>
   </fixture>
   <fixture id="Device-zib-Wound-MedicalDeviceProduct-eov-test-1-1-01">
      <autocreate value="false"/>
      <autodelete value="false"/>
      <resource>
         <reference value="../Test/_reference/resources/resources-generic/zib-Wound-MedicalDeviceProduct-eov-test-1-1-01.xml"/>
      </resource>
   </fixture>
   <fixture id="DeviceUseStatement-d184e1-zib-BladderFunction-UrineCatheter-eov-">
      <autocreate value="false"/>
      <autodelete value="false"/>
      <resource>
         <reference value="../Test/_reference/resources/resources-generic/zib-BladderFunction-UrineCatheter-eov-test-1_8-01.xml"/>
      </resource>
   </fixture>
   <fixture id="DeviceUseStatement-zib-FeedingTubeSystem-eov-test-1-1-01">
      <autocreate value="false"/>
      <autodelete value="false"/>
      <resource>
         <reference value="../Test/_reference/resources/resources-generic/zib-FeedingTubeSystem-eov-test-1_1-01.xml"/>
      </resource>
   </fixture>
   <fixture id="DeviceUseStatement-zib-FeedingTubeSystem-eov-test-1-1-02">
      <autocreate value="false"/>
      <autodelete value="false"/>
      <resource>
         <reference value="../Test/_reference/resources/resources-generic/zib-FeedingTubeSystem-eov-test-1_1-02.xml"/>
      </resource>
   </fixture>
   <fixture id="DeviceUseStatement-d209e1-zib-HearingFunction-HearingAid-eov-tes">
      <autocreate value="false"/>
      <autodelete value="false"/>
      <resource>
         <reference value="../Test/_reference/resources/resources-generic/zib-HearingFunction-HearingAid-eov-test-1_1-01.xml"/>
      </resource>
   </fixture>
   <fixture id="DeviceUseStatement-d210e1-zib-HearingFunction-HearingAid-eov-tes">
      <autocreate value="false"/>
      <autodelete value="false"/>
      <resource>
         <reference value="../Test/_reference/resources/resources-generic/zib-HearingFunction-HearingAid-eov-test-1_1-02.xml"/>
      </resource>
   </fixture>
   <fixture id="DeviceUseStatement-zib-Infusion-eov-test-1-1-01">
      <autocreate value="false"/>
      <autodelete value="false"/>
      <resource>
         <reference value="../Test/_reference/resources/resources-generic/zib-Infusion-eov-test-1_1-01.xml"/>
      </resource>
   </fixture>
   <fixture id="DeviceUseStatement-zib-Infusion-eov-test-1-1-02">
      <autocreate value="false"/>
      <autodelete value="false"/>
      <resource>
         <reference value="../Test/_reference/resources/resources-generic/zib-Infusion-eov-test-1_1-02.xml"/>
      </resource>
   </fixture>
   <fixture id="DeviceUseStatement-zib-MedicalDevice-eov-test-1-1-01">
      <autocreate value="false"/>
      <autodelete value="false"/>
      <resource>
         <reference value="../Test/_reference/resources/resources-generic/zib-MedicalDevice-eov-test-1_1-01.xml"/>
      </resource>
   </fixture>
   <fixture id="DeviceUseStatement-zib-MedicalDevice-eov-test-1-1-02">
      <autocreate value="false"/>
      <autodelete value="false"/>
      <resource>
         <reference value="../Test/_reference/resources/resources-generic/zib-MedicalDevice-eov-test-1_1-02.xml"/>
      </resource>
   </fixture>
   <fixture id="DeviceUseStatement-zib-MedicalDevice-eov-test-1-1-03">
      <autocreate value="false"/>
      <autodelete value="false"/>
      <resource>
         <reference value="../Test/_reference/resources/resources-generic/zib-MedicalDevice-eov-test-1_1-03.xml"/>
      </resource>
   </fixture>
   <fixture id="DeviceUseStatement-zib-MedicalDevice-eov-test-1-1-05">
      <autocreate value="false"/>
      <autodelete value="false"/>
      <resource>
         <reference value="../Test/_reference/resources/resources-generic/zib-MedicalDevice-eov-test-1_1-05.xml"/>
      </resource>
   </fixture>
   <fixture id="DeviceUseStatement-zib-MedicalDevice-eov-test-1-1-07">
      <autocreate value="false"/>
      <autodelete value="false"/>
      <resource>
         <reference value="../Test/_reference/resources/resources-generic/zib-MedicalDevice-eov-test-1_1-07.xml"/>
      </resource>
   </fixture>
   <fixture id="DeviceUseStatement-zib-MedicalDevice-eov-test-1-8-01">
      <autocreate value="false"/>
      <autodelete value="false"/>
      <resource>
         <reference value="../Test/_reference/resources/resources-generic/zib-MedicalDevice-eov-test-1_8-01.xml"/>
      </resource>
   </fixture>
   <fixture id="DeviceUseStatement-d245e1-zib-MouthcareActivities-MedicalDevice-">
      <autocreate value="false"/>
      <autodelete value="false"/>
      <resource>
         <reference value="../Test/_reference/resources/resources-generic/zib-MouthcareActivities-MedicalDevice-eov-test-1_1-01.xml"/>
      </resource>
   </fixture>
   <fixture id="DeviceUseStatement-d246e1-zib-MouthcareActivities-MedicalDevice-">
      <autocreate value="false"/>
      <autodelete value="false"/>
      <resource>
         <reference value="../Test/_reference/resources/resources-generic/zib-MouthcareActivities-MedicalDevice-eov-test-1_1-02.xml"/>
      </resource>
   </fixture>
   <fixture id="DeviceUseStatement-d326e1-zib-Respiration-AdministrationDevice-e">
      <autocreate value="false"/>
      <autodelete value="false"/>
      <resource>
         <reference value="../Test/_reference/resources/resources-generic/zib-Respiration-AdministrationDevice-eov-test-1_1-01.xml"/>
      </resource>
   </fixture>
   <fixture id="DeviceUseStatement-zib-VisualFunction-VisualAid-eov-test-1-1-01">
      <autocreate value="false"/>
      <autodelete value="false"/>
      <resource>
         <reference value="../Test/_reference/resources/resources-generic/zib-VisualFunction-VisualAid-eov-test-1_1-01.xml"/>
      </resource>
   </fixture>
   <fixture id="DeviceUseStatement-zib-Wound-MedicalDevice-eov-test-1-1-01">
      <autocreate value="false"/>
      <autodelete value="false"/>
      <resource>
         <reference value="../Test/_reference/resources/resources-generic/zib-Wound-MedicalDevice-eov-test-1-1-01.xml"/>
      </resource>
   </fixture>
   <fixture id="DiagnosticReport-zib-OutcomeOfCare-eov-test-1-1-01">
      <autocreate value="false"/>
      <autodelete value="false"/>
      <resource>
         <reference value="../Test/_reference/resources/resources-generic/zib-OutcomeOfCare-eov-test-1_1-01.xml"/>
      </resource>
   </fixture>
   <fixture id="DiagnosticReport-zib-OutcomeOfCare-eov-test-1-1-02">
      <autocreate value="false"/>
      <autodelete value="false"/>
      <resource>
         <reference value="../Test/_reference/resources/resources-generic/zib-OutcomeOfCare-eov-test-1_1-02.xml"/>
      </resource>
   </fixture>
   <fixture id="DiagnosticReport-zib-OutcomeOfCare-eov-test-1-5-01">
      <autocreate value="false"/>
      <autodelete value="false"/>
      <resource>
         <reference value="../Test/_reference/resources/resources-generic/zib-OutcomeOfCare-eov-test-1_5-01.xml"/>
      </resource>
   </fixture>
   <fixture id="DiagnosticReport-zib-OutcomeOfCare-eov-test-1-6-01">
      <autocreate value="false"/>
      <autodelete value="false"/>
      <resource>
         <reference value="../Test/_reference/resources/resources-generic/zib-OutcomeOfCare-eov-test-1_6-01.xml"/>
      </resource>
   </fixture>
   <fixture id="DiagnosticReport-zib-OutcomeOfCare-eov-test-1-7-01">
      <autocreate value="false"/>
      <autodelete value="false"/>
      <resource>
         <reference value="../Test/_reference/resources/resources-generic/zib-OutcomeOfCare-eov-test-1_7-01.xml"/>
      </resource>
   </fixture>
   <fixture id="Encounter-eOverdracht-Encounter-eov-test-1-1-01">
      <autocreate value="false"/>
      <autodelete value="false"/>
      <resource>
         <reference value="../Test/_reference/resources/resources-generic/eOverdracht-Encounter-eov-test-1_1-01.xml"/>
      </resource>
   </fixture>
   <fixture id="Encounter-eOverdracht-Encounter-eov-test-1-1-03">
      <autocreate value="false"/>
      <autodelete value="false"/>
      <resource>
         <reference value="../Test/_reference/resources/resources-generic/eOverdracht-Encounter-eov-test-1_1-03.xml"/>
      </resource>
   </fixture>
   <fixture id="Encounter-eOverdracht-Encounter-eov-test-1-1b-01">
      <autocreate value="false"/>
      <autodelete value="false"/>
      <resource>
         <reference value="../Test/_reference/resources/resources-generic/eOverdracht-Encounter-eov-test-1_1b-01.xml"/>
      </resource>
   </fixture>
   <fixture id="Encounter-eOverdracht-Encounter-eov-test-1-1b-03">
      <autocreate value="false"/>
      <autodelete value="false"/>
      <resource>
         <reference value="../Test/_reference/resources/resources-generic/eOverdracht-Encounter-eov-test-1_1b-03.xml"/>
      </resource>
   </fixture>
   <fixture id="Encounter-eOverdracht-Encounter-eov-test-1-2b-01">
      <autocreate value="false"/>
      <autodelete value="false"/>
      <resource>
         <reference value="../Test/_reference/resources/resources-generic/eOverdracht-Encounter-eov-test-1_2b-01.xml"/>
      </resource>
   </fixture>
   <fixture id="Flag-zib-Alert-eov-test-1-1-01">
      <autocreate value="false"/>
      <autodelete value="false"/>
      <resource>
         <reference value="../Test/_reference/resources/resources-generic/zib-Alert-eov-test-1_1-01.xml"/>
      </resource>
   </fixture>
   <fixture id="Flag-zib-Alert-eov-test-1-1-02">
      <autocreate value="false"/>
      <autodelete value="false"/>
      <resource>
         <reference value="../Test/_reference/resources/resources-generic/zib-Alert-eov-test-1_1-02.xml"/>
      </resource>
   </fixture>
   <fixture id="Flag-zib-Alert-eov-test-1-1b-01">
      <autocreate value="false"/>
      <autodelete value="false"/>
      <resource>
         <reference value="../Test/_reference/resources/resources-generic/zib-Alert-eov-test-1_1b-01.xml"/>
      </resource>
   </fixture>
   <fixture id="Flag-zib-Alert-eov-test-1-1b-02">
      <autocreate value="false"/>
      <autodelete value="false"/>
      <resource>
         <reference value="../Test/_reference/resources/resources-generic/zib-Alert-eov-test-1_1b-02.xml"/>
      </resource>
   </fixture>
   <fixture id="Goal-zib-TreatmentObjective-eov-test-1-1-01">
      <autocreate value="false"/>
      <autodelete value="false"/>
      <resource>
         <reference value="../Test/_reference/resources/resources-generic/zib-TreatmentObjective-eov-test-1_1-01.xml"/>
      </resource>
   </fixture>
   <fixture id="Goal-zib-TreatmentObjective-eov-test-1-1-02">
      <autocreate value="false"/>
      <autodelete value="false"/>
      <resource>
         <reference value="../Test/_reference/resources/resources-generic/zib-TreatmentObjective-eov-test-1_1-02.xml"/>
      </resource>
   </fixture>
   <fixture id="Goal-zib-TreatmentObjective-eov-test-1-1-03">
      <autocreate value="false"/>
      <autodelete value="false"/>
      <resource>
         <reference value="../Test/_reference/resources/resources-generic/zib-TreatmentObjective-eov-test-1_1-03.xml"/>
      </resource>
   </fixture>
   <fixture id="Goal-zib-TreatmentObjective-eov-test-1-1-04">
      <autocreate value="false"/>
      <autodelete value="false"/>
      <resource>
         <reference value="../Test/_reference/resources/resources-generic/zib-TreatmentObjective-eov-test-1_1-04.xml"/>
      </resource>
   </fixture>
   <fixture id="Goal-zib-TreatmentObjective-eov-test-1-1-05">
      <autocreate value="false"/>
      <autodelete value="false"/>
      <resource>
         <reference value="../Test/_reference/resources/resources-generic/zib-TreatmentObjective-eov-test-1_1-05.xml"/>
      </resource>
   </fixture>
   <fixture id="Goal-zib-TreatmentObjective-eov-test-1-1-06">
      <autocreate value="false"/>
      <autodelete value="false"/>
      <resource>
         <reference value="../Test/_reference/resources/resources-generic/zib-TreatmentObjective-eov-test-1_1-06.xml"/>
      </resource>
   </fixture>
   <fixture id="Goal-zib-TreatmentObjective-eov-test-1-6-01">
      <autocreate value="false"/>
      <autodelete value="false"/>
      <resource>
         <reference value="../Test/_reference/resources/resources-generic/zib-TreatmentObjective-eov-test-1_6-01.xml"/>
      </resource>
   </fixture>
   <fixture id="Goal-zib-TreatmentObjective-eov-test-1-7-01">
      <autocreate value="false"/>
      <autodelete value="false"/>
      <resource>
         <reference value="../Test/_reference/resources/resources-generic/zib-TreatmentObjective-eov-test-1_7-01.xml"/>
      </resource>
   </fixture>
   <fixture id="NutritionOrder-zib-NutritionAdvice-eov-test-1-1-01">
      <autocreate value="false"/>
      <autodelete value="false"/>
      <resource>
         <reference value="../Test/_reference/resources/resources-generic/zib-NutritionAdvice-eov-test-1_1-01.xml"/>
      </resource>
   </fixture>
   <fixture id="NutritionOrder-zib-NutritionAdvice-eov-test-1-1-02">
      <autocreate value="false"/>
      <autodelete value="false"/>
      <resource>
         <reference value="../Test/_reference/resources/resources-generic/zib-NutritionAdvice-eov-test-1_1-02.xml"/>
      </resource>
   </fixture>
   <fixture id="NutritionOrder-zib-NutritionAdvice-eov-test-1-1b-01">
      <autocreate value="false"/>
      <autodelete value="false"/>
      <resource>
         <reference value="../Test/_reference/resources/resources-generic/zib-NutritionAdvice-eov-test-1_1b-01.xml"/>
      </resource>
   </fixture>
   <fixture id="NutritionOrder-zib-NutritionAdvice-eov-test-1-1b-02">
      <autocreate value="false"/>
      <autodelete value="false"/>
      <resource>
         <reference value="../Test/_reference/resources/resources-generic/zib-NutritionAdvice-eov-test-1_1b-02.xml"/>
      </resource>
   </fixture>
   <fixture id="Observation-WoundCharacteristics-eov-test-1-1-01">
      <autocreate value="false"/>
      <autodelete value="false"/>
      <resource>
         <reference value="../Test/_reference/resources/resources-generic/WoundCharacteristics-eov-test-1_1-01.xml"/>
      </resource>
   </fixture>
   <fixture id="Observation-WoundCharacteristics-eov-test-1-1-02">
      <autocreate value="false"/>
      <autodelete value="false"/>
      <resource>
         <reference value="../Test/_reference/resources/resources-generic/WoundCharacteristics-eov-test-1_1-02.xml"/>
      </resource>
   </fixture>
   <fixture id="Observation-WoundCharacteristics-eov-test-1-1-03">
      <autocreate value="false"/>
      <autodelete value="false"/>
      <resource>
         <reference value="../Test/_reference/resources/resources-generic/WoundCharacteristics-eov-test-1_1-03.xml"/>
      </resource>
   </fixture>
   <fixture id="Observation-WoundCharacteristics-eov-test-1-1-04">
      <autocreate value="false"/>
      <autodelete value="false"/>
      <resource>
         <reference value="../Test/_reference/resources/resources-generic/WoundCharacteristics-eov-test-1_1-04.xml"/>
      </resource>
   </fixture>
   <fixture id="Observation-WoundCharacteristics-eov-test-1-1-05">
      <autocreate value="false"/>
      <autodelete value="false"/>
      <resource>
         <reference value="../Test/_reference/resources/resources-generic/WoundCharacteristics-eov-test-1_1-05.xml"/>
      </resource>
   </fixture>
   <fixture id="Observation-zib-AbilityToDressOneself-eov-test-1-1-01">
      <autocreate value="false"/>
      <autodelete value="false"/>
      <resource>
         <reference value="../Test/_reference/resources/resources-generic/zib-AbilityToDressOneself-eov-test-1_1-01.xml"/>
      </resource>
   </fixture>
   <fixture id="Observation-zib-AbilityToDressOneself-eov-test-1-1-02">
      <autocreate value="false"/>
      <autodelete value="false"/>
      <resource>
         <reference value="../Test/_reference/resources/resources-generic/zib-AbilityToDressOneself-eov-test-1_1-02.xml"/>
      </resource>
   </fixture>
   <fixture id="Observation-zib-AbilityToDrink-eov-test-1-1-01">
      <autocreate value="false"/>
      <autodelete value="false"/>
      <resource>
         <reference value="../Test/_reference/resources/resources-generic/zib-AbilityToDrink-eov-test-1_1-01.xml"/>
      </resource>
   </fixture>
   <fixture id="Observation-zib-AbilityToDrink-eov-test-1-1-02">
      <autocreate value="false"/>
      <autodelete value="false"/>
      <resource>
         <reference value="../Test/_reference/resources/resources-generic/zib-AbilityToDrink-eov-test-1_1-02.xml"/>
      </resource>
   </fixture>
   <fixture id="Observation-zib-AbilityToEat-eov-test-1-1-01">
      <autocreate value="false"/>
      <autodelete value="false"/>
      <resource>
         <reference value="../Test/_reference/resources/resources-generic/zib-AbilityToEat-eov-test-1_1-01.xml"/>
      </resource>
   </fixture>
   <fixture id="Observation-zib-AbilityToEat-eov-test-1-1-02">
      <autocreate value="false"/>
      <autodelete value="false"/>
      <resource>
         <reference value="../Test/_reference/resources/resources-generic/zib-AbilityToEat-eov-test-1_1-02.xml"/>
      </resource>
   </fixture>
   <fixture id="Observation-zib-AbilityToGroome-eov-test-1-1-01">
      <autocreate value="false"/>
      <autodelete value="false"/>
      <resource>
         <reference value="../Test/_reference/resources/resources-generic/zib-AbilityToGroome-eov-test-1_1-01.xml"/>
      </resource>
   </fixture>
   <fixture id="Observation-zib-AbilityToManageMedication-eov-test-1-1-01">
      <autocreate value="false"/>
      <autodelete value="false"/>
      <resource>
         <reference value="../Test/_reference/resources/resources-generic/zib-AbilityToManageMedication-eov-test-1_1-01.xml"/>
      </resource>
   </fixture>
   <fixture id="Observation-d165e1-zib-AbilityToPerformNursingActivities-eov-tes">
      <autocreate value="false"/>
      <autodelete value="false"/>
      <resource>
         <reference value="../Test/_reference/resources/resources-generic/zib-AbilityToPerformNursingActivities-eov-test-1_1-01.xml"/>
      </resource>
   </fixture>
   <fixture id="Observation-d166e1-zib-AbilityToPerformNursingActivities-eov-tes">
      <autocreate value="false"/>
      <autodelete value="false"/>
      <resource>
         <reference value="../Test/_reference/resources/resources-generic/zib-AbilityToPerformNursingActivities-eov-test-1_1-02.xml"/>
      </resource>
   </fixture>
   <fixture id="Observation-zib-AbilityToUseToilet-eov-test-1-1-01">
      <autocreate value="false"/>
      <autodelete value="false"/>
      <resource>
         <reference value="../Test/_reference/resources/resources-generic/zib-AbilityToUseToilet-eov-test-1_1-01.xml"/>
      </resource>
   </fixture>
   <fixture id="Observation-zib-AbilityToWashOneSelf-eov-test-1-1-01">
      <autocreate value="false"/>
      <autodelete value="false"/>
      <resource>
         <reference value="../Test/_reference/resources/resources-generic/zib-AbilityToWashOneSelf-eov-test-1_1-01.xml"/>
      </resource>
   </fixture>
   <fixture id="Observation-zib-AbilityToWashOneSelf-eov-test-1-1-02">
      <autocreate value="false"/>
      <autodelete value="false"/>
      <resource>
         <reference value="../Test/_reference/resources/resources-generic/zib-AbilityToWashOneSelf-eov-test-1_1-02.xml"/>
      </resource>
   </fixture>
   <fixture id="Observation-zib-BladderFunction-eov-test-1-1-01">
      <autocreate value="false"/>
      <autodelete value="false"/>
      <resource>
         <reference value="../Test/_reference/resources/resources-generic/zib-BladderFunction-eov-test-1_1-01.xml"/>
      </resource>
   </fixture>
   <fixture id="Observation-zib-BladderFunction-eov-test-1-8-01">
      <autocreate value="false"/>
      <autodelete value="false"/>
      <resource>
         <reference value="../Test/_reference/resources/resources-generic/zib-BladderFunction-eov-test-1_8-01.xml"/>
      </resource>
   </fixture>
   <fixture id="Observation-zib-BloodPressure-eov-test-1-1-01">
      <autocreate value="false"/>
      <autodelete value="false"/>
      <resource>
         <reference value="../Test/_reference/resources/resources-generic/zib-BloodPressure-eov-test-1_1-01.xml"/>
      </resource>
   </fixture>
   <fixture id="Observation-zib-BloodPressure-eov-test-1-1b-01">
      <autocreate value="false"/>
      <autodelete value="false"/>
      <resource>
         <reference value="../Test/_reference/resources/resources-generic/zib-BloodPressure-eov-test-1_1b-01.xml"/>
      </resource>
   </fixture>
   <fixture id="Observation-zib-BodyHeight-eov-test-1-1-01">
      <autocreate value="false"/>
      <autodelete value="false"/>
      <resource>
         <reference value="../Test/_reference/resources/resources-generic/zib-BodyHeight-eov-test-1_1-01.xml"/>
      </resource>
   </fixture>
   <fixture id="Observation-zib-BodyHeight-eov-test-1-1b-01">
      <autocreate value="false"/>
      <autodelete value="false"/>
      <resource>
         <reference value="../Test/_reference/resources/resources-generic/zib-BodyHeight-eov-test-1_1b-01.xml"/>
      </resource>
   </fixture>
   <fixture id="Observation-zib-BodyTemperature-eov-test-1-1-01">
      <autocreate value="false"/>
      <autodelete value="false"/>
      <resource>
         <reference value="../Test/_reference/resources/resources-generic/zib-BodyTemperature-eov-test-1_1-01.xml"/>
      </resource>
   </fixture>
   <fixture id="Observation-zib-BodyWeight-eov-test-1-1-01">
      <autocreate value="false"/>
      <autodelete value="false"/>
      <resource>
         <reference value="../Test/_reference/resources/resources-generic/zib-BodyWeight-eov-test-1_1-01.xml"/>
      </resource>
   </fixture>
   <fixture id="Observation-zib-BodyWeight-eov-test-1-1b-01">
      <autocreate value="false"/>
      <autodelete value="false"/>
      <resource>
         <reference value="../Test/_reference/resources/resources-generic/zib-BodyWeight-eov-test-1_1b-01.xml"/>
      </resource>
   </fixture>
   <fixture id="Observation-zib-BowelFunction-eov-test-1-1-01">
      <autocreate value="false"/>
      <autodelete value="false"/>
      <resource>
         <reference value="../Test/_reference/resources/resources-generic/zib-BowelFunction-eov-test-1_1-01.xml"/>
      </resource>
   </fixture>
   <fixture id="Observation-zib-BowelFunction-eov-test-1-8-01">
      <autocreate value="false"/>
      <autodelete value="false"/>
      <resource>
         <reference value="../Test/_reference/resources/resources-generic/zib-BowelFunction-eov-test-1_8-01.xml"/>
      </resource>
   </fixture>
   <fixture id="Observation-zib-FamilySituation-eov-test-1-1-01">
      <autocreate value="false"/>
      <autodelete value="false"/>
      <resource>
         <reference value="../Test/_reference/resources/resources-generic/zib-FamilySituation-eov-test-1_1-01.xml"/>
      </resource>
   </fixture>
   <fixture id="Observation-zib-FluidBalance-eov-test-1-1-01">
      <autocreate value="false"/>
      <autodelete value="false"/>
      <resource>
         <reference value="../Test/_reference/resources/resources-generic/zib-FluidBalance-eov-test-1-1-01.xml"/>
      </resource>
   </fixture>
   <fixture id="Observation-zib-HearingFunction-eov-test-1-1-01">
      <autocreate value="false"/>
      <autodelete value="false"/>
      <resource>
         <reference value="../Test/_reference/resources/resources-generic/zib-HearingFunction-eov-test-1_1-01.xml"/>
      </resource>
   </fixture>
   <fixture id="Observation-zib-IllnessPerception-eov-test-1-1-01">
      <autocreate value="false"/>
      <autodelete value="false"/>
      <resource>
         <reference value="../Test/_reference/resources/resources-generic/zib-IllnessPerception-eov-test-1_1-01.xml"/>
      </resource>
   </fixture>
   <fixture id="Observation-zib-LivingSituation-eov-test-1-1-01">
      <autocreate value="false"/>
      <autodelete value="false"/>
      <resource>
         <reference value="../Test/_reference/resources/resources-generic/zib-LivingSituation-eov-test-1_1-01.xml"/>
      </resource>
   </fixture>
   <fixture id="Observation-zib-LivingSituation-eov-test-1-1b-01">
      <autocreate value="false"/>
      <autodelete value="false"/>
      <resource>
         <reference value="../Test/_reference/resources/resources-generic/zib-LivingSituation-eov-test-1_1b-01.xml"/>
      </resource>
   </fixture>
   <fixture id="Observation-zib-LivingSituation-eov-test-1-4b-01">
      <autocreate value="false"/>
      <autodelete value="false"/>
      <resource>
         <reference value="../Test/_reference/resources/resources-generic/zib-LivingSituation-eov-test-1_4b-01.xml"/>
      </resource>
   </fixture>
   <fixture id="Observation-zib-Mobility-eov-test-1-1-01">
      <autocreate value="false"/>
      <autodelete value="false"/>
      <resource>
         <reference value="../Test/_reference/resources/resources-generic/zib-Mobility-eov-test-1_1-01.xml"/>
      </resource>
   </fixture>
   <fixture id="Observation-zib-MouthcareActivities-eov-test-1-1-01">
      <autocreate value="false"/>
      <autodelete value="false"/>
      <resource>
         <reference value="../Test/_reference/resources/resources-generic/zib-MouthcareActivities-eov-test-1_1-01.xml"/>
      </resource>
   </fixture>
   <fixture id="Observation-zib-MUSTScore-eov-test-1-1-01">
      <autocreate value="false"/>
      <autodelete value="false"/>
      <resource>
         <reference value="../Test/_reference/resources/resources-generic/zib-MUSTScore-eov-test-1_1-01.xml"/>
      </resource>
   </fixture>
   <fixture id="Observation-zib-PainScore-eov-test-1-1-01">
      <autocreate value="false"/>
      <autodelete value="false"/>
      <resource>
         <reference value="../Test/_reference/resources/resources-generic/zib-PainScore-eov-test-1_1-01.xml"/>
      </resource>
   </fixture>
   <fixture id="Observation-zib-PainScore-eov-test-1-5-01">
      <autocreate value="false"/>
      <autodelete value="false"/>
      <resource>
         <reference value="../Test/_reference/resources/resources-generic/zib-PainScore-eov-test-1_5-01.xml"/>
      </resource>
   </fixture>
   <fixture id="Observation-zib-ParticipationInSociety-eov-test-1-1-01">
      <autocreate value="false"/>
      <autodelete value="false"/>
      <resource>
         <reference value="../Test/_reference/resources/resources-generic/zib-ParticipationInSociety-eov-test-1_1-01.xml"/>
      </resource>
   </fixture>
   <fixture id="Observation-zib-Pregnancy-DateLastMenstruation-eov-test-1-5-01">
      <autocreate value="false"/>
      <autodelete value="false"/>
      <resource>
         <reference value="../Test/_reference/resources/resources-generic/zib-Pregnancy-DateLastMenstruation-eov-test-1_5-01.xml"/>
      </resource>
   </fixture>
   <fixture id="Observation-zib-Pregnancy-Gravidity-eov-test-1-5-01">
      <autocreate value="false"/>
      <autodelete value="false"/>
      <resource>
         <reference value="../Test/_reference/resources/resources-generic/zib-Pregnancy-Gravidity-eov-test-1_5-01.xml"/>
      </resource>
   </fixture>
   <fixture id="Observation-zib-Pregnancy-Parity-eov-test-1-5-01">
      <autocreate value="false"/>
      <autodelete value="false"/>
      <resource>
         <reference value="../Test/_reference/resources/resources-generic/zib-Pregnancy-Parity-eov-test-1_5-01.xml"/>
      </resource>
   </fixture>
   <fixture id="Observation-zib-Pregnancy-PregnancyDuration-eov-test-1-5-01">
      <autocreate value="false"/>
      <autodelete value="false"/>
      <resource>
         <reference value="../Test/_reference/resources/resources-generic/zib-Pregnancy-PregnancyDuration-eov-test-1_5-01.xml"/>
      </resource>
   </fixture>
   <fixture id="Observation-zib-Pregnancy-PregnancyStatus-eov-test-1-5-01">
      <autocreate value="false"/>
      <autodelete value="false"/>
      <resource>
         <reference value="../Test/_reference/resources/resources-generic/zib-Pregnancy-PregnancyStatus-eov-test-1_5-01.xml"/>
      </resource>
   </fixture>
   <fixture id="Observation-zib-Pregnancy-TermDate-eov-test-1-5-01">
      <autocreate value="false"/>
      <autodelete value="false"/>
      <resource>
         <reference value="../Test/_reference/resources/resources-generic/zib-Pregnancy-TermDate-eov-test-1_5-01.xml"/>
      </resource>
   </fixture>
   <fixture id="Observation-zib-PulseRate-eov-test-1-1-01">
      <autocreate value="false"/>
      <autodelete value="false"/>
      <resource>
         <reference value="../Test/_reference/resources/resources-generic/zib-PulseRate-eov-test-1_1-01.xml"/>
      </resource>
   </fixture>
   <fixture id="Observation-zib-Respiration-eov-test-1-1-01">
      <autocreate value="false"/>
      <autodelete value="false"/>
      <resource>
         <reference value="../Test/_reference/resources/resources-generic/zib-Respiration-eov-test-1_1-01.xml"/>
      </resource>
   </fixture>
   <fixture id="Observation-zib-SNAQ65plusScore-eov-test-1-1-01">
      <autocreate value="false"/>
      <autodelete value="false"/>
      <resource>
         <reference value="../Test/_reference/resources/resources-generic/zib-SNAQ65plusScore-eov-test-1_1-01.xml"/>
      </resource>
   </fixture>
   <fixture id="Observation-zib-SNAQrcScore-eov-test-1-1-01">
      <autocreate value="false"/>
      <autodelete value="false"/>
      <resource>
         <reference value="../Test/_reference/resources/resources-generic/zib-SNAQrcScore-eov-test-1_1-01.xml"/>
      </resource>
   </fixture>
   <fixture id="Observation-zib-SNAQScore-eov-test-1-1-01">
      <autocreate value="false"/>
      <autodelete value="false"/>
      <resource>
         <reference value="../Test/_reference/resources/resources-generic/zib-SNAQScore-eov-test-1_1-01.xml"/>
      </resource>
   </fixture>
   <fixture id="Observation-zib-Stoma-eov-test-1-1-01">
      <autocreate value="false"/>
      <autodelete value="false"/>
      <resource>
         <reference value="../Test/_reference/resources/resources-generic/zib-Stoma-eov-test-1_1-01.xml"/>
      </resource>
   </fixture>
   <fixture id="Observation-zib-Stoma-eov-test-1-1-02">
      <autocreate value="false"/>
      <autodelete value="false"/>
      <resource>
         <reference value="../Test/_reference/resources/resources-generic/zib-Stoma-eov-test-1_1-02.xml"/>
      </resource>
   </fixture>
   <fixture id="Observation-zib-VisualFunction-eov-test-1-1-01">
      <autocreate value="false"/>
      <autodelete value="false"/>
      <resource>
         <reference value="../Test/_reference/resources/resources-generic/zib-VisualFunction-eov-test-1_1-01.xml"/>
      </resource>
   </fixture>
   <fixture id="Organization-nl-core-organization-eov-test-1-1-01">
      <autocreate value="false"/>
      <autodelete value="false"/>
      <resource>
         <reference value="../Test/_reference/resources/resources-generic/nl-core-organization-eov-test-1_1-01.xml"/>
      </resource>
   </fixture>
   <fixture id="Organization-nl-core-organization-eov-test-1-1-02">
      <autocreate value="false"/>
      <autodelete value="false"/>
      <resource>
         <reference value="../Test/_reference/resources/resources-generic/nl-core-organization-eov-test-1_1-02.xml"/>
      </resource>
   </fixture>
   <fixture id="Organization-nl-core-organization-eov-test-1-1-03">
      <autocreate value="false"/>
      <autodelete value="false"/>
      <resource>
         <reference value="../Test/_reference/resources/resources-generic/nl-core-organization-eov-test-1_1-03.xml"/>
      </resource>
   </fixture>
   <fixture id="Organization-nl-core-organization-eov-test-1-1-04">
      <autocreate value="false"/>
      <autodelete value="false"/>
      <resource>
         <reference value="../Test/_reference/resources/resources-generic/nl-core-organization-eov-test-1_1-04.xml"/>
      </resource>
   </fixture>
   <fixture id="Organization-nl-core-organization-eov-test-1-10b-01">
      <autocreate value="false"/>
      <autodelete value="false"/>
      <resource>
         <reference value="../Test/_reference/resources/resources-generic/nl-core-organization-eov-test-1_10b-01.xml"/>
      </resource>
   </fixture>
   <fixture id="Organization-nl-core-organization-eov-test-1-10b-02">
      <autocreate value="false"/>
      <autodelete value="false"/>
      <resource>
         <reference value="../Test/_reference/resources/resources-generic/nl-core-organization-eov-test-1_10b-02.xml"/>
      </resource>
   </fixture>
   <fixture id="Organization-nl-core-organization-eov-test-1-10b-03">
      <autocreate value="false"/>
      <autodelete value="false"/>
      <resource>
         <reference value="../Test/_reference/resources/resources-generic/nl-core-organization-eov-test-1_10b-03.xml"/>
      </resource>
   </fixture>
   <fixture id="Organization-nl-core-organization-eov-test-1-11b-01">
      <autocreate value="false"/>
      <autodelete value="false"/>
      <resource>
         <reference value="../Test/_reference/resources/resources-generic/nl-core-organization-eov-test-1_11b-01.xml"/>
      </resource>
   </fixture>
   <fixture id="Organization-nl-core-organization-eov-test-1-11b-02">
      <autocreate value="false"/>
      <autodelete value="false"/>
      <resource>
         <reference value="../Test/_reference/resources/resources-generic/nl-core-organization-eov-test-1_11b-02.xml"/>
      </resource>
   </fixture>
   <fixture id="Organization-nl-core-organization-eov-test-1-11b-03">
      <autocreate value="false"/>
      <autodelete value="false"/>
      <resource>
         <reference value="../Test/_reference/resources/resources-generic/nl-core-organization-eov-test-1_11b-03.xml"/>
      </resource>
   </fixture>
   <fixture id="Organization-nl-core-organization-eov-test-1-1b-01">
      <autocreate value="false"/>
      <autodelete value="false"/>
      <resource>
         <reference value="../Test/_reference/resources/resources-generic/nl-core-organization-eov-test-1_1b-01.xml"/>
      </resource>
   </fixture>
   <fixture id="Organization-nl-core-organization-eov-test-1-1b-02">
      <autocreate value="false"/>
      <autodelete value="false"/>
      <resource>
         <reference value="../Test/_reference/resources/resources-generic/nl-core-organization-eov-test-1_1b-02.xml"/>
      </resource>
   </fixture>
   <fixture id="Organization-nl-core-organization-eov-test-1-1b-03">
      <autocreate value="false"/>
      <autodelete value="false"/>
      <resource>
         <reference value="../Test/_reference/resources/resources-generic/nl-core-organization-eov-test-1_1b-03.xml"/>
      </resource>
   </fixture>
   <fixture id="Organization-nl-core-organization-eov-test-1-2b-01">
      <autocreate value="false"/>
      <autodelete value="false"/>
      <resource>
         <reference value="../Test/_reference/resources/resources-generic/nl-core-organization-eov-test-1_2b-01.xml"/>
      </resource>
   </fixture>
   <fixture id="Organization-nl-core-organization-eov-test-1-2b-02">
      <autocreate value="false"/>
      <autodelete value="false"/>
      <resource>
         <reference value="../Test/_reference/resources/resources-generic/nl-core-organization-eov-test-1_2b-02.xml"/>
      </resource>
   </fixture>
   <fixture id="Organization-nl-core-organization-eov-test-1-2b-03">
      <autocreate value="false"/>
      <autodelete value="false"/>
      <resource>
         <reference value="../Test/_reference/resources/resources-generic/nl-core-organization-eov-test-1_2b-03.xml"/>
      </resource>
   </fixture>
   <fixture id="Organization-nl-core-organization-eov-test-1-2b-04">
      <autocreate value="false"/>
      <autodelete value="false"/>
      <resource>
         <reference value="../Test/_reference/resources/resources-generic/nl-core-organization-eov-test-1_2b-04.xml"/>
      </resource>
   </fixture>
   <fixture id="Organization-nl-core-organization-eov-test-1-2b-05">
      <autocreate value="false"/>
      <autodelete value="false"/>
      <resource>
         <reference value="../Test/_reference/resources/resources-generic/nl-core-organization-eov-test-1_2b-05.xml"/>
      </resource>
   </fixture>
   <fixture id="Organization-nl-core-organization-eov-test-1-3b-01">
      <autocreate value="false"/>
      <autodelete value="false"/>
      <resource>
         <reference value="../Test/_reference/resources/resources-generic/nl-core-organization-eov-test-1_3b-01.xml"/>
      </resource>
   </fixture>
   <fixture id="Organization-nl-core-organization-eov-test-1-3b-02">
      <autocreate value="false"/>
      <autodelete value="false"/>
      <resource>
         <reference value="../Test/_reference/resources/resources-generic/nl-core-organization-eov-test-1_3b-02.xml"/>
      </resource>
   </fixture>
   <fixture id="Organization-nl-core-organization-eov-test-1-3b-03">
      <autocreate value="false"/>
      <autodelete value="false"/>
      <resource>
         <reference value="../Test/_reference/resources/resources-generic/nl-core-organization-eov-test-1_3b-03.xml"/>
      </resource>
   </fixture>
   <fixture id="Organization-nl-core-organization-eov-test-1-4b-01">
      <autocreate value="false"/>
      <autodelete value="false"/>
      <resource>
         <reference value="../Test/_reference/resources/resources-generic/nl-core-organization-eov-test-1_4b-01.xml"/>
      </resource>
   </fixture>
   <fixture id="Organization-nl-core-organization-eov-test-1-4b-02">
      <autocreate value="false"/>
      <autodelete value="false"/>
      <resource>
         <reference value="../Test/_reference/resources/resources-generic/nl-core-organization-eov-test-1_4b-02.xml"/>
      </resource>
   </fixture>
   <fixture id="Organization-nl-core-organization-eov-test-1-4b-03">
      <autocreate value="false"/>
      <autodelete value="false"/>
      <resource>
         <reference value="../Test/_reference/resources/resources-generic/nl-core-organization-eov-test-1_4b-03.xml"/>
      </resource>
   </fixture>
   <fixture id="Organization-nl-core-organization-eov-test-1-5-01">
      <autocreate value="false"/>
      <autodelete value="false"/>
      <resource>
         <reference value="../Test/_reference/resources/resources-generic/nl-core-organization-eov-test-1_5-01.xml"/>
      </resource>
   </fixture>
   <fixture id="Organization-nl-core-organization-eov-test-1-5-02">
      <autocreate value="false"/>
      <autodelete value="false"/>
      <resource>
         <reference value="../Test/_reference/resources/resources-generic/nl-core-organization-eov-test-1_5-02.xml"/>
      </resource>
   </fixture>
   <fixture id="Organization-nl-core-organization-eov-test-1-5-03">
      <autocreate value="false"/>
      <autodelete value="false"/>
      <resource>
         <reference value="../Test/_reference/resources/resources-generic/nl-core-organization-eov-test-1_5-03.xml"/>
      </resource>
   </fixture>
   <fixture id="Organization-nl-core-organization-eov-test-1-6-01">
      <autocreate value="false"/>
      <autodelete value="false"/>
      <resource>
         <reference value="../Test/_reference/resources/resources-generic/nl-core-organization-eov-test-1_6-01.xml"/>
      </resource>
   </fixture>
   <fixture id="Organization-nl-core-organization-eov-test-1-6-02">
      <autocreate value="false"/>
      <autodelete value="false"/>
      <resource>
         <reference value="../Test/_reference/resources/resources-generic/nl-core-organization-eov-test-1_6-02.xml"/>
      </resource>
   </fixture>
   <fixture id="Organization-nl-core-organization-eov-test-1-6-03">
      <autocreate value="false"/>
      <autodelete value="false"/>
      <resource>
         <reference value="../Test/_reference/resources/resources-generic/nl-core-organization-eov-test-1_6-03.xml"/>
      </resource>
   </fixture>
   <fixture id="Organization-nl-core-organization-eov-test-1-7-01">
      <autocreate value="false"/>
      <autodelete value="false"/>
      <resource>
         <reference value="../Test/_reference/resources/resources-generic/nl-core-organization-eov-test-1_7-01.xml"/>
      </resource>
   </fixture>
   <fixture id="Organization-nl-core-organization-eov-test-1-7-02">
      <autocreate value="false"/>
      <autodelete value="false"/>
      <resource>
         <reference value="../Test/_reference/resources/resources-generic/nl-core-organization-eov-test-1_7-02.xml"/>
      </resource>
   </fixture>
   <fixture id="Organization-nl-core-organization-eov-test-1-7-03">
      <autocreate value="false"/>
      <autodelete value="false"/>
      <resource>
         <reference value="../Test/_reference/resources/resources-generic/nl-core-organization-eov-test-1_7-03.xml"/>
      </resource>
   </fixture>
   <fixture id="Organization-nl-core-organization-eov-test-1-8-01">
      <autocreate value="false"/>
      <autodelete value="false"/>
      <resource>
         <reference value="../Test/_reference/resources/resources-generic/nl-core-organization-eov-test-1_8-01.xml"/>
      </resource>
   </fixture>
   <fixture id="Organization-nl-core-organization-eov-test-1-8-02">
      <autocreate value="false"/>
      <autodelete value="false"/>
      <resource>
         <reference value="../Test/_reference/resources/resources-generic/nl-core-organization-eov-test-1_8-02.xml"/>
      </resource>
   </fixture>
   <fixture id="Organization-nl-core-organization-eov-test-1-8-03">
      <autocreate value="false"/>
      <autodelete value="false"/>
      <resource>
         <reference value="../Test/_reference/resources/resources-generic/nl-core-organization-eov-test-1_8-03.xml"/>
      </resource>
   </fixture>
   <fixture id="Organization-nl-core-organization-eov-test-1-9b-01">
      <autocreate value="false"/>
      <autodelete value="false"/>
      <resource>
         <reference value="../Test/_reference/resources/resources-generic/nl-core-organization-eov-test-1_9b-01.xml"/>
      </resource>
   </fixture>
   <fixture id="Organization-nl-core-organization-eov-test-1-9b-02">
      <autocreate value="false"/>
      <autodelete value="false"/>
      <resource>
         <reference value="../Test/_reference/resources/resources-generic/nl-core-organization-eov-test-1_9b-02.xml"/>
      </resource>
   </fixture>
   <fixture id="Organization-nl-core-organization-eov-test-1-9b-03">
      <autocreate value="false"/>
      <autodelete value="false"/>
      <resource>
         <reference value="../Test/_reference/resources/resources-generic/nl-core-organization-eov-test-1_9b-03.xml"/>
      </resource>
   </fixture>
   <fixture id="Patient-nl-core-patient-eov-test-1-1-01">
      <autocreate value="false"/>
      <autodelete value="false"/>
      <resource>
         <reference value="../Test/_reference/resources/resources-generic/nl-core-patient-eov-test-1_1-01.xml"/>
      </resource>
   </fixture>
   <fixture id="Patient-nl-core-patient-eov-test-1-1b-01">
      <autocreate value="false"/>
      <autodelete value="false"/>
      <resource>
         <reference value="../Test/_reference/resources/resources-generic/nl-core-patient-eov-test-1_1b-01.xml"/>
      </resource>
   </fixture>
   <fixture id="Patient-nl-core-patient-eov-test-1-2b-01">
      <autocreate value="false"/>
      <autodelete value="false"/>
      <resource>
         <reference value="../Test/_reference/resources/resources-generic/nl-core-patient-eov-test-1_2b-01.xml"/>
      </resource>
   </fixture>
   <fixture id="Patient-nl-core-patient-eov-test-1-3b-01">
      <autocreate value="false"/>
      <autodelete value="false"/>
      <resource>
         <reference value="../Test/_reference/resources/resources-generic/nl-core-patient-eov-test-1_3b-01.xml"/>
      </resource>
   </fixture>
   <fixture id="Patient-nl-core-patient-eov-test-1-4b-01">
      <autocreate value="false"/>
      <autodelete value="false"/>
      <resource>
         <reference value="../Test/_reference/resources/resources-generic/nl-core-patient-eov-test-1_4b-01.xml"/>
      </resource>
   </fixture>
   <fixture id="Patient-nl-core-patient-eov-test-1-5-01">
      <autocreate value="false"/>
      <autodelete value="false"/>
      <resource>
         <reference value="../Test/_reference/resources/resources-generic/nl-core-patient-eov-test-1_5-01.xml"/>
      </resource>
   </fixture>
   <fixture id="Patient-nl-core-patient-eov-test-1-6-01">
      <autocreate value="false"/>
      <autodelete value="false"/>
      <resource>
         <reference value="../Test/_reference/resources/resources-generic/nl-core-patient-eov-test-1_6-01.xml"/>
      </resource>
   </fixture>
   <fixture id="Patient-nl-core-patient-eov-test-1-7-01">
      <autocreate value="false"/>
      <autodelete value="false"/>
      <resource>
         <reference value="../Test/_reference/resources/resources-generic/nl-core-patient-eov-test-1_7-01.xml"/>
      </resource>
   </fixture>
   <fixture id="Patient-nl-core-patient-eov-test-1-8-01">
      <autocreate value="false"/>
      <autodelete value="false"/>
      <resource>
         <reference value="../Test/_reference/resources/resources-generic/nl-core-patient-eov-test-1_8-01.xml"/>
      </resource>
   </fixture>
   <fixture id="Patient-XXX-Hondius">
      <autocreate value="false"/>
      <autodelete value="false"/>
      <resource>
         <reference value="../Test/_reference/resources/resources-generic/nl-core-patient-eov-test-XXX_Hondius.xml"/>
      </resource>
   </fixture>
   <fixture id="Practitioner-nl-core-practitioner-eov-test-1-1-01">
      <autocreate value="false"/>
      <autodelete value="false"/>
      <resource>
         <reference value="../Test/_reference/resources/resources-generic/nl-core-practitioner-eov-test-1_1-01.xml"/>
      </resource>
   </fixture>
   <fixture id="Practitioner-nl-core-practitioner-eov-test-1-1-03">
      <autocreate value="false"/>
      <autodelete value="false"/>
      <resource>
         <reference value="../Test/_reference/resources/resources-generic/nl-core-practitioner-eov-test-1_1-03.xml"/>
      </resource>
   </fixture>
   <fixture id="Practitioner-nl-core-practitioner-eov-test-1-1-04">
      <autocreate value="false"/>
      <autodelete value="false"/>
      <resource>
         <reference value="../Test/_reference/resources/resources-generic/nl-core-practitioner-eov-test-1_1-04.xml"/>
      </resource>
   </fixture>
   <fixture id="Practitioner-nl-core-practitioner-eov-test-1-1-05">
      <autocreate value="false"/>
      <autodelete value="false"/>
      <resource>
         <reference value="../Test/_reference/resources/resources-generic/nl-core-practitioner-eov-test-1_1-05.xml"/>
      </resource>
   </fixture>
   <fixture id="Practitioner-nl-core-practitioner-eov-test-1-1-07">
      <autocreate value="false"/>
      <autodelete value="false"/>
      <resource>
         <reference value="../Test/_reference/resources/resources-generic/nl-core-practitioner-eov-test-1_1-07.xml"/>
      </resource>
   </fixture>
   <fixture id="Practitioner-nl-core-practitioner-eov-test-1-1-08">
      <autocreate value="false"/>
      <autodelete value="false"/>
      <resource>
         <reference value="../Test/_reference/resources/resources-generic/nl-core-practitioner-eov-test-1_1-08.xml"/>
      </resource>
   </fixture>
   <fixture id="Practitioner-nl-core-practitioner-eov-test-1-10b-01">
      <autocreate value="false"/>
      <autodelete value="false"/>
      <resource>
         <reference value="../Test/_reference/resources/resources-generic/nl-core-practitioner-eov-test-1_10b-01.xml"/>
      </resource>
   </fixture>
   <fixture id="Practitioner-nl-core-practitioner-eov-test-1-10b-03">
      <autocreate value="false"/>
      <autodelete value="false"/>
      <resource>
         <reference value="../Test/_reference/resources/resources-generic/nl-core-practitioner-eov-test-1_10b-03.xml"/>
      </resource>
   </fixture>
   <fixture id="Practitioner-nl-core-practitioner-eov-test-1-11b-01">
      <autocreate value="false"/>
      <autodelete value="false"/>
      <resource>
         <reference value="../Test/_reference/resources/resources-generic/nl-core-practitioner-eov-test-1_11b-01.xml"/>
      </resource>
   </fixture>
   <fixture id="Practitioner-nl-core-practitioner-eov-test-1-11b-03">
      <autocreate value="false"/>
      <autodelete value="false"/>
      <resource>
         <reference value="../Test/_reference/resources/resources-generic/nl-core-practitioner-eov-test-1_11b-03.xml"/>
      </resource>
   </fixture>
   <fixture id="Practitioner-nl-core-practitioner-eov-test-1-1b-01">
      <autocreate value="false"/>
      <autodelete value="false"/>
      <resource>
         <reference value="../Test/_reference/resources/resources-generic/nl-core-practitioner-eov-test-1_1b-01.xml"/>
      </resource>
   </fixture>
   <fixture id="Practitioner-nl-core-practitioner-eov-test-1-1b-03">
      <autocreate value="false"/>
      <autodelete value="false"/>
      <resource>
         <reference value="../Test/_reference/resources/resources-generic/nl-core-practitioner-eov-test-1_1b-03.xml"/>
      </resource>
   </fixture>
   <fixture id="Practitioner-nl-core-practitioner-eov-test-1-1b-04">
      <autocreate value="false"/>
      <autodelete value="false"/>
      <resource>
         <reference value="../Test/_reference/resources/resources-generic/nl-core-practitioner-eov-test-1_1b-04.xml"/>
      </resource>
   </fixture>
   <fixture id="Practitioner-nl-core-practitioner-eov-test-1-1b-05">
      <autocreate value="false"/>
      <autodelete value="false"/>
      <resource>
         <reference value="../Test/_reference/resources/resources-generic/nl-core-practitioner-eov-test-1_1b-05.xml"/>
      </resource>
   </fixture>
   <fixture id="Practitioner-nl-core-practitioner-eov-test-1-1b-07">
      <autocreate value="false"/>
      <autodelete value="false"/>
      <resource>
         <reference value="../Test/_reference/resources/resources-generic/nl-core-practitioner-eov-test-1_1b-07.xml"/>
      </resource>
   </fixture>
   <fixture id="Practitioner-nl-core-practitioner-eov-test-1-2b-01">
      <autocreate value="false"/>
      <autodelete value="false"/>
      <resource>
         <reference value="../Test/_reference/resources/resources-generic/nl-core-practitioner-eov-test-1_2b-01.xml"/>
      </resource>
   </fixture>
   <fixture id="Practitioner-nl-core-practitioner-eov-test-1-2b-03">
      <autocreate value="false"/>
      <autodelete value="false"/>
      <resource>
         <reference value="../Test/_reference/resources/resources-generic/nl-core-practitioner-eov-test-1_2b-03.xml"/>
      </resource>
   </fixture>
   <fixture id="Practitioner-nl-core-practitioner-eov-test-1-2b-04">
      <autocreate value="false"/>
      <autodelete value="false"/>
      <resource>
         <reference value="../Test/_reference/resources/resources-generic/nl-core-practitioner-eov-test-1_2b-04.xml"/>
      </resource>
   </fixture>
   <fixture id="Practitioner-nl-core-practitioner-eov-test-1-3b-01">
      <autocreate value="false"/>
      <autodelete value="false"/>
      <resource>
         <reference value="../Test/_reference/resources/resources-generic/nl-core-practitioner-eov-test-1_3b-01.xml"/>
      </resource>
   </fixture>
   <fixture id="Practitioner-nl-core-practitioner-eov-test-1-3b-02">
      <autocreate value="false"/>
      <autodelete value="false"/>
      <resource>
         <reference value="../Test/_reference/resources/resources-generic/nl-core-practitioner-eov-test-1_3b-02.xml"/>
      </resource>
   </fixture>
   <fixture id="Practitioner-nl-core-practitioner-eov-test-1-4b-01">
      <autocreate value="false"/>
      <autodelete value="false"/>
      <resource>
         <reference value="../Test/_reference/resources/resources-generic/nl-core-practitioner-eov-test-1_4b-01.xml"/>
      </resource>
   </fixture>
   <fixture id="Practitioner-nl-core-practitioner-eov-test-1-4b-02">
      <autocreate value="false"/>
      <autodelete value="false"/>
      <resource>
         <reference value="../Test/_reference/resources/resources-generic/nl-core-practitioner-eov-test-1_4b-02.xml"/>
      </resource>
   </fixture>
   <fixture id="Practitioner-nl-core-practitioner-eov-test-1-5-01">
      <autocreate value="false"/>
      <autodelete value="false"/>
      <resource>
         <reference value="../Test/_reference/resources/resources-generic/nl-core-practitioner-eov-test-1_5-01.xml"/>
      </resource>
   </fixture>
   <fixture id="Practitioner-nl-core-practitioner-eov-test-1-5-02">
      <autocreate value="false"/>
      <autodelete value="false"/>
      <resource>
         <reference value="../Test/_reference/resources/resources-generic/nl-core-practitioner-eov-test-1_5-02.xml"/>
      </resource>
   </fixture>
   <fixture id="Practitioner-nl-core-practitioner-eov-test-1-6-01">
      <autocreate value="false"/>
      <autodelete value="false"/>
      <resource>
         <reference value="../Test/_reference/resources/resources-generic/nl-core-practitioner-eov-test-1_6-01.xml"/>
      </resource>
   </fixture>
   <fixture id="Practitioner-nl-core-practitioner-eov-test-1-6-02">
      <autocreate value="false"/>
      <autodelete value="false"/>
      <resource>
         <reference value="../Test/_reference/resources/resources-generic/nl-core-practitioner-eov-test-1_6-02.xml"/>
      </resource>
   </fixture>
   <fixture id="Practitioner-nl-core-practitioner-eov-test-1-7-01">
      <autocreate value="false"/>
      <autodelete value="false"/>
      <resource>
         <reference value="../Test/_reference/resources/resources-generic/nl-core-practitioner-eov-test-1_7-01.xml"/>
      </resource>
   </fixture>
   <fixture id="Practitioner-nl-core-practitioner-eov-test-1-7-02">
      <autocreate value="false"/>
      <autodelete value="false"/>
      <resource>
         <reference value="../Test/_reference/resources/resources-generic/nl-core-practitioner-eov-test-1_7-02.xml"/>
      </resource>
   </fixture>
   <fixture id="Practitioner-nl-core-practitioner-eov-test-1-8-01">
      <autocreate value="false"/>
      <autodelete value="false"/>
      <resource>
         <reference value="../Test/_reference/resources/resources-generic/nl-core-practitioner-eov-test-1_8-01.xml"/>
      </resource>
   </fixture>
   <fixture id="Practitioner-nl-core-practitioner-eov-test-1-8-02">
      <autocreate value="false"/>
      <autodelete value="false"/>
      <resource>
         <reference value="../Test/_reference/resources/resources-generic/nl-core-practitioner-eov-test-1_8-02.xml"/>
      </resource>
   </fixture>
   <fixture id="Practitioner-nl-core-practitioner-eov-test-1-9b-01">
      <autocreate value="false"/>
      <autodelete value="false"/>
      <resource>
         <reference value="../Test/_reference/resources/resources-generic/nl-core-practitioner-eov-test-1_9b-01.xml"/>
      </resource>
   </fixture>
   <fixture id="Practitioner-nl-core-practitioner-eov-test-1-9b-03">
      <autocreate value="false"/>
      <autodelete value="false"/>
      <resource>
         <reference value="../Test/_reference/resources/resources-generic/nl-core-practitioner-eov-test-1_9b-03.xml"/>
      </resource>
   </fixture>
   <fixture id="PractitionerRole-nl-core-practitionerrole-eov-test-1-1-01">
      <autocreate value="false"/>
      <autodelete value="false"/>
      <resource>
         <reference value="../Test/_reference/resources/resources-generic/nl-core-practitionerrole-eov-test-1_1-01.xml"/>
      </resource>
   </fixture>
   <fixture id="PractitionerRole-nl-core-practitionerrole-eov-test-1-1-03">
      <autocreate value="false"/>
      <autodelete value="false"/>
      <resource>
         <reference value="../Test/_reference/resources/resources-generic/nl-core-practitionerrole-eov-test-1_1-03.xml"/>
      </resource>
   </fixture>
   <fixture id="PractitionerRole-nl-core-practitionerrole-eov-test-1-1-04">
      <autocreate value="false"/>
      <autodelete value="false"/>
      <resource>
         <reference value="../Test/_reference/resources/resources-generic/nl-core-practitionerrole-eov-test-1_1-04.xml"/>
      </resource>
   </fixture>
   <fixture id="PractitionerRole-nl-core-practitionerrole-eov-test-1-1-05">
      <autocreate value="false"/>
      <autodelete value="false"/>
      <resource>
         <reference value="../Test/_reference/resources/resources-generic/nl-core-practitionerrole-eov-test-1_1-05.xml"/>
      </resource>
   </fixture>
   <fixture id="PractitionerRole-nl-core-practitionerrole-eov-test-1-1-07">
      <autocreate value="false"/>
      <autodelete value="false"/>
      <resource>
         <reference value="../Test/_reference/resources/resources-generic/nl-core-practitionerrole-eov-test-1_1-07.xml"/>
      </resource>
   </fixture>
   <fixture id="PractitionerRole-nl-core-practitionerrole-eov-test-1-10b-01">
      <autocreate value="false"/>
      <autodelete value="false"/>
      <resource>
         <reference value="../Test/_reference/resources/resources-generic/nl-core-practitionerrole-eov-test-1_10b-01.xml"/>
      </resource>
   </fixture>
   <fixture id="PractitionerRole-nl-core-practitionerrole-eov-test-1-10b-02">
      <autocreate value="false"/>
      <autodelete value="false"/>
      <resource>
         <reference value="../Test/_reference/resources/resources-generic/nl-core-practitionerrole-eov-test-1_10b-02.xml"/>
      </resource>
   </fixture>
   <fixture id="PractitionerRole-nl-core-practitionerrole-eov-test-1-10b-03">
      <autocreate value="false"/>
      <autodelete value="false"/>
      <resource>
         <reference value="../Test/_reference/resources/resources-generic/nl-core-practitionerrole-eov-test-1_10b-03.xml"/>
      </resource>
   </fixture>
   <fixture id="PractitionerRole-nl-core-practitionerrole-eov-test-1-11b-01">
      <autocreate value="false"/>
      <autodelete value="false"/>
      <resource>
         <reference value="../Test/_reference/resources/resources-generic/nl-core-practitionerrole-eov-test-1_11b-01.xml"/>
      </resource>
   </fixture>
   <fixture id="PractitionerRole-nl-core-practitionerrole-eov-test-1-11b-02">
      <autocreate value="false"/>
      <autodelete value="false"/>
      <resource>
         <reference value="../Test/_reference/resources/resources-generic/nl-core-practitionerrole-eov-test-1_11b-02.xml"/>
      </resource>
   </fixture>
   <fixture id="PractitionerRole-nl-core-practitionerrole-eov-test-1-11b-03">
      <autocreate value="false"/>
      <autodelete value="false"/>
      <resource>
         <reference value="../Test/_reference/resources/resources-generic/nl-core-practitionerrole-eov-test-1_11b-03.xml"/>
      </resource>
   </fixture>
   <fixture id="PractitionerRole-nl-core-practitionerrole-eov-test-1-1b-01">
      <autocreate value="false"/>
      <autodelete value="false"/>
      <resource>
         <reference value="../Test/_reference/resources/resources-generic/nl-core-practitionerrole-eov-test-1_1b-01.xml"/>
      </resource>
   </fixture>
   <fixture id="PractitionerRole-nl-core-practitionerrole-eov-test-1-1b-03">
      <autocreate value="false"/>
      <autodelete value="false"/>
      <resource>
         <reference value="../Test/_reference/resources/resources-generic/nl-core-practitionerrole-eov-test-1_1b-03.xml"/>
      </resource>
   </fixture>
   <fixture id="PractitionerRole-nl-core-practitionerrole-eov-test-1-1b-04">
      <autocreate value="false"/>
      <autodelete value="false"/>
      <resource>
         <reference value="../Test/_reference/resources/resources-generic/nl-core-practitionerrole-eov-test-1_1b-04.xml"/>
      </resource>
   </fixture>
   <fixture id="PractitionerRole-nl-core-practitionerrole-eov-test-1-1b-05">
      <autocreate value="false"/>
      <autodelete value="false"/>
      <resource>
         <reference value="../Test/_reference/resources/resources-generic/nl-core-practitionerrole-eov-test-1_1b-05.xml"/>
      </resource>
   </fixture>
   <fixture id="PractitionerRole-nl-core-practitionerrole-eov-test-1-1b-07">
      <autocreate value="false"/>
      <autodelete value="false"/>
      <resource>
         <reference value="../Test/_reference/resources/resources-generic/nl-core-practitionerrole-eov-test-1_1b-07.xml"/>
      </resource>
   </fixture>
   <fixture id="PractitionerRole-nl-core-practitionerrole-eov-test-1-2b-01">
      <autocreate value="false"/>
      <autodelete value="false"/>
      <resource>
         <reference value="../Test/_reference/resources/resources-generic/nl-core-practitionerrole-eov-test-1_2b-01.xml"/>
      </resource>
   </fixture>
   <fixture id="PractitionerRole-nl-core-practitionerrole-eov-test-1-2b-03">
      <autocreate value="false"/>
      <autodelete value="false"/>
      <resource>
         <reference value="../Test/_reference/resources/resources-generic/nl-core-practitionerrole-eov-test-1_2b-03.xml"/>
      </resource>
   </fixture>
   <fixture id="PractitionerRole-nl-core-practitionerrole-eov-test-1-2b-04">
      <autocreate value="false"/>
      <autodelete value="false"/>
      <resource>
         <reference value="../Test/_reference/resources/resources-generic/nl-core-practitionerrole-eov-test-1_2b-04.xml"/>
      </resource>
   </fixture>
   <fixture id="PractitionerRole-nl-core-practitionerrole-eov-test-1-3b-01">
      <autocreate value="false"/>
      <autodelete value="false"/>
      <resource>
         <reference value="../Test/_reference/resources/resources-generic/nl-core-practitionerrole-eov-test-1_3b-01.xml"/>
      </resource>
   </fixture>
   <fixture id="PractitionerRole-nl-core-practitionerrole-eov-test-1-3b-02">
      <autocreate value="false"/>
      <autodelete value="false"/>
      <resource>
         <reference value="../Test/_reference/resources/resources-generic/nl-core-practitionerrole-eov-test-1_3b-02.xml"/>
      </resource>
   </fixture>
   <fixture id="PractitionerRole-nl-core-practitionerrole-eov-test-1-4b-01">
      <autocreate value="false"/>
      <autodelete value="false"/>
      <resource>
         <reference value="../Test/_reference/resources/resources-generic/nl-core-practitionerrole-eov-test-1_4b-01.xml"/>
      </resource>
   </fixture>
   <fixture id="PractitionerRole-nl-core-practitionerrole-eov-test-1-4b-02">
      <autocreate value="false"/>
      <autodelete value="false"/>
      <resource>
         <reference value="../Test/_reference/resources/resources-generic/nl-core-practitionerrole-eov-test-1_4b-02.xml"/>
      </resource>
   </fixture>
   <fixture id="PractitionerRole-nl-core-practitionerrole-eov-test-1-5-01">
      <autocreate value="false"/>
      <autodelete value="false"/>
      <resource>
         <reference value="../Test/_reference/resources/resources-generic/nl-core-practitionerrole-eov-test-1_5-01.xml"/>
      </resource>
   </fixture>
   <fixture id="PractitionerRole-nl-core-practitionerrole-eov-test-1-5-02">
      <autocreate value="false"/>
      <autodelete value="false"/>
      <resource>
         <reference value="../Test/_reference/resources/resources-generic/nl-core-practitionerrole-eov-test-1_5-02.xml"/>
      </resource>
   </fixture>
   <fixture id="PractitionerRole-nl-core-practitionerrole-eov-test-1-6-01">
      <autocreate value="false"/>
      <autodelete value="false"/>
      <resource>
         <reference value="../Test/_reference/resources/resources-generic/nl-core-practitionerrole-eov-test-1_6-01.xml"/>
      </resource>
   </fixture>
   <fixture id="PractitionerRole-nl-core-practitionerrole-eov-test-1-7-01">
      <autocreate value="false"/>
      <autodelete value="false"/>
      <resource>
         <reference value="../Test/_reference/resources/resources-generic/nl-core-practitionerrole-eov-test-1_7-01.xml"/>
      </resource>
   </fixture>
   <fixture id="PractitionerRole-nl-core-practitionerrole-eov-test-1-8-01">
      <autocreate value="false"/>
      <autodelete value="false"/>
      <resource>
         <reference value="../Test/_reference/resources/resources-generic/nl-core-practitionerrole-eov-test-1_8-02.xml"/>
      </resource>
   </fixture>
   <fixture id="PractitionerRole-nl-core-practitionerrole-eov-test-1-9b-01">
      <autocreate value="false"/>
      <autodelete value="false"/>
      <resource>
         <reference value="../Test/_reference/resources/resources-generic/nl-core-practitionerrole-eov-test-1_9b-01.xml"/>
      </resource>
   </fixture>
   <fixture id="PractitionerRole-nl-core-practitionerrole-eov-test-1-9b-02">
      <autocreate value="false"/>
      <autodelete value="false"/>
      <resource>
         <reference value="../Test/_reference/resources/resources-generic/nl-core-practitionerrole-eov-test-1_9b-02.xml"/>
      </resource>
   </fixture>
   <fixture id="PractitionerRole-nl-core-practitionerrole-eov-test-1-9b-03">
      <autocreate value="false"/>
      <autodelete value="false"/>
      <resource>
         <reference value="../Test/_reference/resources/resources-generic/nl-core-practitionerrole-eov-test-1_9b-03.xml"/>
      </resource>
   </fixture>
   <fixture id="Procedure-zib-FreedomRestrictingIntervention-eov-test-1-1-01">
      <autocreate value="false"/>
      <autodelete value="false"/>
      <resource>
         <reference value="../Test/_reference/resources/resources-generic/zib-FreedomRestrictingIntervention-eov-test-1_1-01.xml"/>
      </resource>
   </fixture>
   <fixture id="Procedure-zib-FreedomRestrictingIntervention-eov-test-1-6-01">
      <autocreate value="false"/>
      <autodelete value="false"/>
      <resource>
         <reference value="../Test/_reference/resources/resources-generic/zib-FreedomRestrictingIntervention-eov-test-1_6-01.xml"/>
      </resource>
   </fixture>
   <fixture id="Procedure-zib-FreedomRestrictingIntervention-eov-test-1-6-02">
      <autocreate value="false"/>
      <autodelete value="false"/>
      <resource>
         <reference value="../Test/_reference/resources/resources-generic/zib-FreedomRestrictingIntervention-eov-test-1_6-02.xml"/>
      </resource>
   </fixture>
   <fixture id="Procedure-zib-FreedomRestrictingIntervention-eov-test-1-7-01">
      <autocreate value="false"/>
      <autodelete value="false"/>
      <resource>
         <reference value="../Test/_reference/resources/resources-generic/zib-FreedomRestrictingIntervention-eov-test-1_7-01.xml"/>
      </resource>
   </fixture>
   <fixture id="Procedure-zib-FreedomRestrictingIntervention-eov-test-1-7-02">
      <autocreate value="false"/>
      <autodelete value="false"/>
      <resource>
         <reference value="../Test/_reference/resources/resources-generic/zib-FreedomRestrictingIntervention-eov-test-1_7-02.xml"/>
      </resource>
   </fixture>
   <fixture id="Procedure-zib-NursingIntervention-eov-test-1-1-01">
      <autocreate value="false"/>
      <autodelete value="false"/>
      <resource>
         <reference value="../Test/_reference/resources/resources-generic/zib-NursingIntervention-eov-test-1_1-01.xml"/>
      </resource>
   </fixture>
   <fixture id="Procedure-zib-NursingIntervention-eov-test-1-1-02">
      <autocreate value="false"/>
      <autodelete value="false"/>
      <resource>
         <reference value="../Test/_reference/resources/resources-generic/zib-NursingIntervention-eov-test-1_1-02.xml"/>
      </resource>
   </fixture>
   <fixture id="Procedure-zib-NursingIntervention-eov-test-1-1-03">
      <autocreate value="false"/>
      <autodelete value="false"/>
      <resource>
         <reference value="../Test/_reference/resources/resources-generic/zib-NursingIntervention-eov-test-1_1-03.xml"/>
      </resource>
   </fixture>
   <fixture id="Procedure-zib-NursingIntervention-eov-test-1-1-04">
      <autocreate value="false"/>
      <autodelete value="false"/>
      <resource>
         <reference value="../Test/_reference/resources/resources-generic/zib-NursingIntervention-eov-test-1_1-04.xml"/>
      </resource>
   </fixture>
   <fixture id="Procedure-zib-NursingIntervention-eov-test-1-1-05">
      <autocreate value="false"/>
      <autodelete value="false"/>
      <resource>
         <reference value="../Test/_reference/resources/resources-generic/zib-NursingIntervention-eov-test-1_1-05.xml"/>
      </resource>
   </fixture>
   <fixture id="Procedure-zib-NursingIntervention-eov-test-1-1-06">
      <autocreate value="false"/>
      <autodelete value="false"/>
      <resource>
         <reference value="../Test/_reference/resources/resources-generic/zib-NursingIntervention-eov-test-1_1-06.xml"/>
      </resource>
   </fixture>
   <fixture id="Procedure-zib-NursingIntervention-eov-test-1-1-07">
      <autocreate value="false"/>
      <autodelete value="false"/>
      <resource>
         <reference value="../Test/_reference/resources/resources-generic/zib-NursingIntervention-eov-test-1_1-07.xml"/>
      </resource>
   </fixture>
   <fixture id="Procedure-zib-NursingIntervention-eov-test-1-1-08">
      <autocreate value="false"/>
      <autodelete value="false"/>
      <resource>
         <reference value="../Test/_reference/resources/resources-generic/zib-NursingIntervention-eov-test-1_1-08.xml"/>
      </resource>
   </fixture>
   <fixture id="Procedure-zib-NursingIntervention-eov-test-1-5-01">
      <autocreate value="false"/>
      <autodelete value="false"/>
      <resource>
         <reference value="../Test/_reference/resources/resources-generic/zib-NursingIntervention-eov-test-1_5-01.xml"/>
      </resource>
   </fixture>
   <fixture id="Procedure-zib-NursingIntervention-eov-test-1-6-01">
      <autocreate value="false"/>
      <autodelete value="false"/>
      <resource>
         <reference value="../Test/_reference/resources/resources-generic/zib-NursingIntervention-eov-test-1_6-01.xml"/>
      </resource>
   </fixture>
   <fixture id="Procedure-zib-NursingIntervention-eov-test-1-7-01">
      <autocreate value="false"/>
      <autodelete value="false"/>
      <resource>
         <reference value="../Test/_reference/resources/resources-generic/zib-NursingIntervention-eov-test-1_7-01.xml"/>
      </resource>
   </fixture>
   <fixture id="Procedure-zib-NursingIntervention-eov-test-1-8-01">
      <autocreate value="false"/>
      <autodelete value="false"/>
      <resource>
         <reference value="../Test/_reference/resources/resources-generic/zib-NursingIntervention-eov-test-1_8-01.xml"/>
      </resource>
   </fixture>
   <fixture id="RelatedPerson-nl-core-relatedperson-eov-test-1-1-01">
      <autocreate value="false"/>
      <autodelete value="false"/>
      <resource>
         <reference value="../Test/_reference/resources/resources-generic/nl-core-relatedperson-eov-test-1_1-01.xml"/>
      </resource>
   </fixture>
   <fixture id="RelatedPerson-nl-core-relatedperson-eov-test-1-1-02">
      <autocreate value="false"/>
      <autodelete value="false"/>
      <resource>
         <reference value="../Test/_reference/resources/resources-generic/nl-core-relatedperson-eov-test-1_1-02.xml"/>
      </resource>
   </fixture>
   <fixture id="RelatedPerson-nl-core-relatedperson-eov-test-1-1-03">
      <autocreate value="false"/>
      <autodelete value="false"/>
      <resource>
         <reference value="../Test/_reference/resources/resources-generic/nl-core-relatedperson-eov-test-1_1-03.xml"/>
      </resource>
   </fixture>
   <fixture id="RelatedPerson-nl-core-relatedperson-eov-test-1-1-04">
      <autocreate value="false"/>
      <autodelete value="false"/>
      <resource>
         <reference value="../Test/_reference/resources/resources-generic/nl-core-relatedperson-eov-test-1_1-04.xml"/>
      </resource>
   </fixture>
   <fixture id="RelatedPerson-nl-core-relatedperson-eov-test-1-1b-01">
      <autocreate value="false"/>
      <autodelete value="false"/>
      <resource>
         <reference value="../Test/_reference/resources/resources-generic/nl-core-relatedperson-eov-test-1_1b-01.xml"/>
      </resource>
   </fixture>
   <fixture id="RelatedPerson-nl-core-relatedperson-eov-test-1-1b-02">
      <autocreate value="false"/>
      <autodelete value="false"/>
      <resource>
         <reference value="../Test/_reference/resources/resources-generic/nl-core-relatedperson-eov-test-1_1b-02.xml"/>
      </resource>
   </fixture>
   <fixture id="RelatedPerson-nl-core-relatedperson-eov-test-1-3b-01">
      <autocreate value="false"/>
      <autodelete value="false"/>
      <resource>
         <reference value="../Test/_reference/resources/resources-generic/nl-core-relatedperson-eov-test-1-3b-01.xml"/>
      </resource>
   </fixture>
   <variable>
      <name value="AllergyIntolerance-zib-AllergyIntolerance-eov-test-1-1-01-id"/>
      <expression value="AllergyIntolerance.id"/>
      <sourceId value="AllergyIntolerance-zib-AllergyIntolerance-eov-test-1-1-01"/>
   </variable>
   <variable>
      <name value="AllergyIntolerance-zib-AllergyIntolerance-eov-test-1-1-02-id"/>
      <expression value="AllergyIntolerance.id"/>
      <sourceId value="AllergyIntolerance-zib-AllergyIntolerance-eov-test-1-1-02"/>
   </variable>
   <variable>
      <name value="AllergyIntolerance-zib-AllergyIntolerance-eov-test-1-1b-01-id"/>
      <expression value="AllergyIntolerance.id"/>
      <sourceId value="AllergyIntolerance-zib-AllergyIntolerance-eov-test-1-1b-01"/>
   </variable>
   <variable>
      <name value="AllergyIntolerance-zib-AllergyIntolerance-eov-test-1-1b-02-id"/>
      <expression value="AllergyIntolerance.id"/>
      <sourceId value="AllergyIntolerance-zib-AllergyIntolerance-eov-test-1-1b-02"/>
   </variable>
   <variable>
      <name value="CarePlan-zib-HelpFromOthers-eov-test-1-1-01-id"/>
      <expression value="CarePlan.id"/>
      <sourceId value="CarePlan-zib-HelpFromOthers-eov-test-1-1-01"/>
   </variable>
   <variable>
      <name value="CarePlan-zib-HelpFromOthers-eov-test-1-1-02-id"/>
      <expression value="CarePlan.id"/>
      <sourceId value="CarePlan-zib-HelpFromOthers-eov-test-1-1-02"/>
   </variable>
   <variable>
      <name value="CarePlan-zib-HelpFromOthers-eov-test-1-1-03-id"/>
      <expression value="CarePlan.id"/>
      <sourceId value="CarePlan-zib-HelpFromOthers-eov-test-1-1-03"/>
   </variable>
   <variable>
      <name value="Composition-eOverdracht-AdvanceNotice-eov-test-1-1-01-id"/>
      <expression value="Composition.id"/>
      <sourceId value="Composition-eOverdracht-AdvanceNotice-eov-test-1-1-01"/>
   </variable>
   <variable>
      <name value="Composition-eOverdracht-AdvanceNotice-eov-test-1-10b-01-id"/>
      <expression value="Composition.id"/>
      <sourceId value="Composition-eOverdracht-AdvanceNotice-eov-test-1-10b-01"/>
   </variable>
   <variable>
      <name value="Composition-eOverdracht-AdvanceNotice-eov-test-1-11b-01-id"/>
      <expression value="Composition.id"/>
      <sourceId value="Composition-eOverdracht-AdvanceNotice-eov-test-1-11b-01"/>
   </variable>
   <variable>
      <name value="Composition-eOverdracht-AdvanceNotice-eov-test-1-1b-01-id"/>
      <expression value="Composition.id"/>
      <sourceId value="Composition-eOverdracht-AdvanceNotice-eov-test-1-1b-01"/>
   </variable>
   <variable>
      <name value="Composition-eOverdracht-AdvanceNotice-eov-test-1-2b-01-id"/>
      <expression value="Composition.id"/>
      <sourceId value="Composition-eOverdracht-AdvanceNotice-eov-test-1-2b-01"/>
   </variable>
   <variable>
      <name value="Composition-eOverdracht-AdvanceNotice-eov-test-1-2b-02-id"/>
      <expression value="Composition.id"/>
      <sourceId value="Composition-eOverdracht-AdvanceNotice-eov-test-1-2b-02"/>
   </variable>
   <variable>
      <name value="Composition-eOverdracht-AdvanceNotice-eov-test-1-3b-01-id"/>
      <expression value="Composition.id"/>
      <sourceId value="Composition-eOverdracht-AdvanceNotice-eov-test-1-3b-01"/>
   </variable>
   <variable>
      <name value="Composition-eOverdracht-AdvanceNotice-eov-test-1-4b-01-id"/>
      <expression value="Composition.id"/>
      <sourceId value="Composition-eOverdracht-AdvanceNotice-eov-test-1-4b-01"/>
   </variable>
   <variable>
      <name value="Composition-eOverdracht-AdvanceNotice-eov-test-1-5-01-id"/>
      <expression value="Composition.id"/>
      <sourceId value="Composition-eOverdracht-AdvanceNotice-eov-test-1-5-01"/>
   </variable>
   <variable>
      <name value="Composition-eOverdracht-AdvanceNotice-eov-test-1-6-01-id"/>
      <expression value="Composition.id"/>
      <sourceId value="Composition-eOverdracht-AdvanceNotice-eov-test-1-6-01"/>
   </variable>
   <variable>
      <name value="Composition-eOverdracht-AdvanceNotice-eov-test-1-7-01-id"/>
      <expression value="Composition.id"/>
      <sourceId value="Composition-eOverdracht-AdvanceNotice-eov-test-1-7-01"/>
   </variable>
   <variable>
      <name value="Composition-eOverdracht-AdvanceNotice-eov-test-1-8-01-id"/>
      <expression value="Composition.id"/>
      <sourceId value="Composition-eOverdracht-AdvanceNotice-eov-test-1-8-01"/>
   </variable>
   <variable>
      <name value="Composition-eOverdracht-AdvanceNotice-eov-test-1-9b-01-id"/>
      <expression value="Composition.id"/>
      <sourceId value="Composition-eOverdracht-AdvanceNotice-eov-test-1-9b-01"/>
   </variable>
   <variable>
      <name value="Composition-eOverdracht-NursingHandoff-Adults-eov-test-1-1-01-id"/>
      <expression value="Composition.id"/>
      <sourceId value="Composition-eOverdracht-NursingHandoff-Adults-eov-test-1-1-01"/>
   </variable>
   <variable>
      <name value="Composition-eOverdracht-NursingHandoff-Adults-eov-test-1-10b-01-id"/>
      <expression value="Composition.id"/>
      <sourceId value="Composition-eOverdracht-NursingHandoff-Adults-eov-test-1-10b-01"/>
   </variable>
   <variable>
      <name value="Composition-eOverdracht-NursingHandoff-Adults-eov-test-1-11b-01-id"/>
      <expression value="Composition.id"/>
      <sourceId value="Composition-eOverdracht-NursingHandoff-Adults-eov-test-1-11b-01"/>
   </variable>
   <variable>
      <name value="Composition-eOverdracht-NursingHandoff-Adults-eov-test-1-1b-01-id"/>
      <expression value="Composition.id"/>
      <sourceId value="Composition-eOverdracht-NursingHandoff-Adults-eov-test-1-1b-01"/>
   </variable>
   <variable>
      <name value="Composition-eOverdracht-NursingHandoff-Adults-eov-test-1-2b-01-id"/>
      <expression value="Composition.id"/>
      <sourceId value="Composition-eOverdracht-NursingHandoff-Adults-eov-test-1-2b-01"/>
   </variable>
   <variable>
      <name value="Composition-eOverdracht-NursingHandoff-Adults-eov-test-1-3b-01-id"/>
      <expression value="Composition.id"/>
      <sourceId value="Composition-eOverdracht-NursingHandoff-Adults-eov-test-1-3b-01"/>
   </variable>
   <variable>
      <name value="Composition-eOverdracht-NursingHandoff-Adults-eov-test-1-4b-01-id"/>
      <expression value="Composition.id"/>
      <sourceId value="Composition-eOverdracht-NursingHandoff-Adults-eov-test-1-4b-01"/>
   </variable>
   <variable>
      <name value="Composition-eOverdracht-NursingHandoff-Adults-eov-test-1-5-01-id"/>
      <expression value="Composition.id"/>
      <sourceId value="Composition-eOverdracht-NursingHandoff-Adults-eov-test-1-5-01"/>
   </variable>
   <variable>
      <name value="Composition-eOverdracht-NursingHandoff-Adults-eov-test-1-6-01-id"/>
      <expression value="Composition.id"/>
      <sourceId value="Composition-eOverdracht-NursingHandoff-Adults-eov-test-1-6-01"/>
   </variable>
   <variable>
      <name value="Composition-eOverdracht-NursingHandoff-Adults-eov-test-1-7-01-id"/>
      <expression value="Composition.id"/>
      <sourceId value="Composition-eOverdracht-NursingHandoff-Adults-eov-test-1-7-01"/>
   </variable>
   <variable>
      <name value="Composition-eOverdracht-NursingHandoff-Adults-eov-test-1-8-01-id"/>
      <expression value="Composition.id"/>
      <sourceId value="Composition-eOverdracht-NursingHandoff-Adults-eov-test-1-8-01"/>
   </variable>
   <variable>
      <name value="Composition-eOverdracht-NursingHandoff-Adults-eov-test-1-9b-01-id"/>
      <expression value="Composition.id"/>
      <sourceId value="Composition-eOverdracht-NursingHandoff-Adults-eov-test-1-9b-01"/>
   </variable>
   <variable>
      <name value="Condition-zib-BurnWound-eov-test-1-1-01-id"/>
      <expression value="Condition.id"/>
      <sourceId value="Condition-zib-BurnWound-eov-test-1-1-01"/>
   </variable>
   <variable>
      <name value="Condition-zib-BurnWound-eov-test-1-1-02-id"/>
      <expression value="Condition.id"/>
      <sourceId value="Condition-zib-BurnWound-eov-test-1-1-02"/>
   </variable>
   <variable>
      <name value="Condition-zib-LegalSituation-LegalStatus-eov-test-1-6-01-id"/>
      <expression value="Condition.id"/>
      <sourceId value="Condition-zib-LegalSituation-LegalStatus-eov-test-1-6-01"/>
   </variable>
   <variable>
      <name value="Condition-zib-LegalSituation-LegalStatus-eov-test-1-7-01-id"/>
      <expression value="Condition.id"/>
      <sourceId value="Condition-zib-LegalSituation-LegalStatus-eov-test-1-7-01"/>
   </variable>
   <variable>
      <name value="Condition-zib-LegalSituation-Representation-eov-test-1-1-01-id"/>
      <expression value="Condition.id"/>
      <sourceId value="Condition-zib-LegalSituation-Representation-eov-test-1-1-01"/>
   </variable>
   <variable>
      <name value="Condition-zib-LegalSituation-Representation-eov-test-1-6-01-id"/>
      <expression value="Condition.id"/>
      <sourceId value="Condition-zib-LegalSituation-Representation-eov-test-1-6-01"/>
   </variable>
   <variable>
      <name value="Condition-zib-LegalSituation-Representation-eov-test-1-7-01-id"/>
      <expression value="Condition.id"/>
      <sourceId value="Condition-zib-LegalSituation-Representation-eov-test-1-7-01"/>
   </variable>
   <variable>
      <name value="Condition-zib-Pregnancy-eov-test-1-5-01-id"/>
      <expression value="Condition.id"/>
      <sourceId value="Condition-zib-Pregnancy-eov-test-1-5-01"/>
   </variable>
   <variable>
      <name value="Condition-zib-PressureUlcer-eov-test-1-1-01-id"/>
      <expression value="Condition.id"/>
      <sourceId value="Condition-zib-PressureUlcer-eov-test-1-1-01"/>
   </variable>
   <variable>
      <name value="Condition-zib-PressureUlcer-eov-test-1-1-02-id"/>
      <expression value="Condition.id"/>
      <sourceId value="Condition-zib-PressureUlcer-eov-test-1-1-02"/>
   </variable>
   <variable>
      <name value="Condition-zib-Problem-eov-test-1-1-01-id"/>
      <expression value="Condition.id"/>
      <sourceId value="Condition-zib-Problem-eov-test-1-1-01"/>
   </variable>
   <variable>
      <name value="Condition-zib-Problem-eov-test-1-1-02-id"/>
      <expression value="Condition.id"/>
      <sourceId value="Condition-zib-Problem-eov-test-1-1-02"/>
   </variable>
   <variable>
      <name value="Condition-zib-Problem-eov-test-1-1-03-id"/>
      <expression value="Condition.id"/>
      <sourceId value="Condition-zib-Problem-eov-test-1-1-03"/>
   </variable>
   <variable>
      <name value="Condition-zib-Problem-eov-test-1-1-04-id"/>
      <expression value="Condition.id"/>
      <sourceId value="Condition-zib-Problem-eov-test-1-1-04"/>
   </variable>
   <variable>
      <name value="Condition-zib-Problem-eov-test-1-1-05-id"/>
      <expression value="Condition.id"/>
      <sourceId value="Condition-zib-Problem-eov-test-1-1-05"/>
   </variable>
   <variable>
      <name value="Condition-zib-Problem-eov-test-1-1-06-id"/>
      <expression value="Condition.id"/>
      <sourceId value="Condition-zib-Problem-eov-test-1-1-06"/>
   </variable>
   <variable>
      <name value="Condition-zib-Problem-eov-test-1-1-07-id"/>
      <expression value="Condition.id"/>
      <sourceId value="Condition-zib-Problem-eov-test-1-1-07"/>
   </variable>
   <variable>
      <name value="Condition-zib-Problem-eov-test-1-1-08-id"/>
      <expression value="Condition.id"/>
      <sourceId value="Condition-zib-Problem-eov-test-1-1-08"/>
   </variable>
   <variable>
      <name value="Condition-zib-Problem-eov-test-1-1-09-id"/>
      <expression value="Condition.id"/>
      <sourceId value="Condition-zib-Problem-eov-test-1-1-09"/>
   </variable>
   <variable>
      <name value="Condition-zib-Problem-eov-test-1-1-10-id"/>
      <expression value="Condition.id"/>
      <sourceId value="Condition-zib-Problem-eov-test-1-1-10"/>
   </variable>
   <variable>
      <name value="Condition-zib-Problem-eov-test-1-10b-01-id"/>
      <expression value="Condition.id"/>
      <sourceId value="Condition-zib-Problem-eov-test-1-10b-01"/>
   </variable>
   <variable>
      <name value="Condition-zib-Problem-eov-test-1-11b-01-id"/>
      <expression value="Condition.id"/>
      <sourceId value="Condition-zib-Problem-eov-test-1-11b-01"/>
   </variable>
   <variable>
      <name value="Condition-zib-Problem-eov-test-1-1b-01-id"/>
      <expression value="Condition.id"/>
      <sourceId value="Condition-zib-Problem-eov-test-1-1b-01"/>
   </variable>
   <variable>
      <name value="Condition-zib-Problem-eov-test-1-1b-02-id"/>
      <expression value="Condition.id"/>
      <sourceId value="Condition-zib-Problem-eov-test-1-1b-02"/>
   </variable>
   <variable>
      <name value="Condition-zib-Problem-eov-test-1-1b-03-id"/>
      <expression value="Condition.id"/>
      <sourceId value="Condition-zib-Problem-eov-test-1-1b-03"/>
   </variable>
   <variable>
      <name value="Condition-zib-Problem-eov-test-1-1b-04-id"/>
      <expression value="Condition.id"/>
      <sourceId value="Condition-zib-Problem-eov-test-1-1b-04"/>
   </variable>
   <variable>
      <name value="Condition-zib-Problem-eov-test-1-2b-01-id"/>
      <expression value="Condition.id"/>
      <sourceId value="Condition-zib-Problem-eov-test-1-2b-01"/>
   </variable>
   <variable>
      <name value="Condition-zib-Problem-eov-test-1-3b-01-id"/>
      <expression value="Condition.id"/>
      <sourceId value="Condition-zib-Problem-eov-test-1-3b-01"/>
   </variable>
   <variable>
      <name value="Condition-zib-Problem-eov-test-1-4b-01-id"/>
      <expression value="Condition.id"/>
      <sourceId value="Condition-zib-Problem-eov-test-1-4b-01"/>
   </variable>
   <variable>
      <name value="Condition-zib-Problem-eov-test-1-5-01-id"/>
      <expression value="Condition.id"/>
      <sourceId value="Condition-zib-Problem-eov-test-1-5-01"/>
   </variable>
   <variable>
      <name value="Condition-zib-Problem-eov-test-1-5-02-id"/>
      <expression value="Condition.id"/>
      <sourceId value="Condition-zib-Problem-eov-test-1-5-02"/>
   </variable>
   <variable>
      <name value="Condition-zib-Problem-eov-test-1-6-01-id"/>
      <expression value="Condition.id"/>
      <sourceId value="Condition-zib-Problem-eov-test-1-6-01"/>
   </variable>
   <variable>
      <name value="Condition-zib-Problem-eov-test-1-6-02-id"/>
      <expression value="Condition.id"/>
      <sourceId value="Condition-zib-Problem-eov-test-1-6-02"/>
   </variable>
   <variable>
      <name value="Condition-zib-Problem-eov-test-1-7-01-id"/>
      <expression value="Condition.id"/>
      <sourceId value="Condition-zib-Problem-eov-test-1-7-01"/>
   </variable>
   <variable>
      <name value="Condition-zib-Problem-eov-test-1-7-02-id"/>
      <expression value="Condition.id"/>
      <sourceId value="Condition-zib-Problem-eov-test-1-7-02"/>
   </variable>
   <variable>
      <name value="Condition-zib-Problem-eov-test-1-8-01-id"/>
      <expression value="Condition.id"/>
      <sourceId value="Condition-zib-Problem-eov-test-1-8-01"/>
   </variable>
   <variable>
      <name value="Condition-zib-Problem-eov-test-1-8-02-id"/>
      <expression value="Condition.id"/>
      <sourceId value="Condition-zib-Problem-eov-test-1-8-02"/>
   </variable>
   <variable>
      <name value="Condition-zib-Problem-eov-test-1-9b-01-id"/>
      <expression value="Condition.id"/>
      <sourceId value="Condition-zib-Problem-eov-test-1-9b-01"/>
   </variable>
   <variable>
      <name value="Condition-zib-SkinDisorder-eov-test-1-1-01-id"/>
      <expression value="Condition.id"/>
      <sourceId value="Condition-zib-SkinDisorder-eov-test-1-1-01"/>
   </variable>
   <variable>
      <name value="Condition-zib-SkinDisorder-eov-test-1-1-02-id"/>
      <expression value="Condition.id"/>
      <sourceId value="Condition-zib-SkinDisorder-eov-test-1-1-02"/>
   </variable>
   <variable>
      <name value="Condition-zib-Wound-eov-test-1-1-01-id"/>
      <expression value="Condition.id"/>
      <sourceId value="Condition-zib-Wound-eov-test-1-1-01"/>
   </variable>
   <variable>
      <name value="Condition-zib-Wound-eov-test-1-1-02-id"/>
      <expression value="Condition.id"/>
      <sourceId value="Condition-zib-Wound-eov-test-1-1-02"/>
   </variable>
   <variable>
      <name value="Condition-zib-Wound-eov-test-1-1-03-id"/>
      <expression value="Condition.id"/>
      <sourceId value="Condition-zib-Wound-eov-test-1-1-03"/>
   </variable>
   <variable>
      <name value="Consent-zib-AdvanceDirective-eov-test-1-1-01-id"/>
      <expression value="Consent.id"/>
      <sourceId value="Consent-zib-AdvanceDirective-eov-test-1-1-01"/>
   </variable>
   <variable>
      <name value="Consent-zib-AdvanceDirective-eov-test-1-1-02-id"/>
      <expression value="Consent.id"/>
      <sourceId value="Consent-zib-AdvanceDirective-eov-test-1-1-02"/>
   </variable>
   <variable>
      <name value="Consent-zib-AdvanceDirective-eov-test-1-1b-01-id"/>
      <expression value="Consent.id"/>
      <sourceId value="Consent-zib-AdvanceDirective-eov-test-1-1b-01"/>
   </variable>
   <variable>
      <name value="Consent-zib-AdvanceDirective-eov-test-1-1b-02-id"/>
      <expression value="Consent.id"/>
      <sourceId value="Consent-zib-AdvanceDirective-eov-test-1-1b-02"/>
   </variable>
   <variable>
      <name value="Coverage-zib-Payer-eov-test-1-1-01-id"/>
      <expression value="Coverage.id"/>
      <sourceId value="Coverage-zib-Payer-eov-test-1-1-01"/>
   </variable>
   <variable>
      <name value="Coverage-zib-Payer-eov-test-1-10b-01-id"/>
      <expression value="Coverage.id"/>
      <sourceId value="Coverage-zib-Payer-eov-test-1-10b-01"/>
   </variable>
   <variable>
      <name value="Coverage-zib-Payer-eov-test-1-11b-01-id"/>
      <expression value="Coverage.id"/>
      <sourceId value="Coverage-zib-Payer-eov-test-1-11b-01"/>
   </variable>
   <variable>
      <name value="Coverage-zib-Payer-eov-test-1-1b-01-id"/>
      <expression value="Coverage.id"/>
      <sourceId value="Coverage-zib-Payer-eov-test-1-1b-01"/>
   </variable>
   <variable>
      <name value="Coverage-zib-Payer-eov-test-1-2b-01-id"/>
      <expression value="Coverage.id"/>
      <sourceId value="Coverage-zib-Payer-eov-test-1-2b-01"/>
   </variable>
   <variable>
      <name value="Coverage-zib-Payer-eov-test-1-3b-01-id"/>
      <expression value="Coverage.id"/>
      <sourceId value="Coverage-zib-Payer-eov-test-1-3b-01"/>
   </variable>
   <variable>
      <name value="Coverage-zib-Payer-eov-test-1-3b-02-id"/>
      <expression value="Coverage.id"/>
      <sourceId value="Coverage-zib-Payer-eov-test-1-3b-02"/>
   </variable>
   <variable>
      <name value="Coverage-zib-Payer-eov-test-1-3b-03-id"/>
      <expression value="Coverage.id"/>
      <sourceId value="Coverage-zib-Payer-eov-test-1-3b-03"/>
   </variable>
   <variable>
      <name value="Coverage-zib-Payer-eov-test-1-4b-01-id"/>
      <expression value="Coverage.id"/>
      <sourceId value="Coverage-zib-Payer-eov-test-1-4b-01"/>
   </variable>
   <variable>
      <name value="Coverage-zib-Payer-eov-test-1-5-01-id"/>
      <expression value="Coverage.id"/>
      <sourceId value="Coverage-zib-Payer-eov-test-1-5-01"/>
   </variable>
   <variable>
      <name value="Coverage-zib-Payer-eov-test-1-6-01-id"/>
      <expression value="Coverage.id"/>
      <sourceId value="Coverage-zib-Payer-eov-test-1-6-01"/>
   </variable>
   <variable>
      <name value="Coverage-zib-Payer-eov-test-1-7-01-id"/>
      <expression value="Coverage.id"/>
      <sourceId value="Coverage-zib-Payer-eov-test-1-7-01"/>
   </variable>
   <variable>
      <name value="Coverage-zib-Payer-eov-test-1-8-01-id"/>
      <expression value="Coverage.id"/>
      <sourceId value="Coverage-zib-Payer-eov-test-1-8-01"/>
   </variable>
   <variable>
      <name value="Coverage-zib-Payer-eov-test-1-9b-01-id"/>
      <expression value="Coverage.id"/>
      <sourceId value="Coverage-zib-Payer-eov-test-1-9b-01"/>
   </variable>
   <variable>
      <name value="Device-zib-BladderFunction-UrineCatheter-Product-eov-test-1-8-01-id"/>
      <expression value="Device.id"/>
      <sourceId value="Device-zib-BladderFunction-UrineCatheter-Product-eov-test-1-8-01"/>
   </variable>
   <variable>
      <name value="Device-zib-FeedingTubeSystem-Product-eov-test-1-1-01-id"/>
      <expression value="Device.id"/>
      <sourceId value="Device-zib-FeedingTubeSystem-Product-eov-test-1-1-01"/>
   </variable>
   <variable>
      <name value="Device-zib-FeedingTubeSystem-Product-eov-test-1-1-02-id"/>
      <expression value="Device.id"/>
      <sourceId value="Device-zib-FeedingTubeSystem-Product-eov-test-1-1-02"/>
   </variable>
   <variable>
      <name value="Device-zib-HearingFunction-HearingAid-Product-eov-test-1-1-01-id"/>
      <expression value="Device.id"/>
      <sourceId value="Device-zib-HearingFunction-HearingAid-Product-eov-test-1-1-01"/>
   </variable>
   <variable>
      <name value="Device-zib-HearingFunction-HearingAid-Product-eov-test-1-1-02-id"/>
      <expression value="Device.id"/>
      <sourceId value="Device-zib-HearingFunction-HearingAid-Product-eov-test-1-1-02"/>
   </variable>
   <variable>
      <name value="Device-zib-Infusion-Product-eov-test-1-1-01-id"/>
      <expression value="Device.id"/>
      <sourceId value="Device-zib-Infusion-Product-eov-test-1-1-01"/>
   </variable>
   <variable>
      <name value="Device-zib-Infusion-Product-eov-test-1-1-02-id"/>
      <expression value="Device.id"/>
      <sourceId value="Device-zib-Infusion-Product-eov-test-1-1-02"/>
   </variable>
   <variable>
      <name value="Device-zib-MedicalDeviceProduct-eov-test-1-1-01-id"/>
      <expression value="Device.id"/>
      <sourceId value="Device-zib-MedicalDeviceProduct-eov-test-1-1-01"/>
   </variable>
   <variable>
      <name value="Device-zib-MedicalDeviceProduct-eov-test-1-1-02-id"/>
      <expression value="Device.id"/>
      <sourceId value="Device-zib-MedicalDeviceProduct-eov-test-1-1-02"/>
   </variable>
   <variable>
      <name value="Device-zib-MedicalDeviceProduct-eov-test-1-1-03-id"/>
      <expression value="Device.id"/>
      <sourceId value="Device-zib-MedicalDeviceProduct-eov-test-1-1-03"/>
   </variable>
   <variable>
      <name value="Device-zib-MedicalDeviceProduct-eov-test-1-1-04-id"/>
      <expression value="Device.id"/>
      <sourceId value="Device-zib-MedicalDeviceProduct-eov-test-1-1-04"/>
   </variable>
   <variable>
      <name value="Device-zib-MedicalDeviceProduct-eov-test-1-1-05-id"/>
      <expression value="Device.id"/>
      <sourceId value="Device-zib-MedicalDeviceProduct-eov-test-1-1-05"/>
   </variable>
   <variable>
      <name value="Device-zib-MedicalDeviceProduct-eov-test-1-1-07-id"/>
      <expression value="Device.id"/>
      <sourceId value="Device-zib-MedicalDeviceProduct-eov-test-1-1-07"/>
   </variable>
   <variable>
      <name value="Device-zib-MedicalDeviceProduct-eov-test-1-1-08-id"/>
      <expression value="Device.id"/>
      <sourceId value="Device-zib-MedicalDeviceProduct-eov-test-1-1-08"/>
   </variable>
   <variable>
      <name value="Device-zib-MedicalDeviceProduct-eov-test-1-8-01-id"/>
      <expression value="Device.id"/>
      <sourceId value="Device-zib-MedicalDeviceProduct-eov-test-1-8-01"/>
   </variable>
   <variable>
      <name value="Device-d247e1-zib-MouthcareActivities-MedicalDeviceProduct-eov-t-id"/>
      <expression value="Device.id"/>
      <sourceId value="Device-d247e1-zib-MouthcareActivities-MedicalDeviceProduct-eov-t"/>
   </variable>
   <variable>
      <name value="Device-d248e1-zib-MouthcareActivities-MedicalDeviceProduct-eov-t-id"/>
      <expression value="Device.id"/>
      <sourceId value="Device-d248e1-zib-MouthcareActivities-MedicalDeviceProduct-eov-t"/>
   </variable>
   <variable>
      <name value="Device-d327e1-zib-Respiration-AdministrationDeviceProduct-eov-te-id"/>
      <expression value="Device.id"/>
      <sourceId value="Device-d327e1-zib-Respiration-AdministrationDeviceProduct-eov-te"/>
   </variable>
   <variable>
      <name value="Device-zib-VisualFunction-VisualAidProduct-eov-test-1-1-01-id"/>
      <expression value="Device.id"/>
      <sourceId value="Device-zib-VisualFunction-VisualAidProduct-eov-test-1-1-01"/>
   </variable>
   <variable>
      <name value="Device-zib-Wound-MedicalDeviceProduct-eov-test-1-1-01-id"/>
      <expression value="Device.id"/>
      <sourceId value="Device-zib-Wound-MedicalDeviceProduct-eov-test-1-1-01"/>
   </variable>
   <variable>
      <name value="DeviceUseStatement-d184e1-zib-BladderFunction-UrineCatheter-eov--id"/>
      <expression value="DeviceUseStatement.id"/>
      <sourceId value="DeviceUseStatement-d184e1-zib-BladderFunction-UrineCatheter-eov-"/>
   </variable>
   <variable>
      <name value="DeviceUseStatement-zib-FeedingTubeSystem-eov-test-1-1-01-id"/>
      <expression value="DeviceUseStatement.id"/>
      <sourceId value="DeviceUseStatement-zib-FeedingTubeSystem-eov-test-1-1-01"/>
   </variable>
   <variable>
      <name value="DeviceUseStatement-zib-FeedingTubeSystem-eov-test-1-1-02-id"/>
      <expression value="DeviceUseStatement.id"/>
      <sourceId value="DeviceUseStatement-zib-FeedingTubeSystem-eov-test-1-1-02"/>
   </variable>
   <variable>
      <name value="DeviceUseStatement-d209e1-zib-HearingFunction-HearingAid-eov-tes-id"/>
      <expression value="DeviceUseStatement.id"/>
      <sourceId value="DeviceUseStatement-d209e1-zib-HearingFunction-HearingAid-eov-tes"/>
   </variable>
   <variable>
      <name value="DeviceUseStatement-d210e1-zib-HearingFunction-HearingAid-eov-tes-id"/>
      <expression value="DeviceUseStatement.id"/>
      <sourceId value="DeviceUseStatement-d210e1-zib-HearingFunction-HearingAid-eov-tes"/>
   </variable>
   <variable>
      <name value="DeviceUseStatement-zib-Infusion-eov-test-1-1-01-id"/>
      <expression value="DeviceUseStatement.id"/>
      <sourceId value="DeviceUseStatement-zib-Infusion-eov-test-1-1-01"/>
   </variable>
   <variable>
      <name value="DeviceUseStatement-zib-Infusion-eov-test-1-1-02-id"/>
      <expression value="DeviceUseStatement.id"/>
      <sourceId value="DeviceUseStatement-zib-Infusion-eov-test-1-1-02"/>
   </variable>
   <variable>
      <name value="DeviceUseStatement-zib-MedicalDevice-eov-test-1-1-01-id"/>
      <expression value="DeviceUseStatement.id"/>
      <sourceId value="DeviceUseStatement-zib-MedicalDevice-eov-test-1-1-01"/>
   </variable>
   <variable>
      <name value="DeviceUseStatement-zib-MedicalDevice-eov-test-1-1-02-id"/>
      <expression value="DeviceUseStatement.id"/>
      <sourceId value="DeviceUseStatement-zib-MedicalDevice-eov-test-1-1-02"/>
   </variable>
   <variable>
      <name value="DeviceUseStatement-zib-MedicalDevice-eov-test-1-1-03-id"/>
      <expression value="DeviceUseStatement.id"/>
      <sourceId value="DeviceUseStatement-zib-MedicalDevice-eov-test-1-1-03"/>
   </variable>
   <variable>
      <name value="DeviceUseStatement-zib-MedicalDevice-eov-test-1-1-05-id"/>
      <expression value="DeviceUseStatement.id"/>
      <sourceId value="DeviceUseStatement-zib-MedicalDevice-eov-test-1-1-05"/>
   </variable>
   <variable>
      <name value="DeviceUseStatement-zib-MedicalDevice-eov-test-1-1-07-id"/>
      <expression value="DeviceUseStatement.id"/>
      <sourceId value="DeviceUseStatement-zib-MedicalDevice-eov-test-1-1-07"/>
   </variable>
   <variable>
      <name value="DeviceUseStatement-zib-MedicalDevice-eov-test-1-8-01-id"/>
      <expression value="DeviceUseStatement.id"/>
      <sourceId value="DeviceUseStatement-zib-MedicalDevice-eov-test-1-8-01"/>
   </variable>
   <variable>
      <name value="DeviceUseStatement-d245e1-zib-MouthcareActivities-MedicalDevice--id"/>
      <expression value="DeviceUseStatement.id"/>
      <sourceId value="DeviceUseStatement-d245e1-zib-MouthcareActivities-MedicalDevice-"/>
   </variable>
   <variable>
      <name value="DeviceUseStatement-d246e1-zib-MouthcareActivities-MedicalDevice--id"/>
      <expression value="DeviceUseStatement.id"/>
      <sourceId value="DeviceUseStatement-d246e1-zib-MouthcareActivities-MedicalDevice-"/>
   </variable>
   <variable>
      <name value="DeviceUseStatement-d326e1-zib-Respiration-AdministrationDevice-e-id"/>
      <expression value="DeviceUseStatement.id"/>
      <sourceId value="DeviceUseStatement-d326e1-zib-Respiration-AdministrationDevice-e"/>
   </variable>
   <variable>
      <name value="DeviceUseStatement-zib-VisualFunction-VisualAid-eov-test-1-1-01-id"/>
      <expression value="DeviceUseStatement.id"/>
      <sourceId value="DeviceUseStatement-zib-VisualFunction-VisualAid-eov-test-1-1-01"/>
   </variable>
   <variable>
      <name value="DeviceUseStatement-zib-Wound-MedicalDevice-eov-test-1-1-01-id"/>
      <expression value="DeviceUseStatement.id"/>
      <sourceId value="DeviceUseStatement-zib-Wound-MedicalDevice-eov-test-1-1-01"/>
   </variable>
   <variable>
      <name value="DiagnosticReport-zib-OutcomeOfCare-eov-test-1-1-01-id"/>
      <expression value="DiagnosticReport.id"/>
      <sourceId value="DiagnosticReport-zib-OutcomeOfCare-eov-test-1-1-01"/>
   </variable>
   <variable>
      <name value="DiagnosticReport-zib-OutcomeOfCare-eov-test-1-1-02-id"/>
      <expression value="DiagnosticReport.id"/>
      <sourceId value="DiagnosticReport-zib-OutcomeOfCare-eov-test-1-1-02"/>
   </variable>
   <variable>
      <name value="DiagnosticReport-zib-OutcomeOfCare-eov-test-1-5-01-id"/>
      <expression value="DiagnosticReport.id"/>
      <sourceId value="DiagnosticReport-zib-OutcomeOfCare-eov-test-1-5-01"/>
   </variable>
   <variable>
      <name value="DiagnosticReport-zib-OutcomeOfCare-eov-test-1-6-01-id"/>
      <expression value="DiagnosticReport.id"/>
      <sourceId value="DiagnosticReport-zib-OutcomeOfCare-eov-test-1-6-01"/>
   </variable>
   <variable>
      <name value="DiagnosticReport-zib-OutcomeOfCare-eov-test-1-7-01-id"/>
      <expression value="DiagnosticReport.id"/>
      <sourceId value="DiagnosticReport-zib-OutcomeOfCare-eov-test-1-7-01"/>
   </variable>
   <variable>
      <name value="Encounter-eOverdracht-Encounter-eov-test-1-1-01-id"/>
      <expression value="Encounter.id"/>
      <sourceId value="Encounter-eOverdracht-Encounter-eov-test-1-1-01"/>
   </variable>
   <variable>
      <name value="Encounter-eOverdracht-Encounter-eov-test-1-1-03-id"/>
      <expression value="Encounter.id"/>
      <sourceId value="Encounter-eOverdracht-Encounter-eov-test-1-1-03"/>
   </variable>
   <variable>
      <name value="Encounter-eOverdracht-Encounter-eov-test-1-1b-01-id"/>
      <expression value="Encounter.id"/>
      <sourceId value="Encounter-eOverdracht-Encounter-eov-test-1-1b-01"/>
   </variable>
   <variable>
      <name value="Encounter-eOverdracht-Encounter-eov-test-1-1b-03-id"/>
      <expression value="Encounter.id"/>
      <sourceId value="Encounter-eOverdracht-Encounter-eov-test-1-1b-03"/>
   </variable>
   <variable>
      <name value="Encounter-eOverdracht-Encounter-eov-test-1-2b-01-id"/>
      <expression value="Encounter.id"/>
      <sourceId value="Encounter-eOverdracht-Encounter-eov-test-1-2b-01"/>
   </variable>
   <variable>
      <name value="Flag-zib-Alert-eov-test-1-1-01-id"/>
      <expression value="Flag.id"/>
      <sourceId value="Flag-zib-Alert-eov-test-1-1-01"/>
   </variable>
   <variable>
      <name value="Flag-zib-Alert-eov-test-1-1-02-id"/>
      <expression value="Flag.id"/>
      <sourceId value="Flag-zib-Alert-eov-test-1-1-02"/>
   </variable>
   <variable>
      <name value="Flag-zib-Alert-eov-test-1-1b-01-id"/>
      <expression value="Flag.id"/>
      <sourceId value="Flag-zib-Alert-eov-test-1-1b-01"/>
   </variable>
   <variable>
      <name value="Flag-zib-Alert-eov-test-1-1b-02-id"/>
      <expression value="Flag.id"/>
      <sourceId value="Flag-zib-Alert-eov-test-1-1b-02"/>
   </variable>
   <variable>
      <name value="Goal-zib-TreatmentObjective-eov-test-1-1-01-id"/>
      <expression value="Goal.id"/>
      <sourceId value="Goal-zib-TreatmentObjective-eov-test-1-1-01"/>
   </variable>
   <variable>
      <name value="Goal-zib-TreatmentObjective-eov-test-1-1-02-id"/>
      <expression value="Goal.id"/>
      <sourceId value="Goal-zib-TreatmentObjective-eov-test-1-1-02"/>
   </variable>
   <variable>
      <name value="Goal-zib-TreatmentObjective-eov-test-1-1-03-id"/>
      <expression value="Goal.id"/>
      <sourceId value="Goal-zib-TreatmentObjective-eov-test-1-1-03"/>
   </variable>
   <variable>
      <name value="Goal-zib-TreatmentObjective-eov-test-1-1-04-id"/>
      <expression value="Goal.id"/>
      <sourceId value="Goal-zib-TreatmentObjective-eov-test-1-1-04"/>
   </variable>
   <variable>
      <name value="Goal-zib-TreatmentObjective-eov-test-1-1-05-id"/>
      <expression value="Goal.id"/>
      <sourceId value="Goal-zib-TreatmentObjective-eov-test-1-1-05"/>
   </variable>
   <variable>
      <name value="Goal-zib-TreatmentObjective-eov-test-1-1-06-id"/>
      <expression value="Goal.id"/>
      <sourceId value="Goal-zib-TreatmentObjective-eov-test-1-1-06"/>
   </variable>
   <variable>
      <name value="Goal-zib-TreatmentObjective-eov-test-1-6-01-id"/>
      <expression value="Goal.id"/>
      <sourceId value="Goal-zib-TreatmentObjective-eov-test-1-6-01"/>
   </variable>
   <variable>
      <name value="Goal-zib-TreatmentObjective-eov-test-1-7-01-id"/>
      <expression value="Goal.id"/>
      <sourceId value="Goal-zib-TreatmentObjective-eov-test-1-7-01"/>
   </variable>
   <variable>
      <name value="NutritionOrder-zib-NutritionAdvice-eov-test-1-1-01-id"/>
      <expression value="NutritionOrder.id"/>
      <sourceId value="NutritionOrder-zib-NutritionAdvice-eov-test-1-1-01"/>
   </variable>
   <variable>
      <name value="NutritionOrder-zib-NutritionAdvice-eov-test-1-1-02-id"/>
      <expression value="NutritionOrder.id"/>
      <sourceId value="NutritionOrder-zib-NutritionAdvice-eov-test-1-1-02"/>
   </variable>
   <variable>
      <name value="NutritionOrder-zib-NutritionAdvice-eov-test-1-1b-01-id"/>
      <expression value="NutritionOrder.id"/>
      <sourceId value="NutritionOrder-zib-NutritionAdvice-eov-test-1-1b-01"/>
   </variable>
   <variable>
      <name value="NutritionOrder-zib-NutritionAdvice-eov-test-1-1b-02-id"/>
      <expression value="NutritionOrder.id"/>
      <sourceId value="NutritionOrder-zib-NutritionAdvice-eov-test-1-1b-02"/>
   </variable>
   <variable>
      <name value="Observation-WoundCharacteristics-eov-test-1-1-01-id"/>
      <expression value="Observation.id"/>
      <sourceId value="Observation-WoundCharacteristics-eov-test-1-1-01"/>
   </variable>
   <variable>
      <name value="Observation-WoundCharacteristics-eov-test-1-1-02-id"/>
      <expression value="Observation.id"/>
      <sourceId value="Observation-WoundCharacteristics-eov-test-1-1-02"/>
   </variable>
   <variable>
      <name value="Observation-WoundCharacteristics-eov-test-1-1-03-id"/>
      <expression value="Observation.id"/>
      <sourceId value="Observation-WoundCharacteristics-eov-test-1-1-03"/>
   </variable>
   <variable>
      <name value="Observation-WoundCharacteristics-eov-test-1-1-04-id"/>
      <expression value="Observation.id"/>
      <sourceId value="Observation-WoundCharacteristics-eov-test-1-1-04"/>
   </variable>
   <variable>
      <name value="Observation-WoundCharacteristics-eov-test-1-1-05-id"/>
      <expression value="Observation.id"/>
      <sourceId value="Observation-WoundCharacteristics-eov-test-1-1-05"/>
   </variable>
   <variable>
      <name value="Observation-zib-AbilityToDressOneself-eov-test-1-1-01-id"/>
      <expression value="Observation.id"/>
      <sourceId value="Observation-zib-AbilityToDressOneself-eov-test-1-1-01"/>
   </variable>
   <variable>
      <name value="Observation-zib-AbilityToDressOneself-eov-test-1-1-02-id"/>
      <expression value="Observation.id"/>
      <sourceId value="Observation-zib-AbilityToDressOneself-eov-test-1-1-02"/>
   </variable>
   <variable>
      <name value="Observation-zib-AbilityToDrink-eov-test-1-1-01-id"/>
      <expression value="Observation.id"/>
      <sourceId value="Observation-zib-AbilityToDrink-eov-test-1-1-01"/>
   </variable>
   <variable>
      <name value="Observation-zib-AbilityToDrink-eov-test-1-1-02-id"/>
      <expression value="Observation.id"/>
      <sourceId value="Observation-zib-AbilityToDrink-eov-test-1-1-02"/>
   </variable>
   <variable>
      <name value="Observation-zib-AbilityToEat-eov-test-1-1-01-id"/>
      <expression value="Observation.id"/>
      <sourceId value="Observation-zib-AbilityToEat-eov-test-1-1-01"/>
   </variable>
   <variable>
      <name value="Observation-zib-AbilityToEat-eov-test-1-1-02-id"/>
      <expression value="Observation.id"/>
      <sourceId value="Observation-zib-AbilityToEat-eov-test-1-1-02"/>
   </variable>
   <variable>
      <name value="Observation-zib-AbilityToGroome-eov-test-1-1-01-id"/>
      <expression value="Observation.id"/>
      <sourceId value="Observation-zib-AbilityToGroome-eov-test-1-1-01"/>
   </variable>
   <variable>
      <name value="Observation-zib-AbilityToManageMedication-eov-test-1-1-01-id"/>
      <expression value="Observation.id"/>
      <sourceId value="Observation-zib-AbilityToManageMedication-eov-test-1-1-01"/>
   </variable>
   <variable>
      <name value="Observation-d165e1-zib-AbilityToPerformNursingActivities-eov-tes-id"/>
      <expression value="Observation.id"/>
      <sourceId value="Observation-d165e1-zib-AbilityToPerformNursingActivities-eov-tes"/>
   </variable>
   <variable>
      <name value="Observation-d166e1-zib-AbilityToPerformNursingActivities-eov-tes-id"/>
      <expression value="Observation.id"/>
      <sourceId value="Observation-d166e1-zib-AbilityToPerformNursingActivities-eov-tes"/>
   </variable>
   <variable>
      <name value="Observation-zib-AbilityToUseToilet-eov-test-1-1-01-id"/>
      <expression value="Observation.id"/>
      <sourceId value="Observation-zib-AbilityToUseToilet-eov-test-1-1-01"/>
   </variable>
   <variable>
      <name value="Observation-zib-AbilityToWashOneSelf-eov-test-1-1-01-id"/>
      <expression value="Observation.id"/>
      <sourceId value="Observation-zib-AbilityToWashOneSelf-eov-test-1-1-01"/>
   </variable>
   <variable>
      <name value="Observation-zib-AbilityToWashOneSelf-eov-test-1-1-02-id"/>
      <expression value="Observation.id"/>
      <sourceId value="Observation-zib-AbilityToWashOneSelf-eov-test-1-1-02"/>
   </variable>
   <variable>
      <name value="Observation-zib-BladderFunction-eov-test-1-1-01-id"/>
      <expression value="Observation.id"/>
      <sourceId value="Observation-zib-BladderFunction-eov-test-1-1-01"/>
   </variable>
   <variable>
      <name value="Observation-zib-BladderFunction-eov-test-1-8-01-id"/>
      <expression value="Observation.id"/>
      <sourceId value="Observation-zib-BladderFunction-eov-test-1-8-01"/>
   </variable>
   <variable>
      <name value="Observation-zib-BloodPressure-eov-test-1-1-01-id"/>
      <expression value="Observation.id"/>
      <sourceId value="Observation-zib-BloodPressure-eov-test-1-1-01"/>
   </variable>
   <variable>
      <name value="Observation-zib-BloodPressure-eov-test-1-1b-01-id"/>
      <expression value="Observation.id"/>
      <sourceId value="Observation-zib-BloodPressure-eov-test-1-1b-01"/>
   </variable>
   <variable>
      <name value="Observation-zib-BodyHeight-eov-test-1-1-01-id"/>
      <expression value="Observation.id"/>
      <sourceId value="Observation-zib-BodyHeight-eov-test-1-1-01"/>
   </variable>
   <variable>
      <name value="Observation-zib-BodyHeight-eov-test-1-1b-01-id"/>
      <expression value="Observation.id"/>
      <sourceId value="Observation-zib-BodyHeight-eov-test-1-1b-01"/>
   </variable>
   <variable>
      <name value="Observation-zib-BodyTemperature-eov-test-1-1-01-id"/>
      <expression value="Observation.id"/>
      <sourceId value="Observation-zib-BodyTemperature-eov-test-1-1-01"/>
   </variable>
   <variable>
      <name value="Observation-zib-BodyWeight-eov-test-1-1-01-id"/>
      <expression value="Observation.id"/>
      <sourceId value="Observation-zib-BodyWeight-eov-test-1-1-01"/>
   </variable>
   <variable>
      <name value="Observation-zib-BodyWeight-eov-test-1-1b-01-id"/>
      <expression value="Observation.id"/>
      <sourceId value="Observation-zib-BodyWeight-eov-test-1-1b-01"/>
   </variable>
   <variable>
      <name value="Observation-zib-BowelFunction-eov-test-1-1-01-id"/>
      <expression value="Observation.id"/>
      <sourceId value="Observation-zib-BowelFunction-eov-test-1-1-01"/>
   </variable>
   <variable>
      <name value="Observation-zib-BowelFunction-eov-test-1-8-01-id"/>
      <expression value="Observation.id"/>
      <sourceId value="Observation-zib-BowelFunction-eov-test-1-8-01"/>
   </variable>
   <variable>
      <name value="Observation-zib-FamilySituation-eov-test-1-1-01-id"/>
      <expression value="Observation.id"/>
      <sourceId value="Observation-zib-FamilySituation-eov-test-1-1-01"/>
   </variable>
   <variable>
      <name value="Observation-zib-FluidBalance-eov-test-1-1-01-id"/>
      <expression value="Observation.id"/>
      <sourceId value="Observation-zib-FluidBalance-eov-test-1-1-01"/>
   </variable>
   <variable>
      <name value="Observation-zib-HearingFunction-eov-test-1-1-01-id"/>
      <expression value="Observation.id"/>
      <sourceId value="Observation-zib-HearingFunction-eov-test-1-1-01"/>
   </variable>
   <variable>
      <name value="Observation-zib-IllnessPerception-eov-test-1-1-01-id"/>
      <expression value="Observation.id"/>
      <sourceId value="Observation-zib-IllnessPerception-eov-test-1-1-01"/>
   </variable>
   <variable>
      <name value="Observation-zib-LivingSituation-eov-test-1-1-01-id"/>
      <expression value="Observation.id"/>
      <sourceId value="Observation-zib-LivingSituation-eov-test-1-1-01"/>
   </variable>
   <variable>
      <name value="Observation-zib-LivingSituation-eov-test-1-1b-01-id"/>
      <expression value="Observation.id"/>
      <sourceId value="Observation-zib-LivingSituation-eov-test-1-1b-01"/>
   </variable>
   <variable>
      <name value="Observation-zib-LivingSituation-eov-test-1-4b-01-id"/>
      <expression value="Observation.id"/>
      <sourceId value="Observation-zib-LivingSituation-eov-test-1-4b-01"/>
   </variable>
   <variable>
      <name value="Observation-zib-Mobility-eov-test-1-1-01-id"/>
      <expression value="Observation.id"/>
      <sourceId value="Observation-zib-Mobility-eov-test-1-1-01"/>
   </variable>
   <variable>
      <name value="Observation-zib-MouthcareActivities-eov-test-1-1-01-id"/>
      <expression value="Observation.id"/>
      <sourceId value="Observation-zib-MouthcareActivities-eov-test-1-1-01"/>
   </variable>
   <variable>
      <name value="Observation-zib-MUSTScore-eov-test-1-1-01-id"/>
      <expression value="Observation.id"/>
      <sourceId value="Observation-zib-MUSTScore-eov-test-1-1-01"/>
   </variable>
   <variable>
      <name value="Observation-zib-PainScore-eov-test-1-1-01-id"/>
      <expression value="Observation.id"/>
      <sourceId value="Observation-zib-PainScore-eov-test-1-1-01"/>
   </variable>
   <variable>
      <name value="Observation-zib-PainScore-eov-test-1-5-01-id"/>
      <expression value="Observation.id"/>
      <sourceId value="Observation-zib-PainScore-eov-test-1-5-01"/>
   </variable>
   <variable>
      <name value="Observation-zib-ParticipationInSociety-eov-test-1-1-01-id"/>
      <expression value="Observation.id"/>
      <sourceId value="Observation-zib-ParticipationInSociety-eov-test-1-1-01"/>
   </variable>
   <variable>
      <name value="Observation-zib-Pregnancy-DateLastMenstruation-eov-test-1-5-01-id"/>
      <expression value="Observation.id"/>
      <sourceId value="Observation-zib-Pregnancy-DateLastMenstruation-eov-test-1-5-01"/>
   </variable>
   <variable>
      <name value="Observation-zib-Pregnancy-Gravidity-eov-test-1-5-01-id"/>
      <expression value="Observation.id"/>
      <sourceId value="Observation-zib-Pregnancy-Gravidity-eov-test-1-5-01"/>
   </variable>
   <variable>
      <name value="Observation-zib-Pregnancy-Parity-eov-test-1-5-01-id"/>
      <expression value="Observation.id"/>
      <sourceId value="Observation-zib-Pregnancy-Parity-eov-test-1-5-01"/>
   </variable>
   <variable>
      <name value="Observation-zib-Pregnancy-PregnancyDuration-eov-test-1-5-01-id"/>
      <expression value="Observation.id"/>
      <sourceId value="Observation-zib-Pregnancy-PregnancyDuration-eov-test-1-5-01"/>
   </variable>
   <variable>
      <name value="Observation-zib-Pregnancy-PregnancyStatus-eov-test-1-5-01-id"/>
      <expression value="Observation.id"/>
      <sourceId value="Observation-zib-Pregnancy-PregnancyStatus-eov-test-1-5-01"/>
   </variable>
   <variable>
      <name value="Observation-zib-Pregnancy-TermDate-eov-test-1-5-01-id"/>
      <expression value="Observation.id"/>
      <sourceId value="Observation-zib-Pregnancy-TermDate-eov-test-1-5-01"/>
   </variable>
   <variable>
      <name value="Observation-zib-PulseRate-eov-test-1-1-01-id"/>
      <expression value="Observation.id"/>
      <sourceId value="Observation-zib-PulseRate-eov-test-1-1-01"/>
   </variable>
   <variable>
      <name value="Observation-zib-Respiration-eov-test-1-1-01-id"/>
      <expression value="Observation.id"/>
      <sourceId value="Observation-zib-Respiration-eov-test-1-1-01"/>
   </variable>
   <variable>
      <name value="Observation-zib-SNAQ65plusScore-eov-test-1-1-01-id"/>
      <expression value="Observation.id"/>
      <sourceId value="Observation-zib-SNAQ65plusScore-eov-test-1-1-01"/>
   </variable>
   <variable>
      <name value="Observation-zib-SNAQrcScore-eov-test-1-1-01-id"/>
      <expression value="Observation.id"/>
      <sourceId value="Observation-zib-SNAQrcScore-eov-test-1-1-01"/>
   </variable>
   <variable>
      <name value="Observation-zib-SNAQScore-eov-test-1-1-01-id"/>
      <expression value="Observation.id"/>
      <sourceId value="Observation-zib-SNAQScore-eov-test-1-1-01"/>
   </variable>
   <variable>
      <name value="Observation-zib-Stoma-eov-test-1-1-01-id"/>
      <expression value="Observation.id"/>
      <sourceId value="Observation-zib-Stoma-eov-test-1-1-01"/>
   </variable>
   <variable>
      <name value="Observation-zib-Stoma-eov-test-1-1-02-id"/>
      <expression value="Observation.id"/>
      <sourceId value="Observation-zib-Stoma-eov-test-1-1-02"/>
   </variable>
   <variable>
      <name value="Observation-zib-VisualFunction-eov-test-1-1-01-id"/>
      <expression value="Observation.id"/>
      <sourceId value="Observation-zib-VisualFunction-eov-test-1-1-01"/>
   </variable>
   <variable>
      <name value="Organization-nl-core-organization-eov-test-1-1-01-id"/>
      <expression value="Organization.id"/>
      <sourceId value="Organization-nl-core-organization-eov-test-1-1-01"/>
   </variable>
   <variable>
      <name value="Organization-nl-core-organization-eov-test-1-1-02-id"/>
      <expression value="Organization.id"/>
      <sourceId value="Organization-nl-core-organization-eov-test-1-1-02"/>
   </variable>
   <variable>
      <name value="Organization-nl-core-organization-eov-test-1-1-03-id"/>
      <expression value="Organization.id"/>
      <sourceId value="Organization-nl-core-organization-eov-test-1-1-03"/>
   </variable>
   <variable>
      <name value="Organization-nl-core-organization-eov-test-1-1-04-id"/>
      <expression value="Organization.id"/>
      <sourceId value="Organization-nl-core-organization-eov-test-1-1-04"/>
   </variable>
   <variable>
      <name value="Organization-nl-core-organization-eov-test-1-10b-01-id"/>
      <expression value="Organization.id"/>
      <sourceId value="Organization-nl-core-organization-eov-test-1-10b-01"/>
   </variable>
   <variable>
      <name value="Organization-nl-core-organization-eov-test-1-10b-02-id"/>
      <expression value="Organization.id"/>
      <sourceId value="Organization-nl-core-organization-eov-test-1-10b-02"/>
   </variable>
   <variable>
      <name value="Organization-nl-core-organization-eov-test-1-10b-03-id"/>
      <expression value="Organization.id"/>
      <sourceId value="Organization-nl-core-organization-eov-test-1-10b-03"/>
   </variable>
   <variable>
      <name value="Organization-nl-core-organization-eov-test-1-11b-01-id"/>
      <expression value="Organization.id"/>
      <sourceId value="Organization-nl-core-organization-eov-test-1-11b-01"/>
   </variable>
   <variable>
      <name value="Organization-nl-core-organization-eov-test-1-11b-02-id"/>
      <expression value="Organization.id"/>
      <sourceId value="Organization-nl-core-organization-eov-test-1-11b-02"/>
   </variable>
   <variable>
      <name value="Organization-nl-core-organization-eov-test-1-11b-03-id"/>
      <expression value="Organization.id"/>
      <sourceId value="Organization-nl-core-organization-eov-test-1-11b-03"/>
   </variable>
   <variable>
      <name value="Organization-nl-core-organization-eov-test-1-1b-01-id"/>
      <expression value="Organization.id"/>
      <sourceId value="Organization-nl-core-organization-eov-test-1-1b-01"/>
   </variable>
   <variable>
      <name value="Organization-nl-core-organization-eov-test-1-1b-02-id"/>
      <expression value="Organization.id"/>
      <sourceId value="Organization-nl-core-organization-eov-test-1-1b-02"/>
   </variable>
   <variable>
      <name value="Organization-nl-core-organization-eov-test-1-1b-03-id"/>
      <expression value="Organization.id"/>
      <sourceId value="Organization-nl-core-organization-eov-test-1-1b-03"/>
   </variable>
   <variable>
      <name value="Organization-nl-core-organization-eov-test-1-2b-01-id"/>
      <expression value="Organization.id"/>
      <sourceId value="Organization-nl-core-organization-eov-test-1-2b-01"/>
   </variable>
   <variable>
      <name value="Organization-nl-core-organization-eov-test-1-2b-02-id"/>
      <expression value="Organization.id"/>
      <sourceId value="Organization-nl-core-organization-eov-test-1-2b-02"/>
   </variable>
   <variable>
      <name value="Organization-nl-core-organization-eov-test-1-2b-03-id"/>
      <expression value="Organization.id"/>
      <sourceId value="Organization-nl-core-organization-eov-test-1-2b-03"/>
   </variable>
   <variable>
      <name value="Organization-nl-core-organization-eov-test-1-2b-04-id"/>
      <expression value="Organization.id"/>
      <sourceId value="Organization-nl-core-organization-eov-test-1-2b-04"/>
   </variable>
   <variable>
      <name value="Organization-nl-core-organization-eov-test-1-2b-05-id"/>
      <expression value="Organization.id"/>
      <sourceId value="Organization-nl-core-organization-eov-test-1-2b-05"/>
   </variable>
   <variable>
      <name value="Organization-nl-core-organization-eov-test-1-3b-01-id"/>
      <expression value="Organization.id"/>
      <sourceId value="Organization-nl-core-organization-eov-test-1-3b-01"/>
   </variable>
   <variable>
      <name value="Organization-nl-core-organization-eov-test-1-3b-02-id"/>
      <expression value="Organization.id"/>
      <sourceId value="Organization-nl-core-organization-eov-test-1-3b-02"/>
   </variable>
   <variable>
      <name value="Organization-nl-core-organization-eov-test-1-3b-03-id"/>
      <expression value="Organization.id"/>
      <sourceId value="Organization-nl-core-organization-eov-test-1-3b-03"/>
   </variable>
   <variable>
      <name value="Organization-nl-core-organization-eov-test-1-4b-01-id"/>
      <expression value="Organization.id"/>
      <sourceId value="Organization-nl-core-organization-eov-test-1-4b-01"/>
   </variable>
   <variable>
      <name value="Organization-nl-core-organization-eov-test-1-4b-02-id"/>
      <expression value="Organization.id"/>
      <sourceId value="Organization-nl-core-organization-eov-test-1-4b-02"/>
   </variable>
   <variable>
      <name value="Organization-nl-core-organization-eov-test-1-4b-03-id"/>
      <expression value="Organization.id"/>
      <sourceId value="Organization-nl-core-organization-eov-test-1-4b-03"/>
   </variable>
   <variable>
      <name value="Organization-nl-core-organization-eov-test-1-5-01-id"/>
      <expression value="Organization.id"/>
      <sourceId value="Organization-nl-core-organization-eov-test-1-5-01"/>
   </variable>
   <variable>
      <name value="Organization-nl-core-organization-eov-test-1-5-02-id"/>
      <expression value="Organization.id"/>
      <sourceId value="Organization-nl-core-organization-eov-test-1-5-02"/>
   </variable>
   <variable>
      <name value="Organization-nl-core-organization-eov-test-1-5-03-id"/>
      <expression value="Organization.id"/>
      <sourceId value="Organization-nl-core-organization-eov-test-1-5-03"/>
   </variable>
   <variable>
      <name value="Organization-nl-core-organization-eov-test-1-6-01-id"/>
      <expression value="Organization.id"/>
      <sourceId value="Organization-nl-core-organization-eov-test-1-6-01"/>
   </variable>
   <variable>
      <name value="Organization-nl-core-organization-eov-test-1-6-02-id"/>
      <expression value="Organization.id"/>
      <sourceId value="Organization-nl-core-organization-eov-test-1-6-02"/>
   </variable>
   <variable>
      <name value="Organization-nl-core-organization-eov-test-1-6-03-id"/>
      <expression value="Organization.id"/>
      <sourceId value="Organization-nl-core-organization-eov-test-1-6-03"/>
   </variable>
   <variable>
      <name value="Organization-nl-core-organization-eov-test-1-7-01-id"/>
      <expression value="Organization.id"/>
      <sourceId value="Organization-nl-core-organization-eov-test-1-7-01"/>
   </variable>
   <variable>
      <name value="Organization-nl-core-organization-eov-test-1-7-02-id"/>
      <expression value="Organization.id"/>
      <sourceId value="Organization-nl-core-organization-eov-test-1-7-02"/>
   </variable>
   <variable>
      <name value="Organization-nl-core-organization-eov-test-1-7-03-id"/>
      <expression value="Organization.id"/>
      <sourceId value="Organization-nl-core-organization-eov-test-1-7-03"/>
   </variable>
   <variable>
      <name value="Organization-nl-core-organization-eov-test-1-8-01-id"/>
      <expression value="Organization.id"/>
      <sourceId value="Organization-nl-core-organization-eov-test-1-8-01"/>
   </variable>
   <variable>
      <name value="Organization-nl-core-organization-eov-test-1-8-02-id"/>
      <expression value="Organization.id"/>
      <sourceId value="Organization-nl-core-organization-eov-test-1-8-02"/>
   </variable>
   <variable>
      <name value="Organization-nl-core-organization-eov-test-1-8-03-id"/>
      <expression value="Organization.id"/>
      <sourceId value="Organization-nl-core-organization-eov-test-1-8-03"/>
   </variable>
   <variable>
      <name value="Organization-nl-core-organization-eov-test-1-9b-01-id"/>
      <expression value="Organization.id"/>
      <sourceId value="Organization-nl-core-organization-eov-test-1-9b-01"/>
   </variable>
   <variable>
      <name value="Organization-nl-core-organization-eov-test-1-9b-02-id"/>
      <expression value="Organization.id"/>
      <sourceId value="Organization-nl-core-organization-eov-test-1-9b-02"/>
   </variable>
   <variable>
      <name value="Organization-nl-core-organization-eov-test-1-9b-03-id"/>
      <expression value="Organization.id"/>
      <sourceId value="Organization-nl-core-organization-eov-test-1-9b-03"/>
   </variable>
   <variable>
      <name value="Patient-nl-core-patient-eov-test-1-1-01-id"/>
      <expression value="Patient.id"/>
      <sourceId value="Patient-nl-core-patient-eov-test-1-1-01"/>
   </variable>
   <variable>
      <name value="Patient-nl-core-patient-eov-test-1-1b-01-id"/>
      <expression value="Patient.id"/>
      <sourceId value="Patient-nl-core-patient-eov-test-1-1b-01"/>
   </variable>
   <variable>
      <name value="Patient-nl-core-patient-eov-test-1-2b-01-id"/>
      <expression value="Patient.id"/>
      <sourceId value="Patient-nl-core-patient-eov-test-1-2b-01"/>
   </variable>
   <variable>
      <name value="Patient-nl-core-patient-eov-test-1-3b-01-id"/>
      <expression value="Patient.id"/>
      <sourceId value="Patient-nl-core-patient-eov-test-1-3b-01"/>
   </variable>
   <variable>
      <name value="Patient-nl-core-patient-eov-test-1-4b-01-id"/>
      <expression value="Patient.id"/>
      <sourceId value="Patient-nl-core-patient-eov-test-1-4b-01"/>
   </variable>
   <variable>
      <name value="Patient-nl-core-patient-eov-test-1-5-01-id"/>
      <expression value="Patient.id"/>
      <sourceId value="Patient-nl-core-patient-eov-test-1-5-01"/>
   </variable>
   <variable>
      <name value="Patient-nl-core-patient-eov-test-1-6-01-id"/>
      <expression value="Patient.id"/>
      <sourceId value="Patient-nl-core-patient-eov-test-1-6-01"/>
   </variable>
   <variable>
      <name value="Patient-nl-core-patient-eov-test-1-7-01-id"/>
      <expression value="Patient.id"/>
      <sourceId value="Patient-nl-core-patient-eov-test-1-7-01"/>
   </variable>
   <variable>
      <name value="Patient-nl-core-patient-eov-test-1-8-01-id"/>
      <expression value="Patient.id"/>
      <sourceId value="Patient-nl-core-patient-eov-test-1-8-01"/>
   </variable>
   <variable>
      <name value="Patient-XXX-Hondius-id"/>
      <expression value="Patient.id"/>
      <sourceId value="Patient-XXX-Hondius"/>
   </variable>
   <variable>
      <name value="Practitioner-nl-core-practitioner-eov-test-1-1-01-id"/>
      <expression value="Practitioner.id"/>
      <sourceId value="Practitioner-nl-core-practitioner-eov-test-1-1-01"/>
   </variable>
   <variable>
      <name value="Practitioner-nl-core-practitioner-eov-test-1-1-03-id"/>
      <expression value="Practitioner.id"/>
      <sourceId value="Practitioner-nl-core-practitioner-eov-test-1-1-03"/>
   </variable>
   <variable>
      <name value="Practitioner-nl-core-practitioner-eov-test-1-1-04-id"/>
      <expression value="Practitioner.id"/>
      <sourceId value="Practitioner-nl-core-practitioner-eov-test-1-1-04"/>
   </variable>
   <variable>
      <name value="Practitioner-nl-core-practitioner-eov-test-1-1-05-id"/>
      <expression value="Practitioner.id"/>
      <sourceId value="Practitioner-nl-core-practitioner-eov-test-1-1-05"/>
   </variable>
   <variable>
      <name value="Practitioner-nl-core-practitioner-eov-test-1-1-07-id"/>
      <expression value="Practitioner.id"/>
      <sourceId value="Practitioner-nl-core-practitioner-eov-test-1-1-07"/>
   </variable>
   <variable>
      <name value="Practitioner-nl-core-practitioner-eov-test-1-1-08-id"/>
      <expression value="Practitioner.id"/>
      <sourceId value="Practitioner-nl-core-practitioner-eov-test-1-1-08"/>
   </variable>
   <variable>
      <name value="Practitioner-nl-core-practitioner-eov-test-1-10b-01-id"/>
      <expression value="Practitioner.id"/>
      <sourceId value="Practitioner-nl-core-practitioner-eov-test-1-10b-01"/>
   </variable>
   <variable>
      <name value="Practitioner-nl-core-practitioner-eov-test-1-10b-03-id"/>
      <expression value="Practitioner.id"/>
      <sourceId value="Practitioner-nl-core-practitioner-eov-test-1-10b-03"/>
   </variable>
   <variable>
      <name value="Practitioner-nl-core-practitioner-eov-test-1-11b-01-id"/>
      <expression value="Practitioner.id"/>
      <sourceId value="Practitioner-nl-core-practitioner-eov-test-1-11b-01"/>
   </variable>
   <variable>
      <name value="Practitioner-nl-core-practitioner-eov-test-1-11b-03-id"/>
      <expression value="Practitioner.id"/>
      <sourceId value="Practitioner-nl-core-practitioner-eov-test-1-11b-03"/>
   </variable>
   <variable>
      <name value="Practitioner-nl-core-practitioner-eov-test-1-1b-01-id"/>
      <expression value="Practitioner.id"/>
      <sourceId value="Practitioner-nl-core-practitioner-eov-test-1-1b-01"/>
   </variable>
   <variable>
      <name value="Practitioner-nl-core-practitioner-eov-test-1-1b-03-id"/>
      <expression value="Practitioner.id"/>
      <sourceId value="Practitioner-nl-core-practitioner-eov-test-1-1b-03"/>
   </variable>
   <variable>
      <name value="Practitioner-nl-core-practitioner-eov-test-1-1b-04-id"/>
      <expression value="Practitioner.id"/>
      <sourceId value="Practitioner-nl-core-practitioner-eov-test-1-1b-04"/>
   </variable>
   <variable>
      <name value="Practitioner-nl-core-practitioner-eov-test-1-1b-05-id"/>
      <expression value="Practitioner.id"/>
      <sourceId value="Practitioner-nl-core-practitioner-eov-test-1-1b-05"/>
   </variable>
   <variable>
      <name value="Practitioner-nl-core-practitioner-eov-test-1-1b-07-id"/>
      <expression value="Practitioner.id"/>
      <sourceId value="Practitioner-nl-core-practitioner-eov-test-1-1b-07"/>
   </variable>
   <variable>
      <name value="Practitioner-nl-core-practitioner-eov-test-1-2b-01-id"/>
      <expression value="Practitioner.id"/>
      <sourceId value="Practitioner-nl-core-practitioner-eov-test-1-2b-01"/>
   </variable>
   <variable>
      <name value="Practitioner-nl-core-practitioner-eov-test-1-2b-03-id"/>
      <expression value="Practitioner.id"/>
      <sourceId value="Practitioner-nl-core-practitioner-eov-test-1-2b-03"/>
   </variable>
   <variable>
      <name value="Practitioner-nl-core-practitioner-eov-test-1-2b-04-id"/>
      <expression value="Practitioner.id"/>
      <sourceId value="Practitioner-nl-core-practitioner-eov-test-1-2b-04"/>
   </variable>
   <variable>
      <name value="Practitioner-nl-core-practitioner-eov-test-1-3b-01-id"/>
      <expression value="Practitioner.id"/>
      <sourceId value="Practitioner-nl-core-practitioner-eov-test-1-3b-01"/>
   </variable>
   <variable>
      <name value="Practitioner-nl-core-practitioner-eov-test-1-3b-02-id"/>
      <expression value="Practitioner.id"/>
      <sourceId value="Practitioner-nl-core-practitioner-eov-test-1-3b-02"/>
   </variable>
   <variable>
      <name value="Practitioner-nl-core-practitioner-eov-test-1-4b-01-id"/>
      <expression value="Practitioner.id"/>
      <sourceId value="Practitioner-nl-core-practitioner-eov-test-1-4b-01"/>
   </variable>
   <variable>
      <name value="Practitioner-nl-core-practitioner-eov-test-1-4b-02-id"/>
      <expression value="Practitioner.id"/>
      <sourceId value="Practitioner-nl-core-practitioner-eov-test-1-4b-02"/>
   </variable>
   <variable>
      <name value="Practitioner-nl-core-practitioner-eov-test-1-5-01-id"/>
      <expression value="Practitioner.id"/>
      <sourceId value="Practitioner-nl-core-practitioner-eov-test-1-5-01"/>
   </variable>
   <variable>
      <name value="Practitioner-nl-core-practitioner-eov-test-1-5-02-id"/>
      <expression value="Practitioner.id"/>
      <sourceId value="Practitioner-nl-core-practitioner-eov-test-1-5-02"/>
   </variable>
   <variable>
      <name value="Practitioner-nl-core-practitioner-eov-test-1-6-01-id"/>
      <expression value="Practitioner.id"/>
      <sourceId value="Practitioner-nl-core-practitioner-eov-test-1-6-01"/>
   </variable>
   <variable>
      <name value="Practitioner-nl-core-practitioner-eov-test-1-6-02-id"/>
      <expression value="Practitioner.id"/>
      <sourceId value="Practitioner-nl-core-practitioner-eov-test-1-6-02"/>
   </variable>
   <variable>
      <name value="Practitioner-nl-core-practitioner-eov-test-1-7-01-id"/>
      <expression value="Practitioner.id"/>
      <sourceId value="Practitioner-nl-core-practitioner-eov-test-1-7-01"/>
   </variable>
   <variable>
      <name value="Practitioner-nl-core-practitioner-eov-test-1-7-02-id"/>
      <expression value="Practitioner.id"/>
      <sourceId value="Practitioner-nl-core-practitioner-eov-test-1-7-02"/>
   </variable>
   <variable>
      <name value="Practitioner-nl-core-practitioner-eov-test-1-8-01-id"/>
      <expression value="Practitioner.id"/>
      <sourceId value="Practitioner-nl-core-practitioner-eov-test-1-8-01"/>
   </variable>
   <variable>
      <name value="Practitioner-nl-core-practitioner-eov-test-1-8-02-id"/>
      <expression value="Practitioner.id"/>
      <sourceId value="Practitioner-nl-core-practitioner-eov-test-1-8-02"/>
   </variable>
   <variable>
      <name value="Practitioner-nl-core-practitioner-eov-test-1-9b-01-id"/>
      <expression value="Practitioner.id"/>
      <sourceId value="Practitioner-nl-core-practitioner-eov-test-1-9b-01"/>
   </variable>
   <variable>
      <name value="Practitioner-nl-core-practitioner-eov-test-1-9b-03-id"/>
      <expression value="Practitioner.id"/>
      <sourceId value="Practitioner-nl-core-practitioner-eov-test-1-9b-03"/>
   </variable>
   <variable>
      <name value="PractitionerRole-nl-core-practitionerrole-eov-test-1-1-01-id"/>
      <expression value="PractitionerRole.id"/>
      <sourceId value="PractitionerRole-nl-core-practitionerrole-eov-test-1-1-01"/>
   </variable>
   <variable>
      <name value="PractitionerRole-nl-core-practitionerrole-eov-test-1-1-03-id"/>
      <expression value="PractitionerRole.id"/>
      <sourceId value="PractitionerRole-nl-core-practitionerrole-eov-test-1-1-03"/>
   </variable>
   <variable>
      <name value="PractitionerRole-nl-core-practitionerrole-eov-test-1-1-04-id"/>
      <expression value="PractitionerRole.id"/>
      <sourceId value="PractitionerRole-nl-core-practitionerrole-eov-test-1-1-04"/>
   </variable>
   <variable>
      <name value="PractitionerRole-nl-core-practitionerrole-eov-test-1-1-05-id"/>
      <expression value="PractitionerRole.id"/>
      <sourceId value="PractitionerRole-nl-core-practitionerrole-eov-test-1-1-05"/>
   </variable>
   <variable>
      <name value="PractitionerRole-nl-core-practitionerrole-eov-test-1-1-07-id"/>
      <expression value="PractitionerRole.id"/>
      <sourceId value="PractitionerRole-nl-core-practitionerrole-eov-test-1-1-07"/>
   </variable>
   <variable>
      <name value="PractitionerRole-nl-core-practitionerrole-eov-test-1-10b-01-id"/>
      <expression value="PractitionerRole.id"/>
      <sourceId value="PractitionerRole-nl-core-practitionerrole-eov-test-1-10b-01"/>
   </variable>
   <variable>
      <name value="PractitionerRole-nl-core-practitionerrole-eov-test-1-10b-02-id"/>
      <expression value="PractitionerRole.id"/>
      <sourceId value="PractitionerRole-nl-core-practitionerrole-eov-test-1-10b-02"/>
   </variable>
   <variable>
      <name value="PractitionerRole-nl-core-practitionerrole-eov-test-1-10b-03-id"/>
      <expression value="PractitionerRole.id"/>
      <sourceId value="PractitionerRole-nl-core-practitionerrole-eov-test-1-10b-03"/>
   </variable>
   <variable>
      <name value="PractitionerRole-nl-core-practitionerrole-eov-test-1-11b-01-id"/>
      <expression value="PractitionerRole.id"/>
      <sourceId value="PractitionerRole-nl-core-practitionerrole-eov-test-1-11b-01"/>
   </variable>
   <variable>
      <name value="PractitionerRole-nl-core-practitionerrole-eov-test-1-11b-02-id"/>
      <expression value="PractitionerRole.id"/>
      <sourceId value="PractitionerRole-nl-core-practitionerrole-eov-test-1-11b-02"/>
   </variable>
   <variable>
      <name value="PractitionerRole-nl-core-practitionerrole-eov-test-1-11b-03-id"/>
      <expression value="PractitionerRole.id"/>
      <sourceId value="PractitionerRole-nl-core-practitionerrole-eov-test-1-11b-03"/>
   </variable>
   <variable>
      <name value="PractitionerRole-nl-core-practitionerrole-eov-test-1-1b-01-id"/>
      <expression value="PractitionerRole.id"/>
      <sourceId value="PractitionerRole-nl-core-practitionerrole-eov-test-1-1b-01"/>
   </variable>
   <variable>
      <name value="PractitionerRole-nl-core-practitionerrole-eov-test-1-1b-03-id"/>
      <expression value="PractitionerRole.id"/>
      <sourceId value="PractitionerRole-nl-core-practitionerrole-eov-test-1-1b-03"/>
   </variable>
   <variable>
      <name value="PractitionerRole-nl-core-practitionerrole-eov-test-1-1b-04-id"/>
      <expression value="PractitionerRole.id"/>
      <sourceId value="PractitionerRole-nl-core-practitionerrole-eov-test-1-1b-04"/>
   </variable>
   <variable>
      <name value="PractitionerRole-nl-core-practitionerrole-eov-test-1-1b-05-id"/>
      <expression value="PractitionerRole.id"/>
      <sourceId value="PractitionerRole-nl-core-practitionerrole-eov-test-1-1b-05"/>
   </variable>
   <variable>
      <name value="PractitionerRole-nl-core-practitionerrole-eov-test-1-1b-07-id"/>
      <expression value="PractitionerRole.id"/>
      <sourceId value="PractitionerRole-nl-core-practitionerrole-eov-test-1-1b-07"/>
   </variable>
   <variable>
      <name value="PractitionerRole-nl-core-practitionerrole-eov-test-1-2b-01-id"/>
      <expression value="PractitionerRole.id"/>
      <sourceId value="PractitionerRole-nl-core-practitionerrole-eov-test-1-2b-01"/>
   </variable>
   <variable>
      <name value="PractitionerRole-nl-core-practitionerrole-eov-test-1-2b-03-id"/>
      <expression value="PractitionerRole.id"/>
      <sourceId value="PractitionerRole-nl-core-practitionerrole-eov-test-1-2b-03"/>
   </variable>
   <variable>
      <name value="PractitionerRole-nl-core-practitionerrole-eov-test-1-2b-04-id"/>
      <expression value="PractitionerRole.id"/>
      <sourceId value="PractitionerRole-nl-core-practitionerrole-eov-test-1-2b-04"/>
   </variable>
   <variable>
      <name value="PractitionerRole-nl-core-practitionerrole-eov-test-1-3b-01-id"/>
      <expression value="PractitionerRole.id"/>
      <sourceId value="PractitionerRole-nl-core-practitionerrole-eov-test-1-3b-01"/>
   </variable>
   <variable>
      <name value="PractitionerRole-nl-core-practitionerrole-eov-test-1-3b-02-id"/>
      <expression value="PractitionerRole.id"/>
      <sourceId value="PractitionerRole-nl-core-practitionerrole-eov-test-1-3b-02"/>
   </variable>
   <variable>
      <name value="PractitionerRole-nl-core-practitionerrole-eov-test-1-4b-01-id"/>
      <expression value="PractitionerRole.id"/>
      <sourceId value="PractitionerRole-nl-core-practitionerrole-eov-test-1-4b-01"/>
   </variable>
   <variable>
      <name value="PractitionerRole-nl-core-practitionerrole-eov-test-1-4b-02-id"/>
      <expression value="PractitionerRole.id"/>
      <sourceId value="PractitionerRole-nl-core-practitionerrole-eov-test-1-4b-02"/>
   </variable>
   <variable>
      <name value="PractitionerRole-nl-core-practitionerrole-eov-test-1-5-01-id"/>
      <expression value="PractitionerRole.id"/>
      <sourceId value="PractitionerRole-nl-core-practitionerrole-eov-test-1-5-01"/>
   </variable>
   <variable>
      <name value="PractitionerRole-nl-core-practitionerrole-eov-test-1-5-02-id"/>
      <expression value="PractitionerRole.id"/>
      <sourceId value="PractitionerRole-nl-core-practitionerrole-eov-test-1-5-02"/>
   </variable>
   <variable>
      <name value="PractitionerRole-nl-core-practitionerrole-eov-test-1-6-01-id"/>
      <expression value="PractitionerRole.id"/>
      <sourceId value="PractitionerRole-nl-core-practitionerrole-eov-test-1-6-01"/>
   </variable>
   <variable>
      <name value="PractitionerRole-nl-core-practitionerrole-eov-test-1-7-01-id"/>
      <expression value="PractitionerRole.id"/>
      <sourceId value="PractitionerRole-nl-core-practitionerrole-eov-test-1-7-01"/>
   </variable>
   <variable>
      <name value="PractitionerRole-nl-core-practitionerrole-eov-test-1-8-01-id"/>
      <expression value="PractitionerRole.id"/>
      <sourceId value="PractitionerRole-nl-core-practitionerrole-eov-test-1-8-01"/>
   </variable>
   <variable>
      <name value="PractitionerRole-nl-core-practitionerrole-eov-test-1-9b-01-id"/>
      <expression value="PractitionerRole.id"/>
      <sourceId value="PractitionerRole-nl-core-practitionerrole-eov-test-1-9b-01"/>
   </variable>
   <variable>
      <name value="PractitionerRole-nl-core-practitionerrole-eov-test-1-9b-02-id"/>
      <expression value="PractitionerRole.id"/>
      <sourceId value="PractitionerRole-nl-core-practitionerrole-eov-test-1-9b-02"/>
   </variable>
   <variable>
      <name value="PractitionerRole-nl-core-practitionerrole-eov-test-1-9b-03-id"/>
      <expression value="PractitionerRole.id"/>
      <sourceId value="PractitionerRole-nl-core-practitionerrole-eov-test-1-9b-03"/>
   </variable>
   <variable>
      <name value="Procedure-zib-FreedomRestrictingIntervention-eov-test-1-1-01-id"/>
      <expression value="Procedure.id"/>
      <sourceId value="Procedure-zib-FreedomRestrictingIntervention-eov-test-1-1-01"/>
   </variable>
   <variable>
      <name value="Procedure-zib-FreedomRestrictingIntervention-eov-test-1-6-01-id"/>
      <expression value="Procedure.id"/>
      <sourceId value="Procedure-zib-FreedomRestrictingIntervention-eov-test-1-6-01"/>
   </variable>
   <variable>
      <name value="Procedure-zib-FreedomRestrictingIntervention-eov-test-1-6-02-id"/>
      <expression value="Procedure.id"/>
      <sourceId value="Procedure-zib-FreedomRestrictingIntervention-eov-test-1-6-02"/>
   </variable>
   <variable>
      <name value="Procedure-zib-FreedomRestrictingIntervention-eov-test-1-7-01-id"/>
      <expression value="Procedure.id"/>
      <sourceId value="Procedure-zib-FreedomRestrictingIntervention-eov-test-1-7-01"/>
   </variable>
   <variable>
      <name value="Procedure-zib-FreedomRestrictingIntervention-eov-test-1-7-02-id"/>
      <expression value="Procedure.id"/>
      <sourceId value="Procedure-zib-FreedomRestrictingIntervention-eov-test-1-7-02"/>
   </variable>
   <variable>
      <name value="Procedure-zib-NursingIntervention-eov-test-1-1-01-id"/>
      <expression value="Procedure.id"/>
      <sourceId value="Procedure-zib-NursingIntervention-eov-test-1-1-01"/>
   </variable>
   <variable>
      <name value="Procedure-zib-NursingIntervention-eov-test-1-1-02-id"/>
      <expression value="Procedure.id"/>
      <sourceId value="Procedure-zib-NursingIntervention-eov-test-1-1-02"/>
   </variable>
   <variable>
      <name value="Procedure-zib-NursingIntervention-eov-test-1-1-03-id"/>
      <expression value="Procedure.id"/>
      <sourceId value="Procedure-zib-NursingIntervention-eov-test-1-1-03"/>
   </variable>
   <variable>
      <name value="Procedure-zib-NursingIntervention-eov-test-1-1-04-id"/>
      <expression value="Procedure.id"/>
      <sourceId value="Procedure-zib-NursingIntervention-eov-test-1-1-04"/>
   </variable>
   <variable>
      <name value="Procedure-zib-NursingIntervention-eov-test-1-1-05-id"/>
      <expression value="Procedure.id"/>
      <sourceId value="Procedure-zib-NursingIntervention-eov-test-1-1-05"/>
   </variable>
   <variable>
      <name value="Procedure-zib-NursingIntervention-eov-test-1-1-06-id"/>
      <expression value="Procedure.id"/>
      <sourceId value="Procedure-zib-NursingIntervention-eov-test-1-1-06"/>
   </variable>
   <variable>
      <name value="Procedure-zib-NursingIntervention-eov-test-1-1-07-id"/>
      <expression value="Procedure.id"/>
      <sourceId value="Procedure-zib-NursingIntervention-eov-test-1-1-07"/>
   </variable>
   <variable>
      <name value="Procedure-zib-NursingIntervention-eov-test-1-1-08-id"/>
      <expression value="Procedure.id"/>
      <sourceId value="Procedure-zib-NursingIntervention-eov-test-1-1-08"/>
   </variable>
   <variable>
      <name value="Procedure-zib-NursingIntervention-eov-test-1-5-01-id"/>
      <expression value="Procedure.id"/>
      <sourceId value="Procedure-zib-NursingIntervention-eov-test-1-5-01"/>
   </variable>
   <variable>
      <name value="Procedure-zib-NursingIntervention-eov-test-1-6-01-id"/>
      <expression value="Procedure.id"/>
      <sourceId value="Procedure-zib-NursingIntervention-eov-test-1-6-01"/>
   </variable>
   <variable>
      <name value="Procedure-zib-NursingIntervention-eov-test-1-7-01-id"/>
      <expression value="Procedure.id"/>
      <sourceId value="Procedure-zib-NursingIntervention-eov-test-1-7-01"/>
   </variable>
   <variable>
      <name value="Procedure-zib-NursingIntervention-eov-test-1-8-01-id"/>
      <expression value="Procedure.id"/>
      <sourceId value="Procedure-zib-NursingIntervention-eov-test-1-8-01"/>
   </variable>
   <variable>
      <name value="RelatedPerson-nl-core-relatedperson-eov-test-1-1-01-id"/>
      <expression value="RelatedPerson.id"/>
      <sourceId value="RelatedPerson-nl-core-relatedperson-eov-test-1-1-01"/>
   </variable>
   <variable>
      <name value="RelatedPerson-nl-core-relatedperson-eov-test-1-1-02-id"/>
      <expression value="RelatedPerson.id"/>
      <sourceId value="RelatedPerson-nl-core-relatedperson-eov-test-1-1-02"/>
   </variable>
   <variable>
      <name value="RelatedPerson-nl-core-relatedperson-eov-test-1-1-03-id"/>
      <expression value="RelatedPerson.id"/>
      <sourceId value="RelatedPerson-nl-core-relatedperson-eov-test-1-1-03"/>
   </variable>
   <variable>
      <name value="RelatedPerson-nl-core-relatedperson-eov-test-1-1-04-id"/>
      <expression value="RelatedPerson.id"/>
      <sourceId value="RelatedPerson-nl-core-relatedperson-eov-test-1-1-04"/>
   </variable>
   <variable>
      <name value="RelatedPerson-nl-core-relatedperson-eov-test-1-1b-01-id"/>
      <expression value="RelatedPerson.id"/>
      <sourceId value="RelatedPerson-nl-core-relatedperson-eov-test-1-1b-01"/>
   </variable>
   <variable>
      <name value="RelatedPerson-nl-core-relatedperson-eov-test-1-1b-02-id"/>
      <expression value="RelatedPerson.id"/>
      <sourceId value="RelatedPerson-nl-core-relatedperson-eov-test-1-1b-02"/>
   </variable>
   <variable>
      <name value="RelatedPerson-nl-core-relatedperson-eov-test-1-3b-01-id"/>
      <expression value="RelatedPerson.id"/>
      <sourceId value="RelatedPerson-nl-core-relatedperson-eov-test-1-3b-01"/>
   </variable>
   <variable>
      <name value="T"/>
      <defaultValue value="${CURRENTDATE}"/>
      <description value="Date that data and queries are expected to be relative to."/>
   </variable>
   <setup>
      <action>
         <operation>
            <type>
               <system value="http://touchstone.com/fhir/extended-operation-codes"/>
               <code value="purge"/>
            </type>
            <resource value="Patient"/>
            <accept value="xml"/>
            <contentType value="xml"/>
            <encodeRequestUrl value="true"/>
            <params value="nl-core-patient-eov-test-1-1-01/$purge"/>
            <requestHeader>
               <field value="Authorization"/>
               <value value="Bearer 97294e63-092d-4554-a18a-9d60de7a726d"/>
            </requestHeader>
         </operation>
      </action>
      <action>
         <assert>
            <description value="Confirm that the returned HTTP status is 200(OK) or 204(No Content)"/>
            <operator value="in"/>
            <responseCode value="200,204"/>
            <warningOnly value="false"/>
         </assert>
      </action>
      <action>
         <operation>
            <type>
               <system value="http://touchstone.com/fhir/extended-operation-codes"/>
               <code value="purge"/>
            </type>
            <resource value="Patient"/>
            <accept value="xml"/>
            <contentType value="xml"/>
            <encodeRequestUrl value="true"/>
            <params value="nl-core-patient-eov-test-1-1b-01/$purge"/>
            <requestHeader>
               <field value="Authorization"/>
               <value value="Bearer 4777580a-690e-44ce-8a3c-1e29d420ab40"/>
            </requestHeader>
         </operation>
      </action>
      <action>
         <assert>
            <description value="Confirm that the returned HTTP status is 200(OK) or 204(No Content)"/>
            <operator value="in"/>
            <responseCode value="200,204"/>
            <warningOnly value="false"/>
         </assert>
      </action>
      <action>
         <operation>
            <type>
               <system value="http://touchstone.com/fhir/extended-operation-codes"/>
               <code value="purge"/>
            </type>
            <resource value="Patient"/>
            <accept value="xml"/>
            <contentType value="xml"/>
            <encodeRequestUrl value="true"/>
            <params value="nl-core-patient-eov-test-1-2b-01/$purge"/>
            <requestHeader>
               <field value="Authorization"/>
               <value value="Bearer afc1cfc0-6848-4ccb-a0a1-f87838301c31"/>
            </requestHeader>
         </operation>
      </action>
      <action>
         <assert>
            <description value="Confirm that the returned HTTP status is 200(OK) or 204(No Content)"/>
            <operator value="in"/>
            <responseCode value="200,204"/>
            <warningOnly value="false"/>
         </assert>
      </action>
      <action>
         <operation>
            <type>
               <system value="http://touchstone.com/fhir/extended-operation-codes"/>
               <code value="purge"/>
            </type>
            <resource value="Patient"/>
            <accept value="xml"/>
            <contentType value="xml"/>
            <encodeRequestUrl value="true"/>
            <params value="nl-core-patient-eov-test-1-3b-01/$purge"/>
            <requestHeader>
               <field value="Authorization"/>
               <value value="Bearer 7da0de73-a3ad-41af-9272-1a5e8f1113f2"/>
            </requestHeader>
         </operation>
      </action>
      <action>
         <assert>
            <description value="Confirm that the returned HTTP status is 200(OK) or 204(No Content)"/>
            <operator value="in"/>
            <responseCode value="200,204"/>
            <warningOnly value="false"/>
         </assert>
      </action>
      <action>
         <operation>
            <type>
               <system value="http://touchstone.com/fhir/extended-operation-codes"/>
               <code value="purge"/>
            </type>
            <resource value="Patient"/>
            <accept value="xml"/>
            <contentType value="xml"/>
            <encodeRequestUrl value="true"/>
            <params value="nl-core-patient-eov-test-1-4b-01/$purge"/>
            <requestHeader>
               <field value="Authorization"/>
               <value value="Bearer ac282097-fffa-4edb-83db-3aaff8effc01"/>
            </requestHeader>
         </operation>
      </action>
      <action>
         <assert>
            <description value="Confirm that the returned HTTP status is 200(OK) or 204(No Content)"/>
            <operator value="in"/>
            <responseCode value="200,204"/>
            <warningOnly value="false"/>
         </assert>
      </action>
      <action>
         <operation>
            <type>
               <system value="http://touchstone.com/fhir/extended-operation-codes"/>
               <code value="purge"/>
            </type>
            <resource value="Patient"/>
            <accept value="xml"/>
            <contentType value="xml"/>
            <encodeRequestUrl value="true"/>
            <params value="nl-core-patient-eov-test-1-5-01/$purge"/>
            <requestHeader>
               <field value="Authorization"/>
               <value value="Bearer 6fa204d2-9d4d-4dba-9fd3-b40da5203d4a"/>
            </requestHeader>
         </operation>
      </action>
      <action>
         <assert>
            <description value="Confirm that the returned HTTP status is 200(OK) or 204(No Content)"/>
            <operator value="in"/>
            <responseCode value="200,204"/>
            <warningOnly value="false"/>
         </assert>
      </action>
      <action>
         <operation>
            <type>
               <system value="http://touchstone.com/fhir/extended-operation-codes"/>
               <code value="purge"/>
            </type>
            <resource value="Patient"/>
            <accept value="xml"/>
            <contentType value="xml"/>
            <encodeRequestUrl value="true"/>
            <params value="nl-core-patient-eov-test-1-6-01/$purge"/>
            <requestHeader>
               <field value="Authorization"/>
               <value value="Bearer 80dd21a2-4a38-4de1-a4cb-e4def6007301"/>
            </requestHeader>
         </operation>
      </action>
      <action>
         <assert>
            <description value="Confirm that the returned HTTP status is 200(OK) or 204(No Content)"/>
            <operator value="in"/>
            <responseCode value="200,204"/>
            <warningOnly value="false"/>
         </assert>
      </action>
      <action>
         <operation>
            <type>
               <system value="http://touchstone.com/fhir/extended-operation-codes"/>
               <code value="purge"/>
            </type>
            <resource value="Patient"/>
            <accept value="xml"/>
            <contentType value="xml"/>
            <encodeRequestUrl value="true"/>
            <params value="nl-core-patient-eov-test-1-7-01/$purge"/>
            <requestHeader>
               <field value="Authorization"/>
               <value value="Bearer 44ef3c25-6a05-4668-ac1b-16beb0f7a82f"/>
            </requestHeader>
         </operation>
      </action>
      <action>
         <assert>
            <description value="Confirm that the returned HTTP status is 200(OK) or 204(No Content)"/>
            <operator value="in"/>
            <responseCode value="200,204"/>
            <warningOnly value="false"/>
         </assert>
      </action>
      <action>
         <operation>
            <type>
               <system value="http://touchstone.com/fhir/extended-operation-codes"/>
               <code value="purge"/>
            </type>
            <resource value="Patient"/>
            <accept value="xml"/>
            <contentType value="xml"/>
            <encodeRequestUrl value="true"/>
            <params value="nl-core-patient-eov-test-1-8-01/$purge"/>
            <requestHeader>
               <field value="Authorization"/>
               <value value="Bearer 8650115c-b5b4-40ea-82c9-dd2e8566ef2c"/>
            </requestHeader>
         </operation>
      </action>
      <action>
         <assert>
            <description value="Confirm that the returned HTTP status is 200(OK) or 204(No Content)"/>
            <operator value="in"/>
            <responseCode value="200,204"/>
            <warningOnly value="false"/>
         </assert>
      </action>
      <action>
         <operation>
            <type>
               <system value="http://touchstone.com/fhir/extended-operation-codes"/>
               <code value="purge"/>
            </type>
            <resource value="Patient"/>
            <accept value="xml"/>
            <contentType value="xml"/>
            <encodeRequestUrl value="true"/>
            <params value="XXX-Hondius/$purge"/>
            <requestHeader>
               <field value="Authorization"/>
               <value value="Bearer 90d9027e-8535-439d-a14b-ee4a1309bf56"/>
            </requestHeader>
         </operation>
      </action>
      <action>
         <assert>
            <description value="Confirm that the returned HTTP status is 200(OK) or 204(No Content)"/>
            <operator value="in"/>
            <responseCode value="200,204"/>
            <warningOnly value="false"/>
         </assert>
      </action>
   </setup>
   <test id="Step1-LoadTestResourceCreate">
      <name value="Step1-LoadTestResourceCreate"/>
      <description value="Load test resources using the update (PUT) operation of the target FHIR server for use in testing. All resource ids are pre-defined. The target XIS FHIR server is expected to support resource create via the update (PUT) operation for client assigned ids. "/>
      <action>
         <operation>
            <type>
               <system value="http://terminology.hl7.org/CodeSystem/testscript-operation-codes"/>
               <code value="updateCreate"/>
            </type>
            <resource value="Patient"/>
            <accept value="xml"/>
            <contentType value="xml"/>
            <encodeRequestUrl value="true"/>
            <params value="/${Patient-nl-core-patient-eov-test-1-1-01-id}"/>
            <requestHeader>
               <field value="Authorization"/>
               <value value="Bearer 97294e63-092d-4554-a18a-9d60de7a726d"/>
            </requestHeader>
            <sourceId value="Patient-nl-core-patient-eov-test-1-1-01"/>
         </operation>
      </action>
      <action>
         <assert>
            <description value="Confirm that the returned HTTP status is 200(OK) or 201(Created)."/>
            <operator value="in"/>
            <responseCode value="200,201"/>
            <warningOnly value="false"/>
         </assert>
      </action>
      <action>
         <operation>
            <type>
               <system value="http://terminology.hl7.org/CodeSystem/testscript-operation-codes"/>
               <code value="updateCreate"/>
            </type>
            <resource value="Patient"/>
            <accept value="xml"/>
            <contentType value="xml"/>
            <encodeRequestUrl value="true"/>
            <params value="/${Patient-nl-core-patient-eov-test-1-1b-01-id}"/>
            <requestHeader>
               <field value="Authorization"/>
               <value value="Bearer 4777580a-690e-44ce-8a3c-1e29d420ab40"/>
            </requestHeader>
            <sourceId value="Patient-nl-core-patient-eov-test-1-1b-01"/>
         </operation>
      </action>
      <action>
         <assert>
            <description value="Confirm that the returned HTTP status is 200(OK) or 201(Created)."/>
            <operator value="in"/>
            <responseCode value="200,201"/>
            <warningOnly value="false"/>
         </assert>
      </action>
      <action>
         <operation>
            <type>
               <system value="http://terminology.hl7.org/CodeSystem/testscript-operation-codes"/>
               <code value="updateCreate"/>
            </type>
            <resource value="Patient"/>
            <accept value="xml"/>
            <contentType value="xml"/>
            <encodeRequestUrl value="true"/>
            <params value="/${Patient-nl-core-patient-eov-test-1-2b-01-id}"/>
            <requestHeader>
               <field value="Authorization"/>
               <value value="Bearer afc1cfc0-6848-4ccb-a0a1-f87838301c31"/>
            </requestHeader>
            <sourceId value="Patient-nl-core-patient-eov-test-1-2b-01"/>
         </operation>
      </action>
      <action>
         <assert>
            <description value="Confirm that the returned HTTP status is 200(OK) or 201(Created)."/>
            <operator value="in"/>
            <responseCode value="200,201"/>
            <warningOnly value="false"/>
         </assert>
      </action>
      <action>
         <operation>
            <type>
               <system value="http://terminology.hl7.org/CodeSystem/testscript-operation-codes"/>
               <code value="updateCreate"/>
            </type>
            <resource value="Patient"/>
            <accept value="xml"/>
            <contentType value="xml"/>
            <encodeRequestUrl value="true"/>
            <params value="/${Patient-nl-core-patient-eov-test-1-3b-01-id}"/>
            <requestHeader>
               <field value="Authorization"/>
               <value value="Bearer 7da0de73-a3ad-41af-9272-1a5e8f1113f2"/>
            </requestHeader>
            <sourceId value="Patient-nl-core-patient-eov-test-1-3b-01"/>
         </operation>
      </action>
      <action>
         <assert>
            <description value="Confirm that the returned HTTP status is 200(OK) or 201(Created)."/>
            <operator value="in"/>
            <responseCode value="200,201"/>
            <warningOnly value="false"/>
         </assert>
      </action>
      <action>
         <operation>
            <type>
               <system value="http://terminology.hl7.org/CodeSystem/testscript-operation-codes"/>
               <code value="updateCreate"/>
            </type>
            <resource value="Patient"/>
            <accept value="xml"/>
            <contentType value="xml"/>
            <encodeRequestUrl value="true"/>
            <params value="/${Patient-nl-core-patient-eov-test-1-4b-01-id}"/>
            <requestHeader>
               <field value="Authorization"/>
               <value value="Bearer ac282097-fffa-4edb-83db-3aaff8effc01"/>
            </requestHeader>
            <sourceId value="Patient-nl-core-patient-eov-test-1-4b-01"/>
         </operation>
      </action>
      <action>
         <assert>
            <description value="Confirm that the returned HTTP status is 200(OK) or 201(Created)."/>
            <operator value="in"/>
            <responseCode value="200,201"/>
            <warningOnly value="false"/>
         </assert>
      </action>
      <action>
         <operation>
            <type>
               <system value="http://terminology.hl7.org/CodeSystem/testscript-operation-codes"/>
               <code value="updateCreate"/>
            </type>
            <resource value="Patient"/>
            <accept value="xml"/>
            <contentType value="xml"/>
            <encodeRequestUrl value="true"/>
            <params value="/${Patient-nl-core-patient-eov-test-1-5-01-id}"/>
            <requestHeader>
               <field value="Authorization"/>
               <value value="Bearer 6fa204d2-9d4d-4dba-9fd3-b40da5203d4a"/>
            </requestHeader>
            <sourceId value="Patient-nl-core-patient-eov-test-1-5-01"/>
         </operation>
      </action>
      <action>
         <assert>
            <description value="Confirm that the returned HTTP status is 200(OK) or 201(Created)."/>
            <operator value="in"/>
            <responseCode value="200,201"/>
            <warningOnly value="false"/>
         </assert>
      </action>
      <action>
         <operation>
            <type>
               <system value="http://terminology.hl7.org/CodeSystem/testscript-operation-codes"/>
               <code value="updateCreate"/>
            </type>
            <resource value="Patient"/>
            <accept value="xml"/>
            <contentType value="xml"/>
            <encodeRequestUrl value="true"/>
            <params value="/${Patient-nl-core-patient-eov-test-1-6-01-id}"/>
            <requestHeader>
               <field value="Authorization"/>
               <value value="Bearer 80dd21a2-4a38-4de1-a4cb-e4def6007301"/>
            </requestHeader>
            <sourceId value="Patient-nl-core-patient-eov-test-1-6-01"/>
         </operation>
      </action>
      <action>
         <assert>
            <description value="Confirm that the returned HTTP status is 200(OK) or 201(Created)."/>
            <operator value="in"/>
            <responseCode value="200,201"/>
            <warningOnly value="false"/>
         </assert>
      </action>
      <action>
         <operation>
            <type>
               <system value="http://terminology.hl7.org/CodeSystem/testscript-operation-codes"/>
               <code value="updateCreate"/>
            </type>
            <resource value="Patient"/>
            <accept value="xml"/>
            <contentType value="xml"/>
            <encodeRequestUrl value="true"/>
            <params value="/${Patient-nl-core-patient-eov-test-1-7-01-id}"/>
            <requestHeader>
               <field value="Authorization"/>
               <value value="Bearer 44ef3c25-6a05-4668-ac1b-16beb0f7a82f"/>
            </requestHeader>
            <sourceId value="Patient-nl-core-patient-eov-test-1-7-01"/>
         </operation>
      </action>
      <action>
         <assert>
            <description value="Confirm that the returned HTTP status is 200(OK) or 201(Created)."/>
            <operator value="in"/>
            <responseCode value="200,201"/>
            <warningOnly value="false"/>
         </assert>
      </action>
      <action>
         <operation>
            <type>
               <system value="http://terminology.hl7.org/CodeSystem/testscript-operation-codes"/>
               <code value="updateCreate"/>
            </type>
            <resource value="Patient"/>
            <accept value="xml"/>
            <contentType value="xml"/>
            <encodeRequestUrl value="true"/>
            <params value="/${Patient-nl-core-patient-eov-test-1-8-01-id}"/>
            <requestHeader>
               <field value="Authorization"/>
               <value value="Bearer 8650115c-b5b4-40ea-82c9-dd2e8566ef2c"/>
            </requestHeader>
            <sourceId value="Patient-nl-core-patient-eov-test-1-8-01"/>
         </operation>
      </action>
      <action>
         <assert>
            <description value="Confirm that the returned HTTP status is 200(OK) or 201(Created)."/>
            <operator value="in"/>
            <responseCode value="200,201"/>
            <warningOnly value="false"/>
         </assert>
      </action>
      <action>
         <operation>
            <type>
               <system value="http://terminology.hl7.org/CodeSystem/testscript-operation-codes"/>
               <code value="updateCreate"/>
            </type>
            <resource value="Patient"/>
            <accept value="xml"/>
            <contentType value="xml"/>
            <encodeRequestUrl value="true"/>
            <params value="/${Patient-XXX-Hondius-id}"/>
            <requestHeader>
               <field value="Authorization"/>
               <value value="Bearer 90d9027e-8535-439d-a14b-ee4a1309bf56"/>
            </requestHeader>
            <sourceId value="Patient-XXX-Hondius"/>
         </operation>
      </action>
      <action>
         <assert>
            <description value="Confirm that the returned HTTP status is 200(OK) or 201(Created)."/>
            <operator value="in"/>
            <responseCode value="200,201"/>
            <warningOnly value="false"/>
         </assert>
      </action>
      <action>
         <operation>
            <type>
               <system value="http://terminology.hl7.org/CodeSystem/testscript-operation-codes"/>
               <code value="updateCreate"/>
            </type>
            <resource value="AllergyIntolerance"/>
            <accept value="xml"/>
            <contentType value="xml"/>
            <encodeRequestUrl value="true"/>
            <params value="/${AllergyIntolerance-zib-AllergyIntolerance-eov-test-1-1-01-id}"/>
            <requestHeader>
               <field value="Authorization"/>
               <value value="Bearer 97294e63-092d-4554-a18a-9d60de7a726d"/>
            </requestHeader>
            <sourceId value="AllergyIntolerance-zib-AllergyIntolerance-eov-test-1-1-01"/>
         </operation>
      </action>
      <action>
         <assert>
            <description value="Confirm that the returned HTTP status is 200(OK) or 201(Created)."/>
            <operator value="in"/>
            <responseCode value="200,201"/>
            <warningOnly value="false"/>
         </assert>
      </action>
      <action>
         <operation>
            <type>
               <system value="http://terminology.hl7.org/CodeSystem/testscript-operation-codes"/>
               <code value="updateCreate"/>
            </type>
            <resource value="AllergyIntolerance"/>
            <accept value="xml"/>
            <contentType value="xml"/>
            <encodeRequestUrl value="true"/>
            <params value="/${AllergyIntolerance-zib-AllergyIntolerance-eov-test-1-1-02-id}"/>
            <requestHeader>
               <field value="Authorization"/>
               <value value="Bearer 97294e63-092d-4554-a18a-9d60de7a726d"/>
            </requestHeader>
            <sourceId value="AllergyIntolerance-zib-AllergyIntolerance-eov-test-1-1-02"/>
         </operation>
      </action>
      <action>
         <assert>
            <description value="Confirm that the returned HTTP status is 200(OK) or 201(Created)."/>
            <operator value="in"/>
            <responseCode value="200,201"/>
            <warningOnly value="false"/>
         </assert>
      </action>
      <action>
         <operation>
            <type>
               <system value="http://terminology.hl7.org/CodeSystem/testscript-operation-codes"/>
               <code value="updateCreate"/>
            </type>
            <resource value="AllergyIntolerance"/>
            <accept value="xml"/>
            <contentType value="xml"/>
            <encodeRequestUrl value="true"/>
            <params value="/${AllergyIntolerance-zib-AllergyIntolerance-eov-test-1-1b-01-id}"/>
            <requestHeader>
               <field value="Authorization"/>
               <value value="Bearer 97294e63-092d-4554-a18a-9d60de7a726d"/>
            </requestHeader>
            <sourceId value="AllergyIntolerance-zib-AllergyIntolerance-eov-test-1-1b-01"/>
         </operation>
      </action>
      <action>
         <assert>
            <description value="Confirm that the returned HTTP status is 200(OK) or 201(Created)."/>
            <operator value="in"/>
            <responseCode value="200,201"/>
            <warningOnly value="false"/>
         </assert>
      </action>
      <action>
         <operation>
            <type>
               <system value="http://terminology.hl7.org/CodeSystem/testscript-operation-codes"/>
               <code value="updateCreate"/>
            </type>
            <resource value="AllergyIntolerance"/>
            <accept value="xml"/>
            <contentType value="xml"/>
            <encodeRequestUrl value="true"/>
            <params value="/${AllergyIntolerance-zib-AllergyIntolerance-eov-test-1-1b-02-id}"/>
            <requestHeader>
               <field value="Authorization"/>
               <value value="Bearer 97294e63-092d-4554-a18a-9d60de7a726d"/>
            </requestHeader>
            <sourceId value="AllergyIntolerance-zib-AllergyIntolerance-eov-test-1-1b-02"/>
         </operation>
      </action>
      <action>
         <assert>
            <description value="Confirm that the returned HTTP status is 200(OK) or 201(Created)."/>
            <operator value="in"/>
            <responseCode value="200,201"/>
            <warningOnly value="false"/>
         </assert>
      </action>
      <action>
         <operation>
            <type>
               <system value="http://terminology.hl7.org/CodeSystem/testscript-operation-codes"/>
               <code value="updateCreate"/>
            </type>
            <resource value="CarePlan"/>
            <accept value="xml"/>
            <contentType value="xml"/>
            <encodeRequestUrl value="true"/>
            <params value="/${CarePlan-zib-HelpFromOthers-eov-test-1-1-01-id}"/>
            <requestHeader>
               <field value="Authorization"/>
               <value value="Bearer 97294e63-092d-4554-a18a-9d60de7a726d"/>
            </requestHeader>
            <sourceId value="CarePlan-zib-HelpFromOthers-eov-test-1-1-01"/>
         </operation>
      </action>
      <action>
         <assert>
            <description value="Confirm that the returned HTTP status is 200(OK) or 201(Created)."/>
            <operator value="in"/>
            <responseCode value="200,201"/>
            <warningOnly value="false"/>
         </assert>
      </action>
      <action>
         <operation>
            <type>
               <system value="http://terminology.hl7.org/CodeSystem/testscript-operation-codes"/>
               <code value="updateCreate"/>
            </type>
            <resource value="CarePlan"/>
            <accept value="xml"/>
            <contentType value="xml"/>
            <encodeRequestUrl value="true"/>
            <params value="/${CarePlan-zib-HelpFromOthers-eov-test-1-1-02-id}"/>
            <requestHeader>
               <field value="Authorization"/>
               <value value="Bearer 97294e63-092d-4554-a18a-9d60de7a726d"/>
            </requestHeader>
            <sourceId value="CarePlan-zib-HelpFromOthers-eov-test-1-1-02"/>
         </operation>
      </action>
      <action>
         <assert>
            <description value="Confirm that the returned HTTP status is 200(OK) or 201(Created)."/>
            <operator value="in"/>
            <responseCode value="200,201"/>
            <warningOnly value="false"/>
         </assert>
      </action>
      <action>
         <operation>
            <type>
               <system value="http://terminology.hl7.org/CodeSystem/testscript-operation-codes"/>
               <code value="updateCreate"/>
            </type>
            <resource value="CarePlan"/>
            <accept value="xml"/>
            <contentType value="xml"/>
            <encodeRequestUrl value="true"/>
            <params value="/${CarePlan-zib-HelpFromOthers-eov-test-1-1-03-id}"/>
            <requestHeader>
               <field value="Authorization"/>
               <value value="Bearer 97294e63-092d-4554-a18a-9d60de7a726d"/>
            </requestHeader>
            <sourceId value="CarePlan-zib-HelpFromOthers-eov-test-1-1-03"/>
         </operation>
      </action>
      <action>
         <assert>
            <description value="Confirm that the returned HTTP status is 200(OK) or 201(Created)."/>
            <operator value="in"/>
            <responseCode value="200,201"/>
            <warningOnly value="false"/>
         </assert>
      </action>
      <action>
         <operation>
            <type>
               <system value="http://terminology.hl7.org/CodeSystem/testscript-operation-codes"/>
               <code value="updateCreate"/>
            </type>
            <resource value="Composition"/>
            <accept value="xml"/>
            <contentType value="xml"/>
            <encodeRequestUrl value="true"/>
            <params value="/${Composition-eOverdracht-AdvanceNotice-eov-test-1-1-01-id}"/>
            <requestHeader>
               <field value="Authorization"/>
               <value value="Bearer 97294e63-092d-4554-a18a-9d60de7a726d"/>
            </requestHeader>
            <sourceId value="Composition-eOverdracht-AdvanceNotice-eov-test-1-1-01"/>
         </operation>
      </action>
      <action>
         <assert>
            <description value="Confirm that the returned HTTP status is 200(OK) or 201(Created)."/>
            <operator value="in"/>
            <responseCode value="200,201"/>
            <warningOnly value="false"/>
         </assert>
      </action>
      <action>
         <operation>
            <type>
               <system value="http://terminology.hl7.org/CodeSystem/testscript-operation-codes"/>
               <code value="updateCreate"/>
            </type>
            <resource value="Composition"/>
            <accept value="xml"/>
            <contentType value="xml"/>
            <encodeRequestUrl value="true"/>
            <params value="/${Composition-eOverdracht-AdvanceNotice-eov-test-1-10b-01-id}"/>
            <requestHeader>
               <field value="Authorization"/>
               <value value="Bearer 97294e63-092d-4554-a18a-9d60de7a726d"/>
            </requestHeader>
            <sourceId value="Composition-eOverdracht-AdvanceNotice-eov-test-1-10b-01"/>
         </operation>
      </action>
      <action>
         <assert>
            <description value="Confirm that the returned HTTP status is 200(OK) or 201(Created)."/>
            <operator value="in"/>
            <responseCode value="200,201"/>
            <warningOnly value="false"/>
         </assert>
      </action>
      <action>
         <operation>
            <type>
               <system value="http://terminology.hl7.org/CodeSystem/testscript-operation-codes"/>
               <code value="updateCreate"/>
            </type>
            <resource value="Composition"/>
            <accept value="xml"/>
            <contentType value="xml"/>
            <encodeRequestUrl value="true"/>
            <params value="/${Composition-eOverdracht-AdvanceNotice-eov-test-1-11b-01-id}"/>
            <requestHeader>
               <field value="Authorization"/>
               <value value="Bearer 97294e63-092d-4554-a18a-9d60de7a726d"/>
            </requestHeader>
            <sourceId value="Composition-eOverdracht-AdvanceNotice-eov-test-1-11b-01"/>
         </operation>
      </action>
      <action>
         <assert>
            <description value="Confirm that the returned HTTP status is 200(OK) or 201(Created)."/>
            <operator value="in"/>
            <responseCode value="200,201"/>
            <warningOnly value="false"/>
         </assert>
      </action>
      <action>
         <operation>
            <type>
               <system value="http://terminology.hl7.org/CodeSystem/testscript-operation-codes"/>
               <code value="updateCreate"/>
            </type>
            <resource value="Composition"/>
            <accept value="xml"/>
            <contentType value="xml"/>
            <encodeRequestUrl value="true"/>
            <params value="/${Composition-eOverdracht-AdvanceNotice-eov-test-1-1b-01-id}"/>
            <requestHeader>
               <field value="Authorization"/>
               <value value="Bearer 97294e63-092d-4554-a18a-9d60de7a726d"/>
            </requestHeader>
            <sourceId value="Composition-eOverdracht-AdvanceNotice-eov-test-1-1b-01"/>
         </operation>
      </action>
      <action>
         <assert>
            <description value="Confirm that the returned HTTP status is 200(OK) or 201(Created)."/>
            <operator value="in"/>
            <responseCode value="200,201"/>
            <warningOnly value="false"/>
         </assert>
      </action>
      <action>
         <operation>
            <type>
               <system value="http://terminology.hl7.org/CodeSystem/testscript-operation-codes"/>
               <code value="updateCreate"/>
            </type>
            <resource value="Composition"/>
            <accept value="xml"/>
            <contentType value="xml"/>
            <encodeRequestUrl value="true"/>
            <params value="/${Composition-eOverdracht-AdvanceNotice-eov-test-1-2b-01-id}"/>
            <requestHeader>
               <field value="Authorization"/>
               <value value="Bearer 97294e63-092d-4554-a18a-9d60de7a726d"/>
            </requestHeader>
            <sourceId value="Composition-eOverdracht-AdvanceNotice-eov-test-1-2b-01"/>
         </operation>
      </action>
      <action>
         <assert>
            <description value="Confirm that the returned HTTP status is 200(OK) or 201(Created)."/>
            <operator value="in"/>
            <responseCode value="200,201"/>
            <warningOnly value="false"/>
         </assert>
      </action>
      <action>
         <operation>
            <type>
               <system value="http://terminology.hl7.org/CodeSystem/testscript-operation-codes"/>
               <code value="updateCreate"/>
            </type>
            <resource value="Composition"/>
            <accept value="xml"/>
            <contentType value="xml"/>
            <encodeRequestUrl value="true"/>
            <params value="/${Composition-eOverdracht-AdvanceNotice-eov-test-1-2b-02-id}"/>
            <requestHeader>
               <field value="Authorization"/>
               <value value="Bearer 97294e63-092d-4554-a18a-9d60de7a726d"/>
            </requestHeader>
            <sourceId value="Composition-eOverdracht-AdvanceNotice-eov-test-1-2b-02"/>
         </operation>
      </action>
      <action>
         <assert>
            <description value="Confirm that the returned HTTP status is 200(OK) or 201(Created)."/>
            <operator value="in"/>
            <responseCode value="200,201"/>
            <warningOnly value="false"/>
         </assert>
      </action>
      <action>
         <operation>
            <type>
               <system value="http://terminology.hl7.org/CodeSystem/testscript-operation-codes"/>
               <code value="updateCreate"/>
            </type>
            <resource value="Composition"/>
            <accept value="xml"/>
            <contentType value="xml"/>
            <encodeRequestUrl value="true"/>
            <params value="/${Composition-eOverdracht-AdvanceNotice-eov-test-1-3b-01-id}"/>
            <requestHeader>
               <field value="Authorization"/>
               <value value="Bearer 97294e63-092d-4554-a18a-9d60de7a726d"/>
            </requestHeader>
            <sourceId value="Composition-eOverdracht-AdvanceNotice-eov-test-1-3b-01"/>
         </operation>
      </action>
      <action>
         <assert>
            <description value="Confirm that the returned HTTP status is 200(OK) or 201(Created)."/>
            <operator value="in"/>
            <responseCode value="200,201"/>
            <warningOnly value="false"/>
         </assert>
      </action>
      <action>
         <operation>
            <type>
               <system value="http://terminology.hl7.org/CodeSystem/testscript-operation-codes"/>
               <code value="updateCreate"/>
            </type>
            <resource value="Composition"/>
            <accept value="xml"/>
            <contentType value="xml"/>
            <encodeRequestUrl value="true"/>
            <params value="/${Composition-eOverdracht-AdvanceNotice-eov-test-1-4b-01-id}"/>
            <requestHeader>
               <field value="Authorization"/>
               <value value="Bearer 97294e63-092d-4554-a18a-9d60de7a726d"/>
            </requestHeader>
            <sourceId value="Composition-eOverdracht-AdvanceNotice-eov-test-1-4b-01"/>
         </operation>
      </action>
      <action>
         <assert>
            <description value="Confirm that the returned HTTP status is 200(OK) or 201(Created)."/>
            <operator value="in"/>
            <responseCode value="200,201"/>
            <warningOnly value="false"/>
         </assert>
      </action>
      <action>
         <operation>
            <type>
               <system value="http://terminology.hl7.org/CodeSystem/testscript-operation-codes"/>
               <code value="updateCreate"/>
            </type>
            <resource value="Composition"/>
            <accept value="xml"/>
            <contentType value="xml"/>
            <encodeRequestUrl value="true"/>
            <params value="/${Composition-eOverdracht-AdvanceNotice-eov-test-1-5-01-id}"/>
            <requestHeader>
               <field value="Authorization"/>
               <value value="Bearer 97294e63-092d-4554-a18a-9d60de7a726d"/>
            </requestHeader>
            <sourceId value="Composition-eOverdracht-AdvanceNotice-eov-test-1-5-01"/>
         </operation>
      </action>
      <action>
         <assert>
            <description value="Confirm that the returned HTTP status is 200(OK) or 201(Created)."/>
            <operator value="in"/>
            <responseCode value="200,201"/>
            <warningOnly value="false"/>
         </assert>
      </action>
      <action>
         <operation>
            <type>
               <system value="http://terminology.hl7.org/CodeSystem/testscript-operation-codes"/>
               <code value="updateCreate"/>
            </type>
            <resource value="Composition"/>
            <accept value="xml"/>
            <contentType value="xml"/>
            <encodeRequestUrl value="true"/>
            <params value="/${Composition-eOverdracht-AdvanceNotice-eov-test-1-6-01-id}"/>
            <requestHeader>
               <field value="Authorization"/>
               <value value="Bearer 97294e63-092d-4554-a18a-9d60de7a726d"/>
            </requestHeader>
            <sourceId value="Composition-eOverdracht-AdvanceNotice-eov-test-1-6-01"/>
         </operation>
      </action>
      <action>
         <assert>
            <description value="Confirm that the returned HTTP status is 200(OK) or 201(Created)."/>
            <operator value="in"/>
            <responseCode value="200,201"/>
            <warningOnly value="false"/>
         </assert>
      </action>
      <action>
         <operation>
            <type>
               <system value="http://terminology.hl7.org/CodeSystem/testscript-operation-codes"/>
               <code value="updateCreate"/>
            </type>
            <resource value="Composition"/>
            <accept value="xml"/>
            <contentType value="xml"/>
            <encodeRequestUrl value="true"/>
            <params value="/${Composition-eOverdracht-AdvanceNotice-eov-test-1-7-01-id}"/>
            <requestHeader>
               <field value="Authorization"/>
               <value value="Bearer 97294e63-092d-4554-a18a-9d60de7a726d"/>
            </requestHeader>
            <sourceId value="Composition-eOverdracht-AdvanceNotice-eov-test-1-7-01"/>
         </operation>
      </action>
      <action>
         <assert>
            <description value="Confirm that the returned HTTP status is 200(OK) or 201(Created)."/>
            <operator value="in"/>
            <responseCode value="200,201"/>
            <warningOnly value="false"/>
         </assert>
      </action>
      <action>
         <operation>
            <type>
               <system value="http://terminology.hl7.org/CodeSystem/testscript-operation-codes"/>
               <code value="updateCreate"/>
            </type>
            <resource value="Composition"/>
            <accept value="xml"/>
            <contentType value="xml"/>
            <encodeRequestUrl value="true"/>
            <params value="/${Composition-eOverdracht-AdvanceNotice-eov-test-1-8-01-id}"/>
            <requestHeader>
               <field value="Authorization"/>
               <value value="Bearer 97294e63-092d-4554-a18a-9d60de7a726d"/>
            </requestHeader>
            <sourceId value="Composition-eOverdracht-AdvanceNotice-eov-test-1-8-01"/>
         </operation>
      </action>
      <action>
         <assert>
            <description value="Confirm that the returned HTTP status is 200(OK) or 201(Created)."/>
            <operator value="in"/>
            <responseCode value="200,201"/>
            <warningOnly value="false"/>
         </assert>
      </action>
      <action>
         <operation>
            <type>
               <system value="http://terminology.hl7.org/CodeSystem/testscript-operation-codes"/>
               <code value="updateCreate"/>
            </type>
            <resource value="Composition"/>
            <accept value="xml"/>
            <contentType value="xml"/>
            <encodeRequestUrl value="true"/>
            <params value="/${Composition-eOverdracht-AdvanceNotice-eov-test-1-9b-01-id}"/>
            <requestHeader>
               <field value="Authorization"/>
               <value value="Bearer 97294e63-092d-4554-a18a-9d60de7a726d"/>
            </requestHeader>
            <sourceId value="Composition-eOverdracht-AdvanceNotice-eov-test-1-9b-01"/>
         </operation>
      </action>
      <action>
         <assert>
            <description value="Confirm that the returned HTTP status is 200(OK) or 201(Created)."/>
            <operator value="in"/>
            <responseCode value="200,201"/>
            <warningOnly value="false"/>
         </assert>
      </action>
      <action>
         <operation>
            <type>
               <system value="http://terminology.hl7.org/CodeSystem/testscript-operation-codes"/>
               <code value="updateCreate"/>
            </type>
            <resource value="Composition"/>
            <accept value="xml"/>
            <contentType value="xml"/>
            <encodeRequestUrl value="true"/>
            <params value="/${Composition-eOverdracht-NursingHandoff-Adults-eov-test-1-1-01-id}"/>
            <requestHeader>
               <field value="Authorization"/>
               <value value="Bearer 97294e63-092d-4554-a18a-9d60de7a726d"/>
            </requestHeader>
            <sourceId value="Composition-eOverdracht-NursingHandoff-Adults-eov-test-1-1-01"/>
         </operation>
      </action>
      <action>
         <assert>
            <description value="Confirm that the returned HTTP status is 200(OK) or 201(Created)."/>
            <operator value="in"/>
            <responseCode value="200,201"/>
            <warningOnly value="false"/>
         </assert>
      </action>
      <action>
         <operation>
            <type>
               <system value="http://terminology.hl7.org/CodeSystem/testscript-operation-codes"/>
               <code value="updateCreate"/>
            </type>
            <resource value="Composition"/>
            <accept value="xml"/>
            <contentType value="xml"/>
            <encodeRequestUrl value="true"/>
            <params value="/${Composition-eOverdracht-NursingHandoff-Adults-eov-test-1-10b-01-id}"/>
            <requestHeader>
               <field value="Authorization"/>
               <value value="Bearer 97294e63-092d-4554-a18a-9d60de7a726d"/>
            </requestHeader>
            <sourceId value="Composition-eOverdracht-NursingHandoff-Adults-eov-test-1-10b-01"/>
         </operation>
      </action>
      <action>
         <assert>
            <description value="Confirm that the returned HTTP status is 200(OK) or 201(Created)."/>
            <operator value="in"/>
            <responseCode value="200,201"/>
            <warningOnly value="false"/>
         </assert>
      </action>
      <action>
         <operation>
            <type>
               <system value="http://terminology.hl7.org/CodeSystem/testscript-operation-codes"/>
               <code value="updateCreate"/>
            </type>
            <resource value="Composition"/>
            <accept value="xml"/>
            <contentType value="xml"/>
            <encodeRequestUrl value="true"/>
            <params value="/${Composition-eOverdracht-NursingHandoff-Adults-eov-test-1-11b-01-id}"/>
            <requestHeader>
               <field value="Authorization"/>
               <value value="Bearer 97294e63-092d-4554-a18a-9d60de7a726d"/>
            </requestHeader>
            <sourceId value="Composition-eOverdracht-NursingHandoff-Adults-eov-test-1-11b-01"/>
         </operation>
      </action>
      <action>
         <assert>
            <description value="Confirm that the returned HTTP status is 200(OK) or 201(Created)."/>
            <operator value="in"/>
            <responseCode value="200,201"/>
            <warningOnly value="false"/>
         </assert>
      </action>
      <action>
         <operation>
            <type>
               <system value="http://terminology.hl7.org/CodeSystem/testscript-operation-codes"/>
               <code value="updateCreate"/>
            </type>
            <resource value="Composition"/>
            <accept value="xml"/>
            <contentType value="xml"/>
            <encodeRequestUrl value="true"/>
            <params value="/${Composition-eOverdracht-NursingHandoff-Adults-eov-test-1-1b-01-id}"/>
            <requestHeader>
               <field value="Authorization"/>
               <value value="Bearer 97294e63-092d-4554-a18a-9d60de7a726d"/>
            </requestHeader>
            <sourceId value="Composition-eOverdracht-NursingHandoff-Adults-eov-test-1-1b-01"/>
         </operation>
      </action>
      <action>
         <assert>
            <description value="Confirm that the returned HTTP status is 200(OK) or 201(Created)."/>
            <operator value="in"/>
            <responseCode value="200,201"/>
            <warningOnly value="false"/>
         </assert>
      </action>
      <action>
         <operation>
            <type>
               <system value="http://terminology.hl7.org/CodeSystem/testscript-operation-codes"/>
               <code value="updateCreate"/>
            </type>
            <resource value="Composition"/>
            <accept value="xml"/>
            <contentType value="xml"/>
            <encodeRequestUrl value="true"/>
            <params value="/${Composition-eOverdracht-NursingHandoff-Adults-eov-test-1-2b-01-id}"/>
            <requestHeader>
               <field value="Authorization"/>
               <value value="Bearer 97294e63-092d-4554-a18a-9d60de7a726d"/>
            </requestHeader>
            <sourceId value="Composition-eOverdracht-NursingHandoff-Adults-eov-test-1-2b-01"/>
         </operation>
      </action>
      <action>
         <assert>
            <description value="Confirm that the returned HTTP status is 200(OK) or 201(Created)."/>
            <operator value="in"/>
            <responseCode value="200,201"/>
            <warningOnly value="false"/>
         </assert>
      </action>
      <action>
         <operation>
            <type>
               <system value="http://terminology.hl7.org/CodeSystem/testscript-operation-codes"/>
               <code value="updateCreate"/>
            </type>
            <resource value="Composition"/>
            <accept value="xml"/>
            <contentType value="xml"/>
            <encodeRequestUrl value="true"/>
            <params value="/${Composition-eOverdracht-NursingHandoff-Adults-eov-test-1-3b-01-id}"/>
            <requestHeader>
               <field value="Authorization"/>
               <value value="Bearer 97294e63-092d-4554-a18a-9d60de7a726d"/>
            </requestHeader>
            <sourceId value="Composition-eOverdracht-NursingHandoff-Adults-eov-test-1-3b-01"/>
         </operation>
      </action>
      <action>
         <assert>
            <description value="Confirm that the returned HTTP status is 200(OK) or 201(Created)."/>
            <operator value="in"/>
            <responseCode value="200,201"/>
            <warningOnly value="false"/>
         </assert>
      </action>
      <action>
         <operation>
            <type>
               <system value="http://terminology.hl7.org/CodeSystem/testscript-operation-codes"/>
               <code value="updateCreate"/>
            </type>
            <resource value="Composition"/>
            <accept value="xml"/>
            <contentType value="xml"/>
            <encodeRequestUrl value="true"/>
            <params value="/${Composition-eOverdracht-NursingHandoff-Adults-eov-test-1-4b-01-id}"/>
            <requestHeader>
               <field value="Authorization"/>
               <value value="Bearer 97294e63-092d-4554-a18a-9d60de7a726d"/>
            </requestHeader>
            <sourceId value="Composition-eOverdracht-NursingHandoff-Adults-eov-test-1-4b-01"/>
         </operation>
      </action>
      <action>
         <assert>
            <description value="Confirm that the returned HTTP status is 200(OK) or 201(Created)."/>
            <operator value="in"/>
            <responseCode value="200,201"/>
            <warningOnly value="false"/>
         </assert>
      </action>
      <action>
         <operation>
            <type>
               <system value="http://terminology.hl7.org/CodeSystem/testscript-operation-codes"/>
               <code value="updateCreate"/>
            </type>
            <resource value="Composition"/>
            <accept value="xml"/>
            <contentType value="xml"/>
            <encodeRequestUrl value="true"/>
            <params value="/${Composition-eOverdracht-NursingHandoff-Adults-eov-test-1-5-01-id}"/>
            <requestHeader>
               <field value="Authorization"/>
               <value value="Bearer 97294e63-092d-4554-a18a-9d60de7a726d"/>
            </requestHeader>
            <sourceId value="Composition-eOverdracht-NursingHandoff-Adults-eov-test-1-5-01"/>
         </operation>
      </action>
      <action>
         <assert>
            <description value="Confirm that the returned HTTP status is 200(OK) or 201(Created)."/>
            <operator value="in"/>
            <responseCode value="200,201"/>
            <warningOnly value="false"/>
         </assert>
      </action>
      <action>
         <operation>
            <type>
               <system value="http://terminology.hl7.org/CodeSystem/testscript-operation-codes"/>
               <code value="updateCreate"/>
            </type>
            <resource value="Composition"/>
            <accept value="xml"/>
            <contentType value="xml"/>
            <encodeRequestUrl value="true"/>
            <params value="/${Composition-eOverdracht-NursingHandoff-Adults-eov-test-1-6-01-id}"/>
            <requestHeader>
               <field value="Authorization"/>
               <value value="Bearer 97294e63-092d-4554-a18a-9d60de7a726d"/>
            </requestHeader>
            <sourceId value="Composition-eOverdracht-NursingHandoff-Adults-eov-test-1-6-01"/>
         </operation>
      </action>
      <action>
         <assert>
            <description value="Confirm that the returned HTTP status is 200(OK) or 201(Created)."/>
            <operator value="in"/>
            <responseCode value="200,201"/>
            <warningOnly value="false"/>
         </assert>
      </action>
      <action>
         <operation>
            <type>
               <system value="http://terminology.hl7.org/CodeSystem/testscript-operation-codes"/>
               <code value="updateCreate"/>
            </type>
            <resource value="Composition"/>
            <accept value="xml"/>
            <contentType value="xml"/>
            <encodeRequestUrl value="true"/>
            <params value="/${Composition-eOverdracht-NursingHandoff-Adults-eov-test-1-7-01-id}"/>
            <requestHeader>
               <field value="Authorization"/>
               <value value="Bearer 97294e63-092d-4554-a18a-9d60de7a726d"/>
            </requestHeader>
            <sourceId value="Composition-eOverdracht-NursingHandoff-Adults-eov-test-1-7-01"/>
         </operation>
      </action>
      <action>
         <assert>
            <description value="Confirm that the returned HTTP status is 200(OK) or 201(Created)."/>
            <operator value="in"/>
            <responseCode value="200,201"/>
            <warningOnly value="false"/>
         </assert>
      </action>
      <action>
         <operation>
            <type>
               <system value="http://terminology.hl7.org/CodeSystem/testscript-operation-codes"/>
               <code value="updateCreate"/>
            </type>
            <resource value="Composition"/>
            <accept value="xml"/>
            <contentType value="xml"/>
            <encodeRequestUrl value="true"/>
            <params value="/${Composition-eOverdracht-NursingHandoff-Adults-eov-test-1-8-01-id}"/>
            <requestHeader>
               <field value="Authorization"/>
               <value value="Bearer 97294e63-092d-4554-a18a-9d60de7a726d"/>
            </requestHeader>
            <sourceId value="Composition-eOverdracht-NursingHandoff-Adults-eov-test-1-8-01"/>
         </operation>
      </action>
      <action>
         <assert>
            <description value="Confirm that the returned HTTP status is 200(OK) or 201(Created)."/>
            <operator value="in"/>
            <responseCode value="200,201"/>
            <warningOnly value="false"/>
         </assert>
      </action>
      <action>
         <operation>
            <type>
               <system value="http://terminology.hl7.org/CodeSystem/testscript-operation-codes"/>
               <code value="updateCreate"/>
            </type>
            <resource value="Composition"/>
            <accept value="xml"/>
            <contentType value="xml"/>
            <encodeRequestUrl value="true"/>
            <params value="/${Composition-eOverdracht-NursingHandoff-Adults-eov-test-1-9b-01-id}"/>
            <requestHeader>
               <field value="Authorization"/>
               <value value="Bearer 97294e63-092d-4554-a18a-9d60de7a726d"/>
            </requestHeader>
            <sourceId value="Composition-eOverdracht-NursingHandoff-Adults-eov-test-1-9b-01"/>
         </operation>
      </action>
      <action>
         <assert>
            <description value="Confirm that the returned HTTP status is 200(OK) or 201(Created)."/>
            <operator value="in"/>
            <responseCode value="200,201"/>
            <warningOnly value="false"/>
         </assert>
      </action>
      <action>
         <operation>
            <type>
               <system value="http://terminology.hl7.org/CodeSystem/testscript-operation-codes"/>
               <code value="updateCreate"/>
            </type>
            <resource value="Condition"/>
            <accept value="xml"/>
            <contentType value="xml"/>
            <encodeRequestUrl value="true"/>
            <params value="/${Condition-zib-BurnWound-eov-test-1-1-01-id}"/>
            <requestHeader>
               <field value="Authorization"/>
               <value value="Bearer 97294e63-092d-4554-a18a-9d60de7a726d"/>
            </requestHeader>
            <sourceId value="Condition-zib-BurnWound-eov-test-1-1-01"/>
         </operation>
      </action>
      <action>
         <assert>
            <description value="Confirm that the returned HTTP status is 200(OK) or 201(Created)."/>
            <operator value="in"/>
            <responseCode value="200,201"/>
            <warningOnly value="false"/>
         </assert>
      </action>
      <action>
         <operation>
            <type>
               <system value="http://terminology.hl7.org/CodeSystem/testscript-operation-codes"/>
               <code value="updateCreate"/>
            </type>
            <resource value="Condition"/>
            <accept value="xml"/>
            <contentType value="xml"/>
            <encodeRequestUrl value="true"/>
            <params value="/${Condition-zib-BurnWound-eov-test-1-1-02-id}"/>
            <requestHeader>
               <field value="Authorization"/>
               <value value="Bearer 97294e63-092d-4554-a18a-9d60de7a726d"/>
            </requestHeader>
            <sourceId value="Condition-zib-BurnWound-eov-test-1-1-02"/>
         </operation>
      </action>
      <action>
         <assert>
            <description value="Confirm that the returned HTTP status is 200(OK) or 201(Created)."/>
            <operator value="in"/>
            <responseCode value="200,201"/>
            <warningOnly value="false"/>
         </assert>
      </action>
      <action>
         <operation>
            <type>
               <system value="http://terminology.hl7.org/CodeSystem/testscript-operation-codes"/>
               <code value="updateCreate"/>
            </type>
            <resource value="Condition"/>
            <accept value="xml"/>
            <contentType value="xml"/>
            <encodeRequestUrl value="true"/>
            <params value="/${Condition-zib-LegalSituation-LegalStatus-eov-test-1-6-01-id}"/>
            <requestHeader>
               <field value="Authorization"/>
               <value value="Bearer 97294e63-092d-4554-a18a-9d60de7a726d"/>
            </requestHeader>
            <sourceId value="Condition-zib-LegalSituation-LegalStatus-eov-test-1-6-01"/>
         </operation>
      </action>
      <action>
         <assert>
            <description value="Confirm that the returned HTTP status is 200(OK) or 201(Created)."/>
            <operator value="in"/>
            <responseCode value="200,201"/>
            <warningOnly value="false"/>
         </assert>
      </action>
      <action>
         <operation>
            <type>
               <system value="http://terminology.hl7.org/CodeSystem/testscript-operation-codes"/>
               <code value="updateCreate"/>
            </type>
            <resource value="Condition"/>
            <accept value="xml"/>
            <contentType value="xml"/>
            <encodeRequestUrl value="true"/>
            <params value="/${Condition-zib-LegalSituation-LegalStatus-eov-test-1-7-01-id}"/>
            <requestHeader>
               <field value="Authorization"/>
               <value value="Bearer 97294e63-092d-4554-a18a-9d60de7a726d"/>
            </requestHeader>
            <sourceId value="Condition-zib-LegalSituation-LegalStatus-eov-test-1-7-01"/>
         </operation>
      </action>
      <action>
         <assert>
            <description value="Confirm that the returned HTTP status is 200(OK) or 201(Created)."/>
            <operator value="in"/>
            <responseCode value="200,201"/>
            <warningOnly value="false"/>
         </assert>
      </action>
      <action>
         <operation>
            <type>
               <system value="http://terminology.hl7.org/CodeSystem/testscript-operation-codes"/>
               <code value="updateCreate"/>
            </type>
            <resource value="Condition"/>
            <accept value="xml"/>
            <contentType value="xml"/>
            <encodeRequestUrl value="true"/>
            <params value="/${Condition-zib-LegalSituation-Representation-eov-test-1-1-01-id}"/>
            <requestHeader>
               <field value="Authorization"/>
               <value value="Bearer 97294e63-092d-4554-a18a-9d60de7a726d"/>
            </requestHeader>
            <sourceId value="Condition-zib-LegalSituation-Representation-eov-test-1-1-01"/>
         </operation>
      </action>
      <action>
         <assert>
            <description value="Confirm that the returned HTTP status is 200(OK) or 201(Created)."/>
            <operator value="in"/>
            <responseCode value="200,201"/>
            <warningOnly value="false"/>
         </assert>
      </action>
      <action>
         <operation>
            <type>
               <system value="http://terminology.hl7.org/CodeSystem/testscript-operation-codes"/>
               <code value="updateCreate"/>
            </type>
            <resource value="Condition"/>
            <accept value="xml"/>
            <contentType value="xml"/>
            <encodeRequestUrl value="true"/>
            <params value="/${Condition-zib-LegalSituation-Representation-eov-test-1-6-01-id}"/>
            <requestHeader>
               <field value="Authorization"/>
               <value value="Bearer 97294e63-092d-4554-a18a-9d60de7a726d"/>
            </requestHeader>
            <sourceId value="Condition-zib-LegalSituation-Representation-eov-test-1-6-01"/>
         </operation>
      </action>
      <action>
         <assert>
            <description value="Confirm that the returned HTTP status is 200(OK) or 201(Created)."/>
            <operator value="in"/>
            <responseCode value="200,201"/>
            <warningOnly value="false"/>
         </assert>
      </action>
      <action>
         <operation>
            <type>
               <system value="http://terminology.hl7.org/CodeSystem/testscript-operation-codes"/>
               <code value="updateCreate"/>
            </type>
            <resource value="Condition"/>
            <accept value="xml"/>
            <contentType value="xml"/>
            <encodeRequestUrl value="true"/>
            <params value="/${Condition-zib-LegalSituation-Representation-eov-test-1-7-01-id}"/>
            <requestHeader>
               <field value="Authorization"/>
               <value value="Bearer 97294e63-092d-4554-a18a-9d60de7a726d"/>
            </requestHeader>
            <sourceId value="Condition-zib-LegalSituation-Representation-eov-test-1-7-01"/>
         </operation>
      </action>
      <action>
         <assert>
            <description value="Confirm that the returned HTTP status is 200(OK) or 201(Created)."/>
            <operator value="in"/>
            <responseCode value="200,201"/>
            <warningOnly value="false"/>
         </assert>
      </action>
      <action>
         <operation>
            <type>
               <system value="http://terminology.hl7.org/CodeSystem/testscript-operation-codes"/>
               <code value="updateCreate"/>
            </type>
            <resource value="Condition"/>
            <accept value="xml"/>
            <contentType value="xml"/>
            <encodeRequestUrl value="true"/>
            <params value="/${Condition-zib-Pregnancy-eov-test-1-5-01-id}"/>
            <requestHeader>
               <field value="Authorization"/>
               <value value="Bearer 97294e63-092d-4554-a18a-9d60de7a726d"/>
            </requestHeader>
            <sourceId value="Condition-zib-Pregnancy-eov-test-1-5-01"/>
         </operation>
      </action>
      <action>
         <assert>
            <description value="Confirm that the returned HTTP status is 200(OK) or 201(Created)."/>
            <operator value="in"/>
            <responseCode value="200,201"/>
            <warningOnly value="false"/>
         </assert>
      </action>
      <action>
         <operation>
            <type>
               <system value="http://terminology.hl7.org/CodeSystem/testscript-operation-codes"/>
               <code value="updateCreate"/>
            </type>
            <resource value="Condition"/>
            <accept value="xml"/>
            <contentType value="xml"/>
            <encodeRequestUrl value="true"/>
            <params value="/${Condition-zib-PressureUlcer-eov-test-1-1-01-id}"/>
            <requestHeader>
               <field value="Authorization"/>
               <value value="Bearer 97294e63-092d-4554-a18a-9d60de7a726d"/>
            </requestHeader>
            <sourceId value="Condition-zib-PressureUlcer-eov-test-1-1-01"/>
         </operation>
      </action>
      <action>
         <assert>
            <description value="Confirm that the returned HTTP status is 200(OK) or 201(Created)."/>
            <operator value="in"/>
            <responseCode value="200,201"/>
            <warningOnly value="false"/>
         </assert>
      </action>
      <action>
         <operation>
            <type>
               <system value="http://terminology.hl7.org/CodeSystem/testscript-operation-codes"/>
               <code value="updateCreate"/>
            </type>
            <resource value="Condition"/>
            <accept value="xml"/>
            <contentType value="xml"/>
            <encodeRequestUrl value="true"/>
            <params value="/${Condition-zib-PressureUlcer-eov-test-1-1-02-id}"/>
            <requestHeader>
               <field value="Authorization"/>
               <value value="Bearer 97294e63-092d-4554-a18a-9d60de7a726d"/>
            </requestHeader>
            <sourceId value="Condition-zib-PressureUlcer-eov-test-1-1-02"/>
         </operation>
      </action>
      <action>
         <assert>
            <description value="Confirm that the returned HTTP status is 200(OK) or 201(Created)."/>
            <operator value="in"/>
            <responseCode value="200,201"/>
            <warningOnly value="false"/>
         </assert>
      </action>
      <action>
         <operation>
            <type>
               <system value="http://terminology.hl7.org/CodeSystem/testscript-operation-codes"/>
               <code value="updateCreate"/>
            </type>
            <resource value="Condition"/>
            <accept value="xml"/>
            <contentType value="xml"/>
            <encodeRequestUrl value="true"/>
            <params value="/${Condition-zib-Problem-eov-test-1-1-01-id}"/>
            <requestHeader>
               <field value="Authorization"/>
               <value value="Bearer 97294e63-092d-4554-a18a-9d60de7a726d"/>
            </requestHeader>
            <sourceId value="Condition-zib-Problem-eov-test-1-1-01"/>
         </operation>
      </action>
      <action>
         <assert>
            <description value="Confirm that the returned HTTP status is 200(OK) or 201(Created)."/>
            <operator value="in"/>
            <responseCode value="200,201"/>
            <warningOnly value="false"/>
         </assert>
      </action>
      <action>
         <operation>
            <type>
               <system value="http://terminology.hl7.org/CodeSystem/testscript-operation-codes"/>
               <code value="updateCreate"/>
            </type>
            <resource value="Condition"/>
            <accept value="xml"/>
            <contentType value="xml"/>
            <encodeRequestUrl value="true"/>
            <params value="/${Condition-zib-Problem-eov-test-1-1-02-id}"/>
            <requestHeader>
               <field value="Authorization"/>
               <value value="Bearer 97294e63-092d-4554-a18a-9d60de7a726d"/>
            </requestHeader>
            <sourceId value="Condition-zib-Problem-eov-test-1-1-02"/>
         </operation>
      </action>
      <action>
         <assert>
            <description value="Confirm that the returned HTTP status is 200(OK) or 201(Created)."/>
            <operator value="in"/>
            <responseCode value="200,201"/>
            <warningOnly value="false"/>
         </assert>
      </action>
      <action>
         <operation>
            <type>
               <system value="http://terminology.hl7.org/CodeSystem/testscript-operation-codes"/>
               <code value="updateCreate"/>
            </type>
            <resource value="Condition"/>
            <accept value="xml"/>
            <contentType value="xml"/>
            <encodeRequestUrl value="true"/>
            <params value="/${Condition-zib-Problem-eov-test-1-1-03-id}"/>
            <requestHeader>
               <field value="Authorization"/>
               <value value="Bearer 97294e63-092d-4554-a18a-9d60de7a726d"/>
            </requestHeader>
            <sourceId value="Condition-zib-Problem-eov-test-1-1-03"/>
         </operation>
      </action>
      <action>
         <assert>
            <description value="Confirm that the returned HTTP status is 200(OK) or 201(Created)."/>
            <operator value="in"/>
            <responseCode value="200,201"/>
            <warningOnly value="false"/>
         </assert>
      </action>
      <action>
         <operation>
            <type>
               <system value="http://terminology.hl7.org/CodeSystem/testscript-operation-codes"/>
               <code value="updateCreate"/>
            </type>
            <resource value="Condition"/>
            <accept value="xml"/>
            <contentType value="xml"/>
            <encodeRequestUrl value="true"/>
            <params value="/${Condition-zib-Problem-eov-test-1-1-04-id}"/>
            <requestHeader>
               <field value="Authorization"/>
               <value value="Bearer 97294e63-092d-4554-a18a-9d60de7a726d"/>
            </requestHeader>
            <sourceId value="Condition-zib-Problem-eov-test-1-1-04"/>
         </operation>
      </action>
      <action>
         <assert>
            <description value="Confirm that the returned HTTP status is 200(OK) or 201(Created)."/>
            <operator value="in"/>
            <responseCode value="200,201"/>
            <warningOnly value="false"/>
         </assert>
      </action>
      <action>
         <operation>
            <type>
               <system value="http://terminology.hl7.org/CodeSystem/testscript-operation-codes"/>
               <code value="updateCreate"/>
            </type>
            <resource value="Condition"/>
            <accept value="xml"/>
            <contentType value="xml"/>
            <encodeRequestUrl value="true"/>
            <params value="/${Condition-zib-Problem-eov-test-1-1-05-id}"/>
            <requestHeader>
               <field value="Authorization"/>
               <value value="Bearer 97294e63-092d-4554-a18a-9d60de7a726d"/>
            </requestHeader>
            <sourceId value="Condition-zib-Problem-eov-test-1-1-05"/>
         </operation>
      </action>
      <action>
         <assert>
            <description value="Confirm that the returned HTTP status is 200(OK) or 201(Created)."/>
            <operator value="in"/>
            <responseCode value="200,201"/>
            <warningOnly value="false"/>
         </assert>
      </action>
      <action>
         <operation>
            <type>
               <system value="http://terminology.hl7.org/CodeSystem/testscript-operation-codes"/>
               <code value="updateCreate"/>
            </type>
            <resource value="Condition"/>
            <accept value="xml"/>
            <contentType value="xml"/>
            <encodeRequestUrl value="true"/>
            <params value="/${Condition-zib-Problem-eov-test-1-1-06-id}"/>
            <requestHeader>
               <field value="Authorization"/>
               <value value="Bearer 97294e63-092d-4554-a18a-9d60de7a726d"/>
            </requestHeader>
            <sourceId value="Condition-zib-Problem-eov-test-1-1-06"/>
         </operation>
      </action>
      <action>
         <assert>
            <description value="Confirm that the returned HTTP status is 200(OK) or 201(Created)."/>
            <operator value="in"/>
            <responseCode value="200,201"/>
            <warningOnly value="false"/>
         </assert>
      </action>
      <action>
         <operation>
            <type>
               <system value="http://terminology.hl7.org/CodeSystem/testscript-operation-codes"/>
               <code value="updateCreate"/>
            </type>
            <resource value="Condition"/>
            <accept value="xml"/>
            <contentType value="xml"/>
            <encodeRequestUrl value="true"/>
            <params value="/${Condition-zib-Problem-eov-test-1-1-07-id}"/>
            <requestHeader>
               <field value="Authorization"/>
               <value value="Bearer 97294e63-092d-4554-a18a-9d60de7a726d"/>
            </requestHeader>
            <sourceId value="Condition-zib-Problem-eov-test-1-1-07"/>
         </operation>
      </action>
      <action>
         <assert>
            <description value="Confirm that the returned HTTP status is 200(OK) or 201(Created)."/>
            <operator value="in"/>
            <responseCode value="200,201"/>
            <warningOnly value="false"/>
         </assert>
      </action>
      <action>
         <operation>
            <type>
               <system value="http://terminology.hl7.org/CodeSystem/testscript-operation-codes"/>
               <code value="updateCreate"/>
            </type>
            <resource value="Condition"/>
            <accept value="xml"/>
            <contentType value="xml"/>
            <encodeRequestUrl value="true"/>
            <params value="/${Condition-zib-Problem-eov-test-1-1-08-id}"/>
            <requestHeader>
               <field value="Authorization"/>
               <value value="Bearer 97294e63-092d-4554-a18a-9d60de7a726d"/>
            </requestHeader>
            <sourceId value="Condition-zib-Problem-eov-test-1-1-08"/>
         </operation>
      </action>
      <action>
         <assert>
            <description value="Confirm that the returned HTTP status is 200(OK) or 201(Created)."/>
            <operator value="in"/>
            <responseCode value="200,201"/>
            <warningOnly value="false"/>
         </assert>
      </action>
      <action>
         <operation>
            <type>
               <system value="http://terminology.hl7.org/CodeSystem/testscript-operation-codes"/>
               <code value="updateCreate"/>
            </type>
            <resource value="Condition"/>
            <accept value="xml"/>
            <contentType value="xml"/>
            <encodeRequestUrl value="true"/>
            <params value="/${Condition-zib-Problem-eov-test-1-1-09-id}"/>
            <requestHeader>
               <field value="Authorization"/>
               <value value="Bearer 97294e63-092d-4554-a18a-9d60de7a726d"/>
            </requestHeader>
            <sourceId value="Condition-zib-Problem-eov-test-1-1-09"/>
         </operation>
      </action>
      <action>
         <assert>
            <description value="Confirm that the returned HTTP status is 200(OK) or 201(Created)."/>
            <operator value="in"/>
            <responseCode value="200,201"/>
            <warningOnly value="false"/>
         </assert>
      </action>
      <action>
         <operation>
            <type>
               <system value="http://terminology.hl7.org/CodeSystem/testscript-operation-codes"/>
               <code value="updateCreate"/>
            </type>
            <resource value="Condition"/>
            <accept value="xml"/>
            <contentType value="xml"/>
            <encodeRequestUrl value="true"/>
            <params value="/${Condition-zib-Problem-eov-test-1-1-10-id}"/>
            <requestHeader>
               <field value="Authorization"/>
               <value value="Bearer 97294e63-092d-4554-a18a-9d60de7a726d"/>
            </requestHeader>
            <sourceId value="Condition-zib-Problem-eov-test-1-1-10"/>
         </operation>
      </action>
      <action>
         <assert>
            <description value="Confirm that the returned HTTP status is 200(OK) or 201(Created)."/>
            <operator value="in"/>
            <responseCode value="200,201"/>
            <warningOnly value="false"/>
         </assert>
      </action>
      <action>
         <operation>
            <type>
               <system value="http://terminology.hl7.org/CodeSystem/testscript-operation-codes"/>
               <code value="updateCreate"/>
            </type>
            <resource value="Condition"/>
            <accept value="xml"/>
            <contentType value="xml"/>
            <encodeRequestUrl value="true"/>
            <params value="/${Condition-zib-Problem-eov-test-1-10b-01-id}"/>
            <requestHeader>
               <field value="Authorization"/>
               <value value="Bearer 97294e63-092d-4554-a18a-9d60de7a726d"/>
            </requestHeader>
            <sourceId value="Condition-zib-Problem-eov-test-1-10b-01"/>
         </operation>
      </action>
      <action>
         <assert>
            <description value="Confirm that the returned HTTP status is 200(OK) or 201(Created)."/>
            <operator value="in"/>
            <responseCode value="200,201"/>
            <warningOnly value="false"/>
         </assert>
      </action>
      <action>
         <operation>
            <type>
               <system value="http://terminology.hl7.org/CodeSystem/testscript-operation-codes"/>
               <code value="updateCreate"/>
            </type>
            <resource value="Condition"/>
            <accept value="xml"/>
            <contentType value="xml"/>
            <encodeRequestUrl value="true"/>
            <params value="/${Condition-zib-Problem-eov-test-1-11b-01-id}"/>
            <requestHeader>
               <field value="Authorization"/>
               <value value="Bearer 97294e63-092d-4554-a18a-9d60de7a726d"/>
            </requestHeader>
            <sourceId value="Condition-zib-Problem-eov-test-1-11b-01"/>
         </operation>
      </action>
      <action>
         <assert>
            <description value="Confirm that the returned HTTP status is 200(OK) or 201(Created)."/>
            <operator value="in"/>
            <responseCode value="200,201"/>
            <warningOnly value="false"/>
         </assert>
      </action>
      <action>
         <operation>
            <type>
               <system value="http://terminology.hl7.org/CodeSystem/testscript-operation-codes"/>
               <code value="updateCreate"/>
            </type>
            <resource value="Condition"/>
            <accept value="xml"/>
            <contentType value="xml"/>
            <encodeRequestUrl value="true"/>
            <params value="/${Condition-zib-Problem-eov-test-1-1b-01-id}"/>
            <requestHeader>
               <field value="Authorization"/>
               <value value="Bearer 97294e63-092d-4554-a18a-9d60de7a726d"/>
            </requestHeader>
            <sourceId value="Condition-zib-Problem-eov-test-1-1b-01"/>
         </operation>
      </action>
      <action>
         <assert>
            <description value="Confirm that the returned HTTP status is 200(OK) or 201(Created)."/>
            <operator value="in"/>
            <responseCode value="200,201"/>
            <warningOnly value="false"/>
         </assert>
      </action>
      <action>
         <operation>
            <type>
               <system value="http://terminology.hl7.org/CodeSystem/testscript-operation-codes"/>
               <code value="updateCreate"/>
            </type>
            <resource value="Condition"/>
            <accept value="xml"/>
            <contentType value="xml"/>
            <encodeRequestUrl value="true"/>
            <params value="/${Condition-zib-Problem-eov-test-1-1b-02-id}"/>
            <requestHeader>
               <field value="Authorization"/>
               <value value="Bearer 97294e63-092d-4554-a18a-9d60de7a726d"/>
            </requestHeader>
            <sourceId value="Condition-zib-Problem-eov-test-1-1b-02"/>
         </operation>
      </action>
      <action>
         <assert>
            <description value="Confirm that the returned HTTP status is 200(OK) or 201(Created)."/>
            <operator value="in"/>
            <responseCode value="200,201"/>
            <warningOnly value="false"/>
         </assert>
      </action>
      <action>
         <operation>
            <type>
               <system value="http://terminology.hl7.org/CodeSystem/testscript-operation-codes"/>
               <code value="updateCreate"/>
            </type>
            <resource value="Condition"/>
            <accept value="xml"/>
            <contentType value="xml"/>
            <encodeRequestUrl value="true"/>
            <params value="/${Condition-zib-Problem-eov-test-1-1b-03-id}"/>
            <requestHeader>
               <field value="Authorization"/>
               <value value="Bearer 97294e63-092d-4554-a18a-9d60de7a726d"/>
            </requestHeader>
            <sourceId value="Condition-zib-Problem-eov-test-1-1b-03"/>
         </operation>
      </action>
      <action>
         <assert>
            <description value="Confirm that the returned HTTP status is 200(OK) or 201(Created)."/>
            <operator value="in"/>
            <responseCode value="200,201"/>
            <warningOnly value="false"/>
         </assert>
      </action>
      <action>
         <operation>
            <type>
               <system value="http://terminology.hl7.org/CodeSystem/testscript-operation-codes"/>
               <code value="updateCreate"/>
            </type>
            <resource value="Condition"/>
            <accept value="xml"/>
            <contentType value="xml"/>
            <encodeRequestUrl value="true"/>
            <params value="/${Condition-zib-Problem-eov-test-1-1b-04-id}"/>
            <requestHeader>
               <field value="Authorization"/>
               <value value="Bearer 97294e63-092d-4554-a18a-9d60de7a726d"/>
            </requestHeader>
            <sourceId value="Condition-zib-Problem-eov-test-1-1b-04"/>
         </operation>
      </action>
      <action>
         <assert>
            <description value="Confirm that the returned HTTP status is 200(OK) or 201(Created)."/>
            <operator value="in"/>
            <responseCode value="200,201"/>
            <warningOnly value="false"/>
         </assert>
      </action>
      <action>
         <operation>
            <type>
               <system value="http://terminology.hl7.org/CodeSystem/testscript-operation-codes"/>
               <code value="updateCreate"/>
            </type>
            <resource value="Condition"/>
            <accept value="xml"/>
            <contentType value="xml"/>
            <encodeRequestUrl value="true"/>
            <params value="/${Condition-zib-Problem-eov-test-1-2b-01-id}"/>
            <requestHeader>
               <field value="Authorization"/>
               <value value="Bearer 97294e63-092d-4554-a18a-9d60de7a726d"/>
            </requestHeader>
            <sourceId value="Condition-zib-Problem-eov-test-1-2b-01"/>
         </operation>
      </action>
      <action>
         <assert>
            <description value="Confirm that the returned HTTP status is 200(OK) or 201(Created)."/>
            <operator value="in"/>
            <responseCode value="200,201"/>
            <warningOnly value="false"/>
         </assert>
      </action>
      <action>
         <operation>
            <type>
               <system value="http://terminology.hl7.org/CodeSystem/testscript-operation-codes"/>
               <code value="updateCreate"/>
            </type>
            <resource value="Condition"/>
            <accept value="xml"/>
            <contentType value="xml"/>
            <encodeRequestUrl value="true"/>
            <params value="/${Condition-zib-Problem-eov-test-1-3b-01-id}"/>
            <requestHeader>
               <field value="Authorization"/>
               <value value="Bearer 97294e63-092d-4554-a18a-9d60de7a726d"/>
            </requestHeader>
            <sourceId value="Condition-zib-Problem-eov-test-1-3b-01"/>
         </operation>
      </action>
      <action>
         <assert>
            <description value="Confirm that the returned HTTP status is 200(OK) or 201(Created)."/>
            <operator value="in"/>
            <responseCode value="200,201"/>
            <warningOnly value="false"/>
         </assert>
      </action>
      <action>
         <operation>
            <type>
               <system value="http://terminology.hl7.org/CodeSystem/testscript-operation-codes"/>
               <code value="updateCreate"/>
            </type>
            <resource value="Condition"/>
            <accept value="xml"/>
            <contentType value="xml"/>
            <encodeRequestUrl value="true"/>
            <params value="/${Condition-zib-Problem-eov-test-1-4b-01-id}"/>
            <requestHeader>
               <field value="Authorization"/>
               <value value="Bearer 97294e63-092d-4554-a18a-9d60de7a726d"/>
            </requestHeader>
            <sourceId value="Condition-zib-Problem-eov-test-1-4b-01"/>
         </operation>
      </action>
      <action>
         <assert>
            <description value="Confirm that the returned HTTP status is 200(OK) or 201(Created)."/>
            <operator value="in"/>
            <responseCode value="200,201"/>
            <warningOnly value="false"/>
         </assert>
      </action>
      <action>
         <operation>
            <type>
               <system value="http://terminology.hl7.org/CodeSystem/testscript-operation-codes"/>
               <code value="updateCreate"/>
            </type>
            <resource value="Condition"/>
            <accept value="xml"/>
            <contentType value="xml"/>
            <encodeRequestUrl value="true"/>
            <params value="/${Condition-zib-Problem-eov-test-1-5-01-id}"/>
            <requestHeader>
               <field value="Authorization"/>
               <value value="Bearer 97294e63-092d-4554-a18a-9d60de7a726d"/>
            </requestHeader>
            <sourceId value="Condition-zib-Problem-eov-test-1-5-01"/>
         </operation>
      </action>
      <action>
         <assert>
            <description value="Confirm that the returned HTTP status is 200(OK) or 201(Created)."/>
            <operator value="in"/>
            <responseCode value="200,201"/>
            <warningOnly value="false"/>
         </assert>
      </action>
      <action>
         <operation>
            <type>
               <system value="http://terminology.hl7.org/CodeSystem/testscript-operation-codes"/>
               <code value="updateCreate"/>
            </type>
            <resource value="Condition"/>
            <accept value="xml"/>
            <contentType value="xml"/>
            <encodeRequestUrl value="true"/>
            <params value="/${Condition-zib-Problem-eov-test-1-5-02-id}"/>
            <requestHeader>
               <field value="Authorization"/>
               <value value="Bearer 97294e63-092d-4554-a18a-9d60de7a726d"/>
            </requestHeader>
            <sourceId value="Condition-zib-Problem-eov-test-1-5-02"/>
         </operation>
      </action>
      <action>
         <assert>
            <description value="Confirm that the returned HTTP status is 200(OK) or 201(Created)."/>
            <operator value="in"/>
            <responseCode value="200,201"/>
            <warningOnly value="false"/>
         </assert>
      </action>
      <action>
         <operation>
            <type>
               <system value="http://terminology.hl7.org/CodeSystem/testscript-operation-codes"/>
               <code value="updateCreate"/>
            </type>
            <resource value="Condition"/>
            <accept value="xml"/>
            <contentType value="xml"/>
            <encodeRequestUrl value="true"/>
            <params value="/${Condition-zib-Problem-eov-test-1-6-01-id}"/>
            <requestHeader>
               <field value="Authorization"/>
               <value value="Bearer 97294e63-092d-4554-a18a-9d60de7a726d"/>
            </requestHeader>
            <sourceId value="Condition-zib-Problem-eov-test-1-6-01"/>
         </operation>
      </action>
      <action>
         <assert>
            <description value="Confirm that the returned HTTP status is 200(OK) or 201(Created)."/>
            <operator value="in"/>
            <responseCode value="200,201"/>
            <warningOnly value="false"/>
         </assert>
      </action>
      <action>
         <operation>
            <type>
               <system value="http://terminology.hl7.org/CodeSystem/testscript-operation-codes"/>
               <code value="updateCreate"/>
            </type>
            <resource value="Condition"/>
            <accept value="xml"/>
            <contentType value="xml"/>
            <encodeRequestUrl value="true"/>
            <params value="/${Condition-zib-Problem-eov-test-1-6-02-id}"/>
            <requestHeader>
               <field value="Authorization"/>
               <value value="Bearer 97294e63-092d-4554-a18a-9d60de7a726d"/>
            </requestHeader>
            <sourceId value="Condition-zib-Problem-eov-test-1-6-02"/>
         </operation>
      </action>
      <action>
         <assert>
            <description value="Confirm that the returned HTTP status is 200(OK) or 201(Created)."/>
            <operator value="in"/>
            <responseCode value="200,201"/>
            <warningOnly value="false"/>
         </assert>
      </action>
      <action>
         <operation>
            <type>
               <system value="http://terminology.hl7.org/CodeSystem/testscript-operation-codes"/>
               <code value="updateCreate"/>
            </type>
            <resource value="Condition"/>
            <accept value="xml"/>
            <contentType value="xml"/>
            <encodeRequestUrl value="true"/>
            <params value="/${Condition-zib-Problem-eov-test-1-7-01-id}"/>
            <requestHeader>
               <field value="Authorization"/>
               <value value="Bearer 97294e63-092d-4554-a18a-9d60de7a726d"/>
            </requestHeader>
            <sourceId value="Condition-zib-Problem-eov-test-1-7-01"/>
         </operation>
      </action>
      <action>
         <assert>
            <description value="Confirm that the returned HTTP status is 200(OK) or 201(Created)."/>
            <operator value="in"/>
            <responseCode value="200,201"/>
            <warningOnly value="false"/>
         </assert>
      </action>
      <action>
         <operation>
            <type>
               <system value="http://terminology.hl7.org/CodeSystem/testscript-operation-codes"/>
               <code value="updateCreate"/>
            </type>
            <resource value="Condition"/>
            <accept value="xml"/>
            <contentType value="xml"/>
            <encodeRequestUrl value="true"/>
            <params value="/${Condition-zib-Problem-eov-test-1-7-02-id}"/>
            <requestHeader>
               <field value="Authorization"/>
               <value value="Bearer 97294e63-092d-4554-a18a-9d60de7a726d"/>
            </requestHeader>
            <sourceId value="Condition-zib-Problem-eov-test-1-7-02"/>
         </operation>
      </action>
      <action>
         <assert>
            <description value="Confirm that the returned HTTP status is 200(OK) or 201(Created)."/>
            <operator value="in"/>
            <responseCode value="200,201"/>
            <warningOnly value="false"/>
         </assert>
      </action>
      <action>
         <operation>
            <type>
               <system value="http://terminology.hl7.org/CodeSystem/testscript-operation-codes"/>
               <code value="updateCreate"/>
            </type>
            <resource value="Condition"/>
            <accept value="xml"/>
            <contentType value="xml"/>
            <encodeRequestUrl value="true"/>
            <params value="/${Condition-zib-Problem-eov-test-1-8-01-id}"/>
            <requestHeader>
               <field value="Authorization"/>
               <value value="Bearer 97294e63-092d-4554-a18a-9d60de7a726d"/>
            </requestHeader>
            <sourceId value="Condition-zib-Problem-eov-test-1-8-01"/>
         </operation>
      </action>
      <action>
         <assert>
            <description value="Confirm that the returned HTTP status is 200(OK) or 201(Created)."/>
            <operator value="in"/>
            <responseCode value="200,201"/>
            <warningOnly value="false"/>
         </assert>
      </action>
      <action>
         <operation>
            <type>
               <system value="http://terminology.hl7.org/CodeSystem/testscript-operation-codes"/>
               <code value="updateCreate"/>
            </type>
            <resource value="Condition"/>
            <accept value="xml"/>
            <contentType value="xml"/>
            <encodeRequestUrl value="true"/>
            <params value="/${Condition-zib-Problem-eov-test-1-8-02-id}"/>
            <requestHeader>
               <field value="Authorization"/>
               <value value="Bearer 97294e63-092d-4554-a18a-9d60de7a726d"/>
            </requestHeader>
            <sourceId value="Condition-zib-Problem-eov-test-1-8-02"/>
         </operation>
      </action>
      <action>
         <assert>
            <description value="Confirm that the returned HTTP status is 200(OK) or 201(Created)."/>
            <operator value="in"/>
            <responseCode value="200,201"/>
            <warningOnly value="false"/>
         </assert>
      </action>
      <action>
         <operation>
            <type>
               <system value="http://terminology.hl7.org/CodeSystem/testscript-operation-codes"/>
               <code value="updateCreate"/>
            </type>
            <resource value="Condition"/>
            <accept value="xml"/>
            <contentType value="xml"/>
            <encodeRequestUrl value="true"/>
            <params value="/${Condition-zib-Problem-eov-test-1-9b-01-id}"/>
            <requestHeader>
               <field value="Authorization"/>
               <value value="Bearer 97294e63-092d-4554-a18a-9d60de7a726d"/>
            </requestHeader>
            <sourceId value="Condition-zib-Problem-eov-test-1-9b-01"/>
         </operation>
      </action>
      <action>
         <assert>
            <description value="Confirm that the returned HTTP status is 200(OK) or 201(Created)."/>
            <operator value="in"/>
            <responseCode value="200,201"/>
            <warningOnly value="false"/>
         </assert>
      </action>
      <action>
         <operation>
            <type>
               <system value="http://terminology.hl7.org/CodeSystem/testscript-operation-codes"/>
               <code value="updateCreate"/>
            </type>
            <resource value="Condition"/>
            <accept value="xml"/>
            <contentType value="xml"/>
            <encodeRequestUrl value="true"/>
            <params value="/${Condition-zib-SkinDisorder-eov-test-1-1-01-id}"/>
            <requestHeader>
               <field value="Authorization"/>
               <value value="Bearer 97294e63-092d-4554-a18a-9d60de7a726d"/>
            </requestHeader>
            <sourceId value="Condition-zib-SkinDisorder-eov-test-1-1-01"/>
         </operation>
      </action>
      <action>
         <assert>
            <description value="Confirm that the returned HTTP status is 200(OK) or 201(Created)."/>
            <operator value="in"/>
            <responseCode value="200,201"/>
            <warningOnly value="false"/>
         </assert>
      </action>
      <action>
         <operation>
            <type>
               <system value="http://terminology.hl7.org/CodeSystem/testscript-operation-codes"/>
               <code value="updateCreate"/>
            </type>
            <resource value="Condition"/>
            <accept value="xml"/>
            <contentType value="xml"/>
            <encodeRequestUrl value="true"/>
            <params value="/${Condition-zib-SkinDisorder-eov-test-1-1-02-id}"/>
            <requestHeader>
               <field value="Authorization"/>
               <value value="Bearer 97294e63-092d-4554-a18a-9d60de7a726d"/>
            </requestHeader>
            <sourceId value="Condition-zib-SkinDisorder-eov-test-1-1-02"/>
         </operation>
      </action>
      <action>
         <assert>
            <description value="Confirm that the returned HTTP status is 200(OK) or 201(Created)."/>
            <operator value="in"/>
            <responseCode value="200,201"/>
            <warningOnly value="false"/>
         </assert>
      </action>
      <action>
         <operation>
            <type>
               <system value="http://terminology.hl7.org/CodeSystem/testscript-operation-codes"/>
               <code value="updateCreate"/>
            </type>
            <resource value="Condition"/>
            <accept value="xml"/>
            <contentType value="xml"/>
            <encodeRequestUrl value="true"/>
            <params value="/${Condition-zib-Wound-eov-test-1-1-01-id}"/>
            <requestHeader>
               <field value="Authorization"/>
               <value value="Bearer 97294e63-092d-4554-a18a-9d60de7a726d"/>
            </requestHeader>
            <sourceId value="Condition-zib-Wound-eov-test-1-1-01"/>
         </operation>
      </action>
      <action>
         <assert>
            <description value="Confirm that the returned HTTP status is 200(OK) or 201(Created)."/>
            <operator value="in"/>
            <responseCode value="200,201"/>
            <warningOnly value="false"/>
         </assert>
      </action>
      <action>
         <operation>
            <type>
               <system value="http://terminology.hl7.org/CodeSystem/testscript-operation-codes"/>
               <code value="updateCreate"/>
            </type>
            <resource value="Condition"/>
            <accept value="xml"/>
            <contentType value="xml"/>
            <encodeRequestUrl value="true"/>
            <params value="/${Condition-zib-Wound-eov-test-1-1-02-id}"/>
            <requestHeader>
               <field value="Authorization"/>
               <value value="Bearer 97294e63-092d-4554-a18a-9d60de7a726d"/>
            </requestHeader>
            <sourceId value="Condition-zib-Wound-eov-test-1-1-02"/>
         </operation>
      </action>
      <action>
         <assert>
            <description value="Confirm that the returned HTTP status is 200(OK) or 201(Created)."/>
            <operator value="in"/>
            <responseCode value="200,201"/>
            <warningOnly value="false"/>
         </assert>
      </action>
      <action>
         <operation>
            <type>
               <system value="http://terminology.hl7.org/CodeSystem/testscript-operation-codes"/>
               <code value="updateCreate"/>
            </type>
            <resource value="Condition"/>
            <accept value="xml"/>
            <contentType value="xml"/>
            <encodeRequestUrl value="true"/>
            <params value="/${Condition-zib-Wound-eov-test-1-1-03-id}"/>
            <requestHeader>
               <field value="Authorization"/>
               <value value="Bearer 97294e63-092d-4554-a18a-9d60de7a726d"/>
            </requestHeader>
            <sourceId value="Condition-zib-Wound-eov-test-1-1-03"/>
         </operation>
      </action>
      <action>
         <assert>
            <description value="Confirm that the returned HTTP status is 200(OK) or 201(Created)."/>
            <operator value="in"/>
            <responseCode value="200,201"/>
            <warningOnly value="false"/>
         </assert>
      </action>
      <action>
         <operation>
            <type>
               <system value="http://terminology.hl7.org/CodeSystem/testscript-operation-codes"/>
               <code value="updateCreate"/>
            </type>
            <resource value="Consent"/>
            <accept value="xml"/>
            <contentType value="xml"/>
            <encodeRequestUrl value="true"/>
            <params value="/${Consent-zib-AdvanceDirective-eov-test-1-1-01-id}"/>
            <requestHeader>
               <field value="Authorization"/>
               <value value="Bearer 97294e63-092d-4554-a18a-9d60de7a726d"/>
            </requestHeader>
            <sourceId value="Consent-zib-AdvanceDirective-eov-test-1-1-01"/>
         </operation>
      </action>
      <action>
         <assert>
            <description value="Confirm that the returned HTTP status is 200(OK) or 201(Created)."/>
            <operator value="in"/>
            <responseCode value="200,201"/>
            <warningOnly value="false"/>
         </assert>
      </action>
      <action>
         <operation>
            <type>
               <system value="http://terminology.hl7.org/CodeSystem/testscript-operation-codes"/>
               <code value="updateCreate"/>
            </type>
            <resource value="Consent"/>
            <accept value="xml"/>
            <contentType value="xml"/>
            <encodeRequestUrl value="true"/>
            <params value="/${Consent-zib-AdvanceDirective-eov-test-1-1-02-id}"/>
            <requestHeader>
               <field value="Authorization"/>
               <value value="Bearer 97294e63-092d-4554-a18a-9d60de7a726d"/>
            </requestHeader>
            <sourceId value="Consent-zib-AdvanceDirective-eov-test-1-1-02"/>
         </operation>
      </action>
      <action>
         <assert>
            <description value="Confirm that the returned HTTP status is 200(OK) or 201(Created)."/>
            <operator value="in"/>
            <responseCode value="200,201"/>
            <warningOnly value="false"/>
         </assert>
      </action>
      <action>
         <operation>
            <type>
               <system value="http://terminology.hl7.org/CodeSystem/testscript-operation-codes"/>
               <code value="updateCreate"/>
            </type>
            <resource value="Consent"/>
            <accept value="xml"/>
            <contentType value="xml"/>
            <encodeRequestUrl value="true"/>
            <params value="/${Consent-zib-AdvanceDirective-eov-test-1-1b-01-id}"/>
            <requestHeader>
               <field value="Authorization"/>
               <value value="Bearer 97294e63-092d-4554-a18a-9d60de7a726d"/>
            </requestHeader>
            <sourceId value="Consent-zib-AdvanceDirective-eov-test-1-1b-01"/>
         </operation>
      </action>
      <action>
         <assert>
            <description value="Confirm that the returned HTTP status is 200(OK) or 201(Created)."/>
            <operator value="in"/>
            <responseCode value="200,201"/>
            <warningOnly value="false"/>
         </assert>
      </action>
      <action>
         <operation>
            <type>
               <system value="http://terminology.hl7.org/CodeSystem/testscript-operation-codes"/>
               <code value="updateCreate"/>
            </type>
            <resource value="Consent"/>
            <accept value="xml"/>
            <contentType value="xml"/>
            <encodeRequestUrl value="true"/>
            <params value="/${Consent-zib-AdvanceDirective-eov-test-1-1b-02-id}"/>
            <requestHeader>
               <field value="Authorization"/>
               <value value="Bearer 97294e63-092d-4554-a18a-9d60de7a726d"/>
            </requestHeader>
            <sourceId value="Consent-zib-AdvanceDirective-eov-test-1-1b-02"/>
         </operation>
      </action>
      <action>
         <assert>
            <description value="Confirm that the returned HTTP status is 200(OK) or 201(Created)."/>
            <operator value="in"/>
            <responseCode value="200,201"/>
            <warningOnly value="false"/>
         </assert>
      </action>
      <action>
         <operation>
            <type>
               <system value="http://terminology.hl7.org/CodeSystem/testscript-operation-codes"/>
               <code value="updateCreate"/>
            </type>
            <resource value="Coverage"/>
            <accept value="xml"/>
            <contentType value="xml"/>
            <encodeRequestUrl value="true"/>
            <params value="/${Coverage-zib-Payer-eov-test-1-1-01-id}"/>
            <requestHeader>
               <field value="Authorization"/>
               <value value="Bearer 97294e63-092d-4554-a18a-9d60de7a726d"/>
            </requestHeader>
            <sourceId value="Coverage-zib-Payer-eov-test-1-1-01"/>
         </operation>
      </action>
      <action>
         <assert>
            <description value="Confirm that the returned HTTP status is 200(OK) or 201(Created)."/>
            <operator value="in"/>
            <responseCode value="200,201"/>
            <warningOnly value="false"/>
         </assert>
      </action>
      <action>
         <operation>
            <type>
               <system value="http://terminology.hl7.org/CodeSystem/testscript-operation-codes"/>
               <code value="updateCreate"/>
            </type>
            <resource value="Coverage"/>
            <accept value="xml"/>
            <contentType value="xml"/>
            <encodeRequestUrl value="true"/>
            <params value="/${Coverage-zib-Payer-eov-test-1-10b-01-id}"/>
            <requestHeader>
               <field value="Authorization"/>
               <value value="Bearer 97294e63-092d-4554-a18a-9d60de7a726d"/>
            </requestHeader>
            <sourceId value="Coverage-zib-Payer-eov-test-1-10b-01"/>
         </operation>
      </action>
      <action>
         <assert>
            <description value="Confirm that the returned HTTP status is 200(OK) or 201(Created)."/>
            <operator value="in"/>
            <responseCode value="200,201"/>
            <warningOnly value="false"/>
         </assert>
      </action>
      <action>
         <operation>
            <type>
               <system value="http://terminology.hl7.org/CodeSystem/testscript-operation-codes"/>
               <code value="updateCreate"/>
            </type>
            <resource value="Coverage"/>
            <accept value="xml"/>
            <contentType value="xml"/>
            <encodeRequestUrl value="true"/>
            <params value="/${Coverage-zib-Payer-eov-test-1-11b-01-id}"/>
            <requestHeader>
               <field value="Authorization"/>
               <value value="Bearer 97294e63-092d-4554-a18a-9d60de7a726d"/>
            </requestHeader>
            <sourceId value="Coverage-zib-Payer-eov-test-1-11b-01"/>
         </operation>
      </action>
      <action>
         <assert>
            <description value="Confirm that the returned HTTP status is 200(OK) or 201(Created)."/>
            <operator value="in"/>
            <responseCode value="200,201"/>
            <warningOnly value="false"/>
         </assert>
      </action>
      <action>
         <operation>
            <type>
               <system value="http://terminology.hl7.org/CodeSystem/testscript-operation-codes"/>
               <code value="updateCreate"/>
            </type>
            <resource value="Coverage"/>
            <accept value="xml"/>
            <contentType value="xml"/>
            <encodeRequestUrl value="true"/>
            <params value="/${Coverage-zib-Payer-eov-test-1-1b-01-id}"/>
            <requestHeader>
               <field value="Authorization"/>
               <value value="Bearer 97294e63-092d-4554-a18a-9d60de7a726d"/>
            </requestHeader>
            <sourceId value="Coverage-zib-Payer-eov-test-1-1b-01"/>
         </operation>
      </action>
      <action>
         <assert>
            <description value="Confirm that the returned HTTP status is 200(OK) or 201(Created)."/>
            <operator value="in"/>
            <responseCode value="200,201"/>
            <warningOnly value="false"/>
         </assert>
      </action>
      <action>
         <operation>
            <type>
               <system value="http://terminology.hl7.org/CodeSystem/testscript-operation-codes"/>
               <code value="updateCreate"/>
            </type>
            <resource value="Coverage"/>
            <accept value="xml"/>
            <contentType value="xml"/>
            <encodeRequestUrl value="true"/>
            <params value="/${Coverage-zib-Payer-eov-test-1-2b-01-id}"/>
            <requestHeader>
               <field value="Authorization"/>
               <value value="Bearer 97294e63-092d-4554-a18a-9d60de7a726d"/>
            </requestHeader>
            <sourceId value="Coverage-zib-Payer-eov-test-1-2b-01"/>
         </operation>
      </action>
      <action>
         <assert>
            <description value="Confirm that the returned HTTP status is 200(OK) or 201(Created)."/>
            <operator value="in"/>
            <responseCode value="200,201"/>
            <warningOnly value="false"/>
         </assert>
      </action>
      <action>
         <operation>
            <type>
               <system value="http://terminology.hl7.org/CodeSystem/testscript-operation-codes"/>
               <code value="updateCreate"/>
            </type>
            <resource value="Coverage"/>
            <accept value="xml"/>
            <contentType value="xml"/>
            <encodeRequestUrl value="true"/>
            <params value="/${Coverage-zib-Payer-eov-test-1-3b-01-id}"/>
            <requestHeader>
               <field value="Authorization"/>
               <value value="Bearer 97294e63-092d-4554-a18a-9d60de7a726d"/>
            </requestHeader>
            <sourceId value="Coverage-zib-Payer-eov-test-1-3b-01"/>
         </operation>
      </action>
      <action>
         <assert>
            <description value="Confirm that the returned HTTP status is 200(OK) or 201(Created)."/>
            <operator value="in"/>
            <responseCode value="200,201"/>
            <warningOnly value="false"/>
         </assert>
      </action>
      <action>
         <operation>
            <type>
               <system value="http://terminology.hl7.org/CodeSystem/testscript-operation-codes"/>
               <code value="updateCreate"/>
            </type>
            <resource value="Coverage"/>
            <accept value="xml"/>
            <contentType value="xml"/>
            <encodeRequestUrl value="true"/>
            <params value="/${Coverage-zib-Payer-eov-test-1-3b-02-id}"/>
            <requestHeader>
               <field value="Authorization"/>
               <value value="Bearer 97294e63-092d-4554-a18a-9d60de7a726d"/>
            </requestHeader>
            <sourceId value="Coverage-zib-Payer-eov-test-1-3b-02"/>
         </operation>
      </action>
      <action>
         <assert>
            <description value="Confirm that the returned HTTP status is 200(OK) or 201(Created)."/>
            <operator value="in"/>
            <responseCode value="200,201"/>
            <warningOnly value="false"/>
         </assert>
      </action>
      <action>
         <operation>
            <type>
               <system value="http://terminology.hl7.org/CodeSystem/testscript-operation-codes"/>
               <code value="updateCreate"/>
            </type>
            <resource value="Coverage"/>
            <accept value="xml"/>
            <contentType value="xml"/>
            <encodeRequestUrl value="true"/>
            <params value="/${Coverage-zib-Payer-eov-test-1-3b-03-id}"/>
            <requestHeader>
               <field value="Authorization"/>
               <value value="Bearer 97294e63-092d-4554-a18a-9d60de7a726d"/>
            </requestHeader>
            <sourceId value="Coverage-zib-Payer-eov-test-1-3b-03"/>
         </operation>
      </action>
      <action>
         <assert>
            <description value="Confirm that the returned HTTP status is 200(OK) or 201(Created)."/>
            <operator value="in"/>
            <responseCode value="200,201"/>
            <warningOnly value="false"/>
         </assert>
      </action>
      <action>
         <operation>
            <type>
               <system value="http://terminology.hl7.org/CodeSystem/testscript-operation-codes"/>
               <code value="updateCreate"/>
            </type>
            <resource value="Coverage"/>
            <accept value="xml"/>
            <contentType value="xml"/>
            <encodeRequestUrl value="true"/>
            <params value="/${Coverage-zib-Payer-eov-test-1-4b-01-id}"/>
            <requestHeader>
               <field value="Authorization"/>
               <value value="Bearer 97294e63-092d-4554-a18a-9d60de7a726d"/>
            </requestHeader>
            <sourceId value="Coverage-zib-Payer-eov-test-1-4b-01"/>
         </operation>
      </action>
      <action>
         <assert>
            <description value="Confirm that the returned HTTP status is 200(OK) or 201(Created)."/>
            <operator value="in"/>
            <responseCode value="200,201"/>
            <warningOnly value="false"/>
         </assert>
      </action>
      <action>
         <operation>
            <type>
               <system value="http://terminology.hl7.org/CodeSystem/testscript-operation-codes"/>
               <code value="updateCreate"/>
            </type>
            <resource value="Coverage"/>
            <accept value="xml"/>
            <contentType value="xml"/>
            <encodeRequestUrl value="true"/>
            <params value="/${Coverage-zib-Payer-eov-test-1-5-01-id}"/>
            <requestHeader>
               <field value="Authorization"/>
               <value value="Bearer 97294e63-092d-4554-a18a-9d60de7a726d"/>
            </requestHeader>
            <sourceId value="Coverage-zib-Payer-eov-test-1-5-01"/>
         </operation>
      </action>
      <action>
         <assert>
            <description value="Confirm that the returned HTTP status is 200(OK) or 201(Created)."/>
            <operator value="in"/>
            <responseCode value="200,201"/>
            <warningOnly value="false"/>
         </assert>
      </action>
      <action>
         <operation>
            <type>
               <system value="http://terminology.hl7.org/CodeSystem/testscript-operation-codes"/>
               <code value="updateCreate"/>
            </type>
            <resource value="Coverage"/>
            <accept value="xml"/>
            <contentType value="xml"/>
            <encodeRequestUrl value="true"/>
            <params value="/${Coverage-zib-Payer-eov-test-1-6-01-id}"/>
            <requestHeader>
               <field value="Authorization"/>
               <value value="Bearer 97294e63-092d-4554-a18a-9d60de7a726d"/>
            </requestHeader>
            <sourceId value="Coverage-zib-Payer-eov-test-1-6-01"/>
         </operation>
      </action>
      <action>
         <assert>
            <description value="Confirm that the returned HTTP status is 200(OK) or 201(Created)."/>
            <operator value="in"/>
            <responseCode value="200,201"/>
            <warningOnly value="false"/>
         </assert>
      </action>
      <action>
         <operation>
            <type>
               <system value="http://terminology.hl7.org/CodeSystem/testscript-operation-codes"/>
               <code value="updateCreate"/>
            </type>
            <resource value="Coverage"/>
            <accept value="xml"/>
            <contentType value="xml"/>
            <encodeRequestUrl value="true"/>
            <params value="/${Coverage-zib-Payer-eov-test-1-7-01-id}"/>
            <requestHeader>
               <field value="Authorization"/>
               <value value="Bearer 97294e63-092d-4554-a18a-9d60de7a726d"/>
            </requestHeader>
            <sourceId value="Coverage-zib-Payer-eov-test-1-7-01"/>
         </operation>
      </action>
      <action>
         <assert>
            <description value="Confirm that the returned HTTP status is 200(OK) or 201(Created)."/>
            <operator value="in"/>
            <responseCode value="200,201"/>
            <warningOnly value="false"/>
         </assert>
      </action>
      <action>
         <operation>
            <type>
               <system value="http://terminology.hl7.org/CodeSystem/testscript-operation-codes"/>
               <code value="updateCreate"/>
            </type>
            <resource value="Coverage"/>
            <accept value="xml"/>
            <contentType value="xml"/>
            <encodeRequestUrl value="true"/>
            <params value="/${Coverage-zib-Payer-eov-test-1-8-01-id}"/>
            <requestHeader>
               <field value="Authorization"/>
               <value value="Bearer 97294e63-092d-4554-a18a-9d60de7a726d"/>
            </requestHeader>
            <sourceId value="Coverage-zib-Payer-eov-test-1-8-01"/>
         </operation>
      </action>
      <action>
         <assert>
            <description value="Confirm that the returned HTTP status is 200(OK) or 201(Created)."/>
            <operator value="in"/>
            <responseCode value="200,201"/>
            <warningOnly value="false"/>
         </assert>
      </action>
      <action>
         <operation>
            <type>
               <system value="http://terminology.hl7.org/CodeSystem/testscript-operation-codes"/>
               <code value="updateCreate"/>
            </type>
            <resource value="Coverage"/>
            <accept value="xml"/>
            <contentType value="xml"/>
            <encodeRequestUrl value="true"/>
            <params value="/${Coverage-zib-Payer-eov-test-1-9b-01-id}"/>
            <requestHeader>
               <field value="Authorization"/>
               <value value="Bearer 97294e63-092d-4554-a18a-9d60de7a726d"/>
            </requestHeader>
            <sourceId value="Coverage-zib-Payer-eov-test-1-9b-01"/>
         </operation>
      </action>
      <action>
         <assert>
            <description value="Confirm that the returned HTTP status is 200(OK) or 201(Created)."/>
            <operator value="in"/>
            <responseCode value="200,201"/>
            <warningOnly value="false"/>
         </assert>
      </action>
      <action>
         <operation>
            <type>
               <system value="http://terminology.hl7.org/CodeSystem/testscript-operation-codes"/>
               <code value="updateCreate"/>
            </type>
            <resource value="Device"/>
            <accept value="xml"/>
            <contentType value="xml"/>
            <encodeRequestUrl value="true"/>
            <params value="/${Device-zib-BladderFunction-UrineCatheter-Product-eov-test-1-8-01-id}"/>
            <requestHeader>
               <field value="Authorization"/>
               <value value="Bearer 97294e63-092d-4554-a18a-9d60de7a726d"/>
            </requestHeader>
            <sourceId value="Device-zib-BladderFunction-UrineCatheter-Product-eov-test-1-8-01"/>
         </operation>
      </action>
      <action>
         <assert>
            <description value="Confirm that the returned HTTP status is 200(OK) or 201(Created)."/>
            <operator value="in"/>
            <responseCode value="200,201"/>
            <warningOnly value="false"/>
         </assert>
      </action>
      <action>
         <operation>
            <type>
               <system value="http://terminology.hl7.org/CodeSystem/testscript-operation-codes"/>
               <code value="updateCreate"/>
            </type>
            <resource value="Device"/>
            <accept value="xml"/>
            <contentType value="xml"/>
            <encodeRequestUrl value="true"/>
            <params value="/${Device-zib-FeedingTubeSystem-Product-eov-test-1-1-01-id}"/>
            <requestHeader>
               <field value="Authorization"/>
               <value value="Bearer 97294e63-092d-4554-a18a-9d60de7a726d"/>
            </requestHeader>
            <sourceId value="Device-zib-FeedingTubeSystem-Product-eov-test-1-1-01"/>
         </operation>
      </action>
      <action>
         <assert>
            <description value="Confirm that the returned HTTP status is 200(OK) or 201(Created)."/>
            <operator value="in"/>
            <responseCode value="200,201"/>
            <warningOnly value="false"/>
         </assert>
      </action>
      <action>
         <operation>
            <type>
               <system value="http://terminology.hl7.org/CodeSystem/testscript-operation-codes"/>
               <code value="updateCreate"/>
            </type>
            <resource value="Device"/>
            <accept value="xml"/>
            <contentType value="xml"/>
            <encodeRequestUrl value="true"/>
            <params value="/${Device-zib-FeedingTubeSystem-Product-eov-test-1-1-02-id}"/>
            <requestHeader>
               <field value="Authorization"/>
               <value value="Bearer 97294e63-092d-4554-a18a-9d60de7a726d"/>
            </requestHeader>
            <sourceId value="Device-zib-FeedingTubeSystem-Product-eov-test-1-1-02"/>
         </operation>
      </action>
      <action>
         <assert>
            <description value="Confirm that the returned HTTP status is 200(OK) or 201(Created)."/>
            <operator value="in"/>
            <responseCode value="200,201"/>
            <warningOnly value="false"/>
         </assert>
      </action>
      <action>
         <operation>
            <type>
               <system value="http://terminology.hl7.org/CodeSystem/testscript-operation-codes"/>
               <code value="updateCreate"/>
            </type>
            <resource value="Device"/>
            <accept value="xml"/>
            <contentType value="xml"/>
            <encodeRequestUrl value="true"/>
            <params value="/${Device-zib-HearingFunction-HearingAid-Product-eov-test-1-1-01-id}"/>
            <requestHeader>
               <field value="Authorization"/>
               <value value="Bearer 97294e63-092d-4554-a18a-9d60de7a726d"/>
            </requestHeader>
            <sourceId value="Device-zib-HearingFunction-HearingAid-Product-eov-test-1-1-01"/>
         </operation>
      </action>
      <action>
         <assert>
            <description value="Confirm that the returned HTTP status is 200(OK) or 201(Created)."/>
            <operator value="in"/>
            <responseCode value="200,201"/>
            <warningOnly value="false"/>
         </assert>
      </action>
      <action>
         <operation>
            <type>
               <system value="http://terminology.hl7.org/CodeSystem/testscript-operation-codes"/>
               <code value="updateCreate"/>
            </type>
            <resource value="Device"/>
            <accept value="xml"/>
            <contentType value="xml"/>
            <encodeRequestUrl value="true"/>
            <params value="/${Device-zib-HearingFunction-HearingAid-Product-eov-test-1-1-02-id}"/>
            <requestHeader>
               <field value="Authorization"/>
               <value value="Bearer 97294e63-092d-4554-a18a-9d60de7a726d"/>
            </requestHeader>
            <sourceId value="Device-zib-HearingFunction-HearingAid-Product-eov-test-1-1-02"/>
         </operation>
      </action>
      <action>
         <assert>
            <description value="Confirm that the returned HTTP status is 200(OK) or 201(Created)."/>
            <operator value="in"/>
            <responseCode value="200,201"/>
            <warningOnly value="false"/>
         </assert>
      </action>
      <action>
         <operation>
            <type>
               <system value="http://terminology.hl7.org/CodeSystem/testscript-operation-codes"/>
               <code value="updateCreate"/>
            </type>
            <resource value="Device"/>
            <accept value="xml"/>
            <contentType value="xml"/>
            <encodeRequestUrl value="true"/>
            <params value="/${Device-zib-Infusion-Product-eov-test-1-1-01-id}"/>
            <requestHeader>
               <field value="Authorization"/>
               <value value="Bearer 97294e63-092d-4554-a18a-9d60de7a726d"/>
            </requestHeader>
            <sourceId value="Device-zib-Infusion-Product-eov-test-1-1-01"/>
         </operation>
      </action>
      <action>
         <assert>
            <description value="Confirm that the returned HTTP status is 200(OK) or 201(Created)."/>
            <operator value="in"/>
            <responseCode value="200,201"/>
            <warningOnly value="false"/>
         </assert>
      </action>
      <action>
         <operation>
            <type>
               <system value="http://terminology.hl7.org/CodeSystem/testscript-operation-codes"/>
               <code value="updateCreate"/>
            </type>
            <resource value="Device"/>
            <accept value="xml"/>
            <contentType value="xml"/>
            <encodeRequestUrl value="true"/>
            <params value="/${Device-zib-Infusion-Product-eov-test-1-1-02-id}"/>
            <requestHeader>
               <field value="Authorization"/>
               <value value="Bearer 97294e63-092d-4554-a18a-9d60de7a726d"/>
            </requestHeader>
            <sourceId value="Device-zib-Infusion-Product-eov-test-1-1-02"/>
         </operation>
      </action>
      <action>
         <assert>
            <description value="Confirm that the returned HTTP status is 200(OK) or 201(Created)."/>
            <operator value="in"/>
            <responseCode value="200,201"/>
            <warningOnly value="false"/>
         </assert>
      </action>
      <action>
         <operation>
            <type>
               <system value="http://terminology.hl7.org/CodeSystem/testscript-operation-codes"/>
               <code value="updateCreate"/>
            </type>
            <resource value="Device"/>
            <accept value="xml"/>
            <contentType value="xml"/>
            <encodeRequestUrl value="true"/>
            <params value="/${Device-zib-MedicalDeviceProduct-eov-test-1-1-01-id}"/>
            <requestHeader>
               <field value="Authorization"/>
               <value value="Bearer 97294e63-092d-4554-a18a-9d60de7a726d"/>
            </requestHeader>
            <sourceId value="Device-zib-MedicalDeviceProduct-eov-test-1-1-01"/>
         </operation>
      </action>
      <action>
         <assert>
            <description value="Confirm that the returned HTTP status is 200(OK) or 201(Created)."/>
            <operator value="in"/>
            <responseCode value="200,201"/>
            <warningOnly value="false"/>
         </assert>
      </action>
      <action>
         <operation>
            <type>
               <system value="http://terminology.hl7.org/CodeSystem/testscript-operation-codes"/>
               <code value="updateCreate"/>
            </type>
            <resource value="Device"/>
            <accept value="xml"/>
            <contentType value="xml"/>
            <encodeRequestUrl value="true"/>
            <params value="/${Device-zib-MedicalDeviceProduct-eov-test-1-1-02-id}"/>
            <requestHeader>
               <field value="Authorization"/>
               <value value="Bearer 97294e63-092d-4554-a18a-9d60de7a726d"/>
            </requestHeader>
            <sourceId value="Device-zib-MedicalDeviceProduct-eov-test-1-1-02"/>
         </operation>
      </action>
      <action>
         <assert>
            <description value="Confirm that the returned HTTP status is 200(OK) or 201(Created)."/>
            <operator value="in"/>
            <responseCode value="200,201"/>
            <warningOnly value="false"/>
         </assert>
      </action>
      <action>
         <operation>
            <type>
               <system value="http://terminology.hl7.org/CodeSystem/testscript-operation-codes"/>
               <code value="updateCreate"/>
            </type>
            <resource value="Device"/>
            <accept value="xml"/>
            <contentType value="xml"/>
            <encodeRequestUrl value="true"/>
            <params value="/${Device-zib-MedicalDeviceProduct-eov-test-1-1-03-id}"/>
            <requestHeader>
               <field value="Authorization"/>
               <value value="Bearer 97294e63-092d-4554-a18a-9d60de7a726d"/>
            </requestHeader>
            <sourceId value="Device-zib-MedicalDeviceProduct-eov-test-1-1-03"/>
         </operation>
      </action>
      <action>
         <assert>
            <description value="Confirm that the returned HTTP status is 200(OK) or 201(Created)."/>
            <operator value="in"/>
            <responseCode value="200,201"/>
            <warningOnly value="false"/>
         </assert>
      </action>
      <action>
         <operation>
            <type>
               <system value="http://terminology.hl7.org/CodeSystem/testscript-operation-codes"/>
               <code value="updateCreate"/>
            </type>
            <resource value="Device"/>
            <accept value="xml"/>
            <contentType value="xml"/>
            <encodeRequestUrl value="true"/>
            <params value="/${Device-zib-MedicalDeviceProduct-eov-test-1-1-04-id}"/>
            <requestHeader>
               <field value="Authorization"/>
               <value value="Bearer 97294e63-092d-4554-a18a-9d60de7a726d"/>
            </requestHeader>
            <sourceId value="Device-zib-MedicalDeviceProduct-eov-test-1-1-04"/>
         </operation>
      </action>
      <action>
         <assert>
            <description value="Confirm that the returned HTTP status is 200(OK) or 201(Created)."/>
            <operator value="in"/>
            <responseCode value="200,201"/>
            <warningOnly value="false"/>
         </assert>
      </action>
      <action>
         <operation>
            <type>
               <system value="http://terminology.hl7.org/CodeSystem/testscript-operation-codes"/>
               <code value="updateCreate"/>
            </type>
            <resource value="Device"/>
            <accept value="xml"/>
            <contentType value="xml"/>
            <encodeRequestUrl value="true"/>
            <params value="/${Device-zib-MedicalDeviceProduct-eov-test-1-1-05-id}"/>
            <requestHeader>
               <field value="Authorization"/>
               <value value="Bearer 97294e63-092d-4554-a18a-9d60de7a726d"/>
            </requestHeader>
            <sourceId value="Device-zib-MedicalDeviceProduct-eov-test-1-1-05"/>
         </operation>
      </action>
      <action>
         <assert>
            <description value="Confirm that the returned HTTP status is 200(OK) or 201(Created)."/>
            <operator value="in"/>
            <responseCode value="200,201"/>
            <warningOnly value="false"/>
         </assert>
      </action>
      <action>
         <operation>
            <type>
               <system value="http://terminology.hl7.org/CodeSystem/testscript-operation-codes"/>
               <code value="updateCreate"/>
            </type>
            <resource value="Device"/>
            <accept value="xml"/>
            <contentType value="xml"/>
            <encodeRequestUrl value="true"/>
            <params value="/${Device-zib-MedicalDeviceProduct-eov-test-1-1-07-id}"/>
            <requestHeader>
               <field value="Authorization"/>
               <value value="Bearer 97294e63-092d-4554-a18a-9d60de7a726d"/>
            </requestHeader>
            <sourceId value="Device-zib-MedicalDeviceProduct-eov-test-1-1-07"/>
         </operation>
      </action>
      <action>
         <assert>
            <description value="Confirm that the returned HTTP status is 200(OK) or 201(Created)."/>
            <operator value="in"/>
            <responseCode value="200,201"/>
            <warningOnly value="false"/>
         </assert>
      </action>
      <action>
         <operation>
            <type>
               <system value="http://terminology.hl7.org/CodeSystem/testscript-operation-codes"/>
               <code value="updateCreate"/>
            </type>
            <resource value="Device"/>
            <accept value="xml"/>
            <contentType value="xml"/>
            <encodeRequestUrl value="true"/>
            <params value="/${Device-zib-MedicalDeviceProduct-eov-test-1-1-08-id}"/>
            <requestHeader>
               <field value="Authorization"/>
               <value value="Bearer 97294e63-092d-4554-a18a-9d60de7a726d"/>
            </requestHeader>
            <sourceId value="Device-zib-MedicalDeviceProduct-eov-test-1-1-08"/>
         </operation>
      </action>
      <action>
         <assert>
            <description value="Confirm that the returned HTTP status is 200(OK) or 201(Created)."/>
            <operator value="in"/>
            <responseCode value="200,201"/>
            <warningOnly value="false"/>
         </assert>
      </action>
      <action>
         <operation>
            <type>
               <system value="http://terminology.hl7.org/CodeSystem/testscript-operation-codes"/>
               <code value="updateCreate"/>
            </type>
            <resource value="Device"/>
            <accept value="xml"/>
            <contentType value="xml"/>
            <encodeRequestUrl value="true"/>
            <params value="/${Device-zib-MedicalDeviceProduct-eov-test-1-8-01-id}"/>
            <requestHeader>
               <field value="Authorization"/>
               <value value="Bearer 97294e63-092d-4554-a18a-9d60de7a726d"/>
            </requestHeader>
            <sourceId value="Device-zib-MedicalDeviceProduct-eov-test-1-8-01"/>
         </operation>
      </action>
      <action>
         <assert>
            <description value="Confirm that the returned HTTP status is 200(OK) or 201(Created)."/>
            <operator value="in"/>
            <responseCode value="200,201"/>
            <warningOnly value="false"/>
         </assert>
      </action>
      <action>
         <operation>
            <type>
               <system value="http://terminology.hl7.org/CodeSystem/testscript-operation-codes"/>
               <code value="updateCreate"/>
            </type>
            <resource value="Device"/>
            <accept value="xml"/>
            <contentType value="xml"/>
            <encodeRequestUrl value="true"/>
            <params value="/${Device-d247e1-zib-MouthcareActivities-MedicalDeviceProduct-eov-t-id}"/>
            <requestHeader>
               <field value="Authorization"/>
               <value value="Bearer 97294e63-092d-4554-a18a-9d60de7a726d"/>
            </requestHeader>
            <sourceId value="Device-d247e1-zib-MouthcareActivities-MedicalDeviceProduct-eov-t"/>
         </operation>
      </action>
      <action>
         <assert>
            <description value="Confirm that the returned HTTP status is 200(OK) or 201(Created)."/>
            <operator value="in"/>
            <responseCode value="200,201"/>
            <warningOnly value="false"/>
         </assert>
      </action>
      <action>
         <operation>
            <type>
               <system value="http://terminology.hl7.org/CodeSystem/testscript-operation-codes"/>
               <code value="updateCreate"/>
            </type>
            <resource value="Device"/>
            <accept value="xml"/>
            <contentType value="xml"/>
            <encodeRequestUrl value="true"/>
            <params value="/${Device-d248e1-zib-MouthcareActivities-MedicalDeviceProduct-eov-t-id}"/>
            <requestHeader>
               <field value="Authorization"/>
               <value value="Bearer 97294e63-092d-4554-a18a-9d60de7a726d"/>
            </requestHeader>
            <sourceId value="Device-d248e1-zib-MouthcareActivities-MedicalDeviceProduct-eov-t"/>
         </operation>
      </action>
      <action>
         <assert>
            <description value="Confirm that the returned HTTP status is 200(OK) or 201(Created)."/>
            <operator value="in"/>
            <responseCode value="200,201"/>
            <warningOnly value="false"/>
         </assert>
      </action>
      <action>
         <operation>
            <type>
               <system value="http://terminology.hl7.org/CodeSystem/testscript-operation-codes"/>
               <code value="updateCreate"/>
            </type>
            <resource value="Device"/>
            <accept value="xml"/>
            <contentType value="xml"/>
            <encodeRequestUrl value="true"/>
            <params value="/${Device-d327e1-zib-Respiration-AdministrationDeviceProduct-eov-te-id}"/>
            <requestHeader>
               <field value="Authorization"/>
               <value value="Bearer 97294e63-092d-4554-a18a-9d60de7a726d"/>
            </requestHeader>
            <sourceId value="Device-d327e1-zib-Respiration-AdministrationDeviceProduct-eov-te"/>
         </operation>
      </action>
      <action>
         <assert>
            <description value="Confirm that the returned HTTP status is 200(OK) or 201(Created)."/>
            <operator value="in"/>
            <responseCode value="200,201"/>
            <warningOnly value="false"/>
         </assert>
      </action>
      <action>
         <operation>
            <type>
               <system value="http://terminology.hl7.org/CodeSystem/testscript-operation-codes"/>
               <code value="updateCreate"/>
            </type>
            <resource value="Device"/>
            <accept value="xml"/>
            <contentType value="xml"/>
            <encodeRequestUrl value="true"/>
            <params value="/${Device-zib-VisualFunction-VisualAidProduct-eov-test-1-1-01-id}"/>
            <requestHeader>
               <field value="Authorization"/>
               <value value="Bearer 97294e63-092d-4554-a18a-9d60de7a726d"/>
            </requestHeader>
            <sourceId value="Device-zib-VisualFunction-VisualAidProduct-eov-test-1-1-01"/>
         </operation>
      </action>
      <action>
         <assert>
            <description value="Confirm that the returned HTTP status is 200(OK) or 201(Created)."/>
            <operator value="in"/>
            <responseCode value="200,201"/>
            <warningOnly value="false"/>
         </assert>
      </action>
      <action>
         <operation>
            <type>
               <system value="http://terminology.hl7.org/CodeSystem/testscript-operation-codes"/>
               <code value="updateCreate"/>
            </type>
            <resource value="Device"/>
            <accept value="xml"/>
            <contentType value="xml"/>
            <encodeRequestUrl value="true"/>
            <params value="/${Device-zib-Wound-MedicalDeviceProduct-eov-test-1-1-01-id}"/>
            <requestHeader>
               <field value="Authorization"/>
               <value value="Bearer 97294e63-092d-4554-a18a-9d60de7a726d"/>
            </requestHeader>
            <sourceId value="Device-zib-Wound-MedicalDeviceProduct-eov-test-1-1-01"/>
         </operation>
      </action>
      <action>
         <assert>
            <description value="Confirm that the returned HTTP status is 200(OK) or 201(Created)."/>
            <operator value="in"/>
            <responseCode value="200,201"/>
            <warningOnly value="false"/>
         </assert>
      </action>
      <action>
         <operation>
            <type>
               <system value="http://terminology.hl7.org/CodeSystem/testscript-operation-codes"/>
               <code value="updateCreate"/>
            </type>
            <resource value="DeviceUseStatement"/>
            <accept value="xml"/>
            <contentType value="xml"/>
            <encodeRequestUrl value="true"/>
            <params value="/${DeviceUseStatement-d184e1-zib-BladderFunction-UrineCatheter-eov--id}"/>
            <requestHeader>
               <field value="Authorization"/>
               <value value="Bearer 97294e63-092d-4554-a18a-9d60de7a726d"/>
            </requestHeader>
            <sourceId value="DeviceUseStatement-d184e1-zib-BladderFunction-UrineCatheter-eov-"/>
         </operation>
      </action>
      <action>
         <assert>
            <description value="Confirm that the returned HTTP status is 200(OK) or 201(Created)."/>
            <operator value="in"/>
            <responseCode value="200,201"/>
            <warningOnly value="false"/>
         </assert>
      </action>
      <action>
         <operation>
            <type>
               <system value="http://terminology.hl7.org/CodeSystem/testscript-operation-codes"/>
               <code value="updateCreate"/>
            </type>
            <resource value="DeviceUseStatement"/>
            <accept value="xml"/>
            <contentType value="xml"/>
            <encodeRequestUrl value="true"/>
            <params value="/${DeviceUseStatement-zib-FeedingTubeSystem-eov-test-1-1-01-id}"/>
            <requestHeader>
               <field value="Authorization"/>
               <value value="Bearer 97294e63-092d-4554-a18a-9d60de7a726d"/>
            </requestHeader>
            <sourceId value="DeviceUseStatement-zib-FeedingTubeSystem-eov-test-1-1-01"/>
         </operation>
      </action>
      <action>
         <assert>
            <description value="Confirm that the returned HTTP status is 200(OK) or 201(Created)."/>
            <operator value="in"/>
            <responseCode value="200,201"/>
            <warningOnly value="false"/>
         </assert>
      </action>
      <action>
         <operation>
            <type>
               <system value="http://terminology.hl7.org/CodeSystem/testscript-operation-codes"/>
               <code value="updateCreate"/>
            </type>
            <resource value="DeviceUseStatement"/>
            <accept value="xml"/>
            <contentType value="xml"/>
            <encodeRequestUrl value="true"/>
            <params value="/${DeviceUseStatement-zib-FeedingTubeSystem-eov-test-1-1-02-id}"/>
            <requestHeader>
               <field value="Authorization"/>
               <value value="Bearer 97294e63-092d-4554-a18a-9d60de7a726d"/>
            </requestHeader>
            <sourceId value="DeviceUseStatement-zib-FeedingTubeSystem-eov-test-1-1-02"/>
         </operation>
      </action>
      <action>
         <assert>
            <description value="Confirm that the returned HTTP status is 200(OK) or 201(Created)."/>
            <operator value="in"/>
            <responseCode value="200,201"/>
            <warningOnly value="false"/>
         </assert>
      </action>
      <action>
         <operation>
            <type>
               <system value="http://terminology.hl7.org/CodeSystem/testscript-operation-codes"/>
               <code value="updateCreate"/>
            </type>
            <resource value="DeviceUseStatement"/>
            <accept value="xml"/>
            <contentType value="xml"/>
            <encodeRequestUrl value="true"/>
            <params value="/${DeviceUseStatement-d209e1-zib-HearingFunction-HearingAid-eov-tes-id}"/>
            <requestHeader>
               <field value="Authorization"/>
               <value value="Bearer 97294e63-092d-4554-a18a-9d60de7a726d"/>
            </requestHeader>
            <sourceId value="DeviceUseStatement-d209e1-zib-HearingFunction-HearingAid-eov-tes"/>
         </operation>
      </action>
      <action>
         <assert>
            <description value="Confirm that the returned HTTP status is 200(OK) or 201(Created)."/>
            <operator value="in"/>
            <responseCode value="200,201"/>
            <warningOnly value="false"/>
         </assert>
      </action>
      <action>
         <operation>
            <type>
               <system value="http://terminology.hl7.org/CodeSystem/testscript-operation-codes"/>
               <code value="updateCreate"/>
            </type>
            <resource value="DeviceUseStatement"/>
            <accept value="xml"/>
            <contentType value="xml"/>
            <encodeRequestUrl value="true"/>
            <params value="/${DeviceUseStatement-d210e1-zib-HearingFunction-HearingAid-eov-tes-id}"/>
            <requestHeader>
               <field value="Authorization"/>
               <value value="Bearer 97294e63-092d-4554-a18a-9d60de7a726d"/>
            </requestHeader>
            <sourceId value="DeviceUseStatement-d210e1-zib-HearingFunction-HearingAid-eov-tes"/>
         </operation>
      </action>
      <action>
         <assert>
            <description value="Confirm that the returned HTTP status is 200(OK) or 201(Created)."/>
            <operator value="in"/>
            <responseCode value="200,201"/>
            <warningOnly value="false"/>
         </assert>
      </action>
      <action>
         <operation>
            <type>
               <system value="http://terminology.hl7.org/CodeSystem/testscript-operation-codes"/>
               <code value="updateCreate"/>
            </type>
            <resource value="DeviceUseStatement"/>
            <accept value="xml"/>
            <contentType value="xml"/>
            <encodeRequestUrl value="true"/>
            <params value="/${DeviceUseStatement-zib-Infusion-eov-test-1-1-01-id}"/>
            <requestHeader>
               <field value="Authorization"/>
               <value value="Bearer 97294e63-092d-4554-a18a-9d60de7a726d"/>
            </requestHeader>
            <sourceId value="DeviceUseStatement-zib-Infusion-eov-test-1-1-01"/>
         </operation>
      </action>
      <action>
         <assert>
            <description value="Confirm that the returned HTTP status is 200(OK) or 201(Created)."/>
            <operator value="in"/>
            <responseCode value="200,201"/>
            <warningOnly value="false"/>
         </assert>
      </action>
      <action>
         <operation>
            <type>
               <system value="http://terminology.hl7.org/CodeSystem/testscript-operation-codes"/>
               <code value="updateCreate"/>
            </type>
            <resource value="DeviceUseStatement"/>
            <accept value="xml"/>
            <contentType value="xml"/>
            <encodeRequestUrl value="true"/>
            <params value="/${DeviceUseStatement-zib-Infusion-eov-test-1-1-02-id}"/>
            <requestHeader>
               <field value="Authorization"/>
               <value value="Bearer 97294e63-092d-4554-a18a-9d60de7a726d"/>
            </requestHeader>
            <sourceId value="DeviceUseStatement-zib-Infusion-eov-test-1-1-02"/>
         </operation>
      </action>
      <action>
         <assert>
            <description value="Confirm that the returned HTTP status is 200(OK) or 201(Created)."/>
            <operator value="in"/>
            <responseCode value="200,201"/>
            <warningOnly value="false"/>
         </assert>
      </action>
      <action>
         <operation>
            <type>
               <system value="http://terminology.hl7.org/CodeSystem/testscript-operation-codes"/>
               <code value="updateCreate"/>
            </type>
            <resource value="DeviceUseStatement"/>
            <accept value="xml"/>
            <contentType value="xml"/>
            <encodeRequestUrl value="true"/>
            <params value="/${DeviceUseStatement-zib-MedicalDevice-eov-test-1-1-01-id}"/>
            <requestHeader>
               <field value="Authorization"/>
               <value value="Bearer 97294e63-092d-4554-a18a-9d60de7a726d"/>
            </requestHeader>
            <sourceId value="DeviceUseStatement-zib-MedicalDevice-eov-test-1-1-01"/>
         </operation>
      </action>
      <action>
         <assert>
            <description value="Confirm that the returned HTTP status is 200(OK) or 201(Created)."/>
            <operator value="in"/>
            <responseCode value="200,201"/>
            <warningOnly value="false"/>
         </assert>
      </action>
      <action>
         <operation>
            <type>
               <system value="http://terminology.hl7.org/CodeSystem/testscript-operation-codes"/>
               <code value="updateCreate"/>
            </type>
            <resource value="DeviceUseStatement"/>
            <accept value="xml"/>
            <contentType value="xml"/>
            <encodeRequestUrl value="true"/>
            <params value="/${DeviceUseStatement-zib-MedicalDevice-eov-test-1-1-02-id}"/>
            <requestHeader>
               <field value="Authorization"/>
               <value value="Bearer 97294e63-092d-4554-a18a-9d60de7a726d"/>
            </requestHeader>
            <sourceId value="DeviceUseStatement-zib-MedicalDevice-eov-test-1-1-02"/>
         </operation>
      </action>
      <action>
         <assert>
            <description value="Confirm that the returned HTTP status is 200(OK) or 201(Created)."/>
            <operator value="in"/>
            <responseCode value="200,201"/>
            <warningOnly value="false"/>
         </assert>
      </action>
      <action>
         <operation>
            <type>
               <system value="http://terminology.hl7.org/CodeSystem/testscript-operation-codes"/>
               <code value="updateCreate"/>
            </type>
            <resource value="DeviceUseStatement"/>
            <accept value="xml"/>
            <contentType value="xml"/>
            <encodeRequestUrl value="true"/>
            <params value="/${DeviceUseStatement-zib-MedicalDevice-eov-test-1-1-03-id}"/>
            <requestHeader>
               <field value="Authorization"/>
               <value value="Bearer 97294e63-092d-4554-a18a-9d60de7a726d"/>
            </requestHeader>
            <sourceId value="DeviceUseStatement-zib-MedicalDevice-eov-test-1-1-03"/>
         </operation>
      </action>
      <action>
         <assert>
            <description value="Confirm that the returned HTTP status is 200(OK) or 201(Created)."/>
            <operator value="in"/>
            <responseCode value="200,201"/>
            <warningOnly value="false"/>
         </assert>
      </action>
      <action>
         <operation>
            <type>
               <system value="http://terminology.hl7.org/CodeSystem/testscript-operation-codes"/>
               <code value="updateCreate"/>
            </type>
            <resource value="DeviceUseStatement"/>
            <accept value="xml"/>
            <contentType value="xml"/>
            <encodeRequestUrl value="true"/>
            <params value="/${DeviceUseStatement-zib-MedicalDevice-eov-test-1-1-05-id}"/>
            <requestHeader>
               <field value="Authorization"/>
               <value value="Bearer 97294e63-092d-4554-a18a-9d60de7a726d"/>
            </requestHeader>
            <sourceId value="DeviceUseStatement-zib-MedicalDevice-eov-test-1-1-05"/>
         </operation>
      </action>
      <action>
         <assert>
            <description value="Confirm that the returned HTTP status is 200(OK) or 201(Created)."/>
            <operator value="in"/>
            <responseCode value="200,201"/>
            <warningOnly value="false"/>
         </assert>
      </action>
      <action>
         <operation>
            <type>
               <system value="http://terminology.hl7.org/CodeSystem/testscript-operation-codes"/>
               <code value="updateCreate"/>
            </type>
            <resource value="DeviceUseStatement"/>
            <accept value="xml"/>
            <contentType value="xml"/>
            <encodeRequestUrl value="true"/>
            <params value="/${DeviceUseStatement-zib-MedicalDevice-eov-test-1-1-07-id}"/>
            <requestHeader>
               <field value="Authorization"/>
               <value value="Bearer 97294e63-092d-4554-a18a-9d60de7a726d"/>
            </requestHeader>
            <sourceId value="DeviceUseStatement-zib-MedicalDevice-eov-test-1-1-07"/>
         </operation>
      </action>
      <action>
         <assert>
            <description value="Confirm that the returned HTTP status is 200(OK) or 201(Created)."/>
            <operator value="in"/>
            <responseCode value="200,201"/>
            <warningOnly value="false"/>
         </assert>
      </action>
      <action>
         <operation>
            <type>
               <system value="http://terminology.hl7.org/CodeSystem/testscript-operation-codes"/>
               <code value="updateCreate"/>
            </type>
            <resource value="DeviceUseStatement"/>
            <accept value="xml"/>
            <contentType value="xml"/>
            <encodeRequestUrl value="true"/>
            <params value="/${DeviceUseStatement-zib-MedicalDevice-eov-test-1-8-01-id}"/>
            <requestHeader>
               <field value="Authorization"/>
               <value value="Bearer 97294e63-092d-4554-a18a-9d60de7a726d"/>
            </requestHeader>
            <sourceId value="DeviceUseStatement-zib-MedicalDevice-eov-test-1-8-01"/>
         </operation>
      </action>
      <action>
         <assert>
            <description value="Confirm that the returned HTTP status is 200(OK) or 201(Created)."/>
            <operator value="in"/>
            <responseCode value="200,201"/>
            <warningOnly value="false"/>
         </assert>
      </action>
      <action>
         <operation>
            <type>
               <system value="http://terminology.hl7.org/CodeSystem/testscript-operation-codes"/>
               <code value="updateCreate"/>
            </type>
            <resource value="DeviceUseStatement"/>
            <accept value="xml"/>
            <contentType value="xml"/>
            <encodeRequestUrl value="true"/>
            <params value="/${DeviceUseStatement-d245e1-zib-MouthcareActivities-MedicalDevice--id}"/>
            <requestHeader>
               <field value="Authorization"/>
               <value value="Bearer 97294e63-092d-4554-a18a-9d60de7a726d"/>
            </requestHeader>
            <sourceId value="DeviceUseStatement-d245e1-zib-MouthcareActivities-MedicalDevice-"/>
         </operation>
      </action>
      <action>
         <assert>
            <description value="Confirm that the returned HTTP status is 200(OK) or 201(Created)."/>
            <operator value="in"/>
            <responseCode value="200,201"/>
            <warningOnly value="false"/>
         </assert>
      </action>
      <action>
         <operation>
            <type>
               <system value="http://terminology.hl7.org/CodeSystem/testscript-operation-codes"/>
               <code value="updateCreate"/>
            </type>
            <resource value="DeviceUseStatement"/>
            <accept value="xml"/>
            <contentType value="xml"/>
            <encodeRequestUrl value="true"/>
            <params value="/${DeviceUseStatement-d246e1-zib-MouthcareActivities-MedicalDevice--id}"/>
            <requestHeader>
               <field value="Authorization"/>
               <value value="Bearer 97294e63-092d-4554-a18a-9d60de7a726d"/>
            </requestHeader>
            <sourceId value="DeviceUseStatement-d246e1-zib-MouthcareActivities-MedicalDevice-"/>
         </operation>
      </action>
      <action>
         <assert>
            <description value="Confirm that the returned HTTP status is 200(OK) or 201(Created)."/>
            <operator value="in"/>
            <responseCode value="200,201"/>
            <warningOnly value="false"/>
         </assert>
      </action>
      <action>
         <operation>
            <type>
               <system value="http://terminology.hl7.org/CodeSystem/testscript-operation-codes"/>
               <code value="updateCreate"/>
            </type>
            <resource value="DeviceUseStatement"/>
            <accept value="xml"/>
            <contentType value="xml"/>
            <encodeRequestUrl value="true"/>
            <params value="/${DeviceUseStatement-d326e1-zib-Respiration-AdministrationDevice-e-id}"/>
            <requestHeader>
               <field value="Authorization"/>
               <value value="Bearer 97294e63-092d-4554-a18a-9d60de7a726d"/>
            </requestHeader>
            <sourceId value="DeviceUseStatement-d326e1-zib-Respiration-AdministrationDevice-e"/>
         </operation>
      </action>
      <action>
         <assert>
            <description value="Confirm that the returned HTTP status is 200(OK) or 201(Created)."/>
            <operator value="in"/>
            <responseCode value="200,201"/>
            <warningOnly value="false"/>
         </assert>
      </action>
      <action>
         <operation>
            <type>
               <system value="http://terminology.hl7.org/CodeSystem/testscript-operation-codes"/>
               <code value="updateCreate"/>
            </type>
            <resource value="DeviceUseStatement"/>
            <accept value="xml"/>
            <contentType value="xml"/>
            <encodeRequestUrl value="true"/>
            <params value="/${DeviceUseStatement-zib-VisualFunction-VisualAid-eov-test-1-1-01-id}"/>
            <requestHeader>
               <field value="Authorization"/>
               <value value="Bearer 97294e63-092d-4554-a18a-9d60de7a726d"/>
            </requestHeader>
            <sourceId value="DeviceUseStatement-zib-VisualFunction-VisualAid-eov-test-1-1-01"/>
         </operation>
      </action>
      <action>
         <assert>
            <description value="Confirm that the returned HTTP status is 200(OK) or 201(Created)."/>
            <operator value="in"/>
            <responseCode value="200,201"/>
            <warningOnly value="false"/>
         </assert>
      </action>
      <action>
         <operation>
            <type>
               <system value="http://terminology.hl7.org/CodeSystem/testscript-operation-codes"/>
               <code value="updateCreate"/>
            </type>
            <resource value="DeviceUseStatement"/>
            <accept value="xml"/>
            <contentType value="xml"/>
            <encodeRequestUrl value="true"/>
            <params value="/${DeviceUseStatement-zib-Wound-MedicalDevice-eov-test-1-1-01-id}"/>
            <requestHeader>
               <field value="Authorization"/>
               <value value="Bearer 97294e63-092d-4554-a18a-9d60de7a726d"/>
            </requestHeader>
            <sourceId value="DeviceUseStatement-zib-Wound-MedicalDevice-eov-test-1-1-01"/>
         </operation>
      </action>
      <action>
         <assert>
            <description value="Confirm that the returned HTTP status is 200(OK) or 201(Created)."/>
            <operator value="in"/>
            <responseCode value="200,201"/>
            <warningOnly value="false"/>
         </assert>
      </action>
      <action>
         <operation>
            <type>
               <system value="http://terminology.hl7.org/CodeSystem/testscript-operation-codes"/>
               <code value="updateCreate"/>
            </type>
            <resource value="DiagnosticReport"/>
            <accept value="xml"/>
            <contentType value="xml"/>
            <encodeRequestUrl value="true"/>
            <params value="/${DiagnosticReport-zib-OutcomeOfCare-eov-test-1-1-01-id}"/>
            <requestHeader>
               <field value="Authorization"/>
               <value value="Bearer 97294e63-092d-4554-a18a-9d60de7a726d"/>
            </requestHeader>
            <sourceId value="DiagnosticReport-zib-OutcomeOfCare-eov-test-1-1-01"/>
         </operation>
      </action>
      <action>
         <assert>
            <description value="Confirm that the returned HTTP status is 200(OK) or 201(Created)."/>
            <operator value="in"/>
            <responseCode value="200,201"/>
            <warningOnly value="false"/>
         </assert>
      </action>
      <action>
         <operation>
            <type>
               <system value="http://terminology.hl7.org/CodeSystem/testscript-operation-codes"/>
               <code value="updateCreate"/>
            </type>
            <resource value="DiagnosticReport"/>
            <accept value="xml"/>
            <contentType value="xml"/>
            <encodeRequestUrl value="true"/>
            <params value="/${DiagnosticReport-zib-OutcomeOfCare-eov-test-1-1-02-id}"/>
            <requestHeader>
               <field value="Authorization"/>
               <value value="Bearer 97294e63-092d-4554-a18a-9d60de7a726d"/>
            </requestHeader>
            <sourceId value="DiagnosticReport-zib-OutcomeOfCare-eov-test-1-1-02"/>
         </operation>
      </action>
      <action>
         <assert>
            <description value="Confirm that the returned HTTP status is 200(OK) or 201(Created)."/>
            <operator value="in"/>
            <responseCode value="200,201"/>
            <warningOnly value="false"/>
         </assert>
      </action>
      <action>
         <operation>
            <type>
               <system value="http://terminology.hl7.org/CodeSystem/testscript-operation-codes"/>
               <code value="updateCreate"/>
            </type>
            <resource value="DiagnosticReport"/>
            <accept value="xml"/>
            <contentType value="xml"/>
            <encodeRequestUrl value="true"/>
            <params value="/${DiagnosticReport-zib-OutcomeOfCare-eov-test-1-5-01-id}"/>
            <requestHeader>
               <field value="Authorization"/>
               <value value="Bearer 97294e63-092d-4554-a18a-9d60de7a726d"/>
            </requestHeader>
            <sourceId value="DiagnosticReport-zib-OutcomeOfCare-eov-test-1-5-01"/>
         </operation>
      </action>
      <action>
         <assert>
            <description value="Confirm that the returned HTTP status is 200(OK) or 201(Created)."/>
            <operator value="in"/>
            <responseCode value="200,201"/>
            <warningOnly value="false"/>
         </assert>
      </action>
      <action>
         <operation>
            <type>
               <system value="http://terminology.hl7.org/CodeSystem/testscript-operation-codes"/>
               <code value="updateCreate"/>
            </type>
            <resource value="DiagnosticReport"/>
            <accept value="xml"/>
            <contentType value="xml"/>
            <encodeRequestUrl value="true"/>
            <params value="/${DiagnosticReport-zib-OutcomeOfCare-eov-test-1-6-01-id}"/>
            <requestHeader>
               <field value="Authorization"/>
               <value value="Bearer 97294e63-092d-4554-a18a-9d60de7a726d"/>
            </requestHeader>
            <sourceId value="DiagnosticReport-zib-OutcomeOfCare-eov-test-1-6-01"/>
         </operation>
      </action>
      <action>
         <assert>
            <description value="Confirm that the returned HTTP status is 200(OK) or 201(Created)."/>
            <operator value="in"/>
            <responseCode value="200,201"/>
            <warningOnly value="false"/>
         </assert>
      </action>
      <action>
         <operation>
            <type>
               <system value="http://terminology.hl7.org/CodeSystem/testscript-operation-codes"/>
               <code value="updateCreate"/>
            </type>
            <resource value="DiagnosticReport"/>
            <accept value="xml"/>
            <contentType value="xml"/>
            <encodeRequestUrl value="true"/>
            <params value="/${DiagnosticReport-zib-OutcomeOfCare-eov-test-1-7-01-id}"/>
            <requestHeader>
               <field value="Authorization"/>
               <value value="Bearer 97294e63-092d-4554-a18a-9d60de7a726d"/>
            </requestHeader>
            <sourceId value="DiagnosticReport-zib-OutcomeOfCare-eov-test-1-7-01"/>
         </operation>
      </action>
      <action>
         <assert>
            <description value="Confirm that the returned HTTP status is 200(OK) or 201(Created)."/>
            <operator value="in"/>
            <responseCode value="200,201"/>
            <warningOnly value="false"/>
         </assert>
      </action>
      <action>
         <operation>
            <type>
               <system value="http://terminology.hl7.org/CodeSystem/testscript-operation-codes"/>
               <code value="updateCreate"/>
            </type>
            <resource value="Encounter"/>
            <accept value="xml"/>
            <contentType value="xml"/>
            <encodeRequestUrl value="true"/>
            <params value="/${Encounter-eOverdracht-Encounter-eov-test-1-1-01-id}"/>
            <requestHeader>
               <field value="Authorization"/>
               <value value="Bearer 97294e63-092d-4554-a18a-9d60de7a726d"/>
            </requestHeader>
            <sourceId value="Encounter-eOverdracht-Encounter-eov-test-1-1-01"/>
         </operation>
      </action>
      <action>
         <assert>
            <description value="Confirm that the returned HTTP status is 200(OK) or 201(Created)."/>
            <operator value="in"/>
            <responseCode value="200,201"/>
            <warningOnly value="false"/>
         </assert>
      </action>
      <action>
         <operation>
            <type>
               <system value="http://terminology.hl7.org/CodeSystem/testscript-operation-codes"/>
               <code value="updateCreate"/>
            </type>
            <resource value="Encounter"/>
            <accept value="xml"/>
            <contentType value="xml"/>
            <encodeRequestUrl value="true"/>
            <params value="/${Encounter-eOverdracht-Encounter-eov-test-1-1-03-id}"/>
            <requestHeader>
               <field value="Authorization"/>
               <value value="Bearer 97294e63-092d-4554-a18a-9d60de7a726d"/>
            </requestHeader>
            <sourceId value="Encounter-eOverdracht-Encounter-eov-test-1-1-03"/>
         </operation>
      </action>
      <action>
         <assert>
            <description value="Confirm that the returned HTTP status is 200(OK) or 201(Created)."/>
            <operator value="in"/>
            <responseCode value="200,201"/>
            <warningOnly value="false"/>
         </assert>
      </action>
      <action>
         <operation>
            <type>
               <system value="http://terminology.hl7.org/CodeSystem/testscript-operation-codes"/>
               <code value="updateCreate"/>
            </type>
            <resource value="Encounter"/>
            <accept value="xml"/>
            <contentType value="xml"/>
            <encodeRequestUrl value="true"/>
            <params value="/${Encounter-eOverdracht-Encounter-eov-test-1-1b-01-id}"/>
            <requestHeader>
               <field value="Authorization"/>
               <value value="Bearer 97294e63-092d-4554-a18a-9d60de7a726d"/>
            </requestHeader>
            <sourceId value="Encounter-eOverdracht-Encounter-eov-test-1-1b-01"/>
         </operation>
      </action>
      <action>
         <assert>
            <description value="Confirm that the returned HTTP status is 200(OK) or 201(Created)."/>
            <operator value="in"/>
            <responseCode value="200,201"/>
            <warningOnly value="false"/>
         </assert>
      </action>
      <action>
         <operation>
            <type>
               <system value="http://terminology.hl7.org/CodeSystem/testscript-operation-codes"/>
               <code value="updateCreate"/>
            </type>
            <resource value="Encounter"/>
            <accept value="xml"/>
            <contentType value="xml"/>
            <encodeRequestUrl value="true"/>
            <params value="/${Encounter-eOverdracht-Encounter-eov-test-1-1b-03-id}"/>
            <requestHeader>
               <field value="Authorization"/>
               <value value="Bearer 97294e63-092d-4554-a18a-9d60de7a726d"/>
            </requestHeader>
            <sourceId value="Encounter-eOverdracht-Encounter-eov-test-1-1b-03"/>
         </operation>
      </action>
      <action>
         <assert>
            <description value="Confirm that the returned HTTP status is 200(OK) or 201(Created)."/>
            <operator value="in"/>
            <responseCode value="200,201"/>
            <warningOnly value="false"/>
         </assert>
      </action>
      <action>
         <operation>
            <type>
               <system value="http://terminology.hl7.org/CodeSystem/testscript-operation-codes"/>
               <code value="updateCreate"/>
            </type>
            <resource value="Encounter"/>
            <accept value="xml"/>
            <contentType value="xml"/>
            <encodeRequestUrl value="true"/>
            <params value="/${Encounter-eOverdracht-Encounter-eov-test-1-2b-01-id}"/>
            <requestHeader>
               <field value="Authorization"/>
               <value value="Bearer 97294e63-092d-4554-a18a-9d60de7a726d"/>
            </requestHeader>
            <sourceId value="Encounter-eOverdracht-Encounter-eov-test-1-2b-01"/>
         </operation>
      </action>
      <action>
         <assert>
            <description value="Confirm that the returned HTTP status is 200(OK) or 201(Created)."/>
            <operator value="in"/>
            <responseCode value="200,201"/>
            <warningOnly value="false"/>
         </assert>
      </action>
      <action>
         <operation>
            <type>
               <system value="http://terminology.hl7.org/CodeSystem/testscript-operation-codes"/>
               <code value="updateCreate"/>
            </type>
            <resource value="Flag"/>
            <accept value="xml"/>
            <contentType value="xml"/>
            <encodeRequestUrl value="true"/>
            <params value="/${Flag-zib-Alert-eov-test-1-1-01-id}"/>
            <requestHeader>
               <field value="Authorization"/>
               <value value="Bearer 97294e63-092d-4554-a18a-9d60de7a726d"/>
            </requestHeader>
            <sourceId value="Flag-zib-Alert-eov-test-1-1-01"/>
         </operation>
      </action>
      <action>
         <assert>
            <description value="Confirm that the returned HTTP status is 200(OK) or 201(Created)."/>
            <operator value="in"/>
            <responseCode value="200,201"/>
            <warningOnly value="false"/>
         </assert>
      </action>
      <action>
         <operation>
            <type>
               <system value="http://terminology.hl7.org/CodeSystem/testscript-operation-codes"/>
               <code value="updateCreate"/>
            </type>
            <resource value="Flag"/>
            <accept value="xml"/>
            <contentType value="xml"/>
            <encodeRequestUrl value="true"/>
            <params value="/${Flag-zib-Alert-eov-test-1-1-02-id}"/>
            <requestHeader>
               <field value="Authorization"/>
               <value value="Bearer 97294e63-092d-4554-a18a-9d60de7a726d"/>
            </requestHeader>
            <sourceId value="Flag-zib-Alert-eov-test-1-1-02"/>
         </operation>
      </action>
      <action>
         <assert>
            <description value="Confirm that the returned HTTP status is 200(OK) or 201(Created)."/>
            <operator value="in"/>
            <responseCode value="200,201"/>
            <warningOnly value="false"/>
         </assert>
      </action>
      <action>
         <operation>
            <type>
               <system value="http://terminology.hl7.org/CodeSystem/testscript-operation-codes"/>
               <code value="updateCreate"/>
            </type>
            <resource value="Flag"/>
            <accept value="xml"/>
            <contentType value="xml"/>
            <encodeRequestUrl value="true"/>
            <params value="/${Flag-zib-Alert-eov-test-1-1b-01-id}"/>
            <requestHeader>
               <field value="Authorization"/>
               <value value="Bearer 97294e63-092d-4554-a18a-9d60de7a726d"/>
            </requestHeader>
            <sourceId value="Flag-zib-Alert-eov-test-1-1b-01"/>
         </operation>
      </action>
      <action>
         <assert>
            <description value="Confirm that the returned HTTP status is 200(OK) or 201(Created)."/>
            <operator value="in"/>
            <responseCode value="200,201"/>
            <warningOnly value="false"/>
         </assert>
      </action>
      <action>
         <operation>
            <type>
               <system value="http://terminology.hl7.org/CodeSystem/testscript-operation-codes"/>
               <code value="updateCreate"/>
            </type>
            <resource value="Flag"/>
            <accept value="xml"/>
            <contentType value="xml"/>
            <encodeRequestUrl value="true"/>
            <params value="/${Flag-zib-Alert-eov-test-1-1b-02-id}"/>
            <requestHeader>
               <field value="Authorization"/>
               <value value="Bearer 97294e63-092d-4554-a18a-9d60de7a726d"/>
            </requestHeader>
            <sourceId value="Flag-zib-Alert-eov-test-1-1b-02"/>
         </operation>
      </action>
      <action>
         <assert>
            <description value="Confirm that the returned HTTP status is 200(OK) or 201(Created)."/>
            <operator value="in"/>
            <responseCode value="200,201"/>
            <warningOnly value="false"/>
         </assert>
      </action>
      <action>
         <operation>
            <type>
               <system value="http://terminology.hl7.org/CodeSystem/testscript-operation-codes"/>
               <code value="updateCreate"/>
            </type>
            <resource value="Goal"/>
            <accept value="xml"/>
            <contentType value="xml"/>
            <encodeRequestUrl value="true"/>
            <params value="/${Goal-zib-TreatmentObjective-eov-test-1-1-01-id}"/>
            <requestHeader>
               <field value="Authorization"/>
               <value value="Bearer 97294e63-092d-4554-a18a-9d60de7a726d"/>
            </requestHeader>
            <sourceId value="Goal-zib-TreatmentObjective-eov-test-1-1-01"/>
         </operation>
      </action>
      <action>
         <assert>
            <description value="Confirm that the returned HTTP status is 200(OK) or 201(Created)."/>
            <operator value="in"/>
            <responseCode value="200,201"/>
            <warningOnly value="false"/>
         </assert>
      </action>
      <action>
         <operation>
            <type>
               <system value="http://terminology.hl7.org/CodeSystem/testscript-operation-codes"/>
               <code value="updateCreate"/>
            </type>
            <resource value="Goal"/>
            <accept value="xml"/>
            <contentType value="xml"/>
            <encodeRequestUrl value="true"/>
            <params value="/${Goal-zib-TreatmentObjective-eov-test-1-1-02-id}"/>
            <requestHeader>
               <field value="Authorization"/>
               <value value="Bearer 97294e63-092d-4554-a18a-9d60de7a726d"/>
            </requestHeader>
            <sourceId value="Goal-zib-TreatmentObjective-eov-test-1-1-02"/>
         </operation>
      </action>
      <action>
         <assert>
            <description value="Confirm that the returned HTTP status is 200(OK) or 201(Created)."/>
            <operator value="in"/>
            <responseCode value="200,201"/>
            <warningOnly value="false"/>
         </assert>
      </action>
      <action>
         <operation>
            <type>
               <system value="http://terminology.hl7.org/CodeSystem/testscript-operation-codes"/>
               <code value="updateCreate"/>
            </type>
            <resource value="Goal"/>
            <accept value="xml"/>
            <contentType value="xml"/>
            <encodeRequestUrl value="true"/>
            <params value="/${Goal-zib-TreatmentObjective-eov-test-1-1-03-id}"/>
            <requestHeader>
               <field value="Authorization"/>
               <value value="Bearer 97294e63-092d-4554-a18a-9d60de7a726d"/>
            </requestHeader>
            <sourceId value="Goal-zib-TreatmentObjective-eov-test-1-1-03"/>
         </operation>
      </action>
      <action>
         <assert>
            <description value="Confirm that the returned HTTP status is 200(OK) or 201(Created)."/>
            <operator value="in"/>
            <responseCode value="200,201"/>
            <warningOnly value="false"/>
         </assert>
      </action>
      <action>
         <operation>
            <type>
               <system value="http://terminology.hl7.org/CodeSystem/testscript-operation-codes"/>
               <code value="updateCreate"/>
            </type>
            <resource value="Goal"/>
            <accept value="xml"/>
            <contentType value="xml"/>
            <encodeRequestUrl value="true"/>
            <params value="/${Goal-zib-TreatmentObjective-eov-test-1-1-04-id}"/>
            <requestHeader>
               <field value="Authorization"/>
               <value value="Bearer 97294e63-092d-4554-a18a-9d60de7a726d"/>
            </requestHeader>
            <sourceId value="Goal-zib-TreatmentObjective-eov-test-1-1-04"/>
         </operation>
      </action>
      <action>
         <assert>
            <description value="Confirm that the returned HTTP status is 200(OK) or 201(Created)."/>
            <operator value="in"/>
            <responseCode value="200,201"/>
            <warningOnly value="false"/>
         </assert>
      </action>
      <action>
         <operation>
            <type>
               <system value="http://terminology.hl7.org/CodeSystem/testscript-operation-codes"/>
               <code value="updateCreate"/>
            </type>
            <resource value="Goal"/>
            <accept value="xml"/>
            <contentType value="xml"/>
            <encodeRequestUrl value="true"/>
            <params value="/${Goal-zib-TreatmentObjective-eov-test-1-1-05-id}"/>
            <requestHeader>
               <field value="Authorization"/>
               <value value="Bearer 97294e63-092d-4554-a18a-9d60de7a726d"/>
            </requestHeader>
            <sourceId value="Goal-zib-TreatmentObjective-eov-test-1-1-05"/>
         </operation>
      </action>
      <action>
         <assert>
            <description value="Confirm that the returned HTTP status is 200(OK) or 201(Created)."/>
            <operator value="in"/>
            <responseCode value="200,201"/>
            <warningOnly value="false"/>
         </assert>
      </action>
      <action>
         <operation>
            <type>
               <system value="http://terminology.hl7.org/CodeSystem/testscript-operation-codes"/>
               <code value="updateCreate"/>
            </type>
            <resource value="Goal"/>
            <accept value="xml"/>
            <contentType value="xml"/>
            <encodeRequestUrl value="true"/>
            <params value="/${Goal-zib-TreatmentObjective-eov-test-1-1-06-id}"/>
            <requestHeader>
               <field value="Authorization"/>
               <value value="Bearer 97294e63-092d-4554-a18a-9d60de7a726d"/>
            </requestHeader>
            <sourceId value="Goal-zib-TreatmentObjective-eov-test-1-1-06"/>
         </operation>
      </action>
      <action>
         <assert>
            <description value="Confirm that the returned HTTP status is 200(OK) or 201(Created)."/>
            <operator value="in"/>
            <responseCode value="200,201"/>
            <warningOnly value="false"/>
         </assert>
      </action>
      <action>
         <operation>
            <type>
               <system value="http://terminology.hl7.org/CodeSystem/testscript-operation-codes"/>
               <code value="updateCreate"/>
            </type>
            <resource value="Goal"/>
            <accept value="xml"/>
            <contentType value="xml"/>
            <encodeRequestUrl value="true"/>
            <params value="/${Goal-zib-TreatmentObjective-eov-test-1-6-01-id}"/>
            <requestHeader>
               <field value="Authorization"/>
               <value value="Bearer 97294e63-092d-4554-a18a-9d60de7a726d"/>
            </requestHeader>
            <sourceId value="Goal-zib-TreatmentObjective-eov-test-1-6-01"/>
         </operation>
      </action>
      <action>
         <assert>
            <description value="Confirm that the returned HTTP status is 200(OK) or 201(Created)."/>
            <operator value="in"/>
            <responseCode value="200,201"/>
            <warningOnly value="false"/>
         </assert>
      </action>
      <action>
         <operation>
            <type>
               <system value="http://terminology.hl7.org/CodeSystem/testscript-operation-codes"/>
               <code value="updateCreate"/>
            </type>
            <resource value="Goal"/>
            <accept value="xml"/>
            <contentType value="xml"/>
            <encodeRequestUrl value="true"/>
            <params value="/${Goal-zib-TreatmentObjective-eov-test-1-7-01-id}"/>
            <requestHeader>
               <field value="Authorization"/>
               <value value="Bearer 97294e63-092d-4554-a18a-9d60de7a726d"/>
            </requestHeader>
            <sourceId value="Goal-zib-TreatmentObjective-eov-test-1-7-01"/>
         </operation>
      </action>
      <action>
         <assert>
            <description value="Confirm that the returned HTTP status is 200(OK) or 201(Created)."/>
            <operator value="in"/>
            <responseCode value="200,201"/>
            <warningOnly value="false"/>
         </assert>
      </action>
      <action>
         <operation>
            <type>
               <system value="http://terminology.hl7.org/CodeSystem/testscript-operation-codes"/>
               <code value="updateCreate"/>
            </type>
            <resource value="NutritionOrder"/>
            <accept value="xml"/>
            <contentType value="xml"/>
            <encodeRequestUrl value="true"/>
            <params value="/${NutritionOrder-zib-NutritionAdvice-eov-test-1-1-01-id}"/>
            <requestHeader>
               <field value="Authorization"/>
               <value value="Bearer 97294e63-092d-4554-a18a-9d60de7a726d"/>
            </requestHeader>
            <sourceId value="NutritionOrder-zib-NutritionAdvice-eov-test-1-1-01"/>
         </operation>
      </action>
      <action>
         <assert>
            <description value="Confirm that the returned HTTP status is 200(OK) or 201(Created)."/>
            <operator value="in"/>
            <responseCode value="200,201"/>
            <warningOnly value="false"/>
         </assert>
      </action>
      <action>
         <operation>
            <type>
               <system value="http://terminology.hl7.org/CodeSystem/testscript-operation-codes"/>
               <code value="updateCreate"/>
            </type>
            <resource value="NutritionOrder"/>
            <accept value="xml"/>
            <contentType value="xml"/>
            <encodeRequestUrl value="true"/>
            <params value="/${NutritionOrder-zib-NutritionAdvice-eov-test-1-1-02-id}"/>
            <requestHeader>
               <field value="Authorization"/>
               <value value="Bearer 97294e63-092d-4554-a18a-9d60de7a726d"/>
            </requestHeader>
            <sourceId value="NutritionOrder-zib-NutritionAdvice-eov-test-1-1-02"/>
         </operation>
      </action>
      <action>
         <assert>
            <description value="Confirm that the returned HTTP status is 200(OK) or 201(Created)."/>
            <operator value="in"/>
            <responseCode value="200,201"/>
            <warningOnly value="false"/>
         </assert>
      </action>
      <action>
         <operation>
            <type>
               <system value="http://terminology.hl7.org/CodeSystem/testscript-operation-codes"/>
               <code value="updateCreate"/>
            </type>
            <resource value="NutritionOrder"/>
            <accept value="xml"/>
            <contentType value="xml"/>
            <encodeRequestUrl value="true"/>
            <params value="/${NutritionOrder-zib-NutritionAdvice-eov-test-1-1b-01-id}"/>
            <requestHeader>
               <field value="Authorization"/>
               <value value="Bearer 97294e63-092d-4554-a18a-9d60de7a726d"/>
            </requestHeader>
            <sourceId value="NutritionOrder-zib-NutritionAdvice-eov-test-1-1b-01"/>
         </operation>
      </action>
      <action>
         <assert>
            <description value="Confirm that the returned HTTP status is 200(OK) or 201(Created)."/>
            <operator value="in"/>
            <responseCode value="200,201"/>
            <warningOnly value="false"/>
         </assert>
      </action>
      <action>
         <operation>
            <type>
               <system value="http://terminology.hl7.org/CodeSystem/testscript-operation-codes"/>
               <code value="updateCreate"/>
            </type>
            <resource value="NutritionOrder"/>
            <accept value="xml"/>
            <contentType value="xml"/>
            <encodeRequestUrl value="true"/>
            <params value="/${NutritionOrder-zib-NutritionAdvice-eov-test-1-1b-02-id}"/>
            <requestHeader>
               <field value="Authorization"/>
               <value value="Bearer 97294e63-092d-4554-a18a-9d60de7a726d"/>
            </requestHeader>
            <sourceId value="NutritionOrder-zib-NutritionAdvice-eov-test-1-1b-02"/>
         </operation>
      </action>
      <action>
         <assert>
            <description value="Confirm that the returned HTTP status is 200(OK) or 201(Created)."/>
            <operator value="in"/>
            <responseCode value="200,201"/>
            <warningOnly value="false"/>
         </assert>
      </action>
      <action>
         <operation>
            <type>
               <system value="http://terminology.hl7.org/CodeSystem/testscript-operation-codes"/>
               <code value="updateCreate"/>
            </type>
            <resource value="Observation"/>
            <accept value="xml"/>
            <contentType value="xml"/>
            <encodeRequestUrl value="true"/>
            <params value="/${Observation-WoundCharacteristics-eov-test-1-1-01-id}"/>
            <requestHeader>
               <field value="Authorization"/>
               <value value="Bearer 97294e63-092d-4554-a18a-9d60de7a726d"/>
            </requestHeader>
            <sourceId value="Observation-WoundCharacteristics-eov-test-1-1-01"/>
         </operation>
      </action>
      <action>
         <assert>
            <description value="Confirm that the returned HTTP status is 200(OK) or 201(Created)."/>
            <operator value="in"/>
            <responseCode value="200,201"/>
            <warningOnly value="false"/>
         </assert>
      </action>
      <action>
         <operation>
            <type>
               <system value="http://terminology.hl7.org/CodeSystem/testscript-operation-codes"/>
               <code value="updateCreate"/>
            </type>
            <resource value="Observation"/>
            <accept value="xml"/>
            <contentType value="xml"/>
            <encodeRequestUrl value="true"/>
            <params value="/${Observation-WoundCharacteristics-eov-test-1-1-02-id}"/>
            <requestHeader>
               <field value="Authorization"/>
               <value value="Bearer 97294e63-092d-4554-a18a-9d60de7a726d"/>
            </requestHeader>
            <sourceId value="Observation-WoundCharacteristics-eov-test-1-1-02"/>
         </operation>
      </action>
      <action>
         <assert>
            <description value="Confirm that the returned HTTP status is 200(OK) or 201(Created)."/>
            <operator value="in"/>
            <responseCode value="200,201"/>
            <warningOnly value="false"/>
         </assert>
      </action>
      <action>
         <operation>
            <type>
               <system value="http://terminology.hl7.org/CodeSystem/testscript-operation-codes"/>
               <code value="updateCreate"/>
            </type>
            <resource value="Observation"/>
            <accept value="xml"/>
            <contentType value="xml"/>
            <encodeRequestUrl value="true"/>
            <params value="/${Observation-WoundCharacteristics-eov-test-1-1-03-id}"/>
            <requestHeader>
               <field value="Authorization"/>
               <value value="Bearer 97294e63-092d-4554-a18a-9d60de7a726d"/>
            </requestHeader>
            <sourceId value="Observation-WoundCharacteristics-eov-test-1-1-03"/>
         </operation>
      </action>
      <action>
         <assert>
            <description value="Confirm that the returned HTTP status is 200(OK) or 201(Created)."/>
            <operator value="in"/>
            <responseCode value="200,201"/>
            <warningOnly value="false"/>
         </assert>
      </action>
      <action>
         <operation>
            <type>
               <system value="http://terminology.hl7.org/CodeSystem/testscript-operation-codes"/>
               <code value="updateCreate"/>
            </type>
            <resource value="Observation"/>
            <accept value="xml"/>
            <contentType value="xml"/>
            <encodeRequestUrl value="true"/>
            <params value="/${Observation-WoundCharacteristics-eov-test-1-1-04-id}"/>
            <requestHeader>
               <field value="Authorization"/>
               <value value="Bearer 97294e63-092d-4554-a18a-9d60de7a726d"/>
            </requestHeader>
            <sourceId value="Observation-WoundCharacteristics-eov-test-1-1-04"/>
         </operation>
      </action>
      <action>
         <assert>
            <description value="Confirm that the returned HTTP status is 200(OK) or 201(Created)."/>
            <operator value="in"/>
            <responseCode value="200,201"/>
            <warningOnly value="false"/>
         </assert>
      </action>
      <action>
         <operation>
            <type>
               <system value="http://terminology.hl7.org/CodeSystem/testscript-operation-codes"/>
               <code value="updateCreate"/>
            </type>
            <resource value="Observation"/>
            <accept value="xml"/>
            <contentType value="xml"/>
            <encodeRequestUrl value="true"/>
            <params value="/${Observation-WoundCharacteristics-eov-test-1-1-05-id}"/>
            <requestHeader>
               <field value="Authorization"/>
               <value value="Bearer 97294e63-092d-4554-a18a-9d60de7a726d"/>
            </requestHeader>
            <sourceId value="Observation-WoundCharacteristics-eov-test-1-1-05"/>
         </operation>
      </action>
      <action>
         <assert>
            <description value="Confirm that the returned HTTP status is 200(OK) or 201(Created)."/>
            <operator value="in"/>
            <responseCode value="200,201"/>
            <warningOnly value="false"/>
         </assert>
      </action>
      <action>
         <operation>
            <type>
               <system value="http://terminology.hl7.org/CodeSystem/testscript-operation-codes"/>
               <code value="updateCreate"/>
            </type>
            <resource value="Observation"/>
            <accept value="xml"/>
            <contentType value="xml"/>
            <encodeRequestUrl value="true"/>
            <params value="/${Observation-zib-AbilityToDressOneself-eov-test-1-1-01-id}"/>
            <requestHeader>
               <field value="Authorization"/>
               <value value="Bearer 97294e63-092d-4554-a18a-9d60de7a726d"/>
            </requestHeader>
            <sourceId value="Observation-zib-AbilityToDressOneself-eov-test-1-1-01"/>
         </operation>
      </action>
      <action>
         <assert>
            <description value="Confirm that the returned HTTP status is 200(OK) or 201(Created)."/>
            <operator value="in"/>
            <responseCode value="200,201"/>
            <warningOnly value="false"/>
         </assert>
      </action>
      <action>
         <operation>
            <type>
               <system value="http://terminology.hl7.org/CodeSystem/testscript-operation-codes"/>
               <code value="updateCreate"/>
            </type>
            <resource value="Observation"/>
            <accept value="xml"/>
            <contentType value="xml"/>
            <encodeRequestUrl value="true"/>
            <params value="/${Observation-zib-AbilityToDressOneself-eov-test-1-1-02-id}"/>
            <requestHeader>
               <field value="Authorization"/>
               <value value="Bearer 97294e63-092d-4554-a18a-9d60de7a726d"/>
            </requestHeader>
            <sourceId value="Observation-zib-AbilityToDressOneself-eov-test-1-1-02"/>
         </operation>
      </action>
      <action>
         <assert>
            <description value="Confirm that the returned HTTP status is 200(OK) or 201(Created)."/>
            <operator value="in"/>
            <responseCode value="200,201"/>
            <warningOnly value="false"/>
         </assert>
      </action>
      <action>
         <operation>
            <type>
               <system value="http://terminology.hl7.org/CodeSystem/testscript-operation-codes"/>
               <code value="updateCreate"/>
            </type>
            <resource value="Observation"/>
            <accept value="xml"/>
            <contentType value="xml"/>
            <encodeRequestUrl value="true"/>
            <params value="/${Observation-zib-AbilityToDrink-eov-test-1-1-01-id}"/>
            <requestHeader>
               <field value="Authorization"/>
               <value value="Bearer 97294e63-092d-4554-a18a-9d60de7a726d"/>
            </requestHeader>
            <sourceId value="Observation-zib-AbilityToDrink-eov-test-1-1-01"/>
         </operation>
      </action>
      <action>
         <assert>
            <description value="Confirm that the returned HTTP status is 200(OK) or 201(Created)."/>
            <operator value="in"/>
            <responseCode value="200,201"/>
            <warningOnly value="false"/>
         </assert>
      </action>
      <action>
         <operation>
            <type>
               <system value="http://terminology.hl7.org/CodeSystem/testscript-operation-codes"/>
               <code value="updateCreate"/>
            </type>
            <resource value="Observation"/>
            <accept value="xml"/>
            <contentType value="xml"/>
            <encodeRequestUrl value="true"/>
            <params value="/${Observation-zib-AbilityToDrink-eov-test-1-1-02-id}"/>
            <requestHeader>
               <field value="Authorization"/>
               <value value="Bearer 97294e63-092d-4554-a18a-9d60de7a726d"/>
            </requestHeader>
            <sourceId value="Observation-zib-AbilityToDrink-eov-test-1-1-02"/>
         </operation>
      </action>
      <action>
         <assert>
            <description value="Confirm that the returned HTTP status is 200(OK) or 201(Created)."/>
            <operator value="in"/>
            <responseCode value="200,201"/>
            <warningOnly value="false"/>
         </assert>
      </action>
      <action>
         <operation>
            <type>
               <system value="http://terminology.hl7.org/CodeSystem/testscript-operation-codes"/>
               <code value="updateCreate"/>
            </type>
            <resource value="Observation"/>
            <accept value="xml"/>
            <contentType value="xml"/>
            <encodeRequestUrl value="true"/>
            <params value="/${Observation-zib-AbilityToEat-eov-test-1-1-01-id}"/>
            <requestHeader>
               <field value="Authorization"/>
               <value value="Bearer 97294e63-092d-4554-a18a-9d60de7a726d"/>
            </requestHeader>
            <sourceId value="Observation-zib-AbilityToEat-eov-test-1-1-01"/>
         </operation>
      </action>
      <action>
         <assert>
            <description value="Confirm that the returned HTTP status is 200(OK) or 201(Created)."/>
            <operator value="in"/>
            <responseCode value="200,201"/>
            <warningOnly value="false"/>
         </assert>
      </action>
      <action>
         <operation>
            <type>
               <system value="http://terminology.hl7.org/CodeSystem/testscript-operation-codes"/>
               <code value="updateCreate"/>
            </type>
            <resource value="Observation"/>
            <accept value="xml"/>
            <contentType value="xml"/>
            <encodeRequestUrl value="true"/>
            <params value="/${Observation-zib-AbilityToEat-eov-test-1-1-02-id}"/>
            <requestHeader>
               <field value="Authorization"/>
               <value value="Bearer 97294e63-092d-4554-a18a-9d60de7a726d"/>
            </requestHeader>
            <sourceId value="Observation-zib-AbilityToEat-eov-test-1-1-02"/>
         </operation>
      </action>
      <action>
         <assert>
            <description value="Confirm that the returned HTTP status is 200(OK) or 201(Created)."/>
            <operator value="in"/>
            <responseCode value="200,201"/>
            <warningOnly value="false"/>
         </assert>
      </action>
      <action>
         <operation>
            <type>
               <system value="http://terminology.hl7.org/CodeSystem/testscript-operation-codes"/>
               <code value="updateCreate"/>
            </type>
            <resource value="Observation"/>
            <accept value="xml"/>
            <contentType value="xml"/>
            <encodeRequestUrl value="true"/>
            <params value="/${Observation-zib-AbilityToGroome-eov-test-1-1-01-id}"/>
            <requestHeader>
               <field value="Authorization"/>
               <value value="Bearer 97294e63-092d-4554-a18a-9d60de7a726d"/>
            </requestHeader>
            <sourceId value="Observation-zib-AbilityToGroome-eov-test-1-1-01"/>
         </operation>
      </action>
      <action>
         <assert>
            <description value="Confirm that the returned HTTP status is 200(OK) or 201(Created)."/>
            <operator value="in"/>
            <responseCode value="200,201"/>
            <warningOnly value="false"/>
         </assert>
      </action>
      <action>
         <operation>
            <type>
               <system value="http://terminology.hl7.org/CodeSystem/testscript-operation-codes"/>
               <code value="updateCreate"/>
            </type>
            <resource value="Observation"/>
            <accept value="xml"/>
            <contentType value="xml"/>
            <encodeRequestUrl value="true"/>
            <params value="/${Observation-zib-AbilityToManageMedication-eov-test-1-1-01-id}"/>
            <requestHeader>
               <field value="Authorization"/>
               <value value="Bearer 97294e63-092d-4554-a18a-9d60de7a726d"/>
            </requestHeader>
            <sourceId value="Observation-zib-AbilityToManageMedication-eov-test-1-1-01"/>
         </operation>
      </action>
      <action>
         <assert>
            <description value="Confirm that the returned HTTP status is 200(OK) or 201(Created)."/>
            <operator value="in"/>
            <responseCode value="200,201"/>
            <warningOnly value="false"/>
         </assert>
      </action>
      <action>
         <operation>
            <type>
               <system value="http://terminology.hl7.org/CodeSystem/testscript-operation-codes"/>
               <code value="updateCreate"/>
            </type>
            <resource value="Observation"/>
            <accept value="xml"/>
            <contentType value="xml"/>
            <encodeRequestUrl value="true"/>
            <params value="/${Observation-d165e1-zib-AbilityToPerformNursingActivities-eov-tes-id}"/>
            <requestHeader>
               <field value="Authorization"/>
               <value value="Bearer 97294e63-092d-4554-a18a-9d60de7a726d"/>
            </requestHeader>
            <sourceId value="Observation-d165e1-zib-AbilityToPerformNursingActivities-eov-tes"/>
         </operation>
      </action>
      <action>
         <assert>
            <description value="Confirm that the returned HTTP status is 200(OK) or 201(Created)."/>
            <operator value="in"/>
            <responseCode value="200,201"/>
            <warningOnly value="false"/>
         </assert>
      </action>
      <action>
         <operation>
            <type>
               <system value="http://terminology.hl7.org/CodeSystem/testscript-operation-codes"/>
               <code value="updateCreate"/>
            </type>
            <resource value="Observation"/>
            <accept value="xml"/>
            <contentType value="xml"/>
            <encodeRequestUrl value="true"/>
            <params value="/${Observation-d166e1-zib-AbilityToPerformNursingActivities-eov-tes-id}"/>
            <requestHeader>
               <field value="Authorization"/>
               <value value="Bearer 97294e63-092d-4554-a18a-9d60de7a726d"/>
            </requestHeader>
            <sourceId value="Observation-d166e1-zib-AbilityToPerformNursingActivities-eov-tes"/>
         </operation>
      </action>
      <action>
         <assert>
            <description value="Confirm that the returned HTTP status is 200(OK) or 201(Created)."/>
            <operator value="in"/>
            <responseCode value="200,201"/>
            <warningOnly value="false"/>
         </assert>
      </action>
      <action>
         <operation>
            <type>
               <system value="http://terminology.hl7.org/CodeSystem/testscript-operation-codes"/>
               <code value="updateCreate"/>
            </type>
            <resource value="Observation"/>
            <accept value="xml"/>
            <contentType value="xml"/>
            <encodeRequestUrl value="true"/>
            <params value="/${Observation-zib-AbilityToUseToilet-eov-test-1-1-01-id}"/>
            <requestHeader>
               <field value="Authorization"/>
               <value value="Bearer 97294e63-092d-4554-a18a-9d60de7a726d"/>
            </requestHeader>
            <sourceId value="Observation-zib-AbilityToUseToilet-eov-test-1-1-01"/>
         </operation>
      </action>
      <action>
         <assert>
            <description value="Confirm that the returned HTTP status is 200(OK) or 201(Created)."/>
            <operator value="in"/>
            <responseCode value="200,201"/>
            <warningOnly value="false"/>
         </assert>
      </action>
      <action>
         <operation>
            <type>
               <system value="http://terminology.hl7.org/CodeSystem/testscript-operation-codes"/>
               <code value="updateCreate"/>
            </type>
            <resource value="Observation"/>
            <accept value="xml"/>
            <contentType value="xml"/>
            <encodeRequestUrl value="true"/>
            <params value="/${Observation-zib-AbilityToWashOneSelf-eov-test-1-1-01-id}"/>
            <requestHeader>
               <field value="Authorization"/>
               <value value="Bearer 97294e63-092d-4554-a18a-9d60de7a726d"/>
            </requestHeader>
            <sourceId value="Observation-zib-AbilityToWashOneSelf-eov-test-1-1-01"/>
         </operation>
      </action>
      <action>
         <assert>
            <description value="Confirm that the returned HTTP status is 200(OK) or 201(Created)."/>
            <operator value="in"/>
            <responseCode value="200,201"/>
            <warningOnly value="false"/>
         </assert>
      </action>
      <action>
         <operation>
            <type>
               <system value="http://terminology.hl7.org/CodeSystem/testscript-operation-codes"/>
               <code value="updateCreate"/>
            </type>
            <resource value="Observation"/>
            <accept value="xml"/>
            <contentType value="xml"/>
            <encodeRequestUrl value="true"/>
            <params value="/${Observation-zib-AbilityToWashOneSelf-eov-test-1-1-02-id}"/>
            <requestHeader>
               <field value="Authorization"/>
               <value value="Bearer 97294e63-092d-4554-a18a-9d60de7a726d"/>
            </requestHeader>
            <sourceId value="Observation-zib-AbilityToWashOneSelf-eov-test-1-1-02"/>
         </operation>
      </action>
      <action>
         <assert>
            <description value="Confirm that the returned HTTP status is 200(OK) or 201(Created)."/>
            <operator value="in"/>
            <responseCode value="200,201"/>
            <warningOnly value="false"/>
         </assert>
      </action>
      <action>
         <operation>
            <type>
               <system value="http://terminology.hl7.org/CodeSystem/testscript-operation-codes"/>
               <code value="updateCreate"/>
            </type>
            <resource value="Observation"/>
            <accept value="xml"/>
            <contentType value="xml"/>
            <encodeRequestUrl value="true"/>
            <params value="/${Observation-zib-BladderFunction-eov-test-1-1-01-id}"/>
            <requestHeader>
               <field value="Authorization"/>
               <value value="Bearer 97294e63-092d-4554-a18a-9d60de7a726d"/>
            </requestHeader>
            <sourceId value="Observation-zib-BladderFunction-eov-test-1-1-01"/>
         </operation>
      </action>
      <action>
         <assert>
            <description value="Confirm that the returned HTTP status is 200(OK) or 201(Created)."/>
            <operator value="in"/>
            <responseCode value="200,201"/>
            <warningOnly value="false"/>
         </assert>
      </action>
      <action>
         <operation>
            <type>
               <system value="http://terminology.hl7.org/CodeSystem/testscript-operation-codes"/>
               <code value="updateCreate"/>
            </type>
            <resource value="Observation"/>
            <accept value="xml"/>
            <contentType value="xml"/>
            <encodeRequestUrl value="true"/>
            <params value="/${Observation-zib-BladderFunction-eov-test-1-8-01-id}"/>
            <requestHeader>
               <field value="Authorization"/>
               <value value="Bearer 97294e63-092d-4554-a18a-9d60de7a726d"/>
            </requestHeader>
            <sourceId value="Observation-zib-BladderFunction-eov-test-1-8-01"/>
         </operation>
      </action>
      <action>
         <assert>
            <description value="Confirm that the returned HTTP status is 200(OK) or 201(Created)."/>
            <operator value="in"/>
            <responseCode value="200,201"/>
            <warningOnly value="false"/>
         </assert>
      </action>
      <action>
         <operation>
            <type>
               <system value="http://terminology.hl7.org/CodeSystem/testscript-operation-codes"/>
               <code value="updateCreate"/>
            </type>
            <resource value="Observation"/>
            <accept value="xml"/>
            <contentType value="xml"/>
            <encodeRequestUrl value="true"/>
            <params value="/${Observation-zib-BloodPressure-eov-test-1-1-01-id}"/>
            <requestHeader>
               <field value="Authorization"/>
               <value value="Bearer 97294e63-092d-4554-a18a-9d60de7a726d"/>
            </requestHeader>
            <sourceId value="Observation-zib-BloodPressure-eov-test-1-1-01"/>
         </operation>
      </action>
      <action>
         <assert>
            <description value="Confirm that the returned HTTP status is 200(OK) or 201(Created)."/>
            <operator value="in"/>
            <responseCode value="200,201"/>
            <warningOnly value="false"/>
         </assert>
      </action>
      <action>
         <operation>
            <type>
               <system value="http://terminology.hl7.org/CodeSystem/testscript-operation-codes"/>
               <code value="updateCreate"/>
            </type>
            <resource value="Observation"/>
            <accept value="xml"/>
            <contentType value="xml"/>
            <encodeRequestUrl value="true"/>
            <params value="/${Observation-zib-BloodPressure-eov-test-1-1b-01-id}"/>
            <requestHeader>
               <field value="Authorization"/>
               <value value="Bearer 97294e63-092d-4554-a18a-9d60de7a726d"/>
            </requestHeader>
            <sourceId value="Observation-zib-BloodPressure-eov-test-1-1b-01"/>
         </operation>
      </action>
      <action>
         <assert>
            <description value="Confirm that the returned HTTP status is 200(OK) or 201(Created)."/>
            <operator value="in"/>
            <responseCode value="200,201"/>
            <warningOnly value="false"/>
         </assert>
      </action>
      <action>
         <operation>
            <type>
               <system value="http://terminology.hl7.org/CodeSystem/testscript-operation-codes"/>
               <code value="updateCreate"/>
            </type>
            <resource value="Observation"/>
            <accept value="xml"/>
            <contentType value="xml"/>
            <encodeRequestUrl value="true"/>
            <params value="/${Observation-zib-BodyHeight-eov-test-1-1-01-id}"/>
            <requestHeader>
               <field value="Authorization"/>
               <value value="Bearer 97294e63-092d-4554-a18a-9d60de7a726d"/>
            </requestHeader>
            <sourceId value="Observation-zib-BodyHeight-eov-test-1-1-01"/>
         </operation>
      </action>
      <action>
         <assert>
            <description value="Confirm that the returned HTTP status is 200(OK) or 201(Created)."/>
            <operator value="in"/>
            <responseCode value="200,201"/>
            <warningOnly value="false"/>
         </assert>
      </action>
      <action>
         <operation>
            <type>
               <system value="http://terminology.hl7.org/CodeSystem/testscript-operation-codes"/>
               <code value="updateCreate"/>
            </type>
            <resource value="Observation"/>
            <accept value="xml"/>
            <contentType value="xml"/>
            <encodeRequestUrl value="true"/>
            <params value="/${Observation-zib-BodyHeight-eov-test-1-1b-01-id}"/>
            <requestHeader>
               <field value="Authorization"/>
               <value value="Bearer 97294e63-092d-4554-a18a-9d60de7a726d"/>
            </requestHeader>
            <sourceId value="Observation-zib-BodyHeight-eov-test-1-1b-01"/>
         </operation>
      </action>
      <action>
         <assert>
            <description value="Confirm that the returned HTTP status is 200(OK) or 201(Created)."/>
            <operator value="in"/>
            <responseCode value="200,201"/>
            <warningOnly value="false"/>
         </assert>
      </action>
      <action>
         <operation>
            <type>
               <system value="http://terminology.hl7.org/CodeSystem/testscript-operation-codes"/>
               <code value="updateCreate"/>
            </type>
            <resource value="Observation"/>
            <accept value="xml"/>
            <contentType value="xml"/>
            <encodeRequestUrl value="true"/>
            <params value="/${Observation-zib-BodyTemperature-eov-test-1-1-01-id}"/>
            <requestHeader>
               <field value="Authorization"/>
               <value value="Bearer 97294e63-092d-4554-a18a-9d60de7a726d"/>
            </requestHeader>
            <sourceId value="Observation-zib-BodyTemperature-eov-test-1-1-01"/>
         </operation>
      </action>
      <action>
         <assert>
            <description value="Confirm that the returned HTTP status is 200(OK) or 201(Created)."/>
            <operator value="in"/>
            <responseCode value="200,201"/>
            <warningOnly value="false"/>
         </assert>
      </action>
      <action>
         <operation>
            <type>
               <system value="http://terminology.hl7.org/CodeSystem/testscript-operation-codes"/>
               <code value="updateCreate"/>
            </type>
            <resource value="Observation"/>
            <accept value="xml"/>
            <contentType value="xml"/>
            <encodeRequestUrl value="true"/>
            <params value="/${Observation-zib-BodyWeight-eov-test-1-1-01-id}"/>
            <requestHeader>
               <field value="Authorization"/>
               <value value="Bearer 97294e63-092d-4554-a18a-9d60de7a726d"/>
            </requestHeader>
            <sourceId value="Observation-zib-BodyWeight-eov-test-1-1-01"/>
         </operation>
      </action>
      <action>
         <assert>
            <description value="Confirm that the returned HTTP status is 200(OK) or 201(Created)."/>
            <operator value="in"/>
            <responseCode value="200,201"/>
            <warningOnly value="false"/>
         </assert>
      </action>
      <action>
         <operation>
            <type>
               <system value="http://terminology.hl7.org/CodeSystem/testscript-operation-codes"/>
               <code value="updateCreate"/>
            </type>
            <resource value="Observation"/>
            <accept value="xml"/>
            <contentType value="xml"/>
            <encodeRequestUrl value="true"/>
            <params value="/${Observation-zib-BodyWeight-eov-test-1-1b-01-id}"/>
            <requestHeader>
               <field value="Authorization"/>
               <value value="Bearer 97294e63-092d-4554-a18a-9d60de7a726d"/>
            </requestHeader>
            <sourceId value="Observation-zib-BodyWeight-eov-test-1-1b-01"/>
         </operation>
      </action>
      <action>
         <assert>
            <description value="Confirm that the returned HTTP status is 200(OK) or 201(Created)."/>
            <operator value="in"/>
            <responseCode value="200,201"/>
            <warningOnly value="false"/>
         </assert>
      </action>
      <action>
         <operation>
            <type>
               <system value="http://terminology.hl7.org/CodeSystem/testscript-operation-codes"/>
               <code value="updateCreate"/>
            </type>
            <resource value="Observation"/>
            <accept value="xml"/>
            <contentType value="xml"/>
            <encodeRequestUrl value="true"/>
            <params value="/${Observation-zib-BowelFunction-eov-test-1-1-01-id}"/>
            <requestHeader>
               <field value="Authorization"/>
               <value value="Bearer 97294e63-092d-4554-a18a-9d60de7a726d"/>
            </requestHeader>
            <sourceId value="Observation-zib-BowelFunction-eov-test-1-1-01"/>
         </operation>
      </action>
      <action>
         <assert>
            <description value="Confirm that the returned HTTP status is 200(OK) or 201(Created)."/>
            <operator value="in"/>
            <responseCode value="200,201"/>
            <warningOnly value="false"/>
         </assert>
      </action>
      <action>
         <operation>
            <type>
               <system value="http://terminology.hl7.org/CodeSystem/testscript-operation-codes"/>
               <code value="updateCreate"/>
            </type>
            <resource value="Observation"/>
            <accept value="xml"/>
            <contentType value="xml"/>
            <encodeRequestUrl value="true"/>
            <params value="/${Observation-zib-BowelFunction-eov-test-1-8-01-id}"/>
            <requestHeader>
               <field value="Authorization"/>
               <value value="Bearer 97294e63-092d-4554-a18a-9d60de7a726d"/>
            </requestHeader>
            <sourceId value="Observation-zib-BowelFunction-eov-test-1-8-01"/>
         </operation>
      </action>
      <action>
         <assert>
            <description value="Confirm that the returned HTTP status is 200(OK) or 201(Created)."/>
            <operator value="in"/>
            <responseCode value="200,201"/>
            <warningOnly value="false"/>
         </assert>
      </action>
      <action>
         <operation>
            <type>
               <system value="http://terminology.hl7.org/CodeSystem/testscript-operation-codes"/>
               <code value="updateCreate"/>
            </type>
            <resource value="Observation"/>
            <accept value="xml"/>
            <contentType value="xml"/>
            <encodeRequestUrl value="true"/>
            <params value="/${Observation-zib-FamilySituation-eov-test-1-1-01-id}"/>
            <requestHeader>
               <field value="Authorization"/>
               <value value="Bearer 97294e63-092d-4554-a18a-9d60de7a726d"/>
            </requestHeader>
            <sourceId value="Observation-zib-FamilySituation-eov-test-1-1-01"/>
         </operation>
      </action>
      <action>
         <assert>
            <description value="Confirm that the returned HTTP status is 200(OK) or 201(Created)."/>
            <operator value="in"/>
            <responseCode value="200,201"/>
            <warningOnly value="false"/>
         </assert>
      </action>
      <action>
         <operation>
            <type>
               <system value="http://terminology.hl7.org/CodeSystem/testscript-operation-codes"/>
               <code value="updateCreate"/>
            </type>
            <resource value="Observation"/>
            <accept value="xml"/>
            <contentType value="xml"/>
            <encodeRequestUrl value="true"/>
            <params value="/${Observation-zib-FluidBalance-eov-test-1-1-01-id}"/>
            <requestHeader>
               <field value="Authorization"/>
               <value value="Bearer 97294e63-092d-4554-a18a-9d60de7a726d"/>
            </requestHeader>
            <sourceId value="Observation-zib-FluidBalance-eov-test-1-1-01"/>
         </operation>
      </action>
      <action>
         <assert>
            <description value="Confirm that the returned HTTP status is 200(OK) or 201(Created)."/>
            <operator value="in"/>
            <responseCode value="200,201"/>
            <warningOnly value="false"/>
         </assert>
      </action>
      <action>
         <operation>
            <type>
               <system value="http://terminology.hl7.org/CodeSystem/testscript-operation-codes"/>
               <code value="updateCreate"/>
            </type>
            <resource value="Observation"/>
            <accept value="xml"/>
            <contentType value="xml"/>
            <encodeRequestUrl value="true"/>
            <params value="/${Observation-zib-HearingFunction-eov-test-1-1-01-id}"/>
            <requestHeader>
               <field value="Authorization"/>
               <value value="Bearer 97294e63-092d-4554-a18a-9d60de7a726d"/>
            </requestHeader>
            <sourceId value="Observation-zib-HearingFunction-eov-test-1-1-01"/>
         </operation>
      </action>
      <action>
         <assert>
            <description value="Confirm that the returned HTTP status is 200(OK) or 201(Created)."/>
            <operator value="in"/>
            <responseCode value="200,201"/>
            <warningOnly value="false"/>
         </assert>
      </action>
      <action>
         <operation>
            <type>
               <system value="http://terminology.hl7.org/CodeSystem/testscript-operation-codes"/>
               <code value="updateCreate"/>
            </type>
            <resource value="Observation"/>
            <accept value="xml"/>
            <contentType value="xml"/>
            <encodeRequestUrl value="true"/>
            <params value="/${Observation-zib-IllnessPerception-eov-test-1-1-01-id}"/>
            <requestHeader>
               <field value="Authorization"/>
               <value value="Bearer 97294e63-092d-4554-a18a-9d60de7a726d"/>
            </requestHeader>
            <sourceId value="Observation-zib-IllnessPerception-eov-test-1-1-01"/>
         </operation>
      </action>
      <action>
         <assert>
            <description value="Confirm that the returned HTTP status is 200(OK) or 201(Created)."/>
            <operator value="in"/>
            <responseCode value="200,201"/>
            <warningOnly value="false"/>
         </assert>
      </action>
      <action>
         <operation>
            <type>
               <system value="http://terminology.hl7.org/CodeSystem/testscript-operation-codes"/>
               <code value="updateCreate"/>
            </type>
            <resource value="Observation"/>
            <accept value="xml"/>
            <contentType value="xml"/>
            <encodeRequestUrl value="true"/>
            <params value="/${Observation-zib-LivingSituation-eov-test-1-1-01-id}"/>
            <requestHeader>
               <field value="Authorization"/>
               <value value="Bearer 97294e63-092d-4554-a18a-9d60de7a726d"/>
            </requestHeader>
            <sourceId value="Observation-zib-LivingSituation-eov-test-1-1-01"/>
         </operation>
      </action>
      <action>
         <assert>
            <description value="Confirm that the returned HTTP status is 200(OK) or 201(Created)."/>
            <operator value="in"/>
            <responseCode value="200,201"/>
            <warningOnly value="false"/>
         </assert>
      </action>
      <action>
         <operation>
            <type>
               <system value="http://terminology.hl7.org/CodeSystem/testscript-operation-codes"/>
               <code value="updateCreate"/>
            </type>
            <resource value="Observation"/>
            <accept value="xml"/>
            <contentType value="xml"/>
            <encodeRequestUrl value="true"/>
            <params value="/${Observation-zib-LivingSituation-eov-test-1-1b-01-id}"/>
            <requestHeader>
               <field value="Authorization"/>
               <value value="Bearer 97294e63-092d-4554-a18a-9d60de7a726d"/>
            </requestHeader>
            <sourceId value="Observation-zib-LivingSituation-eov-test-1-1b-01"/>
         </operation>
      </action>
      <action>
         <assert>
            <description value="Confirm that the returned HTTP status is 200(OK) or 201(Created)."/>
            <operator value="in"/>
            <responseCode value="200,201"/>
            <warningOnly value="false"/>
         </assert>
      </action>
      <action>
         <operation>
            <type>
               <system value="http://terminology.hl7.org/CodeSystem/testscript-operation-codes"/>
               <code value="updateCreate"/>
            </type>
            <resource value="Observation"/>
            <accept value="xml"/>
            <contentType value="xml"/>
            <encodeRequestUrl value="true"/>
            <params value="/${Observation-zib-LivingSituation-eov-test-1-4b-01-id}"/>
            <requestHeader>
               <field value="Authorization"/>
               <value value="Bearer 97294e63-092d-4554-a18a-9d60de7a726d"/>
            </requestHeader>
            <sourceId value="Observation-zib-LivingSituation-eov-test-1-4b-01"/>
         </operation>
      </action>
      <action>
         <assert>
            <description value="Confirm that the returned HTTP status is 200(OK) or 201(Created)."/>
            <operator value="in"/>
            <responseCode value="200,201"/>
            <warningOnly value="false"/>
         </assert>
      </action>
      <action>
         <operation>
            <type>
               <system value="http://terminology.hl7.org/CodeSystem/testscript-operation-codes"/>
               <code value="updateCreate"/>
            </type>
            <resource value="Observation"/>
            <accept value="xml"/>
            <contentType value="xml"/>
            <encodeRequestUrl value="true"/>
            <params value="/${Observation-zib-Mobility-eov-test-1-1-01-id}"/>
            <requestHeader>
               <field value="Authorization"/>
               <value value="Bearer 97294e63-092d-4554-a18a-9d60de7a726d"/>
            </requestHeader>
            <sourceId value="Observation-zib-Mobility-eov-test-1-1-01"/>
         </operation>
      </action>
      <action>
         <assert>
            <description value="Confirm that the returned HTTP status is 200(OK) or 201(Created)."/>
            <operator value="in"/>
            <responseCode value="200,201"/>
            <warningOnly value="false"/>
         </assert>
      </action>
      <action>
         <operation>
            <type>
               <system value="http://terminology.hl7.org/CodeSystem/testscript-operation-codes"/>
               <code value="updateCreate"/>
            </type>
            <resource value="Observation"/>
            <accept value="xml"/>
            <contentType value="xml"/>
            <encodeRequestUrl value="true"/>
            <params value="/${Observation-zib-MouthcareActivities-eov-test-1-1-01-id}"/>
            <requestHeader>
               <field value="Authorization"/>
               <value value="Bearer 97294e63-092d-4554-a18a-9d60de7a726d"/>
            </requestHeader>
            <sourceId value="Observation-zib-MouthcareActivities-eov-test-1-1-01"/>
         </operation>
      </action>
      <action>
         <assert>
            <description value="Confirm that the returned HTTP status is 200(OK) or 201(Created)."/>
            <operator value="in"/>
            <responseCode value="200,201"/>
            <warningOnly value="false"/>
         </assert>
      </action>
      <action>
         <operation>
            <type>
               <system value="http://terminology.hl7.org/CodeSystem/testscript-operation-codes"/>
               <code value="updateCreate"/>
            </type>
            <resource value="Observation"/>
            <accept value="xml"/>
            <contentType value="xml"/>
            <encodeRequestUrl value="true"/>
            <params value="/${Observation-zib-MUSTScore-eov-test-1-1-01-id}"/>
            <requestHeader>
               <field value="Authorization"/>
               <value value="Bearer 97294e63-092d-4554-a18a-9d60de7a726d"/>
            </requestHeader>
            <sourceId value="Observation-zib-MUSTScore-eov-test-1-1-01"/>
         </operation>
      </action>
      <action>
         <assert>
            <description value="Confirm that the returned HTTP status is 200(OK) or 201(Created)."/>
            <operator value="in"/>
            <responseCode value="200,201"/>
            <warningOnly value="false"/>
         </assert>
      </action>
      <action>
         <operation>
            <type>
               <system value="http://terminology.hl7.org/CodeSystem/testscript-operation-codes"/>
               <code value="updateCreate"/>
            </type>
            <resource value="Observation"/>
            <accept value="xml"/>
            <contentType value="xml"/>
            <encodeRequestUrl value="true"/>
            <params value="/${Observation-zib-PainScore-eov-test-1-1-01-id}"/>
            <requestHeader>
               <field value="Authorization"/>
               <value value="Bearer 97294e63-092d-4554-a18a-9d60de7a726d"/>
            </requestHeader>
            <sourceId value="Observation-zib-PainScore-eov-test-1-1-01"/>
         </operation>
      </action>
      <action>
         <assert>
            <description value="Confirm that the returned HTTP status is 200(OK) or 201(Created)."/>
            <operator value="in"/>
            <responseCode value="200,201"/>
            <warningOnly value="false"/>
         </assert>
      </action>
      <action>
         <operation>
            <type>
               <system value="http://terminology.hl7.org/CodeSystem/testscript-operation-codes"/>
               <code value="updateCreate"/>
            </type>
            <resource value="Observation"/>
            <accept value="xml"/>
            <contentType value="xml"/>
            <encodeRequestUrl value="true"/>
            <params value="/${Observation-zib-PainScore-eov-test-1-5-01-id}"/>
            <requestHeader>
               <field value="Authorization"/>
               <value value="Bearer 97294e63-092d-4554-a18a-9d60de7a726d"/>
            </requestHeader>
            <sourceId value="Observation-zib-PainScore-eov-test-1-5-01"/>
         </operation>
      </action>
      <action>
         <assert>
            <description value="Confirm that the returned HTTP status is 200(OK) or 201(Created)."/>
            <operator value="in"/>
            <responseCode value="200,201"/>
            <warningOnly value="false"/>
         </assert>
      </action>
      <action>
         <operation>
            <type>
               <system value="http://terminology.hl7.org/CodeSystem/testscript-operation-codes"/>
               <code value="updateCreate"/>
            </type>
            <resource value="Observation"/>
            <accept value="xml"/>
            <contentType value="xml"/>
            <encodeRequestUrl value="true"/>
            <params value="/${Observation-zib-ParticipationInSociety-eov-test-1-1-01-id}"/>
            <requestHeader>
               <field value="Authorization"/>
               <value value="Bearer 97294e63-092d-4554-a18a-9d60de7a726d"/>
            </requestHeader>
            <sourceId value="Observation-zib-ParticipationInSociety-eov-test-1-1-01"/>
         </operation>
      </action>
      <action>
         <assert>
            <description value="Confirm that the returned HTTP status is 200(OK) or 201(Created)."/>
            <operator value="in"/>
            <responseCode value="200,201"/>
            <warningOnly value="false"/>
         </assert>
      </action>
      <action>
         <operation>
            <type>
               <system value="http://terminology.hl7.org/CodeSystem/testscript-operation-codes"/>
               <code value="updateCreate"/>
            </type>
            <resource value="Observation"/>
            <accept value="xml"/>
            <contentType value="xml"/>
            <encodeRequestUrl value="true"/>
            <params value="/${Observation-zib-Pregnancy-DateLastMenstruation-eov-test-1-5-01-id}"/>
            <requestHeader>
               <field value="Authorization"/>
               <value value="Bearer 97294e63-092d-4554-a18a-9d60de7a726d"/>
            </requestHeader>
            <sourceId value="Observation-zib-Pregnancy-DateLastMenstruation-eov-test-1-5-01"/>
         </operation>
      </action>
      <action>
         <assert>
            <description value="Confirm that the returned HTTP status is 200(OK) or 201(Created)."/>
            <operator value="in"/>
            <responseCode value="200,201"/>
            <warningOnly value="false"/>
         </assert>
      </action>
      <action>
         <operation>
            <type>
               <system value="http://terminology.hl7.org/CodeSystem/testscript-operation-codes"/>
               <code value="updateCreate"/>
            </type>
            <resource value="Observation"/>
            <accept value="xml"/>
            <contentType value="xml"/>
            <encodeRequestUrl value="true"/>
            <params value="/${Observation-zib-Pregnancy-Gravidity-eov-test-1-5-01-id}"/>
            <requestHeader>
               <field value="Authorization"/>
               <value value="Bearer 97294e63-092d-4554-a18a-9d60de7a726d"/>
            </requestHeader>
            <sourceId value="Observation-zib-Pregnancy-Gravidity-eov-test-1-5-01"/>
         </operation>
      </action>
      <action>
         <assert>
            <description value="Confirm that the returned HTTP status is 200(OK) or 201(Created)."/>
            <operator value="in"/>
            <responseCode value="200,201"/>
            <warningOnly value="false"/>
         </assert>
      </action>
      <action>
         <operation>
            <type>
               <system value="http://terminology.hl7.org/CodeSystem/testscript-operation-codes"/>
               <code value="updateCreate"/>
            </type>
            <resource value="Observation"/>
            <accept value="xml"/>
            <contentType value="xml"/>
            <encodeRequestUrl value="true"/>
            <params value="/${Observation-zib-Pregnancy-Parity-eov-test-1-5-01-id}"/>
            <requestHeader>
               <field value="Authorization"/>
               <value value="Bearer 97294e63-092d-4554-a18a-9d60de7a726d"/>
            </requestHeader>
            <sourceId value="Observation-zib-Pregnancy-Parity-eov-test-1-5-01"/>
         </operation>
      </action>
      <action>
         <assert>
            <description value="Confirm that the returned HTTP status is 200(OK) or 201(Created)."/>
            <operator value="in"/>
            <responseCode value="200,201"/>
            <warningOnly value="false"/>
         </assert>
      </action>
      <action>
         <operation>
            <type>
               <system value="http://terminology.hl7.org/CodeSystem/testscript-operation-codes"/>
               <code value="updateCreate"/>
            </type>
            <resource value="Observation"/>
            <accept value="xml"/>
            <contentType value="xml"/>
            <encodeRequestUrl value="true"/>
            <params value="/${Observation-zib-Pregnancy-PregnancyDuration-eov-test-1-5-01-id}"/>
            <requestHeader>
               <field value="Authorization"/>
               <value value="Bearer 97294e63-092d-4554-a18a-9d60de7a726d"/>
            </requestHeader>
            <sourceId value="Observation-zib-Pregnancy-PregnancyDuration-eov-test-1-5-01"/>
         </operation>
      </action>
      <action>
         <assert>
            <description value="Confirm that the returned HTTP status is 200(OK) or 201(Created)."/>
            <operator value="in"/>
            <responseCode value="200,201"/>
            <warningOnly value="false"/>
         </assert>
      </action>
      <action>
         <operation>
            <type>
               <system value="http://terminology.hl7.org/CodeSystem/testscript-operation-codes"/>
               <code value="updateCreate"/>
            </type>
            <resource value="Observation"/>
            <accept value="xml"/>
            <contentType value="xml"/>
            <encodeRequestUrl value="true"/>
            <params value="/${Observation-zib-Pregnancy-PregnancyStatus-eov-test-1-5-01-id}"/>
            <requestHeader>
               <field value="Authorization"/>
               <value value="Bearer 97294e63-092d-4554-a18a-9d60de7a726d"/>
            </requestHeader>
            <sourceId value="Observation-zib-Pregnancy-PregnancyStatus-eov-test-1-5-01"/>
         </operation>
      </action>
      <action>
         <assert>
            <description value="Confirm that the returned HTTP status is 200(OK) or 201(Created)."/>
            <operator value="in"/>
            <responseCode value="200,201"/>
            <warningOnly value="false"/>
         </assert>
      </action>
      <action>
         <operation>
            <type>
               <system value="http://terminology.hl7.org/CodeSystem/testscript-operation-codes"/>
               <code value="updateCreate"/>
            </type>
            <resource value="Observation"/>
            <accept value="xml"/>
            <contentType value="xml"/>
            <encodeRequestUrl value="true"/>
            <params value="/${Observation-zib-Pregnancy-TermDate-eov-test-1-5-01-id}"/>
            <requestHeader>
               <field value="Authorization"/>
               <value value="Bearer 97294e63-092d-4554-a18a-9d60de7a726d"/>
            </requestHeader>
            <sourceId value="Observation-zib-Pregnancy-TermDate-eov-test-1-5-01"/>
         </operation>
      </action>
      <action>
         <assert>
            <description value="Confirm that the returned HTTP status is 200(OK) or 201(Created)."/>
            <operator value="in"/>
            <responseCode value="200,201"/>
            <warningOnly value="false"/>
         </assert>
      </action>
      <action>
         <operation>
            <type>
               <system value="http://terminology.hl7.org/CodeSystem/testscript-operation-codes"/>
               <code value="updateCreate"/>
            </type>
            <resource value="Observation"/>
            <accept value="xml"/>
            <contentType value="xml"/>
            <encodeRequestUrl value="true"/>
            <params value="/${Observation-zib-PulseRate-eov-test-1-1-01-id}"/>
            <requestHeader>
               <field value="Authorization"/>
               <value value="Bearer 97294e63-092d-4554-a18a-9d60de7a726d"/>
            </requestHeader>
            <sourceId value="Observation-zib-PulseRate-eov-test-1-1-01"/>
         </operation>
      </action>
      <action>
         <assert>
            <description value="Confirm that the returned HTTP status is 200(OK) or 201(Created)."/>
            <operator value="in"/>
            <responseCode value="200,201"/>
            <warningOnly value="false"/>
         </assert>
      </action>
      <action>
         <operation>
            <type>
               <system value="http://terminology.hl7.org/CodeSystem/testscript-operation-codes"/>
               <code value="updateCreate"/>
            </type>
            <resource value="Observation"/>
            <accept value="xml"/>
            <contentType value="xml"/>
            <encodeRequestUrl value="true"/>
            <params value="/${Observation-zib-Respiration-eov-test-1-1-01-id}"/>
            <requestHeader>
               <field value="Authorization"/>
               <value value="Bearer 97294e63-092d-4554-a18a-9d60de7a726d"/>
            </requestHeader>
            <sourceId value="Observation-zib-Respiration-eov-test-1-1-01"/>
         </operation>
      </action>
      <action>
         <assert>
            <description value="Confirm that the returned HTTP status is 200(OK) or 201(Created)."/>
            <operator value="in"/>
            <responseCode value="200,201"/>
            <warningOnly value="false"/>
         </assert>
      </action>
      <action>
         <operation>
            <type>
               <system value="http://terminology.hl7.org/CodeSystem/testscript-operation-codes"/>
               <code value="updateCreate"/>
            </type>
            <resource value="Observation"/>
            <accept value="xml"/>
            <contentType value="xml"/>
            <encodeRequestUrl value="true"/>
            <params value="/${Observation-zib-SNAQ65plusScore-eov-test-1-1-01-id}"/>
            <requestHeader>
               <field value="Authorization"/>
               <value value="Bearer 97294e63-092d-4554-a18a-9d60de7a726d"/>
            </requestHeader>
            <sourceId value="Observation-zib-SNAQ65plusScore-eov-test-1-1-01"/>
         </operation>
      </action>
      <action>
         <assert>
            <description value="Confirm that the returned HTTP status is 200(OK) or 201(Created)."/>
            <operator value="in"/>
            <responseCode value="200,201"/>
            <warningOnly value="false"/>
         </assert>
      </action>
      <action>
         <operation>
            <type>
               <system value="http://terminology.hl7.org/CodeSystem/testscript-operation-codes"/>
               <code value="updateCreate"/>
            </type>
            <resource value="Observation"/>
            <accept value="xml"/>
            <contentType value="xml"/>
            <encodeRequestUrl value="true"/>
            <params value="/${Observation-zib-SNAQrcScore-eov-test-1-1-01-id}"/>
            <requestHeader>
               <field value="Authorization"/>
               <value value="Bearer 97294e63-092d-4554-a18a-9d60de7a726d"/>
            </requestHeader>
            <sourceId value="Observation-zib-SNAQrcScore-eov-test-1-1-01"/>
         </operation>
      </action>
      <action>
         <assert>
            <description value="Confirm that the returned HTTP status is 200(OK) or 201(Created)."/>
            <operator value="in"/>
            <responseCode value="200,201"/>
            <warningOnly value="false"/>
         </assert>
      </action>
      <action>
         <operation>
            <type>
               <system value="http://terminology.hl7.org/CodeSystem/testscript-operation-codes"/>
               <code value="updateCreate"/>
            </type>
            <resource value="Observation"/>
            <accept value="xml"/>
            <contentType value="xml"/>
            <encodeRequestUrl value="true"/>
            <params value="/${Observation-zib-SNAQScore-eov-test-1-1-01-id}"/>
            <requestHeader>
               <field value="Authorization"/>
               <value value="Bearer 97294e63-092d-4554-a18a-9d60de7a726d"/>
            </requestHeader>
            <sourceId value="Observation-zib-SNAQScore-eov-test-1-1-01"/>
         </operation>
      </action>
      <action>
         <assert>
            <description value="Confirm that the returned HTTP status is 200(OK) or 201(Created)."/>
            <operator value="in"/>
            <responseCode value="200,201"/>
            <warningOnly value="false"/>
         </assert>
      </action>
      <action>
         <operation>
            <type>
               <system value="http://terminology.hl7.org/CodeSystem/testscript-operation-codes"/>
               <code value="updateCreate"/>
            </type>
            <resource value="Observation"/>
            <accept value="xml"/>
            <contentType value="xml"/>
            <encodeRequestUrl value="true"/>
            <params value="/${Observation-zib-Stoma-eov-test-1-1-01-id}"/>
            <requestHeader>
               <field value="Authorization"/>
               <value value="Bearer 97294e63-092d-4554-a18a-9d60de7a726d"/>
            </requestHeader>
            <sourceId value="Observation-zib-Stoma-eov-test-1-1-01"/>
         </operation>
      </action>
      <action>
         <assert>
            <description value="Confirm that the returned HTTP status is 200(OK) or 201(Created)."/>
            <operator value="in"/>
            <responseCode value="200,201"/>
            <warningOnly value="false"/>
         </assert>
      </action>
      <action>
         <operation>
            <type>
               <system value="http://terminology.hl7.org/CodeSystem/testscript-operation-codes"/>
               <code value="updateCreate"/>
            </type>
            <resource value="Observation"/>
            <accept value="xml"/>
            <contentType value="xml"/>
            <encodeRequestUrl value="true"/>
            <params value="/${Observation-zib-Stoma-eov-test-1-1-02-id}"/>
            <requestHeader>
               <field value="Authorization"/>
               <value value="Bearer 97294e63-092d-4554-a18a-9d60de7a726d"/>
            </requestHeader>
            <sourceId value="Observation-zib-Stoma-eov-test-1-1-02"/>
         </operation>
      </action>
      <action>
         <assert>
            <description value="Confirm that the returned HTTP status is 200(OK) or 201(Created)."/>
            <operator value="in"/>
            <responseCode value="200,201"/>
            <warningOnly value="false"/>
         </assert>
      </action>
      <action>
         <operation>
            <type>
               <system value="http://terminology.hl7.org/CodeSystem/testscript-operation-codes"/>
               <code value="updateCreate"/>
            </type>
            <resource value="Observation"/>
            <accept value="xml"/>
            <contentType value="xml"/>
            <encodeRequestUrl value="true"/>
            <params value="/${Observation-zib-VisualFunction-eov-test-1-1-01-id}"/>
            <requestHeader>
               <field value="Authorization"/>
               <value value="Bearer 97294e63-092d-4554-a18a-9d60de7a726d"/>
            </requestHeader>
            <sourceId value="Observation-zib-VisualFunction-eov-test-1-1-01"/>
         </operation>
      </action>
      <action>
         <assert>
            <description value="Confirm that the returned HTTP status is 200(OK) or 201(Created)."/>
            <operator value="in"/>
            <responseCode value="200,201"/>
            <warningOnly value="false"/>
         </assert>
      </action>
      <action>
         <operation>
            <type>
               <system value="http://terminology.hl7.org/CodeSystem/testscript-operation-codes"/>
               <code value="updateCreate"/>
            </type>
            <resource value="Organization"/>
            <accept value="xml"/>
            <contentType value="xml"/>
            <encodeRequestUrl value="true"/>
            <params value="/${Organization-nl-core-organization-eov-test-1-1-01-id}"/>
            <requestHeader>
               <field value="Authorization"/>
               <value value="Bearer 97294e63-092d-4554-a18a-9d60de7a726d"/>
            </requestHeader>
            <sourceId value="Organization-nl-core-organization-eov-test-1-1-01"/>
         </operation>
      </action>
      <action>
         <assert>
            <description value="Confirm that the returned HTTP status is 200(OK) or 201(Created)."/>
            <operator value="in"/>
            <responseCode value="200,201"/>
            <warningOnly value="false"/>
         </assert>
      </action>
      <action>
         <operation>
            <type>
               <system value="http://terminology.hl7.org/CodeSystem/testscript-operation-codes"/>
               <code value="updateCreate"/>
            </type>
            <resource value="Organization"/>
            <accept value="xml"/>
            <contentType value="xml"/>
            <encodeRequestUrl value="true"/>
            <params value="/${Organization-nl-core-organization-eov-test-1-1-02-id}"/>
            <requestHeader>
               <field value="Authorization"/>
               <value value="Bearer 97294e63-092d-4554-a18a-9d60de7a726d"/>
            </requestHeader>
            <sourceId value="Organization-nl-core-organization-eov-test-1-1-02"/>
         </operation>
      </action>
      <action>
         <assert>
            <description value="Confirm that the returned HTTP status is 200(OK) or 201(Created)."/>
            <operator value="in"/>
            <responseCode value="200,201"/>
            <warningOnly value="false"/>
         </assert>
      </action>
      <action>
         <operation>
            <type>
               <system value="http://terminology.hl7.org/CodeSystem/testscript-operation-codes"/>
               <code value="updateCreate"/>
            </type>
            <resource value="Organization"/>
            <accept value="xml"/>
            <contentType value="xml"/>
            <encodeRequestUrl value="true"/>
            <params value="/${Organization-nl-core-organization-eov-test-1-1-03-id}"/>
            <requestHeader>
               <field value="Authorization"/>
               <value value="Bearer 97294e63-092d-4554-a18a-9d60de7a726d"/>
            </requestHeader>
            <sourceId value="Organization-nl-core-organization-eov-test-1-1-03"/>
         </operation>
      </action>
      <action>
         <assert>
            <description value="Confirm that the returned HTTP status is 200(OK) or 201(Created)."/>
            <operator value="in"/>
            <responseCode value="200,201"/>
            <warningOnly value="false"/>
         </assert>
      </action>
      <action>
         <operation>
            <type>
               <system value="http://terminology.hl7.org/CodeSystem/testscript-operation-codes"/>
               <code value="updateCreate"/>
            </type>
            <resource value="Organization"/>
            <accept value="xml"/>
            <contentType value="xml"/>
            <encodeRequestUrl value="true"/>
            <params value="/${Organization-nl-core-organization-eov-test-1-1-04-id}"/>
            <requestHeader>
               <field value="Authorization"/>
               <value value="Bearer 97294e63-092d-4554-a18a-9d60de7a726d"/>
            </requestHeader>
            <sourceId value="Organization-nl-core-organization-eov-test-1-1-04"/>
         </operation>
      </action>
      <action>
         <assert>
            <description value="Confirm that the returned HTTP status is 200(OK) or 201(Created)."/>
            <operator value="in"/>
            <responseCode value="200,201"/>
            <warningOnly value="false"/>
         </assert>
      </action>
      <action>
         <operation>
            <type>
               <system value="http://terminology.hl7.org/CodeSystem/testscript-operation-codes"/>
               <code value="updateCreate"/>
            </type>
            <resource value="Organization"/>
            <accept value="xml"/>
            <contentType value="xml"/>
            <encodeRequestUrl value="true"/>
            <params value="/${Organization-nl-core-organization-eov-test-1-10b-01-id}"/>
            <requestHeader>
               <field value="Authorization"/>
               <value value="Bearer 97294e63-092d-4554-a18a-9d60de7a726d"/>
            </requestHeader>
            <sourceId value="Organization-nl-core-organization-eov-test-1-10b-01"/>
         </operation>
      </action>
      <action>
         <assert>
            <description value="Confirm that the returned HTTP status is 200(OK) or 201(Created)."/>
            <operator value="in"/>
            <responseCode value="200,201"/>
            <warningOnly value="false"/>
         </assert>
      </action>
      <action>
         <operation>
            <type>
               <system value="http://terminology.hl7.org/CodeSystem/testscript-operation-codes"/>
               <code value="updateCreate"/>
            </type>
            <resource value="Organization"/>
            <accept value="xml"/>
            <contentType value="xml"/>
            <encodeRequestUrl value="true"/>
            <params value="/${Organization-nl-core-organization-eov-test-1-10b-02-id}"/>
            <requestHeader>
               <field value="Authorization"/>
               <value value="Bearer 97294e63-092d-4554-a18a-9d60de7a726d"/>
            </requestHeader>
            <sourceId value="Organization-nl-core-organization-eov-test-1-10b-02"/>
         </operation>
      </action>
      <action>
         <assert>
            <description value="Confirm that the returned HTTP status is 200(OK) or 201(Created)."/>
            <operator value="in"/>
            <responseCode value="200,201"/>
            <warningOnly value="false"/>
         </assert>
      </action>
      <action>
         <operation>
            <type>
               <system value="http://terminology.hl7.org/CodeSystem/testscript-operation-codes"/>
               <code value="updateCreate"/>
            </type>
            <resource value="Organization"/>
            <accept value="xml"/>
            <contentType value="xml"/>
            <encodeRequestUrl value="true"/>
            <params value="/${Organization-nl-core-organization-eov-test-1-10b-03-id}"/>
            <requestHeader>
               <field value="Authorization"/>
               <value value="Bearer 97294e63-092d-4554-a18a-9d60de7a726d"/>
            </requestHeader>
            <sourceId value="Organization-nl-core-organization-eov-test-1-10b-03"/>
         </operation>
      </action>
      <action>
         <assert>
            <description value="Confirm that the returned HTTP status is 200(OK) or 201(Created)."/>
            <operator value="in"/>
            <responseCode value="200,201"/>
            <warningOnly value="false"/>
         </assert>
      </action>
      <action>
         <operation>
            <type>
               <system value="http://terminology.hl7.org/CodeSystem/testscript-operation-codes"/>
               <code value="updateCreate"/>
            </type>
            <resource value="Organization"/>
            <accept value="xml"/>
            <contentType value="xml"/>
            <encodeRequestUrl value="true"/>
            <params value="/${Organization-nl-core-organization-eov-test-1-11b-01-id}"/>
            <requestHeader>
               <field value="Authorization"/>
               <value value="Bearer 97294e63-092d-4554-a18a-9d60de7a726d"/>
            </requestHeader>
            <sourceId value="Organization-nl-core-organization-eov-test-1-11b-01"/>
         </operation>
      </action>
      <action>
         <assert>
            <description value="Confirm that the returned HTTP status is 200(OK) or 201(Created)."/>
            <operator value="in"/>
            <responseCode value="200,201"/>
            <warningOnly value="false"/>
         </assert>
      </action>
      <action>
         <operation>
            <type>
               <system value="http://terminology.hl7.org/CodeSystem/testscript-operation-codes"/>
               <code value="updateCreate"/>
            </type>
            <resource value="Organization"/>
            <accept value="xml"/>
            <contentType value="xml"/>
            <encodeRequestUrl value="true"/>
            <params value="/${Organization-nl-core-organization-eov-test-1-11b-02-id}"/>
            <requestHeader>
               <field value="Authorization"/>
               <value value="Bearer 97294e63-092d-4554-a18a-9d60de7a726d"/>
            </requestHeader>
            <sourceId value="Organization-nl-core-organization-eov-test-1-11b-02"/>
         </operation>
      </action>
      <action>
         <assert>
            <description value="Confirm that the returned HTTP status is 200(OK) or 201(Created)."/>
            <operator value="in"/>
            <responseCode value="200,201"/>
            <warningOnly value="false"/>
         </assert>
      </action>
      <action>
         <operation>
            <type>
               <system value="http://terminology.hl7.org/CodeSystem/testscript-operation-codes"/>
               <code value="updateCreate"/>
            </type>
            <resource value="Organization"/>
            <accept value="xml"/>
            <contentType value="xml"/>
            <encodeRequestUrl value="true"/>
            <params value="/${Organization-nl-core-organization-eov-test-1-11b-03-id}"/>
            <requestHeader>
               <field value="Authorization"/>
               <value value="Bearer 97294e63-092d-4554-a18a-9d60de7a726d"/>
            </requestHeader>
            <sourceId value="Organization-nl-core-organization-eov-test-1-11b-03"/>
         </operation>
      </action>
      <action>
         <assert>
            <description value="Confirm that the returned HTTP status is 200(OK) or 201(Created)."/>
            <operator value="in"/>
            <responseCode value="200,201"/>
            <warningOnly value="false"/>
         </assert>
      </action>
      <action>
         <operation>
            <type>
               <system value="http://terminology.hl7.org/CodeSystem/testscript-operation-codes"/>
               <code value="updateCreate"/>
            </type>
            <resource value="Organization"/>
            <accept value="xml"/>
            <contentType value="xml"/>
            <encodeRequestUrl value="true"/>
            <params value="/${Organization-nl-core-organization-eov-test-1-1b-01-id}"/>
            <requestHeader>
               <field value="Authorization"/>
               <value value="Bearer 97294e63-092d-4554-a18a-9d60de7a726d"/>
            </requestHeader>
            <sourceId value="Organization-nl-core-organization-eov-test-1-1b-01"/>
         </operation>
      </action>
      <action>
         <assert>
            <description value="Confirm that the returned HTTP status is 200(OK) or 201(Created)."/>
            <operator value="in"/>
            <responseCode value="200,201"/>
            <warningOnly value="false"/>
         </assert>
      </action>
      <action>
         <operation>
            <type>
               <system value="http://terminology.hl7.org/CodeSystem/testscript-operation-codes"/>
               <code value="updateCreate"/>
            </type>
            <resource value="Organization"/>
            <accept value="xml"/>
            <contentType value="xml"/>
            <encodeRequestUrl value="true"/>
            <params value="/${Organization-nl-core-organization-eov-test-1-1b-02-id}"/>
            <requestHeader>
               <field value="Authorization"/>
               <value value="Bearer 97294e63-092d-4554-a18a-9d60de7a726d"/>
            </requestHeader>
            <sourceId value="Organization-nl-core-organization-eov-test-1-1b-02"/>
         </operation>
      </action>
      <action>
         <assert>
            <description value="Confirm that the returned HTTP status is 200(OK) or 201(Created)."/>
            <operator value="in"/>
            <responseCode value="200,201"/>
            <warningOnly value="false"/>
         </assert>
      </action>
      <action>
         <operation>
            <type>
               <system value="http://terminology.hl7.org/CodeSystem/testscript-operation-codes"/>
               <code value="updateCreate"/>
            </type>
            <resource value="Organization"/>
            <accept value="xml"/>
            <contentType value="xml"/>
            <encodeRequestUrl value="true"/>
            <params value="/${Organization-nl-core-organization-eov-test-1-1b-03-id}"/>
            <requestHeader>
               <field value="Authorization"/>
               <value value="Bearer 97294e63-092d-4554-a18a-9d60de7a726d"/>
            </requestHeader>
            <sourceId value="Organization-nl-core-organization-eov-test-1-1b-03"/>
         </operation>
      </action>
      <action>
         <assert>
            <description value="Confirm that the returned HTTP status is 200(OK) or 201(Created)."/>
            <operator value="in"/>
            <responseCode value="200,201"/>
            <warningOnly value="false"/>
         </assert>
      </action>
      <action>
         <operation>
            <type>
               <system value="http://terminology.hl7.org/CodeSystem/testscript-operation-codes"/>
               <code value="updateCreate"/>
            </type>
            <resource value="Organization"/>
            <accept value="xml"/>
            <contentType value="xml"/>
            <encodeRequestUrl value="true"/>
            <params value="/${Organization-nl-core-organization-eov-test-1-2b-01-id}"/>
            <requestHeader>
               <field value="Authorization"/>
               <value value="Bearer 97294e63-092d-4554-a18a-9d60de7a726d"/>
            </requestHeader>
            <sourceId value="Organization-nl-core-organization-eov-test-1-2b-01"/>
         </operation>
      </action>
      <action>
         <assert>
            <description value="Confirm that the returned HTTP status is 200(OK) or 201(Created)."/>
            <operator value="in"/>
            <responseCode value="200,201"/>
            <warningOnly value="false"/>
         </assert>
      </action>
      <action>
         <operation>
            <type>
               <system value="http://terminology.hl7.org/CodeSystem/testscript-operation-codes"/>
               <code value="updateCreate"/>
            </type>
            <resource value="Organization"/>
            <accept value="xml"/>
            <contentType value="xml"/>
            <encodeRequestUrl value="true"/>
            <params value="/${Organization-nl-core-organization-eov-test-1-2b-02-id}"/>
            <requestHeader>
               <field value="Authorization"/>
               <value value="Bearer 97294e63-092d-4554-a18a-9d60de7a726d"/>
            </requestHeader>
            <sourceId value="Organization-nl-core-organization-eov-test-1-2b-02"/>
         </operation>
      </action>
      <action>
         <assert>
            <description value="Confirm that the returned HTTP status is 200(OK) or 201(Created)."/>
            <operator value="in"/>
            <responseCode value="200,201"/>
            <warningOnly value="false"/>
         </assert>
      </action>
      <action>
         <operation>
            <type>
               <system value="http://terminology.hl7.org/CodeSystem/testscript-operation-codes"/>
               <code value="updateCreate"/>
            </type>
            <resource value="Organization"/>
            <accept value="xml"/>
            <contentType value="xml"/>
            <encodeRequestUrl value="true"/>
            <params value="/${Organization-nl-core-organization-eov-test-1-2b-03-id}"/>
            <requestHeader>
               <field value="Authorization"/>
               <value value="Bearer 97294e63-092d-4554-a18a-9d60de7a726d"/>
            </requestHeader>
            <sourceId value="Organization-nl-core-organization-eov-test-1-2b-03"/>
         </operation>
      </action>
      <action>
         <assert>
            <description value="Confirm that the returned HTTP status is 200(OK) or 201(Created)."/>
            <operator value="in"/>
            <responseCode value="200,201"/>
            <warningOnly value="false"/>
         </assert>
      </action>
      <action>
         <operation>
            <type>
               <system value="http://terminology.hl7.org/CodeSystem/testscript-operation-codes"/>
               <code value="updateCreate"/>
            </type>
            <resource value="Organization"/>
            <accept value="xml"/>
            <contentType value="xml"/>
            <encodeRequestUrl value="true"/>
            <params value="/${Organization-nl-core-organization-eov-test-1-2b-04-id}"/>
            <requestHeader>
               <field value="Authorization"/>
               <value value="Bearer 97294e63-092d-4554-a18a-9d60de7a726d"/>
            </requestHeader>
            <sourceId value="Organization-nl-core-organization-eov-test-1-2b-04"/>
         </operation>
      </action>
      <action>
         <assert>
            <description value="Confirm that the returned HTTP status is 200(OK) or 201(Created)."/>
            <operator value="in"/>
            <responseCode value="200,201"/>
            <warningOnly value="false"/>
         </assert>
      </action>
      <action>
         <operation>
            <type>
               <system value="http://terminology.hl7.org/CodeSystem/testscript-operation-codes"/>
               <code value="updateCreate"/>
            </type>
            <resource value="Organization"/>
            <accept value="xml"/>
            <contentType value="xml"/>
            <encodeRequestUrl value="true"/>
            <params value="/${Organization-nl-core-organization-eov-test-1-2b-05-id}"/>
            <requestHeader>
               <field value="Authorization"/>
               <value value="Bearer 97294e63-092d-4554-a18a-9d60de7a726d"/>
            </requestHeader>
            <sourceId value="Organization-nl-core-organization-eov-test-1-2b-05"/>
         </operation>
      </action>
      <action>
         <assert>
            <description value="Confirm that the returned HTTP status is 200(OK) or 201(Created)."/>
            <operator value="in"/>
            <responseCode value="200,201"/>
            <warningOnly value="false"/>
         </assert>
      </action>
      <action>
         <operation>
            <type>
               <system value="http://terminology.hl7.org/CodeSystem/testscript-operation-codes"/>
               <code value="updateCreate"/>
            </type>
            <resource value="Organization"/>
            <accept value="xml"/>
            <contentType value="xml"/>
            <encodeRequestUrl value="true"/>
            <params value="/${Organization-nl-core-organization-eov-test-1-3b-01-id}"/>
            <requestHeader>
               <field value="Authorization"/>
               <value value="Bearer 97294e63-092d-4554-a18a-9d60de7a726d"/>
            </requestHeader>
            <sourceId value="Organization-nl-core-organization-eov-test-1-3b-01"/>
         </operation>
      </action>
      <action>
         <assert>
            <description value="Confirm that the returned HTTP status is 200(OK) or 201(Created)."/>
            <operator value="in"/>
            <responseCode value="200,201"/>
            <warningOnly value="false"/>
         </assert>
      </action>
      <action>
         <operation>
            <type>
               <system value="http://terminology.hl7.org/CodeSystem/testscript-operation-codes"/>
               <code value="updateCreate"/>
            </type>
            <resource value="Organization"/>
            <accept value="xml"/>
            <contentType value="xml"/>
            <encodeRequestUrl value="true"/>
            <params value="/${Organization-nl-core-organization-eov-test-1-3b-02-id}"/>
            <requestHeader>
               <field value="Authorization"/>
               <value value="Bearer 97294e63-092d-4554-a18a-9d60de7a726d"/>
            </requestHeader>
            <sourceId value="Organization-nl-core-organization-eov-test-1-3b-02"/>
         </operation>
      </action>
      <action>
         <assert>
            <description value="Confirm that the returned HTTP status is 200(OK) or 201(Created)."/>
            <operator value="in"/>
            <responseCode value="200,201"/>
            <warningOnly value="false"/>
         </assert>
      </action>
      <action>
         <operation>
            <type>
               <system value="http://terminology.hl7.org/CodeSystem/testscript-operation-codes"/>
               <code value="updateCreate"/>
            </type>
            <resource value="Organization"/>
            <accept value="xml"/>
            <contentType value="xml"/>
            <encodeRequestUrl value="true"/>
            <params value="/${Organization-nl-core-organization-eov-test-1-3b-03-id}"/>
            <requestHeader>
               <field value="Authorization"/>
               <value value="Bearer 97294e63-092d-4554-a18a-9d60de7a726d"/>
            </requestHeader>
            <sourceId value="Organization-nl-core-organization-eov-test-1-3b-03"/>
         </operation>
      </action>
      <action>
         <assert>
            <description value="Confirm that the returned HTTP status is 200(OK) or 201(Created)."/>
            <operator value="in"/>
            <responseCode value="200,201"/>
            <warningOnly value="false"/>
         </assert>
      </action>
      <action>
         <operation>
            <type>
               <system value="http://terminology.hl7.org/CodeSystem/testscript-operation-codes"/>
               <code value="updateCreate"/>
            </type>
            <resource value="Organization"/>
            <accept value="xml"/>
            <contentType value="xml"/>
            <encodeRequestUrl value="true"/>
            <params value="/${Organization-nl-core-organization-eov-test-1-4b-01-id}"/>
            <requestHeader>
               <field value="Authorization"/>
               <value value="Bearer 97294e63-092d-4554-a18a-9d60de7a726d"/>
            </requestHeader>
            <sourceId value="Organization-nl-core-organization-eov-test-1-4b-01"/>
         </operation>
      </action>
      <action>
         <assert>
            <description value="Confirm that the returned HTTP status is 200(OK) or 201(Created)."/>
            <operator value="in"/>
            <responseCode value="200,201"/>
            <warningOnly value="false"/>
         </assert>
      </action>
      <action>
         <operation>
            <type>
               <system value="http://terminology.hl7.org/CodeSystem/testscript-operation-codes"/>
               <code value="updateCreate"/>
            </type>
            <resource value="Organization"/>
            <accept value="xml"/>
            <contentType value="xml"/>
            <encodeRequestUrl value="true"/>
            <params value="/${Organization-nl-core-organization-eov-test-1-4b-02-id}"/>
            <requestHeader>
               <field value="Authorization"/>
               <value value="Bearer 97294e63-092d-4554-a18a-9d60de7a726d"/>
            </requestHeader>
            <sourceId value="Organization-nl-core-organization-eov-test-1-4b-02"/>
         </operation>
      </action>
      <action>
         <assert>
            <description value="Confirm that the returned HTTP status is 200(OK) or 201(Created)."/>
            <operator value="in"/>
            <responseCode value="200,201"/>
            <warningOnly value="false"/>
         </assert>
      </action>
      <action>
         <operation>
            <type>
               <system value="http://terminology.hl7.org/CodeSystem/testscript-operation-codes"/>
               <code value="updateCreate"/>
            </type>
            <resource value="Organization"/>
            <accept value="xml"/>
            <contentType value="xml"/>
            <encodeRequestUrl value="true"/>
            <params value="/${Organization-nl-core-organization-eov-test-1-4b-03-id}"/>
            <requestHeader>
               <field value="Authorization"/>
               <value value="Bearer 97294e63-092d-4554-a18a-9d60de7a726d"/>
            </requestHeader>
            <sourceId value="Organization-nl-core-organization-eov-test-1-4b-03"/>
         </operation>
      </action>
      <action>
         <assert>
            <description value="Confirm that the returned HTTP status is 200(OK) or 201(Created)."/>
            <operator value="in"/>
            <responseCode value="200,201"/>
            <warningOnly value="false"/>
         </assert>
      </action>
      <action>
         <operation>
            <type>
               <system value="http://terminology.hl7.org/CodeSystem/testscript-operation-codes"/>
               <code value="updateCreate"/>
            </type>
            <resource value="Organization"/>
            <accept value="xml"/>
            <contentType value="xml"/>
            <encodeRequestUrl value="true"/>
            <params value="/${Organization-nl-core-organization-eov-test-1-5-01-id}"/>
            <requestHeader>
               <field value="Authorization"/>
               <value value="Bearer 97294e63-092d-4554-a18a-9d60de7a726d"/>
            </requestHeader>
            <sourceId value="Organization-nl-core-organization-eov-test-1-5-01"/>
         </operation>
      </action>
      <action>
         <assert>
            <description value="Confirm that the returned HTTP status is 200(OK) or 201(Created)."/>
            <operator value="in"/>
            <responseCode value="200,201"/>
            <warningOnly value="false"/>
         </assert>
      </action>
      <action>
         <operation>
            <type>
               <system value="http://terminology.hl7.org/CodeSystem/testscript-operation-codes"/>
               <code value="updateCreate"/>
            </type>
            <resource value="Organization"/>
            <accept value="xml"/>
            <contentType value="xml"/>
            <encodeRequestUrl value="true"/>
            <params value="/${Organization-nl-core-organization-eov-test-1-5-02-id}"/>
            <requestHeader>
               <field value="Authorization"/>
               <value value="Bearer 97294e63-092d-4554-a18a-9d60de7a726d"/>
            </requestHeader>
            <sourceId value="Organization-nl-core-organization-eov-test-1-5-02"/>
         </operation>
      </action>
      <action>
         <assert>
            <description value="Confirm that the returned HTTP status is 200(OK) or 201(Created)."/>
            <operator value="in"/>
            <responseCode value="200,201"/>
            <warningOnly value="false"/>
         </assert>
      </action>
      <action>
         <operation>
            <type>
               <system value="http://terminology.hl7.org/CodeSystem/testscript-operation-codes"/>
               <code value="updateCreate"/>
            </type>
            <resource value="Organization"/>
            <accept value="xml"/>
            <contentType value="xml"/>
            <encodeRequestUrl value="true"/>
            <params value="/${Organization-nl-core-organization-eov-test-1-5-03-id}"/>
            <requestHeader>
               <field value="Authorization"/>
               <value value="Bearer 97294e63-092d-4554-a18a-9d60de7a726d"/>
            </requestHeader>
            <sourceId value="Organization-nl-core-organization-eov-test-1-5-03"/>
         </operation>
      </action>
      <action>
         <assert>
            <description value="Confirm that the returned HTTP status is 200(OK) or 201(Created)."/>
            <operator value="in"/>
            <responseCode value="200,201"/>
            <warningOnly value="false"/>
         </assert>
      </action>
      <action>
         <operation>
            <type>
               <system value="http://terminology.hl7.org/CodeSystem/testscript-operation-codes"/>
               <code value="updateCreate"/>
            </type>
            <resource value="Organization"/>
            <accept value="xml"/>
            <contentType value="xml"/>
            <encodeRequestUrl value="true"/>
            <params value="/${Organization-nl-core-organization-eov-test-1-6-01-id}"/>
            <requestHeader>
               <field value="Authorization"/>
               <value value="Bearer 97294e63-092d-4554-a18a-9d60de7a726d"/>
            </requestHeader>
            <sourceId value="Organization-nl-core-organization-eov-test-1-6-01"/>
         </operation>
      </action>
      <action>
         <assert>
            <description value="Confirm that the returned HTTP status is 200(OK) or 201(Created)."/>
            <operator value="in"/>
            <responseCode value="200,201"/>
            <warningOnly value="false"/>
         </assert>
      </action>
      <action>
         <operation>
            <type>
               <system value="http://terminology.hl7.org/CodeSystem/testscript-operation-codes"/>
               <code value="updateCreate"/>
            </type>
            <resource value="Organization"/>
            <accept value="xml"/>
            <contentType value="xml"/>
            <encodeRequestUrl value="true"/>
            <params value="/${Organization-nl-core-organization-eov-test-1-6-02-id}"/>
            <requestHeader>
               <field value="Authorization"/>
               <value value="Bearer 97294e63-092d-4554-a18a-9d60de7a726d"/>
            </requestHeader>
            <sourceId value="Organization-nl-core-organization-eov-test-1-6-02"/>
         </operation>
      </action>
      <action>
         <assert>
            <description value="Confirm that the returned HTTP status is 200(OK) or 201(Created)."/>
            <operator value="in"/>
            <responseCode value="200,201"/>
            <warningOnly value="false"/>
         </assert>
      </action>
      <action>
         <operation>
            <type>
               <system value="http://terminology.hl7.org/CodeSystem/testscript-operation-codes"/>
               <code value="updateCreate"/>
            </type>
            <resource value="Organization"/>
            <accept value="xml"/>
            <contentType value="xml"/>
            <encodeRequestUrl value="true"/>
            <params value="/${Organization-nl-core-organization-eov-test-1-6-03-id}"/>
            <requestHeader>
               <field value="Authorization"/>
               <value value="Bearer 97294e63-092d-4554-a18a-9d60de7a726d"/>
            </requestHeader>
            <sourceId value="Organization-nl-core-organization-eov-test-1-6-03"/>
         </operation>
      </action>
      <action>
         <assert>
            <description value="Confirm that the returned HTTP status is 200(OK) or 201(Created)."/>
            <operator value="in"/>
            <responseCode value="200,201"/>
            <warningOnly value="false"/>
         </assert>
      </action>
      <action>
         <operation>
            <type>
               <system value="http://terminology.hl7.org/CodeSystem/testscript-operation-codes"/>
               <code value="updateCreate"/>
            </type>
            <resource value="Organization"/>
            <accept value="xml"/>
            <contentType value="xml"/>
            <encodeRequestUrl value="true"/>
            <params value="/${Organization-nl-core-organization-eov-test-1-7-01-id}"/>
            <requestHeader>
               <field value="Authorization"/>
               <value value="Bearer 97294e63-092d-4554-a18a-9d60de7a726d"/>
            </requestHeader>
            <sourceId value="Organization-nl-core-organization-eov-test-1-7-01"/>
         </operation>
      </action>
      <action>
         <assert>
            <description value="Confirm that the returned HTTP status is 200(OK) or 201(Created)."/>
            <operator value="in"/>
            <responseCode value="200,201"/>
            <warningOnly value="false"/>
         </assert>
      </action>
      <action>
         <operation>
            <type>
               <system value="http://terminology.hl7.org/CodeSystem/testscript-operation-codes"/>
               <code value="updateCreate"/>
            </type>
            <resource value="Organization"/>
            <accept value="xml"/>
            <contentType value="xml"/>
            <encodeRequestUrl value="true"/>
            <params value="/${Organization-nl-core-organization-eov-test-1-7-02-id}"/>
            <requestHeader>
               <field value="Authorization"/>
               <value value="Bearer 97294e63-092d-4554-a18a-9d60de7a726d"/>
            </requestHeader>
            <sourceId value="Organization-nl-core-organization-eov-test-1-7-02"/>
         </operation>
      </action>
      <action>
         <assert>
            <description value="Confirm that the returned HTTP status is 200(OK) or 201(Created)."/>
            <operator value="in"/>
            <responseCode value="200,201"/>
            <warningOnly value="false"/>
         </assert>
      </action>
      <action>
         <operation>
            <type>
               <system value="http://terminology.hl7.org/CodeSystem/testscript-operation-codes"/>
               <code value="updateCreate"/>
            </type>
            <resource value="Organization"/>
            <accept value="xml"/>
            <contentType value="xml"/>
            <encodeRequestUrl value="true"/>
            <params value="/${Organization-nl-core-organization-eov-test-1-7-03-id}"/>
            <requestHeader>
               <field value="Authorization"/>
               <value value="Bearer 97294e63-092d-4554-a18a-9d60de7a726d"/>
            </requestHeader>
            <sourceId value="Organization-nl-core-organization-eov-test-1-7-03"/>
         </operation>
      </action>
      <action>
         <assert>
            <description value="Confirm that the returned HTTP status is 200(OK) or 201(Created)."/>
            <operator value="in"/>
            <responseCode value="200,201"/>
            <warningOnly value="false"/>
         </assert>
      </action>
      <action>
         <operation>
            <type>
               <system value="http://terminology.hl7.org/CodeSystem/testscript-operation-codes"/>
               <code value="updateCreate"/>
            </type>
            <resource value="Organization"/>
            <accept value="xml"/>
            <contentType value="xml"/>
            <encodeRequestUrl value="true"/>
            <params value="/${Organization-nl-core-organization-eov-test-1-8-01-id}"/>
            <requestHeader>
               <field value="Authorization"/>
               <value value="Bearer 97294e63-092d-4554-a18a-9d60de7a726d"/>
            </requestHeader>
            <sourceId value="Organization-nl-core-organization-eov-test-1-8-01"/>
         </operation>
      </action>
      <action>
         <assert>
            <description value="Confirm that the returned HTTP status is 200(OK) or 201(Created)."/>
            <operator value="in"/>
            <responseCode value="200,201"/>
            <warningOnly value="false"/>
         </assert>
      </action>
      <action>
         <operation>
            <type>
               <system value="http://terminology.hl7.org/CodeSystem/testscript-operation-codes"/>
               <code value="updateCreate"/>
            </type>
            <resource value="Organization"/>
            <accept value="xml"/>
            <contentType value="xml"/>
            <encodeRequestUrl value="true"/>
            <params value="/${Organization-nl-core-organization-eov-test-1-8-02-id}"/>
            <requestHeader>
               <field value="Authorization"/>
               <value value="Bearer 97294e63-092d-4554-a18a-9d60de7a726d"/>
            </requestHeader>
            <sourceId value="Organization-nl-core-organization-eov-test-1-8-02"/>
         </operation>
      </action>
      <action>
         <assert>
            <description value="Confirm that the returned HTTP status is 200(OK) or 201(Created)."/>
            <operator value="in"/>
            <responseCode value="200,201"/>
            <warningOnly value="false"/>
         </assert>
      </action>
      <action>
         <operation>
            <type>
               <system value="http://terminology.hl7.org/CodeSystem/testscript-operation-codes"/>
               <code value="updateCreate"/>
            </type>
            <resource value="Organization"/>
            <accept value="xml"/>
            <contentType value="xml"/>
            <encodeRequestUrl value="true"/>
            <params value="/${Organization-nl-core-organization-eov-test-1-8-03-id}"/>
            <requestHeader>
               <field value="Authorization"/>
               <value value="Bearer 97294e63-092d-4554-a18a-9d60de7a726d"/>
            </requestHeader>
            <sourceId value="Organization-nl-core-organization-eov-test-1-8-03"/>
         </operation>
      </action>
      <action>
         <assert>
            <description value="Confirm that the returned HTTP status is 200(OK) or 201(Created)."/>
            <operator value="in"/>
            <responseCode value="200,201"/>
            <warningOnly value="false"/>
         </assert>
      </action>
      <action>
         <operation>
            <type>
               <system value="http://terminology.hl7.org/CodeSystem/testscript-operation-codes"/>
               <code value="updateCreate"/>
            </type>
            <resource value="Organization"/>
            <accept value="xml"/>
            <contentType value="xml"/>
            <encodeRequestUrl value="true"/>
            <params value="/${Organization-nl-core-organization-eov-test-1-9b-01-id}"/>
            <requestHeader>
               <field value="Authorization"/>
               <value value="Bearer 97294e63-092d-4554-a18a-9d60de7a726d"/>
            </requestHeader>
            <sourceId value="Organization-nl-core-organization-eov-test-1-9b-01"/>
         </operation>
      </action>
      <action>
         <assert>
            <description value="Confirm that the returned HTTP status is 200(OK) or 201(Created)."/>
            <operator value="in"/>
            <responseCode value="200,201"/>
            <warningOnly value="false"/>
         </assert>
      </action>
      <action>
         <operation>
            <type>
               <system value="http://terminology.hl7.org/CodeSystem/testscript-operation-codes"/>
               <code value="updateCreate"/>
            </type>
            <resource value="Organization"/>
            <accept value="xml"/>
            <contentType value="xml"/>
            <encodeRequestUrl value="true"/>
            <params value="/${Organization-nl-core-organization-eov-test-1-9b-02-id}"/>
            <requestHeader>
               <field value="Authorization"/>
               <value value="Bearer 97294e63-092d-4554-a18a-9d60de7a726d"/>
            </requestHeader>
            <sourceId value="Organization-nl-core-organization-eov-test-1-9b-02"/>
         </operation>
      </action>
      <action>
         <assert>
            <description value="Confirm that the returned HTTP status is 200(OK) or 201(Created)."/>
            <operator value="in"/>
            <responseCode value="200,201"/>
            <warningOnly value="false"/>
         </assert>
      </action>
      <action>
         <operation>
            <type>
               <system value="http://terminology.hl7.org/CodeSystem/testscript-operation-codes"/>
               <code value="updateCreate"/>
            </type>
            <resource value="Organization"/>
            <accept value="xml"/>
            <contentType value="xml"/>
            <encodeRequestUrl value="true"/>
            <params value="/${Organization-nl-core-organization-eov-test-1-9b-03-id}"/>
            <requestHeader>
               <field value="Authorization"/>
               <value value="Bearer 97294e63-092d-4554-a18a-9d60de7a726d"/>
            </requestHeader>
            <sourceId value="Organization-nl-core-organization-eov-test-1-9b-03"/>
         </operation>
      </action>
      <action>
         <assert>
            <description value="Confirm that the returned HTTP status is 200(OK) or 201(Created)."/>
            <operator value="in"/>
            <responseCode value="200,201"/>
            <warningOnly value="false"/>
         </assert>
      </action>
      <action>
         <operation>
            <type>
               <system value="http://terminology.hl7.org/CodeSystem/testscript-operation-codes"/>
               <code value="updateCreate"/>
            </type>
            <resource value="Practitioner"/>
            <accept value="xml"/>
            <contentType value="xml"/>
            <encodeRequestUrl value="true"/>
            <params value="/${Practitioner-nl-core-practitioner-eov-test-1-1-01-id}"/>
            <requestHeader>
               <field value="Authorization"/>
               <value value="Bearer 97294e63-092d-4554-a18a-9d60de7a726d"/>
            </requestHeader>
            <sourceId value="Practitioner-nl-core-practitioner-eov-test-1-1-01"/>
         </operation>
      </action>
      <action>
         <assert>
            <description value="Confirm that the returned HTTP status is 200(OK) or 201(Created)."/>
            <operator value="in"/>
            <responseCode value="200,201"/>
            <warningOnly value="false"/>
         </assert>
      </action>
      <action>
         <operation>
            <type>
               <system value="http://terminology.hl7.org/CodeSystem/testscript-operation-codes"/>
               <code value="updateCreate"/>
            </type>
            <resource value="Practitioner"/>
            <accept value="xml"/>
            <contentType value="xml"/>
            <encodeRequestUrl value="true"/>
            <params value="/${Practitioner-nl-core-practitioner-eov-test-1-1-03-id}"/>
            <requestHeader>
               <field value="Authorization"/>
               <value value="Bearer 97294e63-092d-4554-a18a-9d60de7a726d"/>
            </requestHeader>
            <sourceId value="Practitioner-nl-core-practitioner-eov-test-1-1-03"/>
         </operation>
      </action>
      <action>
         <assert>
            <description value="Confirm that the returned HTTP status is 200(OK) or 201(Created)."/>
            <operator value="in"/>
            <responseCode value="200,201"/>
            <warningOnly value="false"/>
         </assert>
      </action>
      <action>
         <operation>
            <type>
               <system value="http://terminology.hl7.org/CodeSystem/testscript-operation-codes"/>
               <code value="updateCreate"/>
            </type>
            <resource value="Practitioner"/>
            <accept value="xml"/>
            <contentType value="xml"/>
            <encodeRequestUrl value="true"/>
            <params value="/${Practitioner-nl-core-practitioner-eov-test-1-1-04-id}"/>
            <requestHeader>
               <field value="Authorization"/>
               <value value="Bearer 97294e63-092d-4554-a18a-9d60de7a726d"/>
            </requestHeader>
            <sourceId value="Practitioner-nl-core-practitioner-eov-test-1-1-04"/>
         </operation>
      </action>
      <action>
         <assert>
            <description value="Confirm that the returned HTTP status is 200(OK) or 201(Created)."/>
            <operator value="in"/>
            <responseCode value="200,201"/>
            <warningOnly value="false"/>
         </assert>
      </action>
      <action>
         <operation>
            <type>
               <system value="http://terminology.hl7.org/CodeSystem/testscript-operation-codes"/>
               <code value="updateCreate"/>
            </type>
            <resource value="Practitioner"/>
            <accept value="xml"/>
            <contentType value="xml"/>
            <encodeRequestUrl value="true"/>
            <params value="/${Practitioner-nl-core-practitioner-eov-test-1-1-05-id}"/>
            <requestHeader>
               <field value="Authorization"/>
               <value value="Bearer 97294e63-092d-4554-a18a-9d60de7a726d"/>
            </requestHeader>
            <sourceId value="Practitioner-nl-core-practitioner-eov-test-1-1-05"/>
         </operation>
      </action>
      <action>
         <assert>
            <description value="Confirm that the returned HTTP status is 200(OK) or 201(Created)."/>
            <operator value="in"/>
            <responseCode value="200,201"/>
            <warningOnly value="false"/>
         </assert>
      </action>
      <action>
         <operation>
            <type>
               <system value="http://terminology.hl7.org/CodeSystem/testscript-operation-codes"/>
               <code value="updateCreate"/>
            </type>
            <resource value="Practitioner"/>
            <accept value="xml"/>
            <contentType value="xml"/>
            <encodeRequestUrl value="true"/>
            <params value="/${Practitioner-nl-core-practitioner-eov-test-1-1-07-id}"/>
            <requestHeader>
               <field value="Authorization"/>
               <value value="Bearer 97294e63-092d-4554-a18a-9d60de7a726d"/>
            </requestHeader>
            <sourceId value="Practitioner-nl-core-practitioner-eov-test-1-1-07"/>
         </operation>
      </action>
      <action>
         <assert>
            <description value="Confirm that the returned HTTP status is 200(OK) or 201(Created)."/>
            <operator value="in"/>
            <responseCode value="200,201"/>
            <warningOnly value="false"/>
         </assert>
      </action>
      <action>
         <operation>
            <type>
               <system value="http://terminology.hl7.org/CodeSystem/testscript-operation-codes"/>
               <code value="updateCreate"/>
            </type>
            <resource value="Practitioner"/>
            <accept value="xml"/>
            <contentType value="xml"/>
            <encodeRequestUrl value="true"/>
            <params value="/${Practitioner-nl-core-practitioner-eov-test-1-1-08-id}"/>
            <requestHeader>
               <field value="Authorization"/>
               <value value="Bearer 97294e63-092d-4554-a18a-9d60de7a726d"/>
            </requestHeader>
            <sourceId value="Practitioner-nl-core-practitioner-eov-test-1-1-08"/>
         </operation>
      </action>
      <action>
         <assert>
            <description value="Confirm that the returned HTTP status is 200(OK) or 201(Created)."/>
            <operator value="in"/>
            <responseCode value="200,201"/>
            <warningOnly value="false"/>
         </assert>
      </action>
      <action>
         <operation>
            <type>
               <system value="http://terminology.hl7.org/CodeSystem/testscript-operation-codes"/>
               <code value="updateCreate"/>
            </type>
            <resource value="Practitioner"/>
            <accept value="xml"/>
            <contentType value="xml"/>
            <encodeRequestUrl value="true"/>
            <params value="/${Practitioner-nl-core-practitioner-eov-test-1-10b-01-id}"/>
            <requestHeader>
               <field value="Authorization"/>
               <value value="Bearer 97294e63-092d-4554-a18a-9d60de7a726d"/>
            </requestHeader>
            <sourceId value="Practitioner-nl-core-practitioner-eov-test-1-10b-01"/>
         </operation>
      </action>
      <action>
         <assert>
            <description value="Confirm that the returned HTTP status is 200(OK) or 201(Created)."/>
            <operator value="in"/>
            <responseCode value="200,201"/>
            <warningOnly value="false"/>
         </assert>
      </action>
      <action>
         <operation>
            <type>
               <system value="http://terminology.hl7.org/CodeSystem/testscript-operation-codes"/>
               <code value="updateCreate"/>
            </type>
            <resource value="Practitioner"/>
            <accept value="xml"/>
            <contentType value="xml"/>
            <encodeRequestUrl value="true"/>
            <params value="/${Practitioner-nl-core-practitioner-eov-test-1-10b-03-id}"/>
            <requestHeader>
               <field value="Authorization"/>
               <value value="Bearer 97294e63-092d-4554-a18a-9d60de7a726d"/>
            </requestHeader>
            <sourceId value="Practitioner-nl-core-practitioner-eov-test-1-10b-03"/>
         </operation>
      </action>
      <action>
         <assert>
            <description value="Confirm that the returned HTTP status is 200(OK) or 201(Created)."/>
            <operator value="in"/>
            <responseCode value="200,201"/>
            <warningOnly value="false"/>
         </assert>
      </action>
      <action>
         <operation>
            <type>
               <system value="http://terminology.hl7.org/CodeSystem/testscript-operation-codes"/>
               <code value="updateCreate"/>
            </type>
            <resource value="Practitioner"/>
            <accept value="xml"/>
            <contentType value="xml"/>
            <encodeRequestUrl value="true"/>
            <params value="/${Practitioner-nl-core-practitioner-eov-test-1-11b-01-id}"/>
            <requestHeader>
               <field value="Authorization"/>
               <value value="Bearer 97294e63-092d-4554-a18a-9d60de7a726d"/>
            </requestHeader>
            <sourceId value="Practitioner-nl-core-practitioner-eov-test-1-11b-01"/>
         </operation>
      </action>
      <action>
         <assert>
            <description value="Confirm that the returned HTTP status is 200(OK) or 201(Created)."/>
            <operator value="in"/>
            <responseCode value="200,201"/>
            <warningOnly value="false"/>
         </assert>
      </action>
      <action>
         <operation>
            <type>
               <system value="http://terminology.hl7.org/CodeSystem/testscript-operation-codes"/>
               <code value="updateCreate"/>
            </type>
            <resource value="Practitioner"/>
            <accept value="xml"/>
            <contentType value="xml"/>
            <encodeRequestUrl value="true"/>
            <params value="/${Practitioner-nl-core-practitioner-eov-test-1-11b-03-id}"/>
            <requestHeader>
               <field value="Authorization"/>
               <value value="Bearer 97294e63-092d-4554-a18a-9d60de7a726d"/>
            </requestHeader>
            <sourceId value="Practitioner-nl-core-practitioner-eov-test-1-11b-03"/>
         </operation>
      </action>
      <action>
         <assert>
            <description value="Confirm that the returned HTTP status is 200(OK) or 201(Created)."/>
            <operator value="in"/>
            <responseCode value="200,201"/>
            <warningOnly value="false"/>
         </assert>
      </action>
      <action>
         <operation>
            <type>
               <system value="http://terminology.hl7.org/CodeSystem/testscript-operation-codes"/>
               <code value="updateCreate"/>
            </type>
            <resource value="Practitioner"/>
            <accept value="xml"/>
            <contentType value="xml"/>
            <encodeRequestUrl value="true"/>
            <params value="/${Practitioner-nl-core-practitioner-eov-test-1-1b-01-id}"/>
            <requestHeader>
               <field value="Authorization"/>
               <value value="Bearer 97294e63-092d-4554-a18a-9d60de7a726d"/>
            </requestHeader>
            <sourceId value="Practitioner-nl-core-practitioner-eov-test-1-1b-01"/>
         </operation>
      </action>
      <action>
         <assert>
            <description value="Confirm that the returned HTTP status is 200(OK) or 201(Created)."/>
            <operator value="in"/>
            <responseCode value="200,201"/>
            <warningOnly value="false"/>
         </assert>
      </action>
      <action>
         <operation>
            <type>
               <system value="http://terminology.hl7.org/CodeSystem/testscript-operation-codes"/>
               <code value="updateCreate"/>
            </type>
            <resource value="Practitioner"/>
            <accept value="xml"/>
            <contentType value="xml"/>
            <encodeRequestUrl value="true"/>
            <params value="/${Practitioner-nl-core-practitioner-eov-test-1-1b-03-id}"/>
            <requestHeader>
               <field value="Authorization"/>
               <value value="Bearer 97294e63-092d-4554-a18a-9d60de7a726d"/>
            </requestHeader>
            <sourceId value="Practitioner-nl-core-practitioner-eov-test-1-1b-03"/>
         </operation>
      </action>
      <action>
         <assert>
            <description value="Confirm that the returned HTTP status is 200(OK) or 201(Created)."/>
            <operator value="in"/>
            <responseCode value="200,201"/>
            <warningOnly value="false"/>
         </assert>
      </action>
      <action>
         <operation>
            <type>
               <system value="http://terminology.hl7.org/CodeSystem/testscript-operation-codes"/>
               <code value="updateCreate"/>
            </type>
            <resource value="Practitioner"/>
            <accept value="xml"/>
            <contentType value="xml"/>
            <encodeRequestUrl value="true"/>
            <params value="/${Practitioner-nl-core-practitioner-eov-test-1-1b-04-id}"/>
            <requestHeader>
               <field value="Authorization"/>
               <value value="Bearer 97294e63-092d-4554-a18a-9d60de7a726d"/>
            </requestHeader>
            <sourceId value="Practitioner-nl-core-practitioner-eov-test-1-1b-04"/>
         </operation>
      </action>
      <action>
         <assert>
            <description value="Confirm that the returned HTTP status is 200(OK) or 201(Created)."/>
            <operator value="in"/>
            <responseCode value="200,201"/>
            <warningOnly value="false"/>
         </assert>
      </action>
      <action>
         <operation>
            <type>
               <system value="http://terminology.hl7.org/CodeSystem/testscript-operation-codes"/>
               <code value="updateCreate"/>
            </type>
            <resource value="Practitioner"/>
            <accept value="xml"/>
            <contentType value="xml"/>
            <encodeRequestUrl value="true"/>
            <params value="/${Practitioner-nl-core-practitioner-eov-test-1-1b-05-id}"/>
            <requestHeader>
               <field value="Authorization"/>
               <value value="Bearer 97294e63-092d-4554-a18a-9d60de7a726d"/>
            </requestHeader>
            <sourceId value="Practitioner-nl-core-practitioner-eov-test-1-1b-05"/>
         </operation>
      </action>
      <action>
         <assert>
            <description value="Confirm that the returned HTTP status is 200(OK) or 201(Created)."/>
            <operator value="in"/>
            <responseCode value="200,201"/>
            <warningOnly value="false"/>
         </assert>
      </action>
      <action>
         <operation>
            <type>
               <system value="http://terminology.hl7.org/CodeSystem/testscript-operation-codes"/>
               <code value="updateCreate"/>
            </type>
            <resource value="Practitioner"/>
            <accept value="xml"/>
            <contentType value="xml"/>
            <encodeRequestUrl value="true"/>
            <params value="/${Practitioner-nl-core-practitioner-eov-test-1-1b-07-id}"/>
            <requestHeader>
               <field value="Authorization"/>
               <value value="Bearer 97294e63-092d-4554-a18a-9d60de7a726d"/>
            </requestHeader>
            <sourceId value="Practitioner-nl-core-practitioner-eov-test-1-1b-07"/>
         </operation>
      </action>
      <action>
         <assert>
            <description value="Confirm that the returned HTTP status is 200(OK) or 201(Created)."/>
            <operator value="in"/>
            <responseCode value="200,201"/>
            <warningOnly value="false"/>
         </assert>
      </action>
      <action>
         <operation>
            <type>
               <system value="http://terminology.hl7.org/CodeSystem/testscript-operation-codes"/>
               <code value="updateCreate"/>
            </type>
            <resource value="Practitioner"/>
            <accept value="xml"/>
            <contentType value="xml"/>
            <encodeRequestUrl value="true"/>
            <params value="/${Practitioner-nl-core-practitioner-eov-test-1-2b-01-id}"/>
            <requestHeader>
               <field value="Authorization"/>
               <value value="Bearer 97294e63-092d-4554-a18a-9d60de7a726d"/>
            </requestHeader>
            <sourceId value="Practitioner-nl-core-practitioner-eov-test-1-2b-01"/>
         </operation>
      </action>
      <action>
         <assert>
            <description value="Confirm that the returned HTTP status is 200(OK) or 201(Created)."/>
            <operator value="in"/>
            <responseCode value="200,201"/>
            <warningOnly value="false"/>
         </assert>
      </action>
      <action>
         <operation>
            <type>
               <system value="http://terminology.hl7.org/CodeSystem/testscript-operation-codes"/>
               <code value="updateCreate"/>
            </type>
            <resource value="Practitioner"/>
            <accept value="xml"/>
            <contentType value="xml"/>
            <encodeRequestUrl value="true"/>
            <params value="/${Practitioner-nl-core-practitioner-eov-test-1-2b-03-id}"/>
            <requestHeader>
               <field value="Authorization"/>
               <value value="Bearer 97294e63-092d-4554-a18a-9d60de7a726d"/>
            </requestHeader>
            <sourceId value="Practitioner-nl-core-practitioner-eov-test-1-2b-03"/>
         </operation>
      </action>
      <action>
         <assert>
            <description value="Confirm that the returned HTTP status is 200(OK) or 201(Created)."/>
            <operator value="in"/>
            <responseCode value="200,201"/>
            <warningOnly value="false"/>
         </assert>
      </action>
      <action>
         <operation>
            <type>
               <system value="http://terminology.hl7.org/CodeSystem/testscript-operation-codes"/>
               <code value="updateCreate"/>
            </type>
            <resource value="Practitioner"/>
            <accept value="xml"/>
            <contentType value="xml"/>
            <encodeRequestUrl value="true"/>
            <params value="/${Practitioner-nl-core-practitioner-eov-test-1-2b-04-id}"/>
            <requestHeader>
               <field value="Authorization"/>
               <value value="Bearer 97294e63-092d-4554-a18a-9d60de7a726d"/>
            </requestHeader>
            <sourceId value="Practitioner-nl-core-practitioner-eov-test-1-2b-04"/>
         </operation>
      </action>
      <action>
         <assert>
            <description value="Confirm that the returned HTTP status is 200(OK) or 201(Created)."/>
            <operator value="in"/>
            <responseCode value="200,201"/>
            <warningOnly value="false"/>
         </assert>
      </action>
      <action>
         <operation>
            <type>
               <system value="http://terminology.hl7.org/CodeSystem/testscript-operation-codes"/>
               <code value="updateCreate"/>
            </type>
            <resource value="Practitioner"/>
            <accept value="xml"/>
            <contentType value="xml"/>
            <encodeRequestUrl value="true"/>
            <params value="/${Practitioner-nl-core-practitioner-eov-test-1-3b-01-id}"/>
            <requestHeader>
               <field value="Authorization"/>
               <value value="Bearer 97294e63-092d-4554-a18a-9d60de7a726d"/>
            </requestHeader>
            <sourceId value="Practitioner-nl-core-practitioner-eov-test-1-3b-01"/>
         </operation>
      </action>
      <action>
         <assert>
            <description value="Confirm that the returned HTTP status is 200(OK) or 201(Created)."/>
            <operator value="in"/>
            <responseCode value="200,201"/>
            <warningOnly value="false"/>
         </assert>
      </action>
      <action>
         <operation>
            <type>
               <system value="http://terminology.hl7.org/CodeSystem/testscript-operation-codes"/>
               <code value="updateCreate"/>
            </type>
            <resource value="Practitioner"/>
            <accept value="xml"/>
            <contentType value="xml"/>
            <encodeRequestUrl value="true"/>
            <params value="/${Practitioner-nl-core-practitioner-eov-test-1-3b-02-id}"/>
            <requestHeader>
               <field value="Authorization"/>
               <value value="Bearer 97294e63-092d-4554-a18a-9d60de7a726d"/>
            </requestHeader>
            <sourceId value="Practitioner-nl-core-practitioner-eov-test-1-3b-02"/>
         </operation>
      </action>
      <action>
         <assert>
            <description value="Confirm that the returned HTTP status is 200(OK) or 201(Created)."/>
            <operator value="in"/>
            <responseCode value="200,201"/>
            <warningOnly value="false"/>
         </assert>
      </action>
      <action>
         <operation>
            <type>
               <system value="http://terminology.hl7.org/CodeSystem/testscript-operation-codes"/>
               <code value="updateCreate"/>
            </type>
            <resource value="Practitioner"/>
            <accept value="xml"/>
            <contentType value="xml"/>
            <encodeRequestUrl value="true"/>
            <params value="/${Practitioner-nl-core-practitioner-eov-test-1-4b-01-id}"/>
            <requestHeader>
               <field value="Authorization"/>
               <value value="Bearer 97294e63-092d-4554-a18a-9d60de7a726d"/>
            </requestHeader>
            <sourceId value="Practitioner-nl-core-practitioner-eov-test-1-4b-01"/>
         </operation>
      </action>
      <action>
         <assert>
            <description value="Confirm that the returned HTTP status is 200(OK) or 201(Created)."/>
            <operator value="in"/>
            <responseCode value="200,201"/>
            <warningOnly value="false"/>
         </assert>
      </action>
      <action>
         <operation>
            <type>
               <system value="http://terminology.hl7.org/CodeSystem/testscript-operation-codes"/>
               <code value="updateCreate"/>
            </type>
            <resource value="Practitioner"/>
            <accept value="xml"/>
            <contentType value="xml"/>
            <encodeRequestUrl value="true"/>
            <params value="/${Practitioner-nl-core-practitioner-eov-test-1-4b-02-id}"/>
            <requestHeader>
               <field value="Authorization"/>
               <value value="Bearer 97294e63-092d-4554-a18a-9d60de7a726d"/>
            </requestHeader>
            <sourceId value="Practitioner-nl-core-practitioner-eov-test-1-4b-02"/>
         </operation>
      </action>
      <action>
         <assert>
            <description value="Confirm that the returned HTTP status is 200(OK) or 201(Created)."/>
            <operator value="in"/>
            <responseCode value="200,201"/>
            <warningOnly value="false"/>
         </assert>
      </action>
      <action>
         <operation>
            <type>
               <system value="http://terminology.hl7.org/CodeSystem/testscript-operation-codes"/>
               <code value="updateCreate"/>
            </type>
            <resource value="Practitioner"/>
            <accept value="xml"/>
            <contentType value="xml"/>
            <encodeRequestUrl value="true"/>
            <params value="/${Practitioner-nl-core-practitioner-eov-test-1-5-01-id}"/>
            <requestHeader>
               <field value="Authorization"/>
               <value value="Bearer 97294e63-092d-4554-a18a-9d60de7a726d"/>
            </requestHeader>
            <sourceId value="Practitioner-nl-core-practitioner-eov-test-1-5-01"/>
         </operation>
      </action>
      <action>
         <assert>
            <description value="Confirm that the returned HTTP status is 200(OK) or 201(Created)."/>
            <operator value="in"/>
            <responseCode value="200,201"/>
            <warningOnly value="false"/>
         </assert>
      </action>
      <action>
         <operation>
            <type>
               <system value="http://terminology.hl7.org/CodeSystem/testscript-operation-codes"/>
               <code value="updateCreate"/>
            </type>
            <resource value="Practitioner"/>
            <accept value="xml"/>
            <contentType value="xml"/>
            <encodeRequestUrl value="true"/>
            <params value="/${Practitioner-nl-core-practitioner-eov-test-1-5-02-id}"/>
            <requestHeader>
               <field value="Authorization"/>
               <value value="Bearer 97294e63-092d-4554-a18a-9d60de7a726d"/>
            </requestHeader>
            <sourceId value="Practitioner-nl-core-practitioner-eov-test-1-5-02"/>
         </operation>
      </action>
      <action>
         <assert>
            <description value="Confirm that the returned HTTP status is 200(OK) or 201(Created)."/>
            <operator value="in"/>
            <responseCode value="200,201"/>
            <warningOnly value="false"/>
         </assert>
      </action>
      <action>
         <operation>
            <type>
               <system value="http://terminology.hl7.org/CodeSystem/testscript-operation-codes"/>
               <code value="updateCreate"/>
            </type>
            <resource value="Practitioner"/>
            <accept value="xml"/>
            <contentType value="xml"/>
            <encodeRequestUrl value="true"/>
            <params value="/${Practitioner-nl-core-practitioner-eov-test-1-6-01-id}"/>
            <requestHeader>
               <field value="Authorization"/>
               <value value="Bearer 97294e63-092d-4554-a18a-9d60de7a726d"/>
            </requestHeader>
            <sourceId value="Practitioner-nl-core-practitioner-eov-test-1-6-01"/>
         </operation>
      </action>
      <action>
         <assert>
            <description value="Confirm that the returned HTTP status is 200(OK) or 201(Created)."/>
            <operator value="in"/>
            <responseCode value="200,201"/>
            <warningOnly value="false"/>
         </assert>
      </action>
      <action>
         <operation>
            <type>
               <system value="http://terminology.hl7.org/CodeSystem/testscript-operation-codes"/>
               <code value="updateCreate"/>
            </type>
            <resource value="Practitioner"/>
            <accept value="xml"/>
            <contentType value="xml"/>
            <encodeRequestUrl value="true"/>
            <params value="/${Practitioner-nl-core-practitioner-eov-test-1-6-02-id}"/>
            <requestHeader>
               <field value="Authorization"/>
               <value value="Bearer 97294e63-092d-4554-a18a-9d60de7a726d"/>
            </requestHeader>
            <sourceId value="Practitioner-nl-core-practitioner-eov-test-1-6-02"/>
         </operation>
      </action>
      <action>
         <assert>
            <description value="Confirm that the returned HTTP status is 200(OK) or 201(Created)."/>
            <operator value="in"/>
            <responseCode value="200,201"/>
            <warningOnly value="false"/>
         </assert>
      </action>
      <action>
         <operation>
            <type>
               <system value="http://terminology.hl7.org/CodeSystem/testscript-operation-codes"/>
               <code value="updateCreate"/>
            </type>
            <resource value="Practitioner"/>
            <accept value="xml"/>
            <contentType value="xml"/>
            <encodeRequestUrl value="true"/>
            <params value="/${Practitioner-nl-core-practitioner-eov-test-1-7-01-id}"/>
            <requestHeader>
               <field value="Authorization"/>
               <value value="Bearer 97294e63-092d-4554-a18a-9d60de7a726d"/>
            </requestHeader>
            <sourceId value="Practitioner-nl-core-practitioner-eov-test-1-7-01"/>
         </operation>
      </action>
      <action>
         <assert>
            <description value="Confirm that the returned HTTP status is 200(OK) or 201(Created)."/>
            <operator value="in"/>
            <responseCode value="200,201"/>
            <warningOnly value="false"/>
         </assert>
      </action>
      <action>
         <operation>
            <type>
               <system value="http://terminology.hl7.org/CodeSystem/testscript-operation-codes"/>
               <code value="updateCreate"/>
            </type>
            <resource value="Practitioner"/>
            <accept value="xml"/>
            <contentType value="xml"/>
            <encodeRequestUrl value="true"/>
            <params value="/${Practitioner-nl-core-practitioner-eov-test-1-7-02-id}"/>
            <requestHeader>
               <field value="Authorization"/>
               <value value="Bearer 97294e63-092d-4554-a18a-9d60de7a726d"/>
            </requestHeader>
            <sourceId value="Practitioner-nl-core-practitioner-eov-test-1-7-02"/>
         </operation>
      </action>
      <action>
         <assert>
            <description value="Confirm that the returned HTTP status is 200(OK) or 201(Created)."/>
            <operator value="in"/>
            <responseCode value="200,201"/>
            <warningOnly value="false"/>
         </assert>
      </action>
      <action>
         <operation>
            <type>
               <system value="http://terminology.hl7.org/CodeSystem/testscript-operation-codes"/>
               <code value="updateCreate"/>
            </type>
            <resource value="Practitioner"/>
            <accept value="xml"/>
            <contentType value="xml"/>
            <encodeRequestUrl value="true"/>
            <params value="/${Practitioner-nl-core-practitioner-eov-test-1-8-01-id}"/>
            <requestHeader>
               <field value="Authorization"/>
               <value value="Bearer 97294e63-092d-4554-a18a-9d60de7a726d"/>
            </requestHeader>
            <sourceId value="Practitioner-nl-core-practitioner-eov-test-1-8-01"/>
         </operation>
      </action>
      <action>
         <assert>
            <description value="Confirm that the returned HTTP status is 200(OK) or 201(Created)."/>
            <operator value="in"/>
            <responseCode value="200,201"/>
            <warningOnly value="false"/>
         </assert>
      </action>
      <action>
         <operation>
            <type>
               <system value="http://terminology.hl7.org/CodeSystem/testscript-operation-codes"/>
               <code value="updateCreate"/>
            </type>
            <resource value="Practitioner"/>
            <accept value="xml"/>
            <contentType value="xml"/>
            <encodeRequestUrl value="true"/>
            <params value="/${Practitioner-nl-core-practitioner-eov-test-1-8-02-id}"/>
            <requestHeader>
               <field value="Authorization"/>
               <value value="Bearer 97294e63-092d-4554-a18a-9d60de7a726d"/>
            </requestHeader>
            <sourceId value="Practitioner-nl-core-practitioner-eov-test-1-8-02"/>
         </operation>
      </action>
      <action>
         <assert>
            <description value="Confirm that the returned HTTP status is 200(OK) or 201(Created)."/>
            <operator value="in"/>
            <responseCode value="200,201"/>
            <warningOnly value="false"/>
         </assert>
      </action>
      <action>
         <operation>
            <type>
               <system value="http://terminology.hl7.org/CodeSystem/testscript-operation-codes"/>
               <code value="updateCreate"/>
            </type>
            <resource value="Practitioner"/>
            <accept value="xml"/>
            <contentType value="xml"/>
            <encodeRequestUrl value="true"/>
            <params value="/${Practitioner-nl-core-practitioner-eov-test-1-9b-01-id}"/>
            <requestHeader>
               <field value="Authorization"/>
               <value value="Bearer 97294e63-092d-4554-a18a-9d60de7a726d"/>
            </requestHeader>
            <sourceId value="Practitioner-nl-core-practitioner-eov-test-1-9b-01"/>
         </operation>
      </action>
      <action>
         <assert>
            <description value="Confirm that the returned HTTP status is 200(OK) or 201(Created)."/>
            <operator value="in"/>
            <responseCode value="200,201"/>
            <warningOnly value="false"/>
         </assert>
      </action>
      <action>
         <operation>
            <type>
               <system value="http://terminology.hl7.org/CodeSystem/testscript-operation-codes"/>
               <code value="updateCreate"/>
            </type>
            <resource value="Practitioner"/>
            <accept value="xml"/>
            <contentType value="xml"/>
            <encodeRequestUrl value="true"/>
            <params value="/${Practitioner-nl-core-practitioner-eov-test-1-9b-03-id}"/>
            <requestHeader>
               <field value="Authorization"/>
               <value value="Bearer 97294e63-092d-4554-a18a-9d60de7a726d"/>
            </requestHeader>
            <sourceId value="Practitioner-nl-core-practitioner-eov-test-1-9b-03"/>
         </operation>
      </action>
      <action>
         <assert>
            <description value="Confirm that the returned HTTP status is 200(OK) or 201(Created)."/>
            <operator value="in"/>
            <responseCode value="200,201"/>
            <warningOnly value="false"/>
         </assert>
      </action>
      <action>
         <operation>
            <type>
               <system value="http://terminology.hl7.org/CodeSystem/testscript-operation-codes"/>
               <code value="updateCreate"/>
            </type>
            <resource value="PractitionerRole"/>
            <accept value="xml"/>
            <contentType value="xml"/>
            <encodeRequestUrl value="true"/>
            <params value="/${PractitionerRole-nl-core-practitionerrole-eov-test-1-1-01-id}"/>
            <requestHeader>
               <field value="Authorization"/>
               <value value="Bearer 97294e63-092d-4554-a18a-9d60de7a726d"/>
            </requestHeader>
            <sourceId value="PractitionerRole-nl-core-practitionerrole-eov-test-1-1-01"/>
         </operation>
      </action>
      <action>
         <assert>
            <description value="Confirm that the returned HTTP status is 200(OK) or 201(Created)."/>
            <operator value="in"/>
            <responseCode value="200,201"/>
            <warningOnly value="false"/>
         </assert>
      </action>
      <action>
         <operation>
            <type>
               <system value="http://terminology.hl7.org/CodeSystem/testscript-operation-codes"/>
               <code value="updateCreate"/>
            </type>
            <resource value="PractitionerRole"/>
            <accept value="xml"/>
            <contentType value="xml"/>
            <encodeRequestUrl value="true"/>
            <params value="/${PractitionerRole-nl-core-practitionerrole-eov-test-1-1-03-id}"/>
            <requestHeader>
               <field value="Authorization"/>
               <value value="Bearer 97294e63-092d-4554-a18a-9d60de7a726d"/>
            </requestHeader>
            <sourceId value="PractitionerRole-nl-core-practitionerrole-eov-test-1-1-03"/>
         </operation>
      </action>
      <action>
         <assert>
            <description value="Confirm that the returned HTTP status is 200(OK) or 201(Created)."/>
            <operator value="in"/>
            <responseCode value="200,201"/>
            <warningOnly value="false"/>
         </assert>
      </action>
      <action>
         <operation>
            <type>
               <system value="http://terminology.hl7.org/CodeSystem/testscript-operation-codes"/>
               <code value="updateCreate"/>
            </type>
            <resource value="PractitionerRole"/>
            <accept value="xml"/>
            <contentType value="xml"/>
            <encodeRequestUrl value="true"/>
            <params value="/${PractitionerRole-nl-core-practitionerrole-eov-test-1-1-04-id}"/>
            <requestHeader>
               <field value="Authorization"/>
               <value value="Bearer 97294e63-092d-4554-a18a-9d60de7a726d"/>
            </requestHeader>
            <sourceId value="PractitionerRole-nl-core-practitionerrole-eov-test-1-1-04"/>
         </operation>
      </action>
      <action>
         <assert>
            <description value="Confirm that the returned HTTP status is 200(OK) or 201(Created)."/>
            <operator value="in"/>
            <responseCode value="200,201"/>
            <warningOnly value="false"/>
         </assert>
      </action>
      <action>
         <operation>
            <type>
               <system value="http://terminology.hl7.org/CodeSystem/testscript-operation-codes"/>
               <code value="updateCreate"/>
            </type>
            <resource value="PractitionerRole"/>
            <accept value="xml"/>
            <contentType value="xml"/>
            <encodeRequestUrl value="true"/>
            <params value="/${PractitionerRole-nl-core-practitionerrole-eov-test-1-1-05-id}"/>
            <requestHeader>
               <field value="Authorization"/>
               <value value="Bearer 97294e63-092d-4554-a18a-9d60de7a726d"/>
            </requestHeader>
            <sourceId value="PractitionerRole-nl-core-practitionerrole-eov-test-1-1-05"/>
         </operation>
      </action>
      <action>
         <assert>
            <description value="Confirm that the returned HTTP status is 200(OK) or 201(Created)."/>
            <operator value="in"/>
            <responseCode value="200,201"/>
            <warningOnly value="false"/>
         </assert>
      </action>
      <action>
         <operation>
            <type>
               <system value="http://terminology.hl7.org/CodeSystem/testscript-operation-codes"/>
               <code value="updateCreate"/>
            </type>
            <resource value="PractitionerRole"/>
            <accept value="xml"/>
            <contentType value="xml"/>
            <encodeRequestUrl value="true"/>
            <params value="/${PractitionerRole-nl-core-practitionerrole-eov-test-1-1-07-id}"/>
            <requestHeader>
               <field value="Authorization"/>
               <value value="Bearer 97294e63-092d-4554-a18a-9d60de7a726d"/>
            </requestHeader>
            <sourceId value="PractitionerRole-nl-core-practitionerrole-eov-test-1-1-07"/>
         </operation>
      </action>
      <action>
         <assert>
            <description value="Confirm that the returned HTTP status is 200(OK) or 201(Created)."/>
            <operator value="in"/>
            <responseCode value="200,201"/>
            <warningOnly value="false"/>
         </assert>
      </action>
      <action>
         <operation>
            <type>
               <system value="http://terminology.hl7.org/CodeSystem/testscript-operation-codes"/>
               <code value="updateCreate"/>
            </type>
            <resource value="PractitionerRole"/>
            <accept value="xml"/>
            <contentType value="xml"/>
            <encodeRequestUrl value="true"/>
            <params value="/${PractitionerRole-nl-core-practitionerrole-eov-test-1-10b-01-id}"/>
            <requestHeader>
               <field value="Authorization"/>
               <value value="Bearer 97294e63-092d-4554-a18a-9d60de7a726d"/>
            </requestHeader>
            <sourceId value="PractitionerRole-nl-core-practitionerrole-eov-test-1-10b-01"/>
         </operation>
      </action>
      <action>
         <assert>
            <description value="Confirm that the returned HTTP status is 200(OK) or 201(Created)."/>
            <operator value="in"/>
            <responseCode value="200,201"/>
            <warningOnly value="false"/>
         </assert>
      </action>
      <action>
         <operation>
            <type>
               <system value="http://terminology.hl7.org/CodeSystem/testscript-operation-codes"/>
               <code value="updateCreate"/>
            </type>
            <resource value="PractitionerRole"/>
            <accept value="xml"/>
            <contentType value="xml"/>
            <encodeRequestUrl value="true"/>
            <params value="/${PractitionerRole-nl-core-practitionerrole-eov-test-1-10b-02-id}"/>
            <requestHeader>
               <field value="Authorization"/>
               <value value="Bearer 97294e63-092d-4554-a18a-9d60de7a726d"/>
            </requestHeader>
            <sourceId value="PractitionerRole-nl-core-practitionerrole-eov-test-1-10b-02"/>
         </operation>
      </action>
      <action>
         <assert>
            <description value="Confirm that the returned HTTP status is 200(OK) or 201(Created)."/>
            <operator value="in"/>
            <responseCode value="200,201"/>
            <warningOnly value="false"/>
         </assert>
      </action>
      <action>
         <operation>
            <type>
               <system value="http://terminology.hl7.org/CodeSystem/testscript-operation-codes"/>
               <code value="updateCreate"/>
            </type>
            <resource value="PractitionerRole"/>
            <accept value="xml"/>
            <contentType value="xml"/>
            <encodeRequestUrl value="true"/>
            <params value="/${PractitionerRole-nl-core-practitionerrole-eov-test-1-10b-03-id}"/>
            <requestHeader>
               <field value="Authorization"/>
               <value value="Bearer 97294e63-092d-4554-a18a-9d60de7a726d"/>
            </requestHeader>
            <sourceId value="PractitionerRole-nl-core-practitionerrole-eov-test-1-10b-03"/>
         </operation>
      </action>
      <action>
         <assert>
            <description value="Confirm that the returned HTTP status is 200(OK) or 201(Created)."/>
            <operator value="in"/>
            <responseCode value="200,201"/>
            <warningOnly value="false"/>
         </assert>
      </action>
      <action>
         <operation>
            <type>
               <system value="http://terminology.hl7.org/CodeSystem/testscript-operation-codes"/>
               <code value="updateCreate"/>
            </type>
            <resource value="PractitionerRole"/>
            <accept value="xml"/>
            <contentType value="xml"/>
            <encodeRequestUrl value="true"/>
            <params value="/${PractitionerRole-nl-core-practitionerrole-eov-test-1-11b-01-id}"/>
            <requestHeader>
               <field value="Authorization"/>
               <value value="Bearer 97294e63-092d-4554-a18a-9d60de7a726d"/>
            </requestHeader>
            <sourceId value="PractitionerRole-nl-core-practitionerrole-eov-test-1-11b-01"/>
         </operation>
      </action>
      <action>
         <assert>
            <description value="Confirm that the returned HTTP status is 200(OK) or 201(Created)."/>
            <operator value="in"/>
            <responseCode value="200,201"/>
            <warningOnly value="false"/>
         </assert>
      </action>
      <action>
         <operation>
            <type>
               <system value="http://terminology.hl7.org/CodeSystem/testscript-operation-codes"/>
               <code value="updateCreate"/>
            </type>
            <resource value="PractitionerRole"/>
            <accept value="xml"/>
            <contentType value="xml"/>
            <encodeRequestUrl value="true"/>
            <params value="/${PractitionerRole-nl-core-practitionerrole-eov-test-1-11b-02-id}"/>
            <requestHeader>
               <field value="Authorization"/>
               <value value="Bearer 97294e63-092d-4554-a18a-9d60de7a726d"/>
            </requestHeader>
            <sourceId value="PractitionerRole-nl-core-practitionerrole-eov-test-1-11b-02"/>
         </operation>
      </action>
      <action>
         <assert>
            <description value="Confirm that the returned HTTP status is 200(OK) or 201(Created)."/>
            <operator value="in"/>
            <responseCode value="200,201"/>
            <warningOnly value="false"/>
         </assert>
      </action>
      <action>
         <operation>
            <type>
               <system value="http://terminology.hl7.org/CodeSystem/testscript-operation-codes"/>
               <code value="updateCreate"/>
            </type>
            <resource value="PractitionerRole"/>
            <accept value="xml"/>
            <contentType value="xml"/>
            <encodeRequestUrl value="true"/>
            <params value="/${PractitionerRole-nl-core-practitionerrole-eov-test-1-11b-03-id}"/>
            <requestHeader>
               <field value="Authorization"/>
               <value value="Bearer 97294e63-092d-4554-a18a-9d60de7a726d"/>
            </requestHeader>
            <sourceId value="PractitionerRole-nl-core-practitionerrole-eov-test-1-11b-03"/>
         </operation>
      </action>
      <action>
         <assert>
            <description value="Confirm that the returned HTTP status is 200(OK) or 201(Created)."/>
            <operator value="in"/>
            <responseCode value="200,201"/>
            <warningOnly value="false"/>
         </assert>
      </action>
      <action>
         <operation>
            <type>
               <system value="http://terminology.hl7.org/CodeSystem/testscript-operation-codes"/>
               <code value="updateCreate"/>
            </type>
            <resource value="PractitionerRole"/>
            <accept value="xml"/>
            <contentType value="xml"/>
            <encodeRequestUrl value="true"/>
            <params value="/${PractitionerRole-nl-core-practitionerrole-eov-test-1-1b-01-id}"/>
            <requestHeader>
               <field value="Authorization"/>
               <value value="Bearer 97294e63-092d-4554-a18a-9d60de7a726d"/>
            </requestHeader>
            <sourceId value="PractitionerRole-nl-core-practitionerrole-eov-test-1-1b-01"/>
         </operation>
      </action>
      <action>
         <assert>
            <description value="Confirm that the returned HTTP status is 200(OK) or 201(Created)."/>
            <operator value="in"/>
            <responseCode value="200,201"/>
            <warningOnly value="false"/>
         </assert>
      </action>
      <action>
         <operation>
            <type>
               <system value="http://terminology.hl7.org/CodeSystem/testscript-operation-codes"/>
               <code value="updateCreate"/>
            </type>
            <resource value="PractitionerRole"/>
            <accept value="xml"/>
            <contentType value="xml"/>
            <encodeRequestUrl value="true"/>
            <params value="/${PractitionerRole-nl-core-practitionerrole-eov-test-1-1b-03-id}"/>
            <requestHeader>
               <field value="Authorization"/>
               <value value="Bearer 97294e63-092d-4554-a18a-9d60de7a726d"/>
            </requestHeader>
            <sourceId value="PractitionerRole-nl-core-practitionerrole-eov-test-1-1b-03"/>
         </operation>
      </action>
      <action>
         <assert>
            <description value="Confirm that the returned HTTP status is 200(OK) or 201(Created)."/>
            <operator value="in"/>
            <responseCode value="200,201"/>
            <warningOnly value="false"/>
         </assert>
      </action>
      <action>
         <operation>
            <type>
               <system value="http://terminology.hl7.org/CodeSystem/testscript-operation-codes"/>
               <code value="updateCreate"/>
            </type>
            <resource value="PractitionerRole"/>
            <accept value="xml"/>
            <contentType value="xml"/>
            <encodeRequestUrl value="true"/>
            <params value="/${PractitionerRole-nl-core-practitionerrole-eov-test-1-1b-04-id}"/>
            <requestHeader>
               <field value="Authorization"/>
               <value value="Bearer 97294e63-092d-4554-a18a-9d60de7a726d"/>
            </requestHeader>
            <sourceId value="PractitionerRole-nl-core-practitionerrole-eov-test-1-1b-04"/>
         </operation>
      </action>
      <action>
         <assert>
            <description value="Confirm that the returned HTTP status is 200(OK) or 201(Created)."/>
            <operator value="in"/>
            <responseCode value="200,201"/>
            <warningOnly value="false"/>
         </assert>
      </action>
      <action>
         <operation>
            <type>
               <system value="http://terminology.hl7.org/CodeSystem/testscript-operation-codes"/>
               <code value="updateCreate"/>
            </type>
            <resource value="PractitionerRole"/>
            <accept value="xml"/>
            <contentType value="xml"/>
            <encodeRequestUrl value="true"/>
            <params value="/${PractitionerRole-nl-core-practitionerrole-eov-test-1-1b-05-id}"/>
            <requestHeader>
               <field value="Authorization"/>
               <value value="Bearer 97294e63-092d-4554-a18a-9d60de7a726d"/>
            </requestHeader>
            <sourceId value="PractitionerRole-nl-core-practitionerrole-eov-test-1-1b-05"/>
         </operation>
      </action>
      <action>
         <assert>
            <description value="Confirm that the returned HTTP status is 200(OK) or 201(Created)."/>
            <operator value="in"/>
            <responseCode value="200,201"/>
            <warningOnly value="false"/>
         </assert>
      </action>
      <action>
         <operation>
            <type>
               <system value="http://terminology.hl7.org/CodeSystem/testscript-operation-codes"/>
               <code value="updateCreate"/>
            </type>
            <resource value="PractitionerRole"/>
            <accept value="xml"/>
            <contentType value="xml"/>
            <encodeRequestUrl value="true"/>
            <params value="/${PractitionerRole-nl-core-practitionerrole-eov-test-1-1b-07-id}"/>
            <requestHeader>
               <field value="Authorization"/>
               <value value="Bearer 97294e63-092d-4554-a18a-9d60de7a726d"/>
            </requestHeader>
            <sourceId value="PractitionerRole-nl-core-practitionerrole-eov-test-1-1b-07"/>
         </operation>
      </action>
      <action>
         <assert>
            <description value="Confirm that the returned HTTP status is 200(OK) or 201(Created)."/>
            <operator value="in"/>
            <responseCode value="200,201"/>
            <warningOnly value="false"/>
         </assert>
      </action>
      <action>
         <operation>
            <type>
               <system value="http://terminology.hl7.org/CodeSystem/testscript-operation-codes"/>
               <code value="updateCreate"/>
            </type>
            <resource value="PractitionerRole"/>
            <accept value="xml"/>
            <contentType value="xml"/>
            <encodeRequestUrl value="true"/>
            <params value="/${PractitionerRole-nl-core-practitionerrole-eov-test-1-2b-01-id}"/>
            <requestHeader>
               <field value="Authorization"/>
               <value value="Bearer 97294e63-092d-4554-a18a-9d60de7a726d"/>
            </requestHeader>
            <sourceId value="PractitionerRole-nl-core-practitionerrole-eov-test-1-2b-01"/>
         </operation>
      </action>
      <action>
         <assert>
            <description value="Confirm that the returned HTTP status is 200(OK) or 201(Created)."/>
            <operator value="in"/>
            <responseCode value="200,201"/>
            <warningOnly value="false"/>
         </assert>
      </action>
      <action>
         <operation>
            <type>
               <system value="http://terminology.hl7.org/CodeSystem/testscript-operation-codes"/>
               <code value="updateCreate"/>
            </type>
            <resource value="PractitionerRole"/>
            <accept value="xml"/>
            <contentType value="xml"/>
            <encodeRequestUrl value="true"/>
            <params value="/${PractitionerRole-nl-core-practitionerrole-eov-test-1-2b-03-id}"/>
            <requestHeader>
               <field value="Authorization"/>
               <value value="Bearer 97294e63-092d-4554-a18a-9d60de7a726d"/>
            </requestHeader>
            <sourceId value="PractitionerRole-nl-core-practitionerrole-eov-test-1-2b-03"/>
         </operation>
      </action>
      <action>
         <assert>
            <description value="Confirm that the returned HTTP status is 200(OK) or 201(Created)."/>
            <operator value="in"/>
            <responseCode value="200,201"/>
            <warningOnly value="false"/>
         </assert>
      </action>
      <action>
         <operation>
            <type>
               <system value="http://terminology.hl7.org/CodeSystem/testscript-operation-codes"/>
               <code value="updateCreate"/>
            </type>
            <resource value="PractitionerRole"/>
            <accept value="xml"/>
            <contentType value="xml"/>
            <encodeRequestUrl value="true"/>
            <params value="/${PractitionerRole-nl-core-practitionerrole-eov-test-1-2b-04-id}"/>
            <requestHeader>
               <field value="Authorization"/>
               <value value="Bearer 97294e63-092d-4554-a18a-9d60de7a726d"/>
            </requestHeader>
            <sourceId value="PractitionerRole-nl-core-practitionerrole-eov-test-1-2b-04"/>
         </operation>
      </action>
      <action>
         <assert>
            <description value="Confirm that the returned HTTP status is 200(OK) or 201(Created)."/>
            <operator value="in"/>
            <responseCode value="200,201"/>
            <warningOnly value="false"/>
         </assert>
      </action>
      <action>
         <operation>
            <type>
               <system value="http://terminology.hl7.org/CodeSystem/testscript-operation-codes"/>
               <code value="updateCreate"/>
            </type>
            <resource value="PractitionerRole"/>
            <accept value="xml"/>
            <contentType value="xml"/>
            <encodeRequestUrl value="true"/>
            <params value="/${PractitionerRole-nl-core-practitionerrole-eov-test-1-3b-01-id}"/>
            <requestHeader>
               <field value="Authorization"/>
               <value value="Bearer 97294e63-092d-4554-a18a-9d60de7a726d"/>
            </requestHeader>
            <sourceId value="PractitionerRole-nl-core-practitionerrole-eov-test-1-3b-01"/>
         </operation>
      </action>
      <action>
         <assert>
            <description value="Confirm that the returned HTTP status is 200(OK) or 201(Created)."/>
            <operator value="in"/>
            <responseCode value="200,201"/>
            <warningOnly value="false"/>
         </assert>
      </action>
      <action>
         <operation>
            <type>
               <system value="http://terminology.hl7.org/CodeSystem/testscript-operation-codes"/>
               <code value="updateCreate"/>
            </type>
            <resource value="PractitionerRole"/>
            <accept value="xml"/>
            <contentType value="xml"/>
            <encodeRequestUrl value="true"/>
            <params value="/${PractitionerRole-nl-core-practitionerrole-eov-test-1-3b-02-id}"/>
            <requestHeader>
               <field value="Authorization"/>
               <value value="Bearer 97294e63-092d-4554-a18a-9d60de7a726d"/>
            </requestHeader>
            <sourceId value="PractitionerRole-nl-core-practitionerrole-eov-test-1-3b-02"/>
         </operation>
      </action>
      <action>
         <assert>
            <description value="Confirm that the returned HTTP status is 200(OK) or 201(Created)."/>
            <operator value="in"/>
            <responseCode value="200,201"/>
            <warningOnly value="false"/>
         </assert>
      </action>
      <action>
         <operation>
            <type>
               <system value="http://terminology.hl7.org/CodeSystem/testscript-operation-codes"/>
               <code value="updateCreate"/>
            </type>
            <resource value="PractitionerRole"/>
            <accept value="xml"/>
            <contentType value="xml"/>
            <encodeRequestUrl value="true"/>
            <params value="/${PractitionerRole-nl-core-practitionerrole-eov-test-1-4b-01-id}"/>
            <requestHeader>
               <field value="Authorization"/>
               <value value="Bearer 97294e63-092d-4554-a18a-9d60de7a726d"/>
            </requestHeader>
            <sourceId value="PractitionerRole-nl-core-practitionerrole-eov-test-1-4b-01"/>
         </operation>
      </action>
      <action>
         <assert>
            <description value="Confirm that the returned HTTP status is 200(OK) or 201(Created)."/>
            <operator value="in"/>
            <responseCode value="200,201"/>
            <warningOnly value="false"/>
         </assert>
      </action>
      <action>
         <operation>
            <type>
               <system value="http://terminology.hl7.org/CodeSystem/testscript-operation-codes"/>
               <code value="updateCreate"/>
            </type>
            <resource value="PractitionerRole"/>
            <accept value="xml"/>
            <contentType value="xml"/>
            <encodeRequestUrl value="true"/>
            <params value="/${PractitionerRole-nl-core-practitionerrole-eov-test-1-4b-02-id}"/>
            <requestHeader>
               <field value="Authorization"/>
               <value value="Bearer 97294e63-092d-4554-a18a-9d60de7a726d"/>
            </requestHeader>
            <sourceId value="PractitionerRole-nl-core-practitionerrole-eov-test-1-4b-02"/>
         </operation>
      </action>
      <action>
         <assert>
            <description value="Confirm that the returned HTTP status is 200(OK) or 201(Created)."/>
            <operator value="in"/>
            <responseCode value="200,201"/>
            <warningOnly value="false"/>
         </assert>
      </action>
      <action>
         <operation>
            <type>
               <system value="http://terminology.hl7.org/CodeSystem/testscript-operation-codes"/>
               <code value="updateCreate"/>
            </type>
            <resource value="PractitionerRole"/>
            <accept value="xml"/>
            <contentType value="xml"/>
            <encodeRequestUrl value="true"/>
            <params value="/${PractitionerRole-nl-core-practitionerrole-eov-test-1-5-01-id}"/>
            <requestHeader>
               <field value="Authorization"/>
               <value value="Bearer 97294e63-092d-4554-a18a-9d60de7a726d"/>
            </requestHeader>
            <sourceId value="PractitionerRole-nl-core-practitionerrole-eov-test-1-5-01"/>
         </operation>
      </action>
      <action>
         <assert>
            <description value="Confirm that the returned HTTP status is 200(OK) or 201(Created)."/>
            <operator value="in"/>
            <responseCode value="200,201"/>
            <warningOnly value="false"/>
         </assert>
      </action>
      <action>
         <operation>
            <type>
               <system value="http://terminology.hl7.org/CodeSystem/testscript-operation-codes"/>
               <code value="updateCreate"/>
            </type>
            <resource value="PractitionerRole"/>
            <accept value="xml"/>
            <contentType value="xml"/>
            <encodeRequestUrl value="true"/>
            <params value="/${PractitionerRole-nl-core-practitionerrole-eov-test-1-5-02-id}"/>
            <requestHeader>
               <field value="Authorization"/>
               <value value="Bearer 97294e63-092d-4554-a18a-9d60de7a726d"/>
            </requestHeader>
            <sourceId value="PractitionerRole-nl-core-practitionerrole-eov-test-1-5-02"/>
         </operation>
      </action>
      <action>
         <assert>
            <description value="Confirm that the returned HTTP status is 200(OK) or 201(Created)."/>
            <operator value="in"/>
            <responseCode value="200,201"/>
            <warningOnly value="false"/>
         </assert>
      </action>
      <action>
         <operation>
            <type>
               <system value="http://terminology.hl7.org/CodeSystem/testscript-operation-codes"/>
               <code value="updateCreate"/>
            </type>
            <resource value="PractitionerRole"/>
            <accept value="xml"/>
            <contentType value="xml"/>
            <encodeRequestUrl value="true"/>
            <params value="/${PractitionerRole-nl-core-practitionerrole-eov-test-1-6-01-id}"/>
            <requestHeader>
               <field value="Authorization"/>
               <value value="Bearer 97294e63-092d-4554-a18a-9d60de7a726d"/>
            </requestHeader>
            <sourceId value="PractitionerRole-nl-core-practitionerrole-eov-test-1-6-01"/>
         </operation>
      </action>
      <action>
         <assert>
            <description value="Confirm that the returned HTTP status is 200(OK) or 201(Created)."/>
            <operator value="in"/>
            <responseCode value="200,201"/>
            <warningOnly value="false"/>
         </assert>
      </action>
      <action>
         <operation>
            <type>
               <system value="http://terminology.hl7.org/CodeSystem/testscript-operation-codes"/>
               <code value="updateCreate"/>
            </type>
            <resource value="PractitionerRole"/>
            <accept value="xml"/>
            <contentType value="xml"/>
            <encodeRequestUrl value="true"/>
            <params value="/${PractitionerRole-nl-core-practitionerrole-eov-test-1-7-01-id}"/>
            <requestHeader>
               <field value="Authorization"/>
               <value value="Bearer 97294e63-092d-4554-a18a-9d60de7a726d"/>
            </requestHeader>
            <sourceId value="PractitionerRole-nl-core-practitionerrole-eov-test-1-7-01"/>
         </operation>
      </action>
      <action>
         <assert>
            <description value="Confirm that the returned HTTP status is 200(OK) or 201(Created)."/>
            <operator value="in"/>
            <responseCode value="200,201"/>
            <warningOnly value="false"/>
         </assert>
      </action>
      <action>
         <operation>
            <type>
               <system value="http://terminology.hl7.org/CodeSystem/testscript-operation-codes"/>
               <code value="updateCreate"/>
            </type>
            <resource value="PractitionerRole"/>
            <accept value="xml"/>
            <contentType value="xml"/>
            <encodeRequestUrl value="true"/>
            <params value="/${PractitionerRole-nl-core-practitionerrole-eov-test-1-8-01-id}"/>
            <requestHeader>
               <field value="Authorization"/>
               <value value="Bearer 97294e63-092d-4554-a18a-9d60de7a726d"/>
            </requestHeader>
            <sourceId value="PractitionerRole-nl-core-practitionerrole-eov-test-1-8-01"/>
         </operation>
      </action>
      <action>
         <assert>
            <description value="Confirm that the returned HTTP status is 200(OK) or 201(Created)."/>
            <operator value="in"/>
            <responseCode value="200,201"/>
            <warningOnly value="false"/>
         </assert>
      </action>
      <action>
         <operation>
            <type>
               <system value="http://terminology.hl7.org/CodeSystem/testscript-operation-codes"/>
               <code value="updateCreate"/>
            </type>
            <resource value="PractitionerRole"/>
            <accept value="xml"/>
            <contentType value="xml"/>
            <encodeRequestUrl value="true"/>
            <params value="/${PractitionerRole-nl-core-practitionerrole-eov-test-1-9b-01-id}"/>
            <requestHeader>
               <field value="Authorization"/>
               <value value="Bearer 97294e63-092d-4554-a18a-9d60de7a726d"/>
            </requestHeader>
            <sourceId value="PractitionerRole-nl-core-practitionerrole-eov-test-1-9b-01"/>
         </operation>
      </action>
      <action>
         <assert>
            <description value="Confirm that the returned HTTP status is 200(OK) or 201(Created)."/>
            <operator value="in"/>
            <responseCode value="200,201"/>
            <warningOnly value="false"/>
         </assert>
      </action>
      <action>
         <operation>
            <type>
               <system value="http://terminology.hl7.org/CodeSystem/testscript-operation-codes"/>
               <code value="updateCreate"/>
            </type>
            <resource value="PractitionerRole"/>
            <accept value="xml"/>
            <contentType value="xml"/>
            <encodeRequestUrl value="true"/>
            <params value="/${PractitionerRole-nl-core-practitionerrole-eov-test-1-9b-02-id}"/>
            <requestHeader>
               <field value="Authorization"/>
               <value value="Bearer 97294e63-092d-4554-a18a-9d60de7a726d"/>
            </requestHeader>
            <sourceId value="PractitionerRole-nl-core-practitionerrole-eov-test-1-9b-02"/>
         </operation>
      </action>
      <action>
         <assert>
            <description value="Confirm that the returned HTTP status is 200(OK) or 201(Created)."/>
            <operator value="in"/>
            <responseCode value="200,201"/>
            <warningOnly value="false"/>
         </assert>
      </action>
      <action>
         <operation>
            <type>
               <system value="http://terminology.hl7.org/CodeSystem/testscript-operation-codes"/>
               <code value="updateCreate"/>
            </type>
            <resource value="PractitionerRole"/>
            <accept value="xml"/>
            <contentType value="xml"/>
            <encodeRequestUrl value="true"/>
            <params value="/${PractitionerRole-nl-core-practitionerrole-eov-test-1-9b-03-id}"/>
            <requestHeader>
               <field value="Authorization"/>
               <value value="Bearer 97294e63-092d-4554-a18a-9d60de7a726d"/>
            </requestHeader>
            <sourceId value="PractitionerRole-nl-core-practitionerrole-eov-test-1-9b-03"/>
         </operation>
      </action>
      <action>
         <assert>
            <description value="Confirm that the returned HTTP status is 200(OK) or 201(Created)."/>
            <operator value="in"/>
            <responseCode value="200,201"/>
            <warningOnly value="false"/>
         </assert>
      </action>
      <action>
         <operation>
            <type>
               <system value="http://terminology.hl7.org/CodeSystem/testscript-operation-codes"/>
               <code value="updateCreate"/>
            </type>
            <resource value="Procedure"/>
            <accept value="xml"/>
            <contentType value="xml"/>
            <encodeRequestUrl value="true"/>
            <params value="/${Procedure-zib-FreedomRestrictingIntervention-eov-test-1-1-01-id}"/>
            <requestHeader>
               <field value="Authorization"/>
               <value value="Bearer 97294e63-092d-4554-a18a-9d60de7a726d"/>
            </requestHeader>
            <sourceId value="Procedure-zib-FreedomRestrictingIntervention-eov-test-1-1-01"/>
         </operation>
      </action>
      <action>
         <assert>
            <description value="Confirm that the returned HTTP status is 200(OK) or 201(Created)."/>
            <operator value="in"/>
            <responseCode value="200,201"/>
            <warningOnly value="false"/>
         </assert>
      </action>
      <action>
         <operation>
            <type>
               <system value="http://terminology.hl7.org/CodeSystem/testscript-operation-codes"/>
               <code value="updateCreate"/>
            </type>
            <resource value="Procedure"/>
            <accept value="xml"/>
            <contentType value="xml"/>
            <encodeRequestUrl value="true"/>
            <params value="/${Procedure-zib-FreedomRestrictingIntervention-eov-test-1-6-01-id}"/>
            <requestHeader>
               <field value="Authorization"/>
               <value value="Bearer 97294e63-092d-4554-a18a-9d60de7a726d"/>
            </requestHeader>
            <sourceId value="Procedure-zib-FreedomRestrictingIntervention-eov-test-1-6-01"/>
         </operation>
      </action>
      <action>
         <assert>
            <description value="Confirm that the returned HTTP status is 200(OK) or 201(Created)."/>
            <operator value="in"/>
            <responseCode value="200,201"/>
            <warningOnly value="false"/>
         </assert>
      </action>
      <action>
         <operation>
            <type>
               <system value="http://terminology.hl7.org/CodeSystem/testscript-operation-codes"/>
               <code value="updateCreate"/>
            </type>
            <resource value="Procedure"/>
            <accept value="xml"/>
            <contentType value="xml"/>
            <encodeRequestUrl value="true"/>
            <params value="/${Procedure-zib-FreedomRestrictingIntervention-eov-test-1-6-02-id}"/>
            <requestHeader>
               <field value="Authorization"/>
               <value value="Bearer 97294e63-092d-4554-a18a-9d60de7a726d"/>
            </requestHeader>
            <sourceId value="Procedure-zib-FreedomRestrictingIntervention-eov-test-1-6-02"/>
         </operation>
      </action>
      <action>
         <assert>
            <description value="Confirm that the returned HTTP status is 200(OK) or 201(Created)."/>
            <operator value="in"/>
            <responseCode value="200,201"/>
            <warningOnly value="false"/>
         </assert>
      </action>
      <action>
         <operation>
            <type>
               <system value="http://terminology.hl7.org/CodeSystem/testscript-operation-codes"/>
               <code value="updateCreate"/>
            </type>
            <resource value="Procedure"/>
            <accept value="xml"/>
            <contentType value="xml"/>
            <encodeRequestUrl value="true"/>
            <params value="/${Procedure-zib-FreedomRestrictingIntervention-eov-test-1-7-01-id}"/>
            <requestHeader>
               <field value="Authorization"/>
               <value value="Bearer 97294e63-092d-4554-a18a-9d60de7a726d"/>
            </requestHeader>
            <sourceId value="Procedure-zib-FreedomRestrictingIntervention-eov-test-1-7-01"/>
         </operation>
      </action>
      <action>
         <assert>
            <description value="Confirm that the returned HTTP status is 200(OK) or 201(Created)."/>
            <operator value="in"/>
            <responseCode value="200,201"/>
            <warningOnly value="false"/>
         </assert>
      </action>
      <action>
         <operation>
            <type>
               <system value="http://terminology.hl7.org/CodeSystem/testscript-operation-codes"/>
               <code value="updateCreate"/>
            </type>
            <resource value="Procedure"/>
            <accept value="xml"/>
            <contentType value="xml"/>
            <encodeRequestUrl value="true"/>
            <params value="/${Procedure-zib-FreedomRestrictingIntervention-eov-test-1-7-02-id}"/>
            <requestHeader>
               <field value="Authorization"/>
               <value value="Bearer 97294e63-092d-4554-a18a-9d60de7a726d"/>
            </requestHeader>
            <sourceId value="Procedure-zib-FreedomRestrictingIntervention-eov-test-1-7-02"/>
         </operation>
      </action>
      <action>
         <assert>
            <description value="Confirm that the returned HTTP status is 200(OK) or 201(Created)."/>
            <operator value="in"/>
            <responseCode value="200,201"/>
            <warningOnly value="false"/>
         </assert>
      </action>
      <action>
         <operation>
            <type>
               <system value="http://terminology.hl7.org/CodeSystem/testscript-operation-codes"/>
               <code value="updateCreate"/>
            </type>
            <resource value="Procedure"/>
            <accept value="xml"/>
            <contentType value="xml"/>
            <encodeRequestUrl value="true"/>
            <params value="/${Procedure-zib-NursingIntervention-eov-test-1-1-01-id}"/>
            <requestHeader>
               <field value="Authorization"/>
               <value value="Bearer 97294e63-092d-4554-a18a-9d60de7a726d"/>
            </requestHeader>
            <sourceId value="Procedure-zib-NursingIntervention-eov-test-1-1-01"/>
         </operation>
      </action>
      <action>
         <assert>
            <description value="Confirm that the returned HTTP status is 200(OK) or 201(Created)."/>
            <operator value="in"/>
            <responseCode value="200,201"/>
            <warningOnly value="false"/>
         </assert>
      </action>
      <action>
         <operation>
            <type>
               <system value="http://terminology.hl7.org/CodeSystem/testscript-operation-codes"/>
               <code value="updateCreate"/>
            </type>
            <resource value="Procedure"/>
            <accept value="xml"/>
            <contentType value="xml"/>
            <encodeRequestUrl value="true"/>
            <params value="/${Procedure-zib-NursingIntervention-eov-test-1-1-02-id}"/>
            <requestHeader>
               <field value="Authorization"/>
               <value value="Bearer 97294e63-092d-4554-a18a-9d60de7a726d"/>
            </requestHeader>
            <sourceId value="Procedure-zib-NursingIntervention-eov-test-1-1-02"/>
         </operation>
      </action>
      <action>
         <assert>
            <description value="Confirm that the returned HTTP status is 200(OK) or 201(Created)."/>
            <operator value="in"/>
            <responseCode value="200,201"/>
            <warningOnly value="false"/>
         </assert>
      </action>
      <action>
         <operation>
            <type>
               <system value="http://terminology.hl7.org/CodeSystem/testscript-operation-codes"/>
               <code value="updateCreate"/>
            </type>
            <resource value="Procedure"/>
            <accept value="xml"/>
            <contentType value="xml"/>
            <encodeRequestUrl value="true"/>
            <params value="/${Procedure-zib-NursingIntervention-eov-test-1-1-03-id}"/>
            <requestHeader>
               <field value="Authorization"/>
               <value value="Bearer 97294e63-092d-4554-a18a-9d60de7a726d"/>
            </requestHeader>
            <sourceId value="Procedure-zib-NursingIntervention-eov-test-1-1-03"/>
         </operation>
      </action>
      <action>
         <assert>
            <description value="Confirm that the returned HTTP status is 200(OK) or 201(Created)."/>
            <operator value="in"/>
            <responseCode value="200,201"/>
            <warningOnly value="false"/>
         </assert>
      </action>
      <action>
         <operation>
            <type>
               <system value="http://terminology.hl7.org/CodeSystem/testscript-operation-codes"/>
               <code value="updateCreate"/>
            </type>
            <resource value="Procedure"/>
            <accept value="xml"/>
            <contentType value="xml"/>
            <encodeRequestUrl value="true"/>
            <params value="/${Procedure-zib-NursingIntervention-eov-test-1-1-04-id}"/>
            <requestHeader>
               <field value="Authorization"/>
               <value value="Bearer 97294e63-092d-4554-a18a-9d60de7a726d"/>
            </requestHeader>
            <sourceId value="Procedure-zib-NursingIntervention-eov-test-1-1-04"/>
         </operation>
      </action>
      <action>
         <assert>
            <description value="Confirm that the returned HTTP status is 200(OK) or 201(Created)."/>
            <operator value="in"/>
            <responseCode value="200,201"/>
            <warningOnly value="false"/>
         </assert>
      </action>
      <action>
         <operation>
            <type>
               <system value="http://terminology.hl7.org/CodeSystem/testscript-operation-codes"/>
               <code value="updateCreate"/>
            </type>
            <resource value="Procedure"/>
            <accept value="xml"/>
            <contentType value="xml"/>
            <encodeRequestUrl value="true"/>
            <params value="/${Procedure-zib-NursingIntervention-eov-test-1-1-05-id}"/>
            <requestHeader>
               <field value="Authorization"/>
               <value value="Bearer 97294e63-092d-4554-a18a-9d60de7a726d"/>
            </requestHeader>
            <sourceId value="Procedure-zib-NursingIntervention-eov-test-1-1-05"/>
         </operation>
      </action>
      <action>
         <assert>
            <description value="Confirm that the returned HTTP status is 200(OK) or 201(Created)."/>
            <operator value="in"/>
            <responseCode value="200,201"/>
            <warningOnly value="false"/>
         </assert>
      </action>
      <action>
         <operation>
            <type>
               <system value="http://terminology.hl7.org/CodeSystem/testscript-operation-codes"/>
               <code value="updateCreate"/>
            </type>
            <resource value="Procedure"/>
            <accept value="xml"/>
            <contentType value="xml"/>
            <encodeRequestUrl value="true"/>
            <params value="/${Procedure-zib-NursingIntervention-eov-test-1-1-06-id}"/>
            <requestHeader>
               <field value="Authorization"/>
               <value value="Bearer 97294e63-092d-4554-a18a-9d60de7a726d"/>
            </requestHeader>
            <sourceId value="Procedure-zib-NursingIntervention-eov-test-1-1-06"/>
         </operation>
      </action>
      <action>
         <assert>
            <description value="Confirm that the returned HTTP status is 200(OK) or 201(Created)."/>
            <operator value="in"/>
            <responseCode value="200,201"/>
            <warningOnly value="false"/>
         </assert>
      </action>
      <action>
         <operation>
            <type>
               <system value="http://terminology.hl7.org/CodeSystem/testscript-operation-codes"/>
               <code value="updateCreate"/>
            </type>
            <resource value="Procedure"/>
            <accept value="xml"/>
            <contentType value="xml"/>
            <encodeRequestUrl value="true"/>
            <params value="/${Procedure-zib-NursingIntervention-eov-test-1-1-07-id}"/>
            <requestHeader>
               <field value="Authorization"/>
               <value value="Bearer 97294e63-092d-4554-a18a-9d60de7a726d"/>
            </requestHeader>
            <sourceId value="Procedure-zib-NursingIntervention-eov-test-1-1-07"/>
         </operation>
      </action>
      <action>
         <assert>
            <description value="Confirm that the returned HTTP status is 200(OK) or 201(Created)."/>
            <operator value="in"/>
            <responseCode value="200,201"/>
            <warningOnly value="false"/>
         </assert>
      </action>
      <action>
         <operation>
            <type>
               <system value="http://terminology.hl7.org/CodeSystem/testscript-operation-codes"/>
               <code value="updateCreate"/>
            </type>
            <resource value="Procedure"/>
            <accept value="xml"/>
            <contentType value="xml"/>
            <encodeRequestUrl value="true"/>
            <params value="/${Procedure-zib-NursingIntervention-eov-test-1-1-08-id}"/>
            <requestHeader>
               <field value="Authorization"/>
               <value value="Bearer 97294e63-092d-4554-a18a-9d60de7a726d"/>
            </requestHeader>
            <sourceId value="Procedure-zib-NursingIntervention-eov-test-1-1-08"/>
         </operation>
      </action>
      <action>
         <assert>
            <description value="Confirm that the returned HTTP status is 200(OK) or 201(Created)."/>
            <operator value="in"/>
            <responseCode value="200,201"/>
            <warningOnly value="false"/>
         </assert>
      </action>
      <action>
         <operation>
            <type>
               <system value="http://terminology.hl7.org/CodeSystem/testscript-operation-codes"/>
               <code value="updateCreate"/>
            </type>
            <resource value="Procedure"/>
            <accept value="xml"/>
            <contentType value="xml"/>
            <encodeRequestUrl value="true"/>
            <params value="/${Procedure-zib-NursingIntervention-eov-test-1-5-01-id}"/>
            <requestHeader>
               <field value="Authorization"/>
               <value value="Bearer 97294e63-092d-4554-a18a-9d60de7a726d"/>
            </requestHeader>
            <sourceId value="Procedure-zib-NursingIntervention-eov-test-1-5-01"/>
         </operation>
      </action>
      <action>
         <assert>
            <description value="Confirm that the returned HTTP status is 200(OK) or 201(Created)."/>
            <operator value="in"/>
            <responseCode value="200,201"/>
            <warningOnly value="false"/>
         </assert>
      </action>
      <action>
         <operation>
            <type>
               <system value="http://terminology.hl7.org/CodeSystem/testscript-operation-codes"/>
               <code value="updateCreate"/>
            </type>
            <resource value="Procedure"/>
            <accept value="xml"/>
            <contentType value="xml"/>
            <encodeRequestUrl value="true"/>
            <params value="/${Procedure-zib-NursingIntervention-eov-test-1-6-01-id}"/>
            <requestHeader>
               <field value="Authorization"/>
               <value value="Bearer 97294e63-092d-4554-a18a-9d60de7a726d"/>
            </requestHeader>
            <sourceId value="Procedure-zib-NursingIntervention-eov-test-1-6-01"/>
         </operation>
      </action>
      <action>
         <assert>
            <description value="Confirm that the returned HTTP status is 200(OK) or 201(Created)."/>
            <operator value="in"/>
            <responseCode value="200,201"/>
            <warningOnly value="false"/>
         </assert>
      </action>
      <action>
         <operation>
            <type>
               <system value="http://terminology.hl7.org/CodeSystem/testscript-operation-codes"/>
               <code value="updateCreate"/>
            </type>
            <resource value="Procedure"/>
            <accept value="xml"/>
            <contentType value="xml"/>
            <encodeRequestUrl value="true"/>
            <params value="/${Procedure-zib-NursingIntervention-eov-test-1-7-01-id}"/>
            <requestHeader>
               <field value="Authorization"/>
               <value value="Bearer 97294e63-092d-4554-a18a-9d60de7a726d"/>
            </requestHeader>
            <sourceId value="Procedure-zib-NursingIntervention-eov-test-1-7-01"/>
         </operation>
      </action>
      <action>
         <assert>
            <description value="Confirm that the returned HTTP status is 200(OK) or 201(Created)."/>
            <operator value="in"/>
            <responseCode value="200,201"/>
            <warningOnly value="false"/>
         </assert>
      </action>
      <action>
         <operation>
            <type>
               <system value="http://terminology.hl7.org/CodeSystem/testscript-operation-codes"/>
               <code value="updateCreate"/>
            </type>
            <resource value="Procedure"/>
            <accept value="xml"/>
            <contentType value="xml"/>
            <encodeRequestUrl value="true"/>
            <params value="/${Procedure-zib-NursingIntervention-eov-test-1-8-01-id}"/>
            <requestHeader>
               <field value="Authorization"/>
               <value value="Bearer 97294e63-092d-4554-a18a-9d60de7a726d"/>
            </requestHeader>
            <sourceId value="Procedure-zib-NursingIntervention-eov-test-1-8-01"/>
         </operation>
      </action>
      <action>
         <assert>
            <description value="Confirm that the returned HTTP status is 200(OK) or 201(Created)."/>
            <operator value="in"/>
            <responseCode value="200,201"/>
            <warningOnly value="false"/>
         </assert>
      </action>
      <action>
         <operation>
            <type>
               <system value="http://terminology.hl7.org/CodeSystem/testscript-operation-codes"/>
               <code value="updateCreate"/>
            </type>
            <resource value="RelatedPerson"/>
            <accept value="xml"/>
            <contentType value="xml"/>
            <encodeRequestUrl value="true"/>
            <params value="/${RelatedPerson-nl-core-relatedperson-eov-test-1-1-01-id}"/>
            <requestHeader>
               <field value="Authorization"/>
               <value value="Bearer 97294e63-092d-4554-a18a-9d60de7a726d"/>
            </requestHeader>
            <sourceId value="RelatedPerson-nl-core-relatedperson-eov-test-1-1-01"/>
         </operation>
      </action>
      <action>
         <assert>
            <description value="Confirm that the returned HTTP status is 200(OK) or 201(Created)."/>
            <operator value="in"/>
            <responseCode value="200,201"/>
            <warningOnly value="false"/>
         </assert>
      </action>
      <action>
         <operation>
            <type>
               <system value="http://terminology.hl7.org/CodeSystem/testscript-operation-codes"/>
               <code value="updateCreate"/>
            </type>
            <resource value="RelatedPerson"/>
            <accept value="xml"/>
            <contentType value="xml"/>
            <encodeRequestUrl value="true"/>
            <params value="/${RelatedPerson-nl-core-relatedperson-eov-test-1-1-02-id}"/>
            <requestHeader>
               <field value="Authorization"/>
               <value value="Bearer 97294e63-092d-4554-a18a-9d60de7a726d"/>
            </requestHeader>
            <sourceId value="RelatedPerson-nl-core-relatedperson-eov-test-1-1-02"/>
         </operation>
      </action>
      <action>
         <assert>
            <description value="Confirm that the returned HTTP status is 200(OK) or 201(Created)."/>
            <operator value="in"/>
            <responseCode value="200,201"/>
            <warningOnly value="false"/>
         </assert>
      </action>
      <action>
         <operation>
            <type>
               <system value="http://terminology.hl7.org/CodeSystem/testscript-operation-codes"/>
               <code value="updateCreate"/>
            </type>
            <resource value="RelatedPerson"/>
            <accept value="xml"/>
            <contentType value="xml"/>
            <encodeRequestUrl value="true"/>
            <params value="/${RelatedPerson-nl-core-relatedperson-eov-test-1-1-03-id}"/>
            <requestHeader>
               <field value="Authorization"/>
               <value value="Bearer 97294e63-092d-4554-a18a-9d60de7a726d"/>
            </requestHeader>
            <sourceId value="RelatedPerson-nl-core-relatedperson-eov-test-1-1-03"/>
         </operation>
      </action>
      <action>
         <assert>
            <description value="Confirm that the returned HTTP status is 200(OK) or 201(Created)."/>
            <operator value="in"/>
            <responseCode value="200,201"/>
            <warningOnly value="false"/>
         </assert>
      </action>
      <action>
         <operation>
            <type>
               <system value="http://terminology.hl7.org/CodeSystem/testscript-operation-codes"/>
               <code value="updateCreate"/>
            </type>
            <resource value="RelatedPerson"/>
            <accept value="xml"/>
            <contentType value="xml"/>
            <encodeRequestUrl value="true"/>
            <params value="/${RelatedPerson-nl-core-relatedperson-eov-test-1-1-04-id}"/>
            <requestHeader>
               <field value="Authorization"/>
               <value value="Bearer 97294e63-092d-4554-a18a-9d60de7a726d"/>
            </requestHeader>
            <sourceId value="RelatedPerson-nl-core-relatedperson-eov-test-1-1-04"/>
         </operation>
      </action>
      <action>
         <assert>
            <description value="Confirm that the returned HTTP status is 200(OK) or 201(Created)."/>
            <operator value="in"/>
            <responseCode value="200,201"/>
            <warningOnly value="false"/>
         </assert>
      </action>
      <action>
         <operation>
            <type>
               <system value="http://terminology.hl7.org/CodeSystem/testscript-operation-codes"/>
               <code value="updateCreate"/>
            </type>
            <resource value="RelatedPerson"/>
            <accept value="xml"/>
            <contentType value="xml"/>
            <encodeRequestUrl value="true"/>
            <params value="/${RelatedPerson-nl-core-relatedperson-eov-test-1-1b-01-id}"/>
            <requestHeader>
               <field value="Authorization"/>
               <value value="Bearer 97294e63-092d-4554-a18a-9d60de7a726d"/>
            </requestHeader>
            <sourceId value="RelatedPerson-nl-core-relatedperson-eov-test-1-1b-01"/>
         </operation>
      </action>
      <action>
         <assert>
            <description value="Confirm that the returned HTTP status is 200(OK) or 201(Created)."/>
            <operator value="in"/>
            <responseCode value="200,201"/>
            <warningOnly value="false"/>
         </assert>
      </action>
      <action>
         <operation>
            <type>
               <system value="http://terminology.hl7.org/CodeSystem/testscript-operation-codes"/>
               <code value="updateCreate"/>
            </type>
            <resource value="RelatedPerson"/>
            <accept value="xml"/>
            <contentType value="xml"/>
            <encodeRequestUrl value="true"/>
            <params value="/${RelatedPerson-nl-core-relatedperson-eov-test-1-1b-02-id}"/>
            <requestHeader>
               <field value="Authorization"/>
               <value value="Bearer 97294e63-092d-4554-a18a-9d60de7a726d"/>
            </requestHeader>
            <sourceId value="RelatedPerson-nl-core-relatedperson-eov-test-1-1b-02"/>
         </operation>
      </action>
      <action>
         <assert>
            <description value="Confirm that the returned HTTP status is 200(OK) or 201(Created)."/>
            <operator value="in"/>
            <responseCode value="200,201"/>
            <warningOnly value="false"/>
         </assert>
      </action>
      <action>
         <operation>
            <type>
               <system value="http://terminology.hl7.org/CodeSystem/testscript-operation-codes"/>
               <code value="updateCreate"/>
            </type>
            <resource value="RelatedPerson"/>
            <accept value="xml"/>
            <contentType value="xml"/>
            <encodeRequestUrl value="true"/>
            <params value="/${RelatedPerson-nl-core-relatedperson-eov-test-1-3b-01-id}"/>
            <requestHeader>
               <field value="Authorization"/>
               <value value="Bearer 97294e63-092d-4554-a18a-9d60de7a726d"/>
            </requestHeader>
            <sourceId value="RelatedPerson-nl-core-relatedperson-eov-test-1-3b-01"/>
         </operation>
      </action>
      <action>
         <assert>
            <description value="Confirm that the returned HTTP status is 200(OK) or 201(Created)."/>
            <operator value="in"/>
            <responseCode value="200,201"/>
            <warningOnly value="false"/>
         </assert>
      </action>
   </test>
</TestScript>
