<?xml version="1.0" encoding="UTF-8"?>
<?xml-model href="http://hl7.org/fhir/STU3/testscript.sch" type="application/xml" schematypens="http://purl.oclc.org/dsdl/schematron"?>
<TestScript xmlns="http://hl7.org/fhir" xmlns:nts="http://nictiz.nl/xsl/testscript"
    nts:scenario="client">
  
    <id value="TEST-l2z-2Minimaal-bericht-2MMBNHG"/>
    <version value="R4-3.0"/>
    <name value="LaboratoryResults - Minimaal bericht - Scenario 2 MMB NHG."/>
    <description value="Scenario 2 MMB NHG - Receive MMB results with a NHG code."/>
 
    <nts:fixture id="TEST-2-2MMBNHG" href="Sending-XIS/lr-slr-TEST-l2z-2Minimaal-bericht-2MMBNHG.xml"/>
    <nts:includeDateT value="yes"/>

    <test id="Minimaal-bericht Scenario 2 MMB NHG">
        <name value="Scenario 2 MMB NHG"/>
        <description value="Send MMB laboratory results with a NHG code."/>
        <nts:include value="test.client.transaction" scope="common" sourceId="TEST-2-2MMBNHG"/>
         <nts:include value="test.client.successfulTransaction" scope="common"/>
        <nts:include value="assert.request.numResources" scope="common" resource="Observation" count="1"/>
        <nts:include value="assert.request.numResources" scope="common" resource="Organization" count="1"/>
        <nts:include value="assert.request.numResources" scope="common" resource="Patient" count="1"/>
        
     </test>
</TestScript>
