<?xml version="1.0" encoding="UTF-8"?>
<?xml-model href="http://hl7.org/fhir/STU3/testscript.sch" type="application/xml" schematypens="http://purl.oclc.org/dsdl/schematron"?>
<TestScript xmlns="http://hl7.org/fhir" xmlns:nts="http://nictiz.nl/xsl/testscript"
    nts:scenario="client">
  
    <id value="lr-slr-TEST-l2z-6Onderzoek-meervoudig-resultaat-2MMBNHG"/>
    <version value="R4-3.0"/>
    <name value="LaboratoryResults - Onderzoek meervoudig resultaat - Scenario 2 MMB NHG."/>
    <description value="Scenario 2 MMB NHG - Send MMB results with a NHG code."/>
 
    <nts:fixture id="TEST-6-2MMBNHG" href="Sending-XIS/lr-slr-TEST-l2z-6Onderzoek-meervoudig-resultaat-2MMBNHG.xml"/>
    <nts:includeDateT value="yes"/>

    <test id="Onderzoek-meervoudig-resultaat">
        <name value="Scenario 2 MMB NHG"/>
        <description value="Send MMB laboratory results with a NHG code."/>
        <nts:include value="test.client.transaction" scope="common" sourceId="TEST-6-2MMBNHG"/>
        <nts:include value="test.client.successfulTransaction" scope="common"/>
        <nts:include value="assert.request.numResources" scope="common" resource="Observation" count="2"/>
        <nts:include value="assert.request.numResources" scope="common" resource="Specimen" count="1"/>
        <nts:include value="assert.request.numResources" scope="common" resource="Organization" count="1"/>
        <nts:include value="assert.request.numResources" scope="common" resource="Patient" count="1"/>
        
 <!--Asserts for checking the Patient resource -->
        <nts:include value="assert.identifier.bsn"  direction="request" resource="Patient"
            system="http://fhir.nl/fhir/NamingSystem/bsn"
            identifier="999999114"/>
         <nts:include value="assert.humanname" direction="request" resource="Patient"
            use="official" 
            text="Elise Erelies"
            family="Erelies"
                urlfamily="http://hl7.org/fhir/StructureDefinition/humanname-own-name"
                familydisplay="Erelies"
            given="Elise"
                urlgiven="http://hl7.org/fhir/StructureDefinition/iso21090-EN-qualifier"
                givencode="BR"/>
        <nts:include value="assert.gender" direction="request" resource="Patient"
            gender="female"/>
        <nts:include value="assert.birthdate" direction="request" resource="Patient"
            date="1950-11-01"/>


<!-- Asserts for checking the first Observation resource -->
        <nts:include value="assert.identifier" direction="request" resource="Observation"
            system="urn:oid:2.16.840.1.113883.2.4.3.11.999.25.4298.3"
            identifier="22222"/>
        <nts:include value="assert.status" direction="request" resource="Observation"
            status="final"/>
        <nts:include value="assert.code" direction="request" resource="Observation"
            labsystem="https://referentiemodel.nhg.org/tabellen/nhg-tabel-45-diagnostische-bepalingen"
            labcode="3373"
            display="Herpes simplex v type 1 DNA urine (PCR)"/>
        <nts:include value="assert.interpretationflag" direction="request" resource="Observation" sort="valueCodeableConcept"
            system="https://referentiemodel.nhg.org/tabellen/nhg-tabel-45-diagnostische-bepalingen#resultaten"
            code="31"
            display="negatief"/>

<!-- Asserts for checking the second Observation resource -->
        <nts:include value="assert.identifier" direction="request" resource="Observation"
            system="urn:oid:2.16.840.1.113883.2.4.3.11.999.25.4298.3"
            identifier="22223"/>
        <nts:include value="assert.status" direction="request" resource="Observation"
            status="final"/>
        <nts:include value="assert.code" direction="request" resource="Observation"
            labsystem="https://referentiemodel.nhg.org/tabellen/nhg-tabel-45-diagnostische-bepalingen"
            labcode="3382"
            display="Herpes simplex v type 2 DNA urine (PCR)"/>
        <nts:include value="assert.interpretation" direction="request" resource="Observation"
            interpretation="HSV 2 positief getest"/>
        <nts:include value="assert.interpretationflag" direction="request" resource="Observation" sort="valueCodeableConcept"
            system="https://referentiemodel.nhg.org/tabellen/nhg-tabel-45-diagnostische-bepalingen#resultaten"
            code="32"
            display="positief"/>

<!-- Asserts for checking the Specimen resource -->
        <nts:include value="assert.identifier" direction="request" resource="Specimen" 
            system="urn:oid:2.16.840.1.113883.2.4.3.11.999.25.4267.3"
            identifier="100001"/>
        <nts:include value="assert.type" direction="request" resource="Specimen" 
            system="http://snomed.info/sct"
            code="447955000"
            display="monster van rectum"/>
                
<!-- Asserts for checking the Organization resource --> 
        <nts:include value="assert.identifier" direction="request" resource="Organization" 
            system="http://fhir.nl/fhir/NamingSystem/ura" 
            identifier="00003334"/>
        <nts:include value="assert.type" direction="request" resource="Organization" 
            system="http://nictiz.nl/fhir/NamingSystem/organization-type" 
            code="L1" 
            display="Laboratorium"/>
        <nts:include value="assert.name" direction="request" resource="Organization" 
            name="Microbiologisch Lab Flagel"/>
        <nts:include value="assert.telecom" direction="request" resource="Organization" 
            system="phone" 
            telecomvalue="06-11122244"/>

    </test>
</TestScript>
